[2015.07.07-16.24.03:812][  0]Log file open, 07/07/15 18:24:03
[2015.07.07-16.24.03:812][  0]LogInit:Display: Running engine for game: ATLASrift
[2015.07.07-16.24.03:812][  0]LogInit:Display: RandInit(-667251869) SRandInit(-667251868).
[2015.07.07-16.24.03:812][  0]LogTaskGraph: Started task graph with 4 named threads and 7 total threads.
[2015.07.07-16.24.03:812][  0]LogStats: Stats thread started
[2015.07.07-16.24.03:812][  0]LogInit: Version: 4.8.1-2591939+++depot+UE4-Releases+4.8
[2015.07.07-16.24.03:812][  0]LogInit: API Version: 2579680
[2015.07.07-16.24.03:812][  0]LogInit: Compiled (64-bit): Jun 18 2015 11:02:04
[2015.07.07-16.24.03:812][  0]LogInit: Compiled with Visual C++: 18.00.21005.01
[2015.07.07-16.24.03:812][  0]LogInit: Build Configuration: Development
[2015.07.07-16.24.03:812][  0]LogInit: Branch Name: ++depot+UE4-Releases+4.8
[2015.07.07-16.24.03:812][  0]LogInit: Command line:  /Temp/Autosaves/Game/Maps/UEDPCTheMainMap -game -PIEVIACONSOLE -ResX=1280 -ResY=720  -Multiprocess 
[2015.07.07-16.24.03:812][  0]LogInit: Base directory: C:/Program Files/Epic Games/4.8/Engine/Binaries/Win64/
[2015.07.07-16.24.03:812][  0]LogInit: Rocket: 1
[2015.07.07-16.24.03:837][  0]LogInit: Using libcurl 7.41.0
[2015.07.07-16.24.03:837][  0]LogInit:  - built for x86_64-pc-win32
[2015.07.07-16.24.03:837][  0]LogInit:  - supports SSL with WinSSL
[2015.07.07-16.24.03:837][  0]LogInit:  - other features:
[2015.07.07-16.24.03:837][  0]LogInit:      CURL_VERSION_SSL
[2015.07.07-16.24.03:837][  0]LogInit:      CURL_VERSION_IPV6
[2015.07.07-16.24.03:837][  0]LogInit:      CURL_VERSION_ASYNCHDNS
[2015.07.07-16.24.03:837][  0]LogInit:      CURL_VERSION_LARGEFILE
[2015.07.07-16.24.03:837][  0]LogInit:      CURL_VERSION_IDN
[2015.07.07-16.24.03:837][  0]LogInit:  CurlRequestOptions (configurable via config and command line):
[2015.07.07-16.24.03:837][  0]LogInit:  - bVerifyPeer = true  - Libcurl will verify peer certificate
[2015.07.07-16.24.03:837][  0]LogInit:  - bUseHttpProxy = false  - Libcurl will NOT use HTTP proxy
[2015.07.07-16.24.03:837][  0]LogInit:  - bDontReuseConnections = false  - Libcurl will reuse connections
[2015.07.07-16.24.03:837][  0]LogInit:  - CertBundlePath = nullptr  - Libcurl will use whatever was configured at build time.
[2015.07.07-16.24.03:854][  0]LogOnline:Warning: No default platform service specified for OnlineSubsystem
[2015.07.07-16.24.03:880][  0]LogInit: Presizing for 0 objects not considered by GC, pre-allocating 0 bytes.
[2015.07.07-16.24.03:889][  0]LogInit: Object subsystem initialized
[2015.07.07-16.24.03:890][  0]LogConsoleResponse:Warning: Skipping Unknown console variable: 'UIScaleCurve = (EditorCurveData=(Keys=((Time=480.000000,Value=0.444000),(Time=720.000000,Value=0.666000),(Time=1080.000000,Value=1.000000),(Time=8640.000000,Value=8.000000))),ExternalCurve=None)'
[2015.07.07-16.24.03:890][  0]LogConsoleResponse:Warning:   Found in ini file 'C:/Users/Ilija/Documents/ATLASrift/UProject 4.8/Saved/Config/Windows/Engine.ini', in section '[/Script/Engine.RendererSettings]'
[2015.07.07-16.24.03:890][  0]LogConsoleManager:Warning: Console variable 'r.MSAA.CompositingSampleCount' wasn't set ('Scalability' has a lower priority than 'ProjectSetting')
[2015.07.07-16.24.03:891][  0]LogInit: Selected Device Profile: [Windows]
[2015.07.07-16.24.03:891][  0]LogInit: Applying CVar settings loaded from the selected device profile: [Windows]
[2015.07.07-16.24.03:895][  0]LogInit: Computer: ILIJAMSI
[2015.07.07-16.24.03:895][  0]LogInit: User: Ilija
[2015.07.07-16.24.03:895][  0]LogInit: CPU Page size=4096, Cores=4
[2015.07.07-16.24.03:895][  0]LogInit: High frequency timer resolution =2.435775 MHz
[2015.07.07-16.24.03:895][  0]LogMemory: Memory total: Physical=16.0GB (16GB approx)
[2015.07.07-16.24.03:895][  0]LogMemory: Platform Memory Stats for Windows
[2015.07.07-16.24.03:895][  0]LogMemory: Process Physical Memory: 48.75 MB used, 48.75 MB peak
[2015.07.07-16.24.03:895][  0]LogMemory: Process Virtual Memory: 22.38 MB used, 22.38 MB peak
[2015.07.07-16.24.03:895][  0]LogMemory: Physical Memory: 4271.28 MB used, 16336.84 MB total
[2015.07.07-16.24.03:895][  0]LogMemory: Virtual Memory: 295.75 MB used, 134217728.00 MB total
[2015.07.07-16.24.03:958][  0]LogTextLocalizationManager: The requested culture ('en_US') has no localization data; parent culture's ('en') localization data will be used.
[2015.07.07-16.24.04:239][  0]LogTextLocalizationManager:Warning: Loaded localization resources contain conflicting entries for (Namespace:ContentBrowser, Key:ImportAssetToolTip):
Localization Resource: (C:/Program Files/Epic Games/4.8/Engine/Content/Localization/Editor/en/Editor.locres) Source String Hash: (-630476809) Localized String: (Import to {0}...)
Localization Resource: (C:/Program Files/Epic Games/4.8/Engine/Content/Localization/Editor/en/Editor.locres) Source String Hash: (1271782899) Localized String: (Imports an asset from file to this folder.)
[2015.07.07-16.24.04:700][  0]LogD3D11RHI: Found D3D11 adapter 0: NVIDIA GeForce GTX 980M (Feature Level 11_0)
[2015.07.07-16.24.04:700][  0]LogD3D11RHI: Adapter has 8023MB of dedicated video memory, 0MB of dedicated system memory, and 8168MB of shared system memory, 1 output[s]
[2015.07.07-16.24.04:702][  0]LogD3D11RHI: Found D3D11 adapter 1: Microsoft Basic Render Driver (Feature Level 11_0)
[2015.07.07-16.24.04:702][  0]LogD3D11RHI: Adapter has 0MB of dedicated video memory, 0MB of dedicated system memory, and 256MB of shared system memory, 0 output[s]
[2015.07.07-16.24.04:702][  0]LogD3D11RHI: Chosen D3D11 Adapter Id = 0
[2015.07.07-16.24.04:707][  0]LogRHI: Texture pool is 1361 MB (70% of 1945 MB)
[2015.07.07-16.24.04:723][  0]LogD3D11RHI: Async texture creation enabled
[2015.07.07-16.24.05:260][  0]LogShaderCompilers:Display: Using Local Shader Compiler.
[2015.07.07-16.24.06:363][  0]LogTemp:Display: Loaded TP DesktopTargetPlatform
[2015.07.07-16.24.06:384][  0]LogTemp:Display: Loaded TP WindowsClientTargetPlatform
[2015.07.07-16.24.06:405][  0]LogTemp:Display: Loaded TP WindowsNoEditorTargetPlatform
[2015.07.07-16.24.06:426][  0]LogTemp:Display: Loaded TP WindowsServerTargetPlatform
[2015.07.07-16.24.06:449][  0]LogTemp:Display: Loaded TP WindowsTargetPlatform
[2015.07.07-16.24.06:467][  0]LogTemp:Display: Loaded TP AndroidTargetPlatform
[2015.07.07-16.24.06:486][  0]LogTemp:Display: Loaded TP Android_ASTCTargetPlatform
[2015.07.07-16.24.06:505][  0]LogTemp:Display: Loaded TP Android_ATCTargetPlatform
[2015.07.07-16.24.06:524][  0]LogTemp:Display: Loaded TP Android_DXTTargetPlatform
[2015.07.07-16.24.06:543][  0]LogTemp:Display: Loaded TP Android_ETC1TargetPlatform
[2015.07.07-16.24.06:562][  0]LogTemp:Display: Loaded TP Android_ETC2TargetPlatform
[2015.07.07-16.24.06:581][  0]LogTemp:Display: Loaded TP Android_PVRTCTargetPlatform
[2015.07.07-16.24.06:653][  0]LogTemp:Display: Loaded TP IOSTargetPlatform
[2015.07.07-16.24.06:671][  0]LogTemp:Display: Loaded TP LinuxNoEditorTargetPlatform
[2015.07.07-16.24.06:690][  0]LogTemp:Display: Loaded TP LinuxServerTargetPlatform
[2015.07.07-16.24.06:713][  0]LogTemp:Display: Loaded TP LinuxTargetPlatform
[2015.07.07-16.24.06:713][  0]LogTargetPlatformManager:Display: Building Assets For Windows
[2015.07.07-16.24.07:038][  0]LogDerivedDataCache:Display: Max Cache Size: 512 MB
[2015.07.07-16.24.07:097][  0]LogDerivedDataCache: Loaded boot cache 0.06s 53MB C:/Users/Ilija/AppData/Local/UnrealEngine/4.8/DerivedDataCache/Boot.ddc.
[2015.07.07-16.24.07:097][  0]LogDerivedDataCache:Display: Loaded Boot cache: C:/Users/Ilija/AppData/Local/UnrealEngine/4.8/DerivedDataCache/Boot.ddc
[2015.07.07-16.24.07:097][  0]LogDerivedDataCache: FDerivedDataBackendGraph:  Pak pak cache file ../../../../../../Users/Ilija/Documents/ATLASrift/UProject 4.8/DerivedDataCache/DDC.ddp not found, will not use a pak cache.
[2015.07.07-16.24.07:097][  0]LogDerivedDataCache: Unable to find inner node Pak for hierarchical cache Hierarchy.
[2015.07.07-16.24.07:097][  0]LogDerivedDataCache: FDerivedDataBackendGraph:  CompressedPak pak cache file ../../../../../../Users/Ilija/Documents/ATLASrift/UProject 4.8/DerivedDataCache/Compressed.ddp not found, will not use a pak cache.
[2015.07.07-16.24.07:097][  0]LogDerivedDataCache: Unable to find inner node CompressedPak for hierarchical cache Hierarchy.
[2015.07.07-16.24.07:292][  0]LogDerivedDataCache:Display: Pak cache opened for reading ../../../Engine/DerivedDataCache/Compressed.ddp.
[2015.07.07-16.24.07:305][  0]LogDerivedDataCache: Using Local data cache path C:/Users/Ilija/AppData/Local/UnrealEngine/Common/DerivedDataCache: Writable
[2015.07.07-16.24.07:562][  0]LogInit: Selected Device Profile: [Windows]
[2015.07.07-16.24.07:660][  0]ImportText (ComponentSweepMultiTests): Missing closing parenthesis: (RootShapeAsset="/Engine/BasicShapes/Cube.Cube",ShapeType="TriggerCapsule",HitResult=(Time=0.50,Location=(X=-100.000015,Y=0.0,Z=100.000015),ImpactPoint=(X=-50.0,Y=0.0,Z=50.0),Normal=(X=-1.0,Y=-0.0,Z=0.0),ImpactNormal=(X=0.0,Y=0.0,Z=1.0),TraceStart=(X=-200.0,Y=0.0,Z=200.0),TraceEnd=(X=0.0,Y=0.0,Z=0.0))
[2015.07.07-16.24.07:660][  0]ImportText (LineTraceSingleByChannelTests): Missing closing parenthesis: (RootShapeAsset="/Engine/BasicShapes/Cube.Cube",HitResult=(Time=0.50,Location=(X=-100.000015,Y=0.0,Z=100.000015),ImpactPoint=(X=-50.0,Y=0.0,Z=50.0),Normal=(X=-1.0,Y=-0.0,Z=0.0),ImpactNormal=(X=0.0,Y=0.0,Z=1.0),TraceStart=(X=-200.0,Y=0.0,Z=200.0),TraceEnd=(X=0.0,Y=0.0,Z=0.0))
[2015.07.07-16.24.07:698][  0]LogMeshUtilities: No automatic mesh reduction module available
[2015.07.07-16.24.07:698][  0]LogMeshUtilities: No automatic mesh merging module available
[2015.07.07-16.24.08:098][  0]LogInit: WinSock: version 1.1 (2.2), MaxSocks=32767, MaxUdp=65467
[2015.07.07-16.24.08:738][  0]LogWindowsMoviePlayer: Unable to load movie: ../../../../../../Users/Ilija/Documents/ATLASrift/UProject 4.8/Content/Movies/Default_Startup.mp4
[2015.07.07-16.24.08:925][  0]SourceControl: Info Source control is disabled
[2015.07.07-16.24.08:925][  0]SourceControl: Info Source control is disabled
[2015.07.07-16.24.08:938][  0]SourceControl: Info Source control is disabled
[2015.07.07-16.24.09:167][  0]LogObj: 25794 objects as part of root set at end of initial load.
[2015.07.07-16.24.09:167][  0]LogUObjectAllocator: 5200096 out of 0 bytes used by permanent object pool.
[2015.07.07-16.24.09:257][  0]LogAutomationTest:Warning: ERR: Transient text cannot be serialized "Testing Transient serialization detection".
[2015.07.07-16.24.09:257][  0]LogEngine: Initializing Engine...
[2015.07.07-16.24.09:260][  0]LogHMD: Can't find Oculus library dev build: is proper Runtime installed? Version: 0.6.0.0
[2015.07.07-16.24.09:288][  0]LogHMD: SteamVR initialized.  Driver: oculus  Display: 206D5J030W8G
[2015.07.07-16.24.09:392][  0]LogInit: XAudio2 using 'Speakers (Realtek High Definition Audio)' : 2 channels at 48 kHz using 32 bits per sample (channel mask 0x3)
[2015.07.07-16.24.09:404][  0]LogInit: FAudioDevice initialized.
[2015.07.07-16.24.09:407][  0]LogInit: Texture streaming: Disabled
[2015.07.07-16.24.09:488][  0]LogConsoleManager:Warning: Console variable 'r.VSync' wasn't set ('GameSetting' has a lower priority than 'Code')
[2015.07.07-16.24.09:490][  0]LogNet: Browse: /Temp/Autosaves/Game/Maps/UEDPCTheMainMap?Name=Player
[2015.07.07-16.24.09:490][  0]LogLoad: LoadMap: /Temp/Autosaves/Game/Maps/UEDPCTheMainMap?Name=Player
[2015.07.07-16.24.09:502][  0]LogParticles: Destroying 0 GPU particle simulations for FXSystem 0x000000F1023445E0
[2015.07.07-16.24.09:511][  0]LogMemory: Platform Memory Stats for Windows
[2015.07.07-16.24.09:512][  0]LogMemory: Process Physical Memory: 351.35 MB used, 354.36 MB peak
[2015.07.07-16.24.09:512][  0]LogMemory: Process Virtual Memory: 282.28 MB used, 289.08 MB peak
[2015.07.07-16.24.09:512][  0]LogMemory: Physical Memory: 4521.41 MB used, 16336.84 MB total
[2015.07.07-16.24.09:512][  0]LogMemory: Virtual Memory: 818.75 MB used, 134217728.00 MB total
[2015.07.07-16.24.09:512][  0]LogMemory: 
[2015.07.07-16.24.09:512][  0]Allocator Stats for TBB: (not implemented)
[2015.07.07-16.24.14:302][  0]LogAIModule: Creating AISystem for world TheMainMap
[2015.07.07-16.24.14:331][  0]LogWorld: Game class is 'ilijaGame_C'
[2015.07.07-16.24.14:355][  0]LogWorld: Bringing World /Temp/Autosaves/Game/Maps/UEDPCTheMainMap.TheMainMap up for play (max tick rate 0) at 2015.07.07-18.24.14
[2015.07.07-16.24.14:356][  0]LogWorld: Bringing up level for play took: 0.014973
[2015.07.07-16.24.14:359][  0]LogBlueprintUserMessages: 127
[2015.07.07-16.24.14:360][  0]LogBlueprintUserMessages: ILIJAAAAAAAAAAAAAAA
[2015.07.07-16.24.14:360][  0]LogInit:Display: Game Engine Initialized.
[2015.07.07-16.24.14:608][  0]LogAssetRegistry: FAssetRegistry took 0.0002 seconds to start up
[2015.07.07-16.24.14:608][  0]LogLoad: Full Startup: 12.76 seconds (BP compile: 0.96 seconds)
[2015.07.07-16.24.14:619][  0]LogContentStreaming: Texture pool size is 1000.000000MB
[2015.07.07-16.24.14:797][  2]LogRenderer: Reallocating scene render targets to support 1736x976 (Frame:2).
[2015.07.07-16.24.22:752][966]LogBlueprintUserMessages: Full menu reset
[2015.07.07-16.24.24:400][162]LogWindowsTextInputMethodSystem:Display: IME system now deactivated.
[2015.07.07-16.24.24:402][162]LogEngine: All Windows Closed
[2015.07.07-16.24.24:403][162]LogWindows: FPlatformMisc::RequestExit(0)
[2015.07.07-16.24.25:315][163]LogExit: Preparing to exit.
[2015.07.07-16.24.25:442][163]LogExit: Game engine shut down
[2015.07.07-16.24.25:443][163]LogParticles: Destroying 0 GPU particle simulations for FXSystem 0x000000F108D854E0
[2015.07.07-16.24.25:679][163]LogExit: Object subsystem successfully closed.
