[2015.07.07-11.33.16:999][  0]Log file open, 07/07/15 13:33:16
[2015.07.07-11.33.16:999][  0]LogInit:Display: Running engine for game: ATLASrift
[2015.07.07-11.33.16:999][  0]LogInit:Display: RandInit(-413977909) SRandInit(-413977908).
[2015.07.07-11.33.16:999][  0]LogTaskGraph: Started task graph with 4 named threads and 7 total threads.
[2015.07.07-11.33.16:999][  0]LogStats: Stats thread started
[2015.07.07-11.33.16:999][  0]LogInit: Version: 4.8.1-2591939+++depot+UE4-Releases+4.8
[2015.07.07-11.33.16:999][  0]LogInit: API Version: 2579680
[2015.07.07-11.33.16:999][  0]LogInit: Compiled (64-bit): Jun 18 2015 11:02:04
[2015.07.07-11.33.16:999][  0]LogInit: Compiled with Visual C++: 18.00.21005.01
[2015.07.07-11.33.16:999][  0]LogInit: Build Configuration: Development
[2015.07.07-11.33.16:999][  0]LogInit: Branch Name: ++depot+UE4-Releases+4.8
[2015.07.07-11.33.16:999][  0]LogInit: Command line:  /Temp/Autosaves/Game/Maps/UEDPCTheMainMap -game -PIEVIACONSOLE -ResX=1280 -ResY=720  -Multiprocess 
[2015.07.07-11.33.16:999][  0]LogInit: Base directory: C:/Program Files/Epic Games/4.8/Engine/Binaries/Win64/
[2015.07.07-11.33.16:999][  0]LogInit: Rocket: 1
[2015.07.07-11.33.17:020][  0]LogInit: Using libcurl 7.41.0
[2015.07.07-11.33.17:020][  0]LogInit:  - built for x86_64-pc-win32
[2015.07.07-11.33.17:020][  0]LogInit:  - supports SSL with WinSSL
[2015.07.07-11.33.17:020][  0]LogInit:  - other features:
[2015.07.07-11.33.17:020][  0]LogInit:      CURL_VERSION_SSL
[2015.07.07-11.33.17:020][  0]LogInit:      CURL_VERSION_IPV6
[2015.07.07-11.33.17:020][  0]LogInit:      CURL_VERSION_ASYNCHDNS
[2015.07.07-11.33.17:020][  0]LogInit:      CURL_VERSION_LARGEFILE
[2015.07.07-11.33.17:020][  0]LogInit:      CURL_VERSION_IDN
[2015.07.07-11.33.17:020][  0]LogInit:  CurlRequestOptions (configurable via config and command line):
[2015.07.07-11.33.17:020][  0]LogInit:  - bVerifyPeer = true  - Libcurl will verify peer certificate
[2015.07.07-11.33.17:020][  0]LogInit:  - bUseHttpProxy = false  - Libcurl will NOT use HTTP proxy
[2015.07.07-11.33.17:020][  0]LogInit:  - bDontReuseConnections = false  - Libcurl will reuse connections
[2015.07.07-11.33.17:020][  0]LogInit:  - CertBundlePath = nullptr  - Libcurl will use whatever was configured at build time.
[2015.07.07-11.33.17:035][  0]LogOnline:Warning: No default platform service specified for OnlineSubsystem
[2015.07.07-11.33.17:064][  0]LogInit: Presizing for 0 objects not considered by GC, pre-allocating 0 bytes.
[2015.07.07-11.33.17:072][  0]LogInit: Object subsystem initialized
[2015.07.07-11.33.17:073][  0]LogConsoleResponse:Warning: Skipping Unknown console variable: 'UIScaleCurve = (EditorCurveData=(Keys=((Time=480.000000,Value=0.444000),(Time=720.000000,Value=0.666000),(Time=1080.000000,Value=1.000000),(Time=8640.000000,Value=8.000000))),ExternalCurve=None)'
[2015.07.07-11.33.17:073][  0]LogConsoleResponse:Warning:   Found in ini file 'C:/Users/Ilija/Documents/ATLASrift/UProject 4.8/Saved/Config/Windows/Engine.ini', in section '[/Script/Engine.RendererSettings]'
[2015.07.07-11.33.17:073][  0]LogConsoleManager:Warning: Console variable 'r.MSAA.CompositingSampleCount' wasn't set ('Scalability' has a lower priority than 'ProjectSetting')
[2015.07.07-11.33.17:074][  0]LogInit: Selected Device Profile: [Windows]
[2015.07.07-11.33.17:074][  0]LogInit: Applying CVar settings loaded from the selected device profile: [Windows]
[2015.07.07-11.33.17:078][  0]LogInit: Computer: ILIJAMSI
[2015.07.07-11.33.17:078][  0]LogInit: User: Ilija
[2015.07.07-11.33.17:078][  0]LogInit: CPU Page size=4096, Cores=4
[2015.07.07-11.33.17:078][  0]LogInit: High frequency timer resolution =2.435775 MHz
[2015.07.07-11.33.17:078][  0]LogMemory: Memory total: Physical=16.0GB (16GB approx)
[2015.07.07-11.33.17:078][  0]LogMemory: Platform Memory Stats for Windows
[2015.07.07-11.33.17:078][  0]LogMemory: Process Physical Memory: 48.65 MB used, 48.65 MB peak
[2015.07.07-11.33.17:078][  0]LogMemory: Process Virtual Memory: 22.37 MB used, 22.37 MB peak
[2015.07.07-11.33.17:078][  0]LogMemory: Physical Memory: 4019.38 MB used, 16336.84 MB total
[2015.07.07-11.33.17:078][  0]LogMemory: Virtual Memory: 295.75 MB used, 134217728.00 MB total
[2015.07.07-11.33.17:160][  0]LogTextLocalizationManager: The requested culture ('en_US') has no localization data; parent culture's ('en') localization data will be used.
[2015.07.07-11.33.17:405][  0]LogTextLocalizationManager:Warning: Loaded localization resources contain conflicting entries for (Namespace:ContentBrowser, Key:ImportAssetToolTip):
Localization Resource: (C:/Program Files/Epic Games/4.8/Engine/Content/Localization/Editor/en/Editor.locres) Source String Hash: (-630476809) Localized String: (Import to {0}...)
Localization Resource: (C:/Program Files/Epic Games/4.8/Engine/Content/Localization/Editor/en/Editor.locres) Source String Hash: (1271782899) Localized String: (Imports an asset from file to this folder.)
[2015.07.07-11.33.17:828][  0]LogD3D11RHI: Found D3D11 adapter 0: NVIDIA GeForce GTX 980M (Feature Level 11_0)
[2015.07.07-11.33.17:828][  0]LogD3D11RHI: Adapter has 8023MB of dedicated video memory, 0MB of dedicated system memory, and 8168MB of shared system memory, 1 output[s]
[2015.07.07-11.33.17:830][  0]LogD3D11RHI: Found D3D11 adapter 1: Microsoft Basic Render Driver (Feature Level 11_0)
[2015.07.07-11.33.17:830][  0]LogD3D11RHI: Adapter has 0MB of dedicated video memory, 0MB of dedicated system memory, and 256MB of shared system memory, 0 output[s]
[2015.07.07-11.33.17:830][  0]LogD3D11RHI: Chosen D3D11 Adapter Id = 0
[2015.07.07-11.33.17:834][  0]LogRHI: Texture pool is 1361 MB (70% of 1945 MB)
[2015.07.07-11.33.17:849][  0]LogD3D11RHI: Async texture creation enabled
[2015.07.07-11.33.18:408][  0]LogShaderCompilers:Display: Using Local Shader Compiler.
[2015.07.07-11.33.19:712][  0]LogTemp:Display: Loaded TP DesktopTargetPlatform
[2015.07.07-11.33.19:751][  0]LogTemp:Display: Loaded TP WindowsClientTargetPlatform
[2015.07.07-11.33.19:795][  0]LogTemp:Display: Loaded TP WindowsNoEditorTargetPlatform
[2015.07.07-11.33.19:825][  0]LogTemp:Display: Loaded TP WindowsServerTargetPlatform
[2015.07.07-11.33.19:876][  0]LogTemp:Display: Loaded TP WindowsTargetPlatform
[2015.07.07-11.33.19:922][  0]LogTemp:Display: Loaded TP AndroidTargetPlatform
[2015.07.07-11.33.19:972][  0]LogTemp:Display: Loaded TP Android_ASTCTargetPlatform
[2015.07.07-11.33.20:016][  0]LogTemp:Display: Loaded TP Android_ATCTargetPlatform
[2015.07.07-11.33.20:044][  0]LogTemp:Display: Loaded TP Android_DXTTargetPlatform
[2015.07.07-11.33.20:068][  0]LogTemp:Display: Loaded TP Android_ETC1TargetPlatform
[2015.07.07-11.33.20:108][  0]LogTemp:Display: Loaded TP Android_ETC2TargetPlatform
[2015.07.07-11.33.20:157][  0]LogTemp:Display: Loaded TP Android_PVRTCTargetPlatform
[2015.07.07-11.33.20:310][  0]LogTemp:Display: Loaded TP IOSTargetPlatform
[2015.07.07-11.33.20:365][  0]LogTemp:Display: Loaded TP LinuxNoEditorTargetPlatform
[2015.07.07-11.33.20:421][  0]LogTemp:Display: Loaded TP LinuxServerTargetPlatform
[2015.07.07-11.33.20:468][  0]LogTemp:Display: Loaded TP LinuxTargetPlatform
[2015.07.07-11.33.20:468][  0]LogTargetPlatformManager:Display: Building Assets For Windows
[2015.07.07-11.33.21:073][  0]LogDerivedDataCache:Display: Max Cache Size: 512 MB
[2015.07.07-11.33.21:175][  0]LogDerivedDataCache: Loaded boot cache 0.10s 53MB C:/Users/Ilija/AppData/Local/UnrealEngine/4.8/DerivedDataCache/Boot.ddc.
[2015.07.07-11.33.21:175][  0]LogDerivedDataCache:Display: Loaded Boot cache: C:/Users/Ilija/AppData/Local/UnrealEngine/4.8/DerivedDataCache/Boot.ddc
[2015.07.07-11.33.21:175][  0]LogDerivedDataCache: FDerivedDataBackendGraph:  Pak pak cache file ../../../../../../Users/Ilija/Documents/ATLASrift/UProject 4.8/DerivedDataCache/DDC.ddp not found, will not use a pak cache.
[2015.07.07-11.33.21:175][  0]LogDerivedDataCache: Unable to find inner node Pak for hierarchical cache Hierarchy.
[2015.07.07-11.33.21:175][  0]LogDerivedDataCache: FDerivedDataBackendGraph:  CompressedPak pak cache file ../../../../../../Users/Ilija/Documents/ATLASrift/UProject 4.8/DerivedDataCache/Compressed.ddp not found, will not use a pak cache.
[2015.07.07-11.33.21:175][  0]LogDerivedDataCache: Unable to find inner node CompressedPak for hierarchical cache Hierarchy.
[2015.07.07-11.33.21:358][  0]LogDerivedDataCache:Display: Pak cache opened for reading ../../../Engine/DerivedDataCache/Compressed.ddp.
[2015.07.07-11.33.21:370][  0]LogDerivedDataCache: Using Local data cache path C:/Users/Ilija/AppData/Local/UnrealEngine/Common/DerivedDataCache: Writable
[2015.07.07-11.33.21:608][  0]LogInit: Selected Device Profile: [Windows]
[2015.07.07-11.33.21:706][  0]ImportText (ComponentSweepMultiTests): Missing closing parenthesis: (RootShapeAsset="/Engine/BasicShapes/Cube.Cube",ShapeType="TriggerCapsule",HitResult=(Time=0.50,Location=(X=-100.000015,Y=0.0,Z=100.000015),ImpactPoint=(X=-50.0,Y=0.0,Z=50.0),Normal=(X=-1.0,Y=-0.0,Z=0.0),ImpactNormal=(X=0.0,Y=0.0,Z=1.0),TraceStart=(X=-200.0,Y=0.0,Z=200.0),TraceEnd=(X=0.0,Y=0.0,Z=0.0))
[2015.07.07-11.33.21:706][  0]ImportText (LineTraceSingleByChannelTests): Missing closing parenthesis: (RootShapeAsset="/Engine/BasicShapes/Cube.Cube",HitResult=(Time=0.50,Location=(X=-100.000015,Y=0.0,Z=100.000015),ImpactPoint=(X=-50.0,Y=0.0,Z=50.0),Normal=(X=-1.0,Y=-0.0,Z=0.0),ImpactNormal=(X=0.0,Y=0.0,Z=1.0),TraceStart=(X=-200.0,Y=0.0,Z=200.0),TraceEnd=(X=0.0,Y=0.0,Z=0.0))
[2015.07.07-11.33.21:744][  0]LogMeshUtilities: No automatic mesh reduction module available
[2015.07.07-11.33.21:744][  0]LogMeshUtilities: No automatic mesh merging module available
[2015.07.07-11.33.22:192][  0]LogInit: WinSock: version 1.1 (2.2), MaxSocks=32767, MaxUdp=65467
[2015.07.07-11.33.23:355][  0]LogWindowsMoviePlayer: Unable to load movie: ../../../../../../Users/Ilija/Documents/ATLASrift/UProject 4.8/Content/Movies/Default_Startup.mp4
[2015.07.07-11.33.23:683][  0]SourceControl: Info Source control is disabled
[2015.07.07-11.33.23:684][  0]SourceControl: Info Source control is disabled
[2015.07.07-11.33.23:728][  0]SourceControl: Info Source control is disabled
[2015.07.07-11.33.24:305][  0]LogObj: 25794 objects as part of root set at end of initial load.
[2015.07.07-11.33.24:305][  0]LogUObjectAllocator: 5200096 out of 0 bytes used by permanent object pool.
[2015.07.07-11.33.24:501][  0]LogAutomationTest:Warning: ERR: Transient text cannot be serialized "Testing Transient serialization detection".
[2015.07.07-11.33.24:501][  0]LogEngine: Initializing Engine...
[2015.07.07-11.33.24:503][  0]LogHMD: Can't find Oculus library dev build: is proper Runtime installed? Version: 0.6.0.0
[2015.07.07-11.33.24:538][  0]LogHMD:Warning: SteamVR failed to initialize.  Error: 108
[2015.07.07-11.33.24:669][  0]LogInit: XAudio2 using 'Speakers (Realtek High Definition Audio)' : 2 channels at 48 kHz using 32 bits per sample (channel mask 0x3)
[2015.07.07-11.33.24:681][  0]LogInit: FAudioDevice initialized.
[2015.07.07-11.33.24:685][  0]LogInit: Texture streaming: Disabled
[2015.07.07-11.33.24:775][  0]LogNet: Browse: /Temp/Autosaves/Game/Maps/UEDPCTheMainMap?Name=Player
[2015.07.07-11.33.24:776][  0]LogLoad: LoadMap: /Temp/Autosaves/Game/Maps/UEDPCTheMainMap?Name=Player
[2015.07.07-11.33.24:800][  0]LogParticles: Destroying 0 GPU particle simulations for FXSystem 0x000000EBBFF045E0
[2015.07.07-11.33.24:813][  0]LogMemory: Platform Memory Stats for Windows
[2015.07.07-11.33.24:813][  0]LogMemory: Process Physical Memory: 355.83 MB used, 355.84 MB peak
[2015.07.07-11.33.24:813][  0]LogMemory: Process Virtual Memory: 287.93 MB used, 290.73 MB peak
[2015.07.07-11.33.24:813][  0]LogMemory: Physical Memory: 4273.61 MB used, 16336.84 MB total
[2015.07.07-11.33.24:813][  0]LogMemory: Virtual Memory: 808.28 MB used, 134217728.00 MB total
[2015.07.07-11.33.24:814][  0]LogMemory: 
[2015.07.07-11.33.24:814][  0]Allocator Stats for TBB: (not implemented)
[2015.07.07-11.33.29:784][  0]LogAIModule: Creating AISystem for world TheMainMap
[2015.07.07-11.33.29:813][  0]LogWorld: Game class is 'ilijaGame_C'
[2015.07.07-11.33.29:836][  0]LogWorld: Bringing World /Temp/Autosaves/Game/Maps/UEDPCTheMainMap.TheMainMap up for play (max tick rate 0) at 2015.07.07-13.33.29
[2015.07.07-11.33.29:849][  0]LogWorld: Bringing up level for play took: 0.024969
[2015.07.07-11.33.29:868][  0]LogInit:Display: Game Engine Initialized.
[2015.07.07-11.33.30:160][  0]LogAssetRegistry: FAssetRegistry took 0.0003 seconds to start up
[2015.07.07-11.33.30:161][  0]LogLoad: Full Startup: 14.91 seconds (BP compile: 0.89 seconds)
[2015.07.07-11.33.30:206][  0]LogContentStreaming: Texture pool size is 1000.000000MB
[2015.07.07-11.33.30:550][  2]LogRenderer: Reallocating scene render targets to support 1280x720 (Frame:2).
[2015.07.07-11.33.34:672][247]LogBlueprintUserMessages: SOMETHIGN!
[2015.07.07-11.33.34:673][247]LogBlueprintUserMessages: PRESSED
[2015.07.07-11.33.36:655][370]LogBlueprintUserMessages: SOMETHIGN!
[2015.07.07-11.33.36:655][370]LogBlueprintUserMessages: PRESSED
[2015.07.07-11.33.39:235][530]LogBlueprintUserMessages: SOMETHIGN!
[2015.07.07-11.33.39:235][530]LogBlueprintUserMessages: PRESSED
[2015.07.07-11.33.54:897][501]LogBlueprintUserMessages: Activated Main Menu
[2015.07.07-11.33.56:471][597]LogWindowsTextInputMethodSystem:Display: IME system now deactivated.
[2015.07.07-11.33.56:478][597]LogEngine: All Windows Closed
[2015.07.07-11.33.56:478][597]LogWindows: FPlatformMisc::RequestExit(0)
[2015.07.07-11.33.56:567][598]LogExit: Preparing to exit.
[2015.07.07-11.33.56:655][598]LogExit: Game engine shut down
[2015.07.07-11.33.56:655][598]LogParticles: Destroying 0 GPU particle simulations for FXSystem 0x000000EBBB7BD580
[2015.07.07-11.33.56:927][598]LogExit: Object subsystem successfully closed.
[2015.07.07-11.33.57:105][598]LogModuleManager: Shutting down and abandoning module AndroidDeviceDetection (109)
[2015.07.07-11.33.57:238][598]LogModuleManager: Shutting down and abandoning module AssetRegistry (108)
[2015.07.07-11.33.57:239][598]LogModuleManager: Shutting down and abandoning module AutomationWorker (107)
[2015.07.07-11.33.57:239][598]LogModuleManager: Shutting down and abandoning module CharacterAI (106)
[2015.07.07-11.33.57:239][598]LogModuleManager: Shutting down and abandoning module AITestSuite (105)
[2015.07.07-11.33.57:239][598]LogModuleManager: Shutting down and abandoning module GameplayDebugger (104)
[2015.07.07-11.33.57:240][598]LogModuleManager: Shutting down and abandoning module AIModule (103)
[2015.07.07-11.33.57:240][598]LogModuleManager: Shutting down and abandoning module GameLiveStreaming (102)
[2015.07.07-11.33.57:240][598]LogModuleManager: Shutting down and abandoning module StreamingPauseRendering (101)
[2015.07.07-11.33.57:240][598]LogModuleManager: Shutting down and abandoning module ProfilerService (100)
[2015.07.07-11.33.57:468][598]LogModuleManager: Shutting down and abandoning module TaskGraph (99)
[2015.07.07-11.33.57:470][598]LogModuleManager: Shutting down and abandoning module SlateRemote (98)
[2015.07.07-11.33.57:470][598]LogModuleManager: Shutting down and abandoning module SteamVRController (97)
[2015.07.07-11.33.57:470][598]LogModuleManager: Shutting down and abandoning module SteamVR (96)
[2015.07.07-11.33.57:470][598]LogModuleManager: Shutting down and abandoning module ProceduralMeshComponent (95)
[2015.07.07-11.33.57:470][598]LogModuleManager: Shutting down and abandoning module OculusRift (94)
[2015.07.07-11.33.57:470][598]LogModuleManager: Shutting down and abandoning module LeapMotionController (93)
[2015.07.07-11.33.57:481][598]LogModuleManager: Shutting down and abandoning module CustomMeshComponent (92)
[2015.07.07-11.33.57:481][598]LogModuleManager: Shutting down and abandoning module CableComponent (91)
[2015.07.07-11.33.57:481][598]LogModuleManager: Shutting down and abandoning module DesktopPlatform (90)
[2015.07.07-11.33.57:482][598]LogModuleManager: Shutting down and abandoning module DirectoryWatcher (89)
[2015.07.07-11.33.57:482][598]LogModuleManager: Shutting down and abandoning module HotReload (88)
[2015.07.07-11.33.57:482][598]LogModuleManager: Shutting down and abandoning module VisualStudioSourceCodeAccess (87)
[2015.07.07-11.33.57:482][598]LogModuleManager: Shutting down and abandoning module UObjectPlugin (86)
[2015.07.07-11.33.57:482][598]LogModuleManager: Shutting down and abandoning module SubversionSourceControl (85)
[2015.07.07-11.33.57:482][598]LogModuleManager: Shutting down and abandoning module SourceControl (84)
[2015.07.07-11.33.57:482][598]LogModuleManager: Shutting down and abandoning module PerforceSourceControl (83)
[2015.07.07-11.33.57:484][598]LogModuleManager: Shutting down and abandoning module BlankPlugin (82)
[2015.07.07-11.33.57:484][598]LogModuleManager: Shutting down and abandoning module ATLASrift (81)
[2015.07.07-11.33.57:484][598]LogModuleManager: Shutting down and abandoning module UdpMessaging (80)
[2015.07.07-11.33.57:484][598]LogModuleManager: Shutting down and abandoning module Paper2D (79)
[2015.07.07-11.33.57:485][598]LogModuleManager: Shutting down and abandoning module WindowsMoviePlayer (78)
[2015.07.07-11.33.57:489][598]LogModuleManager: Shutting down and abandoning module Media (77)
[2015.07.07-11.33.57:489][598]LogModuleManager: Shutting down and abandoning module WmfMedia (76)
[2015.07.07-11.33.57:489][598]LogModuleManager: Shutting down and abandoning module OnlineBlueprintSupport (75)
[2015.07.07-11.33.57:490][598]LogModuleManager: Shutting down and abandoning module PropertyEditor (74)
[2015.07.07-11.33.57:490][598]LogModuleManager: Shutting down and abandoning module BehaviorTreeEditor (73)
[2015.07.07-11.33.57:491][598]LogModuleManager: Shutting down and abandoning module FunctionalTesting (72)
[2015.07.07-11.33.57:491][598]LogModuleManager: Shutting down and abandoning module CollisionAnalyzer (71)
[2015.07.07-11.33.57:492][598]LogModuleManager: Shutting down and abandoning module WorkspaceMenuStructure (70)
[2015.07.07-11.33.57:492][598]LogModuleManager: Shutting down and abandoning module MessageLog (69)
[2015.07.07-11.33.57:492][598]LogModuleManager: Shutting down and abandoning module Sequencer (68)
[2015.07.07-11.33.57:493][598]LogModuleManager: Shutting down and abandoning module AssetTools (67)
[2015.07.07-11.33.57:495][598]LogModuleManager: Shutting down and abandoning module UMGEditor (66)
[2015.07.07-11.33.57:496][598]LogModuleManager: Shutting down and abandoning module UMG (65)
[2015.07.07-11.33.57:497][598]LogModuleManager: Shutting down and abandoning module Slate (64)
[2015.07.07-11.33.57:497][598]LogModuleManager: Shutting down and abandoning module EditorStyle (63)
[2015.07.07-11.33.57:500][598]LogModuleManager: Shutting down and abandoning module SessionServices (62)
[2015.07.07-11.33.57:500][598]LogModuleManager: Shutting down and abandoning module SourceCodeAccess (61)
[2015.07.07-11.33.57:500][598]LogModuleManager: Shutting down and abandoning module HeadMountedDisplay (60)
[2015.07.07-11.33.57:500][598]LogModuleManager: Shutting down and abandoning module XAudio2 (59)
[2015.07.07-11.33.57:500][598]LogModuleManager: Shutting down and abandoning module Networking (57)
[2015.07.07-11.33.57:500][598]LogModuleManager: Shutting down and abandoning module Core (56)
[2015.07.07-11.33.57:500][598]LogModuleManager: Shutting down and abandoning module KismetCompiler (55)
[2015.07.07-11.33.57:500][598]LogModuleManager: Shutting down and abandoning module PhysXFormats (54)
[2015.07.07-11.33.57:500][598]LogModuleManager: Shutting down and abandoning module MeshUtilities (53)
[2015.07.07-11.33.57:502][598]LogModuleManager: Shutting down and abandoning module DerivedDataCache (52)
[2015.07.07-11.33.57:908][598]LogDerivedDataCache: Shutdown
[2015.07.07-11.33.57:908][598]LogModuleManager: Shutting down and abandoning module ShaderFormatOpenGL (51)
[2015.07.07-11.33.57:908][598]LogModuleManager: Shutting down and abandoning module ShaderFormatD3D (50)
[2015.07.07-11.33.57:908][598]LogModuleManager: Shutting down and abandoning module MetalShaderFormat (49)
[2015.07.07-11.33.57:909][598]LogModuleManager: Shutting down and abandoning module TextureFormatUncompressed (48)
[2015.07.07-11.33.57:909][598]LogModuleManager: Shutting down and abandoning module TextureFormatPVR (47)
[2015.07.07-11.33.57:909][598]LogModuleManager: Shutting down and abandoning module TextureFormatIntelISPCTexComp (46)
[2015.07.07-11.33.57:909][598]LogModuleManager: Shutting down and abandoning module TextureFormatDXT (45)
[2015.07.07-11.33.57:909][598]LogModuleManager: Shutting down and abandoning module ImageWrapper (44)
[2015.07.07-11.33.57:909][598]LogModuleManager: Shutting down and abandoning module TextureFormatASTC (43)
[2015.07.07-11.33.57:909][598]LogModuleManager: Shutting down and abandoning module TextureFormatAndroid (42)
[2015.07.07-11.33.57:909][598]LogModuleManager: Shutting down and abandoning module AudioFormatOpus (41)
[2015.07.07-11.33.57:909][598]LogModuleManager: Shutting down and abandoning module AudioFormatOgg (40)
[2015.07.07-11.33.57:909][598]LogModuleManager: Shutting down and abandoning module AudioFormatADPCM (39)
[2015.07.07-11.33.57:909][598]LogModuleManager: Shutting down and abandoning module LinuxTargetPlatform (38)
[2015.07.07-11.33.57:909][598]LogModuleManager: Shutting down and abandoning module LinuxServerTargetPlatform (37)
[2015.07.07-11.33.57:909][598]LogModuleManager: Shutting down and abandoning module LinuxNoEditorTargetPlatform (36)
[2015.07.07-11.33.57:909][598]LogModuleManager: Shutting down and abandoning module Messaging (35)
[2015.07.07-11.33.57:909][598]LogModuleManager: Shutting down and abandoning module IOSTargetPlatform (34)
[2015.07.07-11.33.57:909][598]LogModuleManager: Shutting down and abandoning module HTML5TargetPlatform (33)
[2015.07.07-11.33.57:909][598]LogModuleManager: Shutting down and abandoning module Android_PVRTCTargetPlatform (32)
[2015.07.07-11.33.57:909][598]LogModuleManager: Shutting down and abandoning module Android_ETC2TargetPlatform (31)
[2015.07.07-11.33.57:909][598]LogModuleManager: Shutting down and abandoning module Android_ETC1TargetPlatform (30)
[2015.07.07-11.33.57:909][598]LogModuleManager: Shutting down and abandoning module Android_DXTTargetPlatform (29)
[2015.07.07-11.33.57:909][598]LogModuleManager: Shutting down and abandoning module Android_ATCTargetPlatform (28)
[2015.07.07-11.33.57:909][598]LogModuleManager: Shutting down and abandoning module Android_ASTCTargetPlatform (27)
[2015.07.07-11.33.57:909][598]LogModuleManager: Shutting down and abandoning module AndroidTargetPlatform (26)
[2015.07.07-11.33.57:909][598]LogModuleManager: Shutting down and abandoning module WindowsTargetPlatform (25)
[2015.07.07-11.33.57:909][598]LogModuleManager: Shutting down and abandoning module WindowsServerTargetPlatform (24)
[2015.07.07-11.33.57:909][598]LogModuleManager: Shutting down and abandoning module WindowsNoEditorTargetPlatform (23)
[2015.07.07-11.33.57:909][598]LogModuleManager: Shutting down and abandoning module WindowsClientTargetPlatform (22)
[2015.07.07-11.33.57:909][598]LogModuleManager: Shutting down and abandoning module DesktopTargetPlatform (21)
[2015.07.07-11.33.57:909][598]LogModuleManager: Shutting down and abandoning module TargetPlatform (20)
[2015.07.07-11.33.57:909][598]LogModuleManager: Shutting down and abandoning module InputCore (19)
[2015.07.07-11.33.57:909][598]LogModuleManager: Shutting down and abandoning module Settings (18)
[2015.07.07-11.33.57:909][598]LogModuleManager: Shutting down and abandoning module OnlineSubsystem (16)
[2015.07.07-11.33.57:909][598]LogModuleManager: Shutting down and abandoning module HTTP (15)
[2015.07.07-11.33.57:909][598]LogModuleManager: Shutting down and abandoning module ExampleDeviceProfileSelector (14)
[2015.07.07-11.33.57:909][598]LogModuleManager: Shutting down and abandoning module TextureCompressor (13)
[2015.07.07-11.33.57:909][598]LogModuleManager: Shutting down and abandoning module ShaderCore (12)
[2015.07.07-11.33.57:909][598]LogModuleManager: Shutting down and abandoning module Landscape (11)
[2015.07.07-11.33.57:909][598]LogModuleManager: Shutting down and abandoning module SlateRHIRenderer (10)
[2015.07.07-11.33.57:910][598]LogModuleManager: Shutting down and abandoning module OpenGLDrv (9)
[2015.07.07-11.33.57:911][598]LogModuleManager: Shutting down and abandoning module D3D11RHI (8)
[2015.07.07-11.33.57:911][598]LogModuleManager: Shutting down and abandoning module Renderer (7)
[2015.07.07-11.33.57:911][598]LogModuleManager: Shutting down and abandoning module Engine (6)
[2015.07.07-11.33.57:911][598]LogModuleManager: Shutting down and abandoning module CoreUObject (5)
[2015.07.07-11.33.57:911][598]LogModuleManager: Shutting down and abandoning module NetworkFile (4)
[2015.07.07-11.33.57:911][598]LogModuleManager: Shutting down and abandoning module StreamingFile (3)
[2015.07.07-11.33.57:911][598]LogModuleManager: Shutting down and abandoning module SandboxFile (2)
[2015.07.07-11.33.57:911][598]LogModuleManager: Shutting down and abandoning module PakFile (1)
[2015.07.07-11.33.57:911][598]LogExit: Exiting.
[2015.07.07-11.33.57:913][598]Log file closed, 07/07/15 13:33:57
