[2015.07.02-20.14.54:574][  0]Log file open, 07/02/15 22:14:54
[2015.07.02-20.14.54:574][  0]LogInit:Display: Running engine for game: ATLASrift
[2015.07.02-20.14.54:575][  0]LogInit:Display: RandInit(2014368312) SRandInit(2014368312).
[2015.07.02-20.14.54:575][  0]LogTaskGraph: Started task graph with 4 named threads and 7 total threads.
[2015.07.02-20.14.54:575][  0]LogStats: Stats thread started
[2015.07.02-20.14.54:575][  0]LogInit: Version: 4.8.1-2591939+++depot+UE4-Releases+4.8
[2015.07.02-20.14.54:575][  0]LogInit: API Version: 2579680
[2015.07.02-20.14.54:575][  0]LogInit: Compiled (64-bit): Jun 18 2015 11:02:04
[2015.07.02-20.14.54:575][  0]LogInit: Compiled with Visual C++: 18.00.21005.01
[2015.07.02-20.14.54:575][  0]LogInit: Build Configuration: Development
[2015.07.02-20.14.54:575][  0]LogInit: Branch Name: ++depot+UE4-Releases+4.8
[2015.07.02-20.14.54:575][  0]LogInit: Command line:  /Temp/Autosaves/Game/Maps/UEDPCTheMainMap -game -PIEVIACONSOLE -ResX=1280 -ResY=720  -Multiprocess 
[2015.07.02-20.14.54:575][  0]LogInit: Base directory: C:/Program Files/Epic Games/4.8/Engine/Binaries/Win64/
[2015.07.02-20.14.54:575][  0]LogInit: Rocket: 1
[2015.07.02-20.14.54:602][  0]LogInit: Using libcurl 7.41.0
[2015.07.02-20.14.54:602][  0]LogInit:  - built for x86_64-pc-win32
[2015.07.02-20.14.54:602][  0]LogInit:  - supports SSL with WinSSL
[2015.07.02-20.14.54:602][  0]LogInit:  - other features:
[2015.07.02-20.14.54:602][  0]LogInit:      CURL_VERSION_SSL
[2015.07.02-20.14.54:602][  0]LogInit:      CURL_VERSION_IPV6
[2015.07.02-20.14.54:602][  0]LogInit:      CURL_VERSION_ASYNCHDNS
[2015.07.02-20.14.54:602][  0]LogInit:      CURL_VERSION_LARGEFILE
[2015.07.02-20.14.54:602][  0]LogInit:      CURL_VERSION_IDN
[2015.07.02-20.14.54:602][  0]LogInit:  CurlRequestOptions (configurable via config and command line):
[2015.07.02-20.14.54:602][  0]LogInit:  - bVerifyPeer = true  - Libcurl will verify peer certificate
[2015.07.02-20.14.54:602][  0]LogInit:  - bUseHttpProxy = false  - Libcurl will NOT use HTTP proxy
[2015.07.02-20.14.54:602][  0]LogInit:  - bDontReuseConnections = false  - Libcurl will reuse connections
[2015.07.02-20.14.54:602][  0]LogInit:  - CertBundlePath = nullptr  - Libcurl will use whatever was configured at build time.
[2015.07.02-20.14.54:621][  0]LogOnline:Warning: No default platform service specified for OnlineSubsystem
[2015.07.02-20.14.54:647][  0]LogInit: Presizing for 0 objects not considered by GC, pre-allocating 0 bytes.
[2015.07.02-20.14.54:660][  0]LogInit: Object subsystem initialized
[2015.07.02-20.14.54:662][  0]LogConsoleResponse:Warning: Skipping Unknown console variable: 'UIScaleCurve = (EditorCurveData=(Keys=((Time=480.000000,Value=0.444000),(Time=720.000000,Value=0.666000),(Time=1080.000000,Value=1.000000),(Time=8640.000000,Value=8.000000))),ExternalCurve=None)'
[2015.07.02-20.14.54:662][  0]LogConsoleResponse:Warning:   Found in ini file 'C:/Users/Ilija/Documents/ATLASrift/UProject 4.8/Saved/Config/Windows/Engine.ini', in section '[/Script/Engine.RendererSettings]'
[2015.07.02-20.14.54:662][  0]LogConsoleManager:Warning: Console variable 'r.MSAA.CompositingSampleCount' wasn't set ('Scalability' has a lower priority than 'ProjectSetting')
[2015.07.02-20.14.54:663][  0]LogInit: Selected Device Profile: [Windows]
[2015.07.02-20.14.54:663][  0]LogInit: Applying CVar settings loaded from the selected device profile: [Windows]
[2015.07.02-20.14.54:668][  0]LogInit: Computer: ILIJAMSI
[2015.07.02-20.14.54:668][  0]LogInit: User: Ilija
[2015.07.02-20.14.54:668][  0]LogInit: CPU Page size=4096, Cores=4
[2015.07.02-20.14.54:668][  0]LogInit: High frequency timer resolution =2.435762 MHz
[2015.07.02-20.14.54:668][  0]LogMemory: Memory total: Physical=16.0GB (16GB approx)
[2015.07.02-20.14.54:668][  0]LogMemory: Platform Memory Stats for Windows
[2015.07.02-20.14.54:668][  0]LogMemory: Process Physical Memory: 48.64 MB used, 48.64 MB peak
[2015.07.02-20.14.54:668][  0]LogMemory: Process Virtual Memory: 22.39 MB used, 22.39 MB peak
[2015.07.02-20.14.54:668][  0]LogMemory: Physical Memory: 4243.46 MB used, 16336.84 MB total
[2015.07.02-20.14.54:669][  0]LogMemory: Virtual Memory: 295.75 MB used, 134217728.00 MB total
[2015.07.02-20.14.54:736][  0]LogTextLocalizationManager: The requested culture ('en_US') has no localization data; parent culture's ('en') localization data will be used.
[2015.07.02-20.14.55:042][  0]LogTextLocalizationManager:Warning: Loaded localization resources contain conflicting entries for (Namespace:ContentBrowser, Key:ImportAssetToolTip):
Localization Resource: (C:/Program Files/Epic Games/4.8/Engine/Content/Localization/Editor/en/Editor.locres) Source String Hash: (-630476809) Localized String: (Import to {0}...)
Localization Resource: (C:/Program Files/Epic Games/4.8/Engine/Content/Localization/Editor/en/Editor.locres) Source String Hash: (1271782899) Localized String: (Imports an asset from file to this folder.)
[2015.07.02-20.14.55:521][  0]LogD3D11RHI: Found D3D11 adapter 0: NVIDIA GeForce GTX 980M (Feature Level 11_0)
[2015.07.02-20.14.55:521][  0]LogD3D11RHI: Adapter has 8023MB of dedicated video memory, 0MB of dedicated system memory, and 8168MB of shared system memory, 1 output[s]
[2015.07.02-20.14.55:523][  0]LogD3D11RHI: Found D3D11 adapter 1: Microsoft Basic Render Driver (Feature Level 11_0)
[2015.07.02-20.14.55:523][  0]LogD3D11RHI: Adapter has 0MB of dedicated video memory, 0MB of dedicated system memory, and 256MB of shared system memory, 0 output[s]
[2015.07.02-20.14.55:523][  0]LogD3D11RHI: Chosen D3D11 Adapter Id = 0
[2015.07.02-20.14.55:527][  0]LogRHI: Texture pool is 1361 MB (70% of 1945 MB)
[2015.07.02-20.14.55:543][  0]LogD3D11RHI: Async texture creation enabled
[2015.07.02-20.14.56:074][  0]LogShaderCompilers:Display: Using Local Shader Compiler.
[2015.07.02-20.14.57:135][  0]LogTemp:Display: Loaded TP DesktopTargetPlatform
[2015.07.02-20.14.57:157][  0]LogTemp:Display: Loaded TP WindowsClientTargetPlatform
[2015.07.02-20.14.57:180][  0]LogTemp:Display: Loaded TP WindowsNoEditorTargetPlatform
[2015.07.02-20.14.57:203][  0]LogTemp:Display: Loaded TP WindowsServerTargetPlatform
[2015.07.02-20.14.57:227][  0]LogTemp:Display: Loaded TP WindowsTargetPlatform
[2015.07.02-20.14.57:249][  0]LogTemp:Display: Loaded TP AndroidTargetPlatform
[2015.07.02-20.14.57:269][  0]LogTemp:Display: Loaded TP Android_ASTCTargetPlatform
[2015.07.02-20.14.57:289][  0]LogTemp:Display: Loaded TP Android_ATCTargetPlatform
[2015.07.02-20.14.57:310][  0]LogTemp:Display: Loaded TP Android_DXTTargetPlatform
[2015.07.02-20.14.57:331][  0]LogTemp:Display: Loaded TP Android_ETC1TargetPlatform
[2015.07.02-20.14.57:352][  0]LogTemp:Display: Loaded TP Android_ETC2TargetPlatform
[2015.07.02-20.14.57:377][  0]LogTemp:Display: Loaded TP Android_PVRTCTargetPlatform
[2015.07.02-20.14.57:458][  0]LogTemp:Display: Loaded TP IOSTargetPlatform
[2015.07.02-20.14.57:477][  0]LogTemp:Display: Loaded TP LinuxNoEditorTargetPlatform
[2015.07.02-20.14.57:498][  0]LogTemp:Display: Loaded TP LinuxServerTargetPlatform
[2015.07.02-20.14.57:520][  0]LogTemp:Display: Loaded TP LinuxTargetPlatform
[2015.07.02-20.14.57:520][  0]LogTargetPlatformManager:Display: Building Assets For Windows
[2015.07.02-20.14.57:867][  0]LogDerivedDataCache:Display: Max Cache Size: 512 MB
[2015.07.02-20.14.57:923][  0]LogDerivedDataCache: Loaded boot cache 0.06s 53MB C:/Users/Ilija/AppData/Local/UnrealEngine/4.8/DerivedDataCache/Boot.ddc.
[2015.07.02-20.14.57:924][  0]LogDerivedDataCache:Display: Loaded Boot cache: C:/Users/Ilija/AppData/Local/UnrealEngine/4.8/DerivedDataCache/Boot.ddc
[2015.07.02-20.14.57:924][  0]LogDerivedDataCache: FDerivedDataBackendGraph:  Pak pak cache file ../../../../../../Users/Ilija/Documents/ATLASrift/UProject 4.8/DerivedDataCache/DDC.ddp not found, will not use a pak cache.
[2015.07.02-20.14.57:924][  0]LogDerivedDataCache: Unable to find inner node Pak for hierarchical cache Hierarchy.
[2015.07.02-20.14.57:924][  0]LogDerivedDataCache: FDerivedDataBackendGraph:  CompressedPak pak cache file ../../../../../../Users/Ilija/Documents/ATLASrift/UProject 4.8/DerivedDataCache/Compressed.ddp not found, will not use a pak cache.
[2015.07.02-20.14.57:924][  0]LogDerivedDataCache: Unable to find inner node CompressedPak for hierarchical cache Hierarchy.
[2015.07.02-20.14.58:126][  0]LogDerivedDataCache:Display: Pak cache opened for reading ../../../Engine/DerivedDataCache/Compressed.ddp.
[2015.07.02-20.14.58:139][  0]LogDerivedDataCache: Using Local data cache path C:/Users/Ilija/AppData/Local/UnrealEngine/Common/DerivedDataCache: Writable
[2015.07.02-20.14.58:394][  0]LogInit: Selected Device Profile: [Windows]
[2015.07.02-20.14.58:498][  0]ImportText (ComponentSweepMultiTests): Missing closing parenthesis: (RootShapeAsset="/Engine/BasicShapes/Cube.Cube",ShapeType="TriggerCapsule",HitResult=(Time=0.50,Location=(X=-100.000015,Y=0.0,Z=100.000015),ImpactPoint=(X=-50.0,Y=0.0,Z=50.0),Normal=(X=-1.0,Y=-0.0,Z=0.0),ImpactNormal=(X=0.0,Y=0.0,Z=1.0),TraceStart=(X=-200.0,Y=0.0,Z=200.0),TraceEnd=(X=0.0,Y=0.0,Z=0.0))
[2015.07.02-20.14.58:499][  0]ImportText (LineTraceSingleByChannelTests): Missing closing parenthesis: (RootShapeAsset="/Engine/BasicShapes/Cube.Cube",HitResult=(Time=0.50,Location=(X=-100.000015,Y=0.0,Z=100.000015),ImpactPoint=(X=-50.0,Y=0.0,Z=50.0),Normal=(X=-1.0,Y=-0.0,Z=0.0),ImpactNormal=(X=0.0,Y=0.0,Z=1.0),TraceStart=(X=-200.0,Y=0.0,Z=200.0),TraceEnd=(X=0.0,Y=0.0,Z=0.0))
[2015.07.02-20.14.58:540][  0]LogMeshUtilities: No automatic mesh reduction module available
[2015.07.02-20.14.58:540][  0]LogMeshUtilities: No automatic mesh merging module available
[2015.07.02-20.14.58:962][  0]LogInit: WinSock: version 1.1 (2.2), MaxSocks=32767, MaxUdp=65467
[2015.07.02-20.14.59:606][  0]LogWindowsMoviePlayer: Unable to load movie: ../../../../../../Users/Ilija/Documents/ATLASrift/UProject 4.8/Content/Movies/Default_Startup.mp4
[2015.07.02-20.14.59:810][  0]SourceControl: Info Source control is disabled
[2015.07.02-20.14.59:810][  0]SourceControl: Info Source control is disabled
[2015.07.02-20.14.59:830][  0]SourceControl: Info Source control is disabled
[2015.07.02-20.15.00:098][  0]LogObj: 25794 objects as part of root set at end of initial load.
[2015.07.02-20.15.00:098][  0]LogUObjectAllocator: 5200104 out of 0 bytes used by permanent object pool.
[2015.07.02-20.15.00:197][  0]LogAutomationTest:Warning: ERR: Transient text cannot be serialized "Testing Transient serialization detection".
[2015.07.02-20.15.00:197][  0]LogEngine: Initializing Engine...
[2015.07.02-20.15.00:200][  0]LogHMD: Can't find Oculus library dev build: is proper Runtime installed? Version: 0.6.0.0
[2015.07.02-20.15.00:242][  0]LogHMD: SteamVR initialized.  Driver: oculus  Display: 206D5J030W8G
[2015.07.02-20.15.00:344][  0]LogInit: XAudio2 using 'Speakers (Realtek High Definition Audio)' : 2 channels at 48 kHz using 32 bits per sample (channel mask 0x3)
[2015.07.02-20.15.00:356][  0]LogInit: FAudioDevice initialized.
[2015.07.02-20.15.00:360][  0]LogInit: Texture streaming: Disabled
[2015.07.02-20.15.00:440][  0]LogConsoleManager:Warning: Console variable 'r.VSync' wasn't set ('GameSetting' has a lower priority than 'Code')
[2015.07.02-20.15.00:442][  0]LogNet: Browse: /Temp/Autosaves/Game/Maps/UEDPCTheMainMap?Name=Player
[2015.07.02-20.15.00:442][  0]LogLoad: LoadMap: /Temp/Autosaves/Game/Maps/UEDPCTheMainMap?Name=Player
[2015.07.02-20.15.00:455][  0]LogParticles: Destroying 0 GPU particle simulations for FXSystem 0x000000E1E069C5E0
[2015.07.02-20.15.00:465][  0]LogMemory: Platform Memory Stats for Windows
[2015.07.02-20.15.00:465][  0]LogMemory: Process Physical Memory: 359.54 MB used, 359.54 MB peak
[2015.07.02-20.15.00:465][  0]LogMemory: Process Virtual Memory: 290.35 MB used, 292.72 MB peak
[2015.07.02-20.15.00:465][  0]LogMemory: Physical Memory: 4502.71 MB used, 16336.84 MB total
[2015.07.02-20.15.00:465][  0]LogMemory: Virtual Memory: 826.69 MB used, 134217728.00 MB total
[2015.07.02-20.15.00:465][  0]LogMemory: 
[2015.07.02-20.15.00:465][  0]Allocator Stats for TBB: (not implemented)
[2015.07.02-20.15.05:343][  0]LogAIModule: Creating AISystem for world TheMainMap
[2015.07.02-20.15.05:373][  0]LogWorld: Game class is 'ilijaGame_C'
[2015.07.02-20.15.05:395][  0]LogWorld: Bringing World /Temp/Autosaves/Game/Maps/UEDPCTheMainMap.TheMainMap up for play (max tick rate 0) at 2015.07.02-22.15.05
[2015.07.02-20.15.05:396][  0]LogWorld: Bringing up level for play took: 0.012564
[2015.07.02-20.15.05:399][  0]LogInit:Display: Game Engine Initialized.
[2015.07.02-20.15.05:663][  0]LogAssetRegistry: FAssetRegistry took 0.0002 seconds to start up
[2015.07.02-20.15.05:663][  0]LogLoad: Full Startup: 13.22 seconds (BP compile: 0.94 seconds)
[2015.07.02-20.15.05:674][  0]LogContentStreaming: Texture pool size is 1000.000000MB
[2015.07.02-20.15.05:877][  2]LogRenderer: Reallocating scene render targets to support 1736x976 (Frame:2).
[2015.07.02-20.15.51:236][368]LogBlueprintUserMessages: PRESSED
[2015.07.02-20.15.51:900][447]LogBlueprintUserMessages: PRESSED
[2015.07.02-20.15.52:236][487]LogBlueprintUserMessages: PRESSED
[2015.07.02-20.15.52:456][513]LogBlueprintUserMessages: PRESSED
[2015.07.02-20.15.52:665][538]LogBlueprintUserMessages: PRESSED
[2015.07.02-20.15.53:105][591]LogBlueprintUserMessages: CAUGHT Event HEP
[2015.07.02-20.15.53:105][591]LogBlueprintUserMessages: HEP event CALLED
[2015.07.02-20.15.59:002][291]LogBlueprintUserMessages: CAUGHT Event HEP
[2015.07.02-20.15.59:002][291]LogBlueprintUserMessages: HEP event CALLED
[2015.07.02-20.16.00:089][420]LogBlueprintUserMessages: PRESSED
[2015.07.02-20.16.00:757][499]LogBlueprintUserMessages: PRESSED
[2015.07.02-20.16.01:055][535]LogBlueprintUserMessages: PRESSED
[2015.07.02-20.16.01:283][562]LogBlueprintUserMessages: PRESSED
[2015.07.02-20.16.01:503][588]LogBlueprintUserMessages: PRESSED
[2015.07.02-20.16.01:712][613]LogBlueprintUserMessages: PRESSED
[2015.07.02-20.16.01:930][639]LogBlueprintUserMessages: PRESSED
[2015.07.02-20.16.02:122][662]LogBlueprintUserMessages: PRESSED
[2015.07.02-20.16.02:312][684]LogBlueprintUserMessages: PRESSED
[2015.07.02-20.16.02:482][704]LogBlueprintUserMessages: PRESSED
[2015.07.02-20.16.02:650][724]LogBlueprintUserMessages: PRESSED
[2015.07.02-20.16.15:465][266]LogBlueprintUserMessages: Activated Main Menu
[2015.07.02-20.16.16:078][336]LogWindowsTextInputMethodSystem:Display: IME system now deactivated.
[2015.07.02-20.16.16:081][336]LogEngine: All Windows Closed
[2015.07.02-20.16.16:081][336]LogWindows: FPlatformMisc::RequestExit(0)
[2015.07.02-20.16.16:314][337]LogExit: Preparing to exit.
[2015.07.02-20.16.16:403][337]LogExit: Game engine shut down
[2015.07.02-20.16.16:404][337]LogParticles: Destroying 0 GPU particle simulations for FXSystem 0x000000E19DA9BA60
[2015.07.02-20.16.16:630][337]LogExit: Object subsystem successfully closed.
