[2015.07.07-23.07.57:925][  0]Log file open, 07/08/15 01:07:57
[2015.07.07-23.07.57:925][  0]LogInit:Display: Running engine for game: ATLASrift
[2015.07.07-23.07.57:925][  0]LogInit:Display: RandInit(-1767832861) SRandInit(-1767832860).
[2015.07.07-23.07.57:925][  0]LogTaskGraph: Started task graph with 4 named threads and 7 total threads.
[2015.07.07-23.07.57:925][  0]LogStats: Stats thread started
[2015.07.07-23.07.57:925][  0]LogInit: Version: 4.8.1-2591939+++depot+UE4-Releases+4.8
[2015.07.07-23.07.57:925][  0]LogInit: API Version: 2579680
[2015.07.07-23.07.57:925][  0]LogInit: Compiled (64-bit): Jun 18 2015 11:02:04
[2015.07.07-23.07.57:925][  0]LogInit: Compiled with Visual C++: 18.00.21005.01
[2015.07.07-23.07.57:925][  0]LogInit: Build Configuration: Development
[2015.07.07-23.07.57:925][  0]LogInit: Branch Name: ++depot+UE4-Releases+4.8
[2015.07.07-23.07.57:925][  0]LogInit: Command line:  
[2015.07.07-23.07.57:925][  0]LogInit: Base directory: C:/Program Files/Epic Games/4.8/Engine/Binaries/Win64/
[2015.07.07-23.07.57:925][  0]LogInit: Rocket: 1
[2015.07.07-23.07.57:945][  0]LogInit: Using libcurl 7.41.0
[2015.07.07-23.07.57:945][  0]LogInit:  - built for x86_64-pc-win32
[2015.07.07-23.07.57:945][  0]LogInit:  - supports SSL with WinSSL
[2015.07.07-23.07.57:945][  0]LogInit:  - other features:
[2015.07.07-23.07.57:945][  0]LogInit:      CURL_VERSION_SSL
[2015.07.07-23.07.57:945][  0]LogInit:      CURL_VERSION_IPV6
[2015.07.07-23.07.57:945][  0]LogInit:      CURL_VERSION_ASYNCHDNS
[2015.07.07-23.07.57:945][  0]LogInit:      CURL_VERSION_LARGEFILE
[2015.07.07-23.07.57:945][  0]LogInit:      CURL_VERSION_IDN
[2015.07.07-23.07.57:945][  0]LogInit:  CurlRequestOptions (configurable via config and command line):
[2015.07.07-23.07.57:945][  0]LogInit:  - bVerifyPeer = true  - Libcurl will verify peer certificate
[2015.07.07-23.07.57:945][  0]LogInit:  - bUseHttpProxy = false  - Libcurl will NOT use HTTP proxy
[2015.07.07-23.07.57:945][  0]LogInit:  - bDontReuseConnections = false  - Libcurl will reuse connections
[2015.07.07-23.07.57:945][  0]LogInit:  - CertBundlePath = nullptr  - Libcurl will use whatever was configured at build time.
[2015.07.07-23.07.57:960][  0]LogOnline:Warning: No default platform service specified for OnlineSubsystem
[2015.07.07-23.07.57:982][  0]LogInit: Presizing for 0 objects not considered by GC, pre-allocating 0 bytes.
[2015.07.07-23.07.57:990][  0]LogInit: Object subsystem initialized
[2015.07.07-23.07.57:991][  0]LogConsoleResponse:Warning: Skipping Unknown console variable: 'UIScaleCurve = (EditorCurveData=(Keys=((Time=480.000000,Value=0.444000),(Time=720.000000,Value=0.666000),(Time=1080.000000,Value=1.000000),(Time=8640.000000,Value=8.000000))),ExternalCurve=None)'
[2015.07.07-23.07.57:991][  0]LogConsoleResponse:Warning:   Found in ini file 'C:/Users/Ilija/Documents/ATLASrift/UProject 4.8/Saved/Config/Windows/Engine.ini', in section '[/Script/Engine.RendererSettings]'
[2015.07.07-23.07.57:991][  0]LogConsoleManager:Warning: Console variable 'r.MSAA.CompositingSampleCount' wasn't set ('Scalability' has a lower priority than 'ProjectSetting')
[2015.07.07-23.07.57:992][  0]LogInit: Selected Device Profile: [Windows]
[2015.07.07-23.07.57:992][  0]LogInit: Applying CVar settings loaded from the selected device profile: [Windows]
[2015.07.07-23.07.58:001][  0]LogInit: Computer: ILIJAMSI
[2015.07.07-23.07.58:001][  0]LogInit: User: Ilija
[2015.07.07-23.07.58:001][  0]LogInit: CPU Page size=4096, Cores=4
[2015.07.07-23.07.58:001][  0]LogInit: High frequency timer resolution =2.435775 MHz
[2015.07.07-23.07.58:001][  0]LogMemory: Memory total: Physical=16.0GB (16GB approx)
[2015.07.07-23.07.58:001][  0]LogMemory: Platform Memory Stats for Windows
[2015.07.07-23.07.58:001][  0]LogMemory: Process Physical Memory: 48.95 MB used, 48.95 MB peak
[2015.07.07-23.07.58:001][  0]LogMemory: Process Virtual Memory: 22.50 MB used, 22.50 MB peak
[2015.07.07-23.07.58:001][  0]LogMemory: Physical Memory: 2295.80 MB used, 16336.84 MB total
[2015.07.07-23.07.58:001][  0]LogMemory: Virtual Memory: 295.88 MB used, 134217728.00 MB total
[2015.07.07-23.07.58:057][  0]LogTextLocalizationManager: The requested culture ('en_US') has no localization data; parent culture's ('en') localization data will be used.
[2015.07.07-23.07.58:292][  0]LogTextLocalizationManager:Warning: Loaded localization resources contain conflicting entries for (Namespace:ContentBrowser, Key:ImportAssetToolTip):
Localization Resource: (C:/Program Files/Epic Games/4.8/Engine/Content/Localization/Editor/en/Editor.locres) Source String Hash: (-630476809) Localized String: (Import to {0}...)
Localization Resource: (C:/Program Files/Epic Games/4.8/Engine/Content/Localization/Editor/en/Editor.locres) Source String Hash: (1271782899) Localized String: (Imports an asset from file to this folder.)
[2015.07.07-23.07.58:818][  0]LogD3D11RHI: Found D3D11 adapter 0: NVIDIA GeForce GTX 980M (Feature Level 11_0)
[2015.07.07-23.07.58:818][  0]LogD3D11RHI: Adapter has 8023MB of dedicated video memory, 0MB of dedicated system memory, and 8168MB of shared system memory, 1 output[s]
[2015.07.07-23.07.58:820][  0]LogD3D11RHI: Found D3D11 adapter 1: Microsoft Basic Render Driver (Feature Level 11_0)
[2015.07.07-23.07.58:820][  0]LogD3D11RHI: Adapter has 0MB of dedicated video memory, 0MB of dedicated system memory, and 256MB of shared system memory, 0 output[s]
[2015.07.07-23.07.58:820][  0]LogD3D11RHI: Chosen D3D11 Adapter Id = 0
[2015.07.07-23.07.58:824][  0]LogRHI: Texture pool is 1361 MB (70% of 1945 MB)
[2015.07.07-23.07.58:838][  0]LogD3D11RHI: Async texture creation enabled
[2015.07.07-23.07.59:356][  0]LogShaderCompilers:Display: Using Local Shader Compiler.
[2015.07.07-23.08.00:520][  0]LogTemp:Display: Loaded TP DesktopTargetPlatform
[2015.07.07-23.08.00:540][  0]LogTemp:Display: Loaded TP WindowsClientTargetPlatform
[2015.07.07-23.08.00:561][  0]LogTemp:Display: Loaded TP WindowsNoEditorTargetPlatform
[2015.07.07-23.08.00:582][  0]LogTemp:Display: Loaded TP WindowsServerTargetPlatform
[2015.07.07-23.08.00:605][  0]LogTemp:Display: Loaded TP WindowsTargetPlatform
[2015.07.07-23.08.00:624][  0]LogTemp:Display: Loaded TP AndroidTargetPlatform
[2015.07.07-23.08.00:642][  0]LogTemp:Display: Loaded TP Android_ASTCTargetPlatform
[2015.07.07-23.08.00:660][  0]LogTemp:Display: Loaded TP Android_ATCTargetPlatform
[2015.07.07-23.08.00:678][  0]LogTemp:Display: Loaded TP Android_DXTTargetPlatform
[2015.07.07-23.08.00:697][  0]LogTemp:Display: Loaded TP Android_ETC1TargetPlatform
[2015.07.07-23.08.00:716][  0]LogTemp:Display: Loaded TP Android_ETC2TargetPlatform
[2015.07.07-23.08.00:734][  0]LogTemp:Display: Loaded TP Android_PVRTCTargetPlatform
[2015.07.07-23.08.00:803][  0]LogTemp:Display: Loaded TP IOSTargetPlatform
[2015.07.07-23.08.00:820][  0]LogTemp:Display: Loaded TP LinuxNoEditorTargetPlatform
[2015.07.07-23.08.00:838][  0]LogTemp:Display: Loaded TP LinuxServerTargetPlatform
[2015.07.07-23.08.00:858][  0]LogTemp:Display: Loaded TP LinuxTargetPlatform
[2015.07.07-23.08.00:858][  0]LogTargetPlatformManager:Display: Building Assets For Windows
[2015.07.07-23.08.01:161][  0]LogDerivedDataCache:Display: Max Cache Size: 512 MB
[2015.07.07-23.08.01:217][  0]LogDerivedDataCache: Loaded boot cache 0.06s 53MB C:/Users/Ilija/AppData/Local/UnrealEngine/4.8/DerivedDataCache/Boot.ddc.
[2015.07.07-23.08.01:217][  0]LogDerivedDataCache:Display: Loaded Boot cache: C:/Users/Ilija/AppData/Local/UnrealEngine/4.8/DerivedDataCache/Boot.ddc
[2015.07.07-23.08.01:217][  0]LogDerivedDataCache: FDerivedDataBackendGraph:  Pak pak cache file ../../../../../../Users/Ilija/Documents/ATLASrift/UProject 4.8/DerivedDataCache/DDC.ddp not found, will not use a pak cache.
[2015.07.07-23.08.01:217][  0]LogDerivedDataCache: Unable to find inner node Pak for hierarchical cache Hierarchy.
[2015.07.07-23.08.01:217][  0]LogDerivedDataCache: FDerivedDataBackendGraph:  CompressedPak pak cache file ../../../../../../Users/Ilija/Documents/ATLASrift/UProject 4.8/DerivedDataCache/Compressed.ddp not found, will not use a pak cache.
[2015.07.07-23.08.01:217][  0]LogDerivedDataCache: Unable to find inner node CompressedPak for hierarchical cache Hierarchy.
[2015.07.07-23.08.01:396][  0]LogDerivedDataCache:Display: Pak cache opened for reading ../../../Engine/DerivedDataCache/Compressed.ddp.
[2015.07.07-23.08.01:409][  0]LogDerivedDataCache: Using Local data cache path C:/Users/Ilija/AppData/Local/UnrealEngine/Common/DerivedDataCache: Writable
[2015.07.07-23.08.01:662][  0]LogInit: Selected Device Profile: [Windows]
[2015.07.07-23.08.01:768][  0]ImportText (ComponentSweepMultiTests): Missing closing parenthesis: (RootShapeAsset="/Engine/BasicShapes/Cube.Cube",ShapeType="TriggerCapsule",HitResult=(Time=0.50,Location=(X=-100.000015,Y=0.0,Z=100.000015),ImpactPoint=(X=-50.0,Y=0.0,Z=50.0),Normal=(X=-1.0,Y=-0.0,Z=0.0),ImpactNormal=(X=0.0,Y=0.0,Z=1.0),TraceStart=(X=-200.0,Y=0.0,Z=200.0),TraceEnd=(X=0.0,Y=0.0,Z=0.0))
[2015.07.07-23.08.01:768][  0]ImportText (LineTraceSingleByChannelTests): Missing closing parenthesis: (RootShapeAsset="/Engine/BasicShapes/Cube.Cube",HitResult=(Time=0.50,Location=(X=-100.000015,Y=0.0,Z=100.000015),ImpactPoint=(X=-50.0,Y=0.0,Z=50.0),Normal=(X=-1.0,Y=-0.0,Z=0.0),ImpactNormal=(X=0.0,Y=0.0,Z=1.0),TraceStart=(X=-200.0,Y=0.0,Z=200.0),TraceEnd=(X=0.0,Y=0.0,Z=0.0))
[2015.07.07-23.08.01:806][  0]LogMeshUtilities: No automatic mesh reduction module available
[2015.07.07-23.08.01:806][  0]LogMeshUtilities: No automatic mesh merging module available
[2015.07.07-23.08.02:284][  0]LogInit: WinSock: version 1.1 (2.2), MaxSocks=32767, MaxUdp=65467
[2015.07.07-23.08.03:885][  0]UdpMessaging: Initializing bridge on interface 0.0.0.0:0 to multicast group 230.0.0.1:6666.
[2015.07.07-23.08.04:389][  0]SourceControl: Info Source control is disabled
[2015.07.07-23.08.04:409][  0]SourceControl: Info Source control is disabled
[2015.07.07-23.08.04:431][  0]SourceControl: Info Source control is disabled
[2015.07.07-23.08.04:451][  0]SourceControl: Info Source control is disabled
[2015.07.07-23.08.04:804][  0]LogObj: 26286 objects as part of root set at end of initial load.
[2015.07.07-23.08.04:804][  0]LogUObjectAllocator: 5413376 out of 0 bytes used by permanent object pool.
[2015.07.07-23.08.04:897][  0]LogEngine: Initializing Engine...
[2015.07.07-23.08.04:900][  0]LogHMD: Can't find Oculus library dev build: is proper Runtime installed? Version: 0.6.0.0
[2015.07.07-23.08.06:009][  0]LogHMD: SteamVR initialized.  Driver: oculus  Display: 206D5J030W8G
[2015.07.07-23.08.06:214][  0]LogAIModule: Creating AISystem for world NewWorld
[2015.07.07-23.08.06:219][  0]LogInit: XAudio2 using 'Speakers (Realtek High Definition Audio)' : 2 channels at 48 kHz using 32 bits per sample (channel mask 0x3)
[2015.07.07-23.08.06:251][  0]LogInit: FAudioDevice initialized.
[2015.07.07-23.08.06:283][  0]LogDerivedDataCache: Saved boot cache 0.03s 53MB C:/Users/Ilija/AppData/Local/UnrealEngine/4.8/DerivedDataCache/Boot.ddc.
[2015.07.07-23.08.06:287][  0]LogInit: Texture streaming: Disabled
[2015.07.07-23.08.06:334][  0]LogAnalytics: Creating configured Analytics provider AnalyticsET
[2015.07.07-23.08.06:334][  0]LogAnalytics: [UEEditor.Rocket.Release] APIServer = http://et2.epicgames.com/ET2/. AppVersion = 4.8.1-2591939+++depot+UE4-Releases+4.8
[2015.07.07-23.08.06:334][  0]LogAnalytics: [UEEditor.Rocket.Release] SetUserId b119772443275f0bba10d896a7f21aad|0d0c0c17db8d4debbe0ee04300f3aac1|fd72ce22-a9a9-4363-8f94-5aa8b51f1e00
[2015.07.07-23.08.06:335][  0]LogAnalytics: [UEEditor.Rocket.Release] AnalyticsET::StartSession
[2015.07.07-23.08.06:374][  0]LogInit: Transaction tracking system initialized
[2015.07.07-23.08.06:602][  0]BlueprintLog: New page: Editor Load
[2015.07.07-23.08.06:651][  0]LogAssetRegistry: FAssetRegistry took 0.0106 seconds to start up
[2015.07.07-23.08.06:651][  0]LogDirectoryWatcher:Warning: Failed to begin reading directory changes for ../../../Engine/Plugins/Experimental/CharacterAI/Content/. Error: 0
[2015.07.07-23.08.07:716][  0]LogConsoleManager:Warning: Console variable 'r.VSync' wasn't set ('GameSetting' has a lower priority than 'Code')
[2015.07.07-23.08.07:716][  0]LogConsoleResponse:Display: 
[2015.07.07-23.08.07:872][  0]LogCook:Display: Done creating registry. It took  0.00s.
[2015.07.07-23.08.08:147][  0]SourceControl: Info Source control is disabled
[2015.07.07-23.08.08:147][  0]Cmd: MAP LOAD FILE="../../../../../../Users/Ilija/Documents/ATLASrift/UProject 4.8/Content/Maps/TheMainMap.umap" TEMPLATE=0 SHOWPROGRESS=1 FEATURELEVEL=3
[2015.07.07-23.08.08:148][  0]LightingResults: New page: Lighting Build
[2015.07.07-23.08.08:168][  0]MapCheck: New page: Map Check
[2015.07.07-23.08.08:168][  0]LightingResults: New page: Lighting Build
[2015.07.07-23.08.08:182][  0]LogParticles: Destroying 0 GPU particle simulations for FXSystem 0x0000009D2F11AF20
[2015.07.07-23.08.14:059][  0]LogAIModule: Creating AISystem for world TheMainMap
[2015.07.07-23.08.14:103][  0]LogEditorServer: Finished looking for orphan Actors (0.000 secs)
[2015.07.07-23.08.14:112][  0]Cmd: MAP CHECKDEP NOCLEARLOG
[2015.07.07-23.08.14:229][  0]MapCheck: Info Map check complete: 0 Error(s), 0 Warning(s), took 117.669ms to complete.
[2015.07.07-23.08.14:230][  0]LogFileHelpers: Loading map 'TheMainMap' took 6.083
[2015.07.07-23.08.14:322][  0]LogCollectionManager: Loaded 0 collections in 0.002843 seconds
[2015.07.07-23.08.14:334][  0]LogContentBrowser: Native class hierarchy populated in 0.0107 seconds. Added 1794 classes and 303 folders.
[2015.07.07-23.08.14:396][  0]LogContentBrowser: Native class hierarchy updated for 'WidgetCarousel' in 0.0026 seconds. Added 0 classes and 0 folders.
[2015.07.07-23.08.14:446][  0]LogContentBrowser: Native class hierarchy updated for 'AddContentDialog' in 0.0030 seconds. Added 0 classes and 0 folders.
[2015.07.07-23.08.14:514][  0]LogContentBrowser: Native class hierarchy updated for 'SceneOutliner' in 0.0026 seconds. Added 1 classes and 2 folders.
[2015.07.07-23.08.14:603][  0]LogCrashTracker: Crashtracker disabled due to settings.
[2015.07.07-23.08.14:608][  0]LogUObjectGlobals:Warning: Failed to find object 'Class None.'
[2015.07.07-23.08.14:631][  0]LogLoad: Full Startup: 18.61 seconds (BP compile: 1.42 seconds)
[2015.07.07-23.08.14:759][  0]LogContentStreaming: Texture pool size is 0.000000MB
[2015.07.07-23.08.14:852][  0]LogContentStreaming: Texture pool size now 1000 MB
[2015.07.07-23.08.15:038][  0]LogRenderer: Reallocating scene render targets to support 1064x928 (Frame:2).
[2015.07.07-23.08.15:622][ 12]LogAssetRegistry: Asset discovery search completed in 8.9820 seconds
[2015.07.07-23.17.56:377][ 90]LogSavePackage: Save=200.515640ms
[2015.07.07-23.17.56:377][ 90]LogSavePackage: Moving '../../../../../../Users/Ilija/Documents/ATLASrift/UProject 4.8/Saved/UEDPCTheMainMap2DB178CB4001408E501ED38E0B760896.tmp' to '../../../../../../Users/Ilija/Documents/ATLASrift/UProject 4.8/Saved/Autosaves/Game/Maps/UEDPCTheMainMap.umap'
[2015.07.07-23.22.42:688][205]LogWindowsTextInputMethodSystem:Display: IME system now deactivated.
[2015.07.07-23.22.42:950][206]Cmd: QUIT_EDITOR
[2015.07.07-23.22.43:517][206]LogExit: Preparing to exit.
[2015.07.07-23.22.44:538][206]LogExit: Editor shut down
[2015.07.07-23.22.44:538][206]LogExit: Transaction tracking system shut down
[2015.07.07-23.22.44:545][206]LogParticles: Destroying 0 GPU particle simulations for FXSystem 0x0000009D6900A8E0
[2015.07.07-23.22.44:546][206]LogParticles: Destroying 0 GPU particle simulations for FXSystem 0x0000009D76F1F9C0
[2015.07.07-23.22.44:801][206]LogParticles: Destroying 0 GPU particle simulations for FXSystem 0x0000009D76CDECA0
[2015.07.07-23.22.44:801][206]LogParticles: Destroying 0 GPU particle simulations for FXSystem 0x0000009D68E3D940
[2015.07.07-23.22.44:801][206]LogExit: Object subsystem successfully closed.
[2015.07.07-23.22.44:906][206]LogCrashTracker: 


