[2015.07.03-20.00.19:885][  0]Log file open, 07/03/15 22:00:19
[2015.07.03-20.00.19:885][  0]LogInit:Display: Running engine for game: ATLASrift
[2015.07.03-20.00.19:885][  0]LogInit:Display: RandInit(676885046) SRandInit(676885046).
[2015.07.03-20.00.19:885][  0]LogTaskGraph: Started task graph with 4 named threads and 7 total threads.
[2015.07.03-20.00.19:885][  0]LogStats: Stats thread started
[2015.07.03-20.00.19:885][  0]LogInit: Version: 4.8.1-2591939+++depot+UE4-Releases+4.8
[2015.07.03-20.00.19:885][  0]LogInit: API Version: 2579680
[2015.07.03-20.00.19:885][  0]LogInit: Compiled (64-bit): Jun 18 2015 11:02:04
[2015.07.03-20.00.19:885][  0]LogInit: Compiled with Visual C++: 18.00.21005.01
[2015.07.03-20.00.19:885][  0]LogInit: Build Configuration: Development
[2015.07.03-20.00.19:885][  0]LogInit: Branch Name: ++depot+UE4-Releases+4.8
[2015.07.03-20.00.19:885][  0]LogInit: Command line:  /Temp/Autosaves/Game/Maps/UEDPCTheMainMap -game -PIEVIACONSOLE -ResX=1280 -ResY=720  -Multiprocess 
[2015.07.03-20.00.19:885][  0]LogInit: Base directory: C:/Program Files/Epic Games/4.8/Engine/Binaries/Win64/
[2015.07.03-20.00.19:885][  0]LogInit: Rocket: 1
[2015.07.03-20.00.19:912][  0]LogInit: Using libcurl 7.41.0
[2015.07.03-20.00.19:912][  0]LogInit:  - built for x86_64-pc-win32
[2015.07.03-20.00.19:912][  0]LogInit:  - supports SSL with WinSSL
[2015.07.03-20.00.19:912][  0]LogInit:  - other features:
[2015.07.03-20.00.19:912][  0]LogInit:      CURL_VERSION_SSL
[2015.07.03-20.00.19:912][  0]LogInit:      CURL_VERSION_IPV6
[2015.07.03-20.00.19:912][  0]LogInit:      CURL_VERSION_ASYNCHDNS
[2015.07.03-20.00.19:912][  0]LogInit:      CURL_VERSION_LARGEFILE
[2015.07.03-20.00.19:912][  0]LogInit:      CURL_VERSION_IDN
[2015.07.03-20.00.19:912][  0]LogInit:  CurlRequestOptions (configurable via config and command line):
[2015.07.03-20.00.19:912][  0]LogInit:  - bVerifyPeer = true  - Libcurl will verify peer certificate
[2015.07.03-20.00.19:912][  0]LogInit:  - bUseHttpProxy = false  - Libcurl will NOT use HTTP proxy
[2015.07.03-20.00.19:912][  0]LogInit:  - bDontReuseConnections = false  - Libcurl will reuse connections
[2015.07.03-20.00.19:912][  0]LogInit:  - CertBundlePath = nullptr  - Libcurl will use whatever was configured at build time.
[2015.07.03-20.00.19:930][  0]LogOnline:Warning: No default platform service specified for OnlineSubsystem
[2015.07.03-20.00.19:959][  0]LogInit: Presizing for 0 objects not considered by GC, pre-allocating 0 bytes.
[2015.07.03-20.00.19:969][  0]LogInit: Object subsystem initialized
[2015.07.03-20.00.19:970][  0]LogConsoleResponse:Warning: Skipping Unknown console variable: 'UIScaleCurve = (EditorCurveData=(Keys=((Time=480.000000,Value=0.444000),(Time=720.000000,Value=0.666000),(Time=1080.000000,Value=1.000000),(Time=8640.000000,Value=8.000000))),ExternalCurve=None)'
[2015.07.03-20.00.19:970][  0]LogConsoleResponse:Warning:   Found in ini file 'C:/Users/Ilija/Documents/ATLASrift/UProject 4.8/Saved/Config/Windows/Engine.ini', in section '[/Script/Engine.RendererSettings]'
[2015.07.03-20.00.19:970][  0]LogConsoleManager:Warning: Console variable 'r.MSAA.CompositingSampleCount' wasn't set ('Scalability' has a lower priority than 'ProjectSetting')
[2015.07.03-20.00.19:970][  0]LogInit: Selected Device Profile: [Windows]
[2015.07.03-20.00.19:970][  0]LogInit: Applying CVar settings loaded from the selected device profile: [Windows]
[2015.07.03-20.00.19:974][  0]LogInit: Computer: ILIJAMSI
[2015.07.03-20.00.19:974][  0]LogInit: User: Ilija
[2015.07.03-20.00.19:974][  0]LogInit: CPU Page size=4096, Cores=4
[2015.07.03-20.00.19:975][  0]LogInit: High frequency timer resolution =2.435775 MHz
[2015.07.03-20.00.19:975][  0]LogMemory: Memory total: Physical=16.0GB (16GB approx)
[2015.07.03-20.00.19:975][  0]LogMemory: Platform Memory Stats for Windows
[2015.07.03-20.00.19:975][  0]LogMemory: Process Physical Memory: 48.60 MB used, 48.60 MB peak
[2015.07.03-20.00.19:975][  0]LogMemory: Process Virtual Memory: 22.32 MB used, 22.32 MB peak
[2015.07.03-20.00.19:975][  0]LogMemory: Physical Memory: 3920.08 MB used, 16336.84 MB total
[2015.07.03-20.00.19:975][  0]LogMemory: Virtual Memory: 295.75 MB used, 134217728.00 MB total
[2015.07.03-20.00.20:043][  0]LogTextLocalizationManager: The requested culture ('en_US') has no localization data; parent culture's ('en') localization data will be used.
[2015.07.03-20.00.20:346][  0]LogTextLocalizationManager:Warning: Loaded localization resources contain conflicting entries for (Namespace:ContentBrowser, Key:ImportAssetToolTip):
Localization Resource: (C:/Program Files/Epic Games/4.8/Engine/Content/Localization/Editor/en/Editor.locres) Source String Hash: (-630476809) Localized String: (Import to {0}...)
Localization Resource: (C:/Program Files/Epic Games/4.8/Engine/Content/Localization/Editor/en/Editor.locres) Source String Hash: (1271782899) Localized String: (Imports an asset from file to this folder.)
[2015.07.03-20.00.20:838][  0]LogD3D11RHI: Found D3D11 adapter 0: NVIDIA GeForce GTX 980M (Feature Level 11_0)
[2015.07.03-20.00.20:838][  0]LogD3D11RHI: Adapter has 8023MB of dedicated video memory, 0MB of dedicated system memory, and 8168MB of shared system memory, 1 output[s]
[2015.07.03-20.00.20:840][  0]LogD3D11RHI: Found D3D11 adapter 1: Microsoft Basic Render Driver (Feature Level 11_0)
[2015.07.03-20.00.20:840][  0]LogD3D11RHI: Adapter has 0MB of dedicated video memory, 0MB of dedicated system memory, and 256MB of shared system memory, 0 output[s]
[2015.07.03-20.00.20:840][  0]LogD3D11RHI: Chosen D3D11 Adapter Id = 0
[2015.07.03-20.00.20:844][  0]LogRHI: Texture pool is 1361 MB (70% of 1945 MB)
[2015.07.03-20.00.20:859][  0]LogD3D11RHI: Async texture creation enabled
[2015.07.03-20.00.21:406][  0]LogShaderCompilers:Display: Using Local Shader Compiler.
[2015.07.03-20.00.22:557][  0]LogTemp:Display: Loaded TP DesktopTargetPlatform
[2015.07.03-20.00.22:581][  0]LogTemp:Display: Loaded TP WindowsClientTargetPlatform
[2015.07.03-20.00.22:605][  0]LogTemp:Display: Loaded TP WindowsNoEditorTargetPlatform
[2015.07.03-20.00.22:629][  0]LogTemp:Display: Loaded TP WindowsServerTargetPlatform
[2015.07.03-20.00.22:653][  0]LogTemp:Display: Loaded TP WindowsTargetPlatform
[2015.07.03-20.00.22:672][  0]LogTemp:Display: Loaded TP AndroidTargetPlatform
[2015.07.03-20.00.22:690][  0]LogTemp:Display: Loaded TP Android_ASTCTargetPlatform
[2015.07.03-20.00.22:707][  0]LogTemp:Display: Loaded TP Android_ATCTargetPlatform
[2015.07.03-20.00.22:726][  0]LogTemp:Display: Loaded TP Android_DXTTargetPlatform
[2015.07.03-20.00.22:746][  0]LogTemp:Display: Loaded TP Android_ETC1TargetPlatform
[2015.07.03-20.00.22:766][  0]LogTemp:Display: Loaded TP Android_ETC2TargetPlatform
[2015.07.03-20.00.22:786][  0]LogTemp:Display: Loaded TP Android_PVRTCTargetPlatform
[2015.07.03-20.00.22:853][  0]LogTemp:Display: Loaded TP IOSTargetPlatform
[2015.07.03-20.00.22:872][  0]LogTemp:Display: Loaded TP LinuxNoEditorTargetPlatform
[2015.07.03-20.00.22:889][  0]LogTemp:Display: Loaded TP LinuxServerTargetPlatform
[2015.07.03-20.00.22:908][  0]LogTemp:Display: Loaded TP LinuxTargetPlatform
[2015.07.03-20.00.22:908][  0]LogTargetPlatformManager:Display: Building Assets For Windows
[2015.07.03-20.00.23:223][  0]LogDerivedDataCache:Display: Max Cache Size: 512 MB
[2015.07.03-20.00.23:279][  0]LogDerivedDataCache: Loaded boot cache 0.06s 53MB C:/Users/Ilija/AppData/Local/UnrealEngine/4.8/DerivedDataCache/Boot.ddc.
[2015.07.03-20.00.23:279][  0]LogDerivedDataCache:Display: Loaded Boot cache: C:/Users/Ilija/AppData/Local/UnrealEngine/4.8/DerivedDataCache/Boot.ddc
[2015.07.03-20.00.23:279][  0]LogDerivedDataCache: FDerivedDataBackendGraph:  Pak pak cache file ../../../../../../Users/Ilija/Documents/ATLASrift/UProject 4.8/DerivedDataCache/DDC.ddp not found, will not use a pak cache.
[2015.07.03-20.00.23:279][  0]LogDerivedDataCache: Unable to find inner node Pak for hierarchical cache Hierarchy.
[2015.07.03-20.00.23:279][  0]LogDerivedDataCache: FDerivedDataBackendGraph:  CompressedPak pak cache file ../../../../../../Users/Ilija/Documents/ATLASrift/UProject 4.8/DerivedDataCache/Compressed.ddp not found, will not use a pak cache.
[2015.07.03-20.00.23:279][  0]LogDerivedDataCache: Unable to find inner node CompressedPak for hierarchical cache Hierarchy.
[2015.07.03-20.00.23:479][  0]LogDerivedDataCache:Display: Pak cache opened for reading ../../../Engine/DerivedDataCache/Compressed.ddp.
[2015.07.03-20.00.23:492][  0]LogDerivedDataCache: Using Local data cache path C:/Users/Ilija/AppData/Local/UnrealEngine/Common/DerivedDataCache: Writable
[2015.07.03-20.00.23:748][  0]LogInit: Selected Device Profile: [Windows]
[2015.07.03-20.00.23:849][  0]ImportText (ComponentSweepMultiTests): Missing closing parenthesis: (RootShapeAsset="/Engine/BasicShapes/Cube.Cube",ShapeType="TriggerCapsule",HitResult=(Time=0.50,Location=(X=-100.000015,Y=0.0,Z=100.000015),ImpactPoint=(X=-50.0,Y=0.0,Z=50.0),Normal=(X=-1.0,Y=-0.0,Z=0.0),ImpactNormal=(X=0.0,Y=0.0,Z=1.0),TraceStart=(X=-200.0,Y=0.0,Z=200.0),TraceEnd=(X=0.0,Y=0.0,Z=0.0))
[2015.07.03-20.00.23:849][  0]ImportText (LineTraceSingleByChannelTests): Missing closing parenthesis: (RootShapeAsset="/Engine/BasicShapes/Cube.Cube",HitResult=(Time=0.50,Location=(X=-100.000015,Y=0.0,Z=100.000015),ImpactPoint=(X=-50.0,Y=0.0,Z=50.0),Normal=(X=-1.0,Y=-0.0,Z=0.0),ImpactNormal=(X=0.0,Y=0.0,Z=1.0),TraceStart=(X=-200.0,Y=0.0,Z=200.0),TraceEnd=(X=0.0,Y=0.0,Z=0.0))
[2015.07.03-20.00.23:886][  0]LogMeshUtilities: No automatic mesh reduction module available
[2015.07.03-20.00.23:886][  0]LogMeshUtilities: No automatic mesh merging module available
[2015.07.03-20.00.24:262][  0]LogInit: WinSock: version 1.1 (2.2), MaxSocks=32767, MaxUdp=65467
[2015.07.03-20.00.24:860][  0]LogWindowsMoviePlayer: Unable to load movie: ../../../../../../Users/Ilija/Documents/ATLASrift/UProject 4.8/Content/Movies/Default_Startup.mp4
[2015.07.03-20.00.25:054][  0]SourceControl: Info Source control is disabled
[2015.07.03-20.00.25:055][  0]SourceControl: Info Source control is disabled
[2015.07.03-20.00.25:073][  0]SourceControl: Info Source control is disabled
[2015.07.03-20.00.25:325][  0]LogObj: 25794 objects as part of root set at end of initial load.
[2015.07.03-20.00.25:325][  0]LogUObjectAllocator: 5200096 out of 0 bytes used by permanent object pool.
[2015.07.03-20.00.25:420][  0]LogAutomationTest:Warning: ERR: Transient text cannot be serialized "Testing Transient serialization detection".
[2015.07.03-20.00.25:420][  0]LogEngine: Initializing Engine...
[2015.07.03-20.00.25:423][  0]LogHMD: Can't find Oculus library dev build: is proper Runtime installed? Version: 0.6.0.0
[2015.07.03-20.00.25:464][  0]LogHMD: SteamVR initialized.  Driver: oculus  Display: 206D5J030W8G
[2015.07.03-20.00.25:575][  0]LogInit: XAudio2 using 'Speakers (Realtek High Definition Audio)' : 2 channels at 48 kHz using 32 bits per sample (channel mask 0x3)
[2015.07.03-20.00.25:588][  0]LogInit: FAudioDevice initialized.
[2015.07.03-20.00.25:591][  0]LogInit: Texture streaming: Disabled
[2015.07.03-20.00.25:677][  0]LogConsoleManager:Warning: Console variable 'r.VSync' wasn't set ('GameSetting' has a lower priority than 'Code')
[2015.07.03-20.00.25:680][  0]LogNet: Browse: /Temp/Autosaves/Game/Maps/UEDPCTheMainMap?Name=Player
[2015.07.03-20.00.25:680][  0]LogLoad: LoadMap: /Temp/Autosaves/Game/Maps/UEDPCTheMainMap?Name=Player
[2015.07.03-20.00.25:697][  0]LogParticles: Destroying 0 GPU particle simulations for FXSystem 0x000000BBD8A485E0
[2015.07.03-20.00.25:708][  0]LogMemory: Platform Memory Stats for Windows
[2015.07.03-20.00.25:708][  0]LogMemory: Process Physical Memory: 351.07 MB used, 351.15 MB peak
[2015.07.03-20.00.25:708][  0]LogMemory: Process Virtual Memory: 281.89 MB used, 286.00 MB peak
[2015.07.03-20.00.25:708][  0]LogMemory: Physical Memory: 4183.13 MB used, 16336.84 MB total
[2015.07.03-20.00.25:708][  0]LogMemory: Virtual Memory: 818.50 MB used, 134217728.00 MB total
[2015.07.03-20.00.25:708][  0]LogMemory: 
[2015.07.03-20.00.25:708][  0]Allocator Stats for TBB: (not implemented)
[2015.07.03-20.00.30:440][  0]LogAIModule: Creating AISystem for world TheMainMap
[2015.07.03-20.00.30:480][  0]LogWorld: Game class is 'ilijaGame_C'
[2015.07.03-20.00.30:504][  0]LogWorld: Bringing World /Temp/Autosaves/Game/Maps/UEDPCTheMainMap.TheMainMap up for play (max tick rate 0) at 2015.07.03-22.00.30
[2015.07.03-20.00.30:507][  0]LogWorld: Bringing up level for play took: 0.017547
[2015.07.03-20.00.30:512][  0]LogInit:Display: Game Engine Initialized.
[2015.07.03-20.00.30:764][  0]LogAssetRegistry: FAssetRegistry took 0.0003 seconds to start up
[2015.07.03-20.00.30:764][  0]LogLoad: Full Startup: 13.11 seconds (BP compile: 0.98 seconds)
[2015.07.03-20.00.30:777][  0]LogContentStreaming: Texture pool size is 1000.000000MB
[2015.07.03-20.00.30:969][  2]LogRenderer: Reallocating scene render targets to support 1736x976 (Frame:2).
[2015.07.03-20.00.34:903][453]LogRenderer: Reallocating scene render targets to support 2600x1464 (Frame:454).
[2015.07.03-20.00.34:949][454]LogRenderTargetPool:Warning: r.RenderTargetPoolMin exceeded 435/400 MB (ok in editor, bad on fixed memory platform)
[2015.07.03-20.10.24:387][296]LogBlueprintUserMessages: Activated Main Menu
[2015.07.03-20.10.33:413][693]LogBlueprintUserMessages: 2
[2015.07.03-20.10.33:413][693]LogBlueprintUserMessages: Activated Sub Menu Event
[2015.07.03-20.10.34:345][739]LogBlueprintUserMessages: Full menu reset
[2015.07.03-20.10.35:587][800]LogBlueprintUserMessages: Activated Main Menu
[2015.07.03-20.10.37:558][879]LogBlueprintUserMessages: Full menu reset
[2015.07.03-20.10.53:026][485]LogBlueprintUserMessages: Activated Main Menu
[2015.07.03-20.11.04:279][907]LogBlueprintUserMessages: 4
[2015.07.03-20.13.07:108][662]LogBlueprintUserMessages: Full menu reset
[2015.07.03-20.16.09:444][526]LogBlueprintUserMessages: Activated Main Menu
[2015.07.03-20.16.30:696][323]LogBlueprintUserMessages: 1
[2015.07.03-20.16.30:696][323]LogBlueprintUserMessages: Activated Detector Sub Menu
[2015.07.03-20.16.34:883][480]LogBlueprintUserMessages: Full menu reset
[2015.07.03-20.16.35:656][509]LogBlueprintUserMessages: Activated Main Menu
[2015.07.03-20.16.36:429][538]LogBlueprintUserMessages: 1
[2015.07.03-20.16.36:429][538]LogBlueprintUserMessages: Activated Detector Sub Menu
[2015.07.03-20.16.37:551][580]LogBlueprintUserMessages: Full menu reset
[2015.07.03-20.16.38:485][615]LogBlueprintUserMessages: Activated Main Menu
[2015.07.03-20.16.40:376][686]LogBlueprintUserMessages: 0
[2015.07.03-20.18.30:590][857]LogBlueprintUserMessages: Full menu reset
[2015.07.03-20.21.02:517][585]LogWindowsTextInputMethodSystem:Display: IME system now deactivated.
[2015.07.03-20.21.02:522][585]LogEngine: All Windows Closed
[2015.07.03-20.21.02:523][585]LogWindows: FPlatformMisc::RequestExit(0)
[2015.07.03-20.21.03:357][586]LogExit: Preparing to exit.
[2015.07.03-20.21.03:473][586]LogExit: Game engine shut down
[2015.07.03-20.21.03:474][586]LogParticles: Destroying 0 GPU particle simulations for FXSystem 0x000000BB8FCC27A0
[2015.07.03-20.21.04:348][586]LogExit: Object subsystem successfully closed.
[2015.07.03-20.21.04:665][586]LogModuleManager: Shutting down and abandoning module AndroidDeviceDetection (109)
[2015.07.03-20.21.04:667][586]LogModuleManager: Shutting down and abandoning module AssetRegistry (108)
[2015.07.03-20.21.04:667][586]LogModuleManager: Shutting down and abandoning module AutomationWorker (107)
[2015.07.03-20.21.04:667][586]LogModuleManager: Shutting down and abandoning module CharacterAI (106)
[2015.07.03-20.21.04:667][586]LogModuleManager: Shutting down and abandoning module AITestSuite (105)
[2015.07.03-20.21.04:667][586]LogModuleManager: Shutting down and abandoning module GameplayDebugger (104)
[2015.07.03-20.21.04:667][586]LogModuleManager: Shutting down and abandoning module AIModule (103)
[2015.07.03-20.21.04:667][586]LogModuleManager: Shutting down and abandoning module GameLiveStreaming (102)
[2015.07.03-20.21.04:667][586]LogModuleManager: Shutting down and abandoning module StreamingPauseRendering (101)
[2015.07.03-20.21.04:667][586]LogModuleManager: Shutting down and abandoning module ProfilerService (100)
[2015.07.03-20.21.04:753][586]LogModuleManager: Shutting down and abandoning module TaskGraph (99)
[2015.07.03-20.21.04:753][586]LogModuleManager: Shutting down and abandoning module SlateRemote (98)
[2015.07.03-20.21.04:753][586]LogModuleManager: Shutting down and abandoning module SteamVRController (97)
[2015.07.03-20.21.04:753][586]LogModuleManager: Shutting down and abandoning module SteamVR (96)
[2015.07.03-20.21.04:753][586]LogModuleManager: Shutting down and abandoning module ProceduralMeshComponent (95)
[2015.07.03-20.21.04:753][586]LogModuleManager: Shutting down and abandoning module OculusRift (94)
[2015.07.03-20.21.04:753][586]LogModuleManager: Shutting down and abandoning module LeapMotionController (93)
[2015.07.03-20.21.04:773][586]LogModuleManager: Shutting down and abandoning module CustomMeshComponent (92)
[2015.07.03-20.21.04:773][586]LogModuleManager: Shutting down and abandoning module CableComponent (91)
[2015.07.03-20.21.04:773][586]LogModuleManager: Shutting down and abandoning module DesktopPlatform (90)
[2015.07.03-20.21.04:773][586]LogModuleManager: Shutting down and abandoning module DirectoryWatcher (89)
[2015.07.03-20.21.04:773][586]LogModuleManager: Shutting down and abandoning module HotReload (88)
[2015.07.03-20.21.04:773][586]LogModuleManager: Shutting down and abandoning module VisualStudioSourceCodeAccess (87)
[2015.07.03-20.21.04:773][586]LogModuleManager: Shutting down and abandoning module UObjectPlugin (86)
[2015.07.03-20.21.04:773][586]LogModuleManager: Shutting down and abandoning module SubversionSourceControl (85)
[2015.07.03-20.21.04:773][586]LogModuleManager: Shutting down and abandoning module SourceControl (84)
[2015.07.03-20.21.04:773][586]LogModuleManager: Shutting down and abandoning module PerforceSourceControl (83)
[2015.07.03-20.21.04:774][586]LogModuleManager: Shutting down and abandoning module BlankPlugin (82)
[2015.07.03-20.21.04:774][586]LogModuleManager: Shutting down and abandoning module ATLASrift (81)
[2015.07.03-20.21.04:774][586]LogModuleManager: Shutting down and abandoning module UdpMessaging (80)
[2015.07.03-20.21.04:774][586]LogModuleManager: Shutting down and abandoning module Paper2D (79)
[2015.07.03-20.21.04:774][586]LogModuleManager: Shutting down and abandoning module WindowsMoviePlayer (78)
[2015.07.03-20.21.04:778][586]LogModuleManager: Shutting down and abandoning module Media (77)
[2015.07.03-20.21.04:778][586]LogModuleManager: Shutting down and abandoning module WmfMedia (76)
[2015.07.03-20.21.04:778][586]LogModuleManager: Shutting down and abandoning module OnlineBlueprintSupport (75)
[2015.07.03-20.21.04:778][586]LogModuleManager: Shutting down and abandoning module PropertyEditor (74)
[2015.07.03-20.21.04:779][586]LogModuleManager: Shutting down and abandoning module BehaviorTreeEditor (73)
[2015.07.03-20.21.04:779][586]LogModuleManager: Shutting down and abandoning module FunctionalTesting (72)
[2015.07.03-20.21.04:779][586]LogModuleManager: Shutting down and abandoning module CollisionAnalyzer (71)
[2015.07.03-20.21.04:780][586]LogModuleManager: Shutting down and abandoning module WorkspaceMenuStructure (70)
[2015.07.03-20.21.04:780][586]LogModuleManager: Shutting down and abandoning module MessageLog (69)
[2015.07.03-20.21.04:780][586]LogModuleManager: Shutting down and abandoning module Sequencer (68)
[2015.07.03-20.21.04:780][586]LogModuleManager: Shutting down and abandoning module AssetTools (67)
[2015.07.03-20.21.04:781][586]LogModuleManager: Shutting down and abandoning module UMGEditor (66)
[2015.07.03-20.21.04:782][586]LogModuleManager: Shutting down and abandoning module UMG (65)
[2015.07.03-20.21.04:782][586]LogModuleManager: Shutting down and abandoning module Slate (64)
[2015.07.03-20.21.04:782][586]LogModuleManager: Shutting down and abandoning module EditorStyle (63)
[2015.07.03-20.21.04:789][586]LogModuleManager: Shutting down and abandoning module SessionServices (62)
[2015.07.03-20.21.04:789][586]LogModuleManager: Shutting down and abandoning module SourceCodeAccess (61)
[2015.07.03-20.21.04:789][586]LogModuleManager: Shutting down and abandoning module HeadMountedDisplay (60)
[2015.07.03-20.21.04:789][586]LogModuleManager: Shutting down and abandoning module XAudio2 (59)
[2015.07.03-20.21.04:789][586]LogModuleManager: Shutting down and abandoning module Networking (57)
[2015.07.03-20.21.04:789][586]LogModuleManager: Shutting down and abandoning module Core (56)
[2015.07.03-20.21.04:789][586]LogModuleManager: Shutting down and abandoning module KismetCompiler (55)
[2015.07.03-20.21.04:789][586]LogModuleManager: Shutting down and abandoning module PhysXFormats (54)
[2015.07.03-20.21.04:789][586]LogModuleManager: Shutting down and abandoning module MeshUtilities (53)
[2015.07.03-20.21.04:789][586]LogModuleManager: Shutting down and abandoning module DerivedDataCache (52)
[2015.07.03-20.21.04:799][586]LogDerivedDataCache: Shutdown
[2015.07.03-20.21.04:799][586]LogModuleManager: Shutting down and abandoning module ShaderFormatOpenGL (51)
[2015.07.03-20.21.04:799][586]LogModuleManager: Shutting down and abandoning module ShaderFormatD3D (50)
[2015.07.03-20.21.04:799][586]LogModuleManager: Shutting down and abandoning module MetalShaderFormat (49)
[2015.07.03-20.21.04:799][586]LogModuleManager: Shutting down and abandoning module TextureFormatUncompressed (48)
[2015.07.03-20.21.04:799][586]LogModuleManager: Shutting down and abandoning module TextureFormatPVR (47)
[2015.07.03-20.21.04:799][586]LogModuleManager: Shutting down and abandoning module TextureFormatIntelISPCTexComp (46)
[2015.07.03-20.21.04:799][586]LogModuleManager: Shutting down and abandoning module TextureFormatDXT (45)
[2015.07.03-20.21.04:799][586]LogModuleManager: Shutting down and abandoning module ImageWrapper (44)
[2015.07.03-20.21.04:800][586]LogModuleManager: Shutting down and abandoning module TextureFormatASTC (43)
[2015.07.03-20.21.04:800][586]LogModuleManager: Shutting down and abandoning module TextureFormatAndroid (42)
[2015.07.03-20.21.04:800][586]LogModuleManager: Shutting down and abandoning module AudioFormatOpus (41)
[2015.07.03-20.21.04:800][586]LogModuleManager: Shutting down and abandoning module AudioFormatOgg (40)
[2015.07.03-20.21.04:800][586]LogModuleManager: Shutting down and abandoning module AudioFormatADPCM (39)
[2015.07.03-20.21.04:800][586]LogModuleManager: Shutting down and abandoning module LinuxTargetPlatform (38)
[2015.07.03-20.21.04:800][586]LogModuleManager: Shutting down and abandoning module LinuxServerTargetPlatform (37)
[2015.07.03-20.21.04:800][586]LogModuleManager: Shutting down and abandoning module LinuxNoEditorTargetPlatform (36)
[2015.07.03-20.21.04:800][586]LogModuleManager: Shutting down and abandoning module Messaging (35)
[2015.07.03-20.21.04:800][586]LogModuleManager: Shutting down and abandoning module IOSTargetPlatform (34)
[2015.07.03-20.21.04:800][586]LogModuleManager: Shutting down and abandoning module HTML5TargetPlatform (33)
[2015.07.03-20.21.04:800][586]LogModuleManager: Shutting down and abandoning module Android_PVRTCTargetPlatform (32)
[2015.07.03-20.21.04:800][586]LogModuleManager: Shutting down and abandoning module Android_ETC2TargetPlatform (31)
[2015.07.03-20.21.04:800][586]LogModuleManager: Shutting down and abandoning module Android_ETC1TargetPlatform (30)
[2015.07.03-20.21.04:800][586]LogModuleManager: Shutting down and abandoning module Android_DXTTargetPlatform (29)
[2015.07.03-20.21.04:800][586]LogModuleManager: Shutting down and abandoning module Android_ATCTargetPlatform (28)
[2015.07.03-20.21.04:800][586]LogModuleManager: Shutting down and abandoning module Android_ASTCTargetPlatform (27)
[2015.07.03-20.21.04:800][586]LogModuleManager: Shutting down and abandoning module AndroidTargetPlatform (26)
[2015.07.03-20.21.04:800][586]LogModuleManager: Shutting down and abandoning module WindowsTargetPlatform (25)
[2015.07.03-20.21.04:800][586]LogModuleManager: Shutting down and abandoning module WindowsServerTargetPlatform (24)
[2015.07.03-20.21.04:800][586]LogModuleManager: Shutting down and abandoning module WindowsNoEditorTargetPlatform (23)
[2015.07.03-20.21.04:800][586]LogModuleManager: Shutting down and abandoning module WindowsClientTargetPlatform (22)
[2015.07.03-20.21.04:800][586]LogModuleManager: Shutting down and abandoning module DesktopTargetPlatform (21)
[2015.07.03-20.21.04:800][586]LogModuleManager: Shutting down and abandoning module TargetPlatform (20)
[2015.07.03-20.21.04:800][586]LogModuleManager: Shutting down and abandoning module InputCore (19)
[2015.07.03-20.21.04:800][586]LogModuleManager: Shutting down and abandoning module Settings (18)
[2015.07.03-20.21.04:800][586]LogModuleManager: Shutting down and abandoning module OnlineSubsystem (16)
[2015.07.03-20.21.04:800][586]LogModuleManager: Shutting down and abandoning module HTTP (15)
[2015.07.03-20.21.04:800][586]LogModuleManager: Shutting down and abandoning module ExampleDeviceProfileSelector (14)
[2015.07.03-20.21.04:800][586]LogModuleManager: Shutting down and abandoning module TextureCompressor (13)
[2015.07.03-20.21.04:800][586]LogModuleManager: Shutting down and abandoning module ShaderCore (12)
[2015.07.03-20.21.04:801][586]LogModuleManager: Shutting down and abandoning module Landscape (11)
[2015.07.03-20.21.04:801][586]LogModuleManager: Shutting down and abandoning module SlateRHIRenderer (10)
[2015.07.03-20.21.04:801][586]LogModuleManager: Shutting down and abandoning module OpenGLDrv (9)
[2015.07.03-20.21.04:801][586]LogModuleManager: Shutting down and abandoning module D3D11RHI (8)
[2015.07.03-20.21.04:801][586]LogModuleManager: Shutting down and abandoning module Renderer (7)
[2015.07.03-20.21.04:801][586]LogModuleManager: Shutting down and abandoning module Engine (6)
[2015.07.03-20.21.04:801][586]LogModuleManager: Shutting down and abandoning module CoreUObject (5)
[2015.07.03-20.21.04:801][586]LogModuleManager: Shutting down and abandoning module NetworkFile (4)
[2015.07.03-20.21.04:801][586]LogModuleManager: Shutting down and abandoning module StreamingFile (3)
[2015.07.03-20.21.04:801][586]LogModuleManager: Shutting down and abandoning module SandboxFile (2)
[2015.07.03-20.21.04:801][586]LogModuleManager: Shutting down and abandoning module PakFile (1)
[2015.07.03-20.21.04:802][586]LogExit: Exiting.
[2015.07.03-20.21.04:806][586]Log file closed, 07/03/15 22:21:04
