[2015.07.03-19.58.38:915][  0]Log file open, 07/03/15 21:58:38
[2015.07.03-19.58.38:915][  0]LogInit:Display: Running engine for game: ATLASrift
[2015.07.03-19.58.38:915][  0]LogInit:Display: RandInit(431132047) SRandInit(431132048).
[2015.07.03-19.58.38:915][  0]LogTaskGraph: Started task graph with 4 named threads and 7 total threads.
[2015.07.03-19.58.38:915][  0]LogStats: Stats thread started
[2015.07.03-19.58.38:915][  0]LogInit: Version: 4.8.1-2591939+++depot+UE4-Releases+4.8
[2015.07.03-19.58.38:915][  0]LogInit: API Version: 2579680
[2015.07.03-19.58.38:915][  0]LogInit: Compiled (64-bit): Jun 18 2015 11:02:04
[2015.07.03-19.58.38:915][  0]LogInit: Compiled with Visual C++: 18.00.21005.01
[2015.07.03-19.58.38:915][  0]LogInit: Build Configuration: Development
[2015.07.03-19.58.38:915][  0]LogInit: Branch Name: ++depot+UE4-Releases+4.8
[2015.07.03-19.58.38:915][  0]LogInit: Command line:  
[2015.07.03-19.58.38:915][  0]LogInit: Base directory: C:/Program Files/Epic Games/4.8/Engine/Binaries/Win64/
[2015.07.03-19.58.38:915][  0]LogInit: Rocket: 1
[2015.07.03-19.58.38:941][  0]LogInit: Using libcurl 7.41.0
[2015.07.03-19.58.38:941][  0]LogInit:  - built for x86_64-pc-win32
[2015.07.03-19.58.38:941][  0]LogInit:  - supports SSL with WinSSL
[2015.07.03-19.58.38:941][  0]LogInit:  - other features:
[2015.07.03-19.58.38:941][  0]LogInit:      CURL_VERSION_SSL
[2015.07.03-19.58.38:941][  0]LogInit:      CURL_VERSION_IPV6
[2015.07.03-19.58.38:941][  0]LogInit:      CURL_VERSION_ASYNCHDNS
[2015.07.03-19.58.38:941][  0]LogInit:      CURL_VERSION_LARGEFILE
[2015.07.03-19.58.38:941][  0]LogInit:      CURL_VERSION_IDN
[2015.07.03-19.58.38:941][  0]LogInit:  CurlRequestOptions (configurable via config and command line):
[2015.07.03-19.58.38:942][  0]LogInit:  - bVerifyPeer = true  - Libcurl will verify peer certificate
[2015.07.03-19.58.38:942][  0]LogInit:  - bUseHttpProxy = false  - Libcurl will NOT use HTTP proxy
[2015.07.03-19.58.38:942][  0]LogInit:  - bDontReuseConnections = false  - Libcurl will reuse connections
[2015.07.03-19.58.38:942][  0]LogInit:  - CertBundlePath = nullptr  - Libcurl will use whatever was configured at build time.
[2015.07.03-19.58.38:956][  0]LogOnline:Warning: No default platform service specified for OnlineSubsystem
[2015.07.03-19.58.38:992][  0]LogInit: Presizing for 0 objects not considered by GC, pre-allocating 0 bytes.
[2015.07.03-19.58.39:007][  0]LogInit: Object subsystem initialized
[2015.07.03-19.58.39:015][  0]LogConsoleResponse:Warning: Skipping Unknown console variable: 'UIScaleCurve = (EditorCurveData=(Keys=((Time=480.000000,Value=0.444000),(Time=720.000000,Value=0.666000),(Time=1080.000000,Value=1.000000),(Time=8640.000000,Value=8.000000))),ExternalCurve=None)'
[2015.07.03-19.58.39:015][  0]LogConsoleResponse:Warning:   Found in ini file 'C:/Users/Ilija/Documents/ATLASrift/UProject 4.8/Saved/Config/Windows/Engine.ini', in section '[/Script/Engine.RendererSettings]'
[2015.07.03-19.58.39:020][  0]LogConsoleManager:Warning: Console variable 'r.MSAA.CompositingSampleCount' wasn't set ('Scalability' has a lower priority than 'ProjectSetting')
[2015.07.03-19.58.39:022][  0]LogInit: Selected Device Profile: [Windows]
[2015.07.03-19.58.39:022][  0]LogInit: Applying CVar settings loaded from the selected device profile: [Windows]
[2015.07.03-19.58.39:035][  0]LogInit: Computer: ILIJAMSI
[2015.07.03-19.58.39:035][  0]LogInit: User: Ilija
[2015.07.03-19.58.39:035][  0]LogInit: CPU Page size=4096, Cores=4
[2015.07.03-19.58.39:035][  0]LogInit: High frequency timer resolution =2.435775 MHz
[2015.07.03-19.58.39:035][  0]LogMemory: Memory total: Physical=16.0GB (16GB approx)
[2015.07.03-19.58.39:035][  0]LogMemory: Platform Memory Stats for Windows
[2015.07.03-19.58.39:035][  0]LogMemory: Process Physical Memory: 48.93 MB used, 48.93 MB peak
[2015.07.03-19.58.39:035][  0]LogMemory: Process Virtual Memory: 22.29 MB used, 22.29 MB peak
[2015.07.03-19.58.39:035][  0]LogMemory: Physical Memory: 2285.36 MB used, 16336.84 MB total
[2015.07.03-19.58.39:035][  0]LogMemory: Virtual Memory: 295.75 MB used, 134217728.00 MB total
[2015.07.03-19.58.39:215][  0]LogTextLocalizationManager: The requested culture ('en_US') has no localization data; parent culture's ('en') localization data will be used.
[2015.07.03-19.58.39:485][  0]LogTextLocalizationManager:Warning: Loaded localization resources contain conflicting entries for (Namespace:ContentBrowser, Key:ImportAssetToolTip):
Localization Resource: (C:/Program Files/Epic Games/4.8/Engine/Content/Localization/Editor/en/Editor.locres) Source String Hash: (-630476809) Localized String: (Import to {0}...)
Localization Resource: (C:/Program Files/Epic Games/4.8/Engine/Content/Localization/Editor/en/Editor.locres) Source String Hash: (1271782899) Localized String: (Imports an asset from file to this folder.)
[2015.07.03-19.58.39:903][  0]LogD3D11RHI: Found D3D11 adapter 0: NVIDIA GeForce GTX 980M (Feature Level 11_0)
[2015.07.03-19.58.39:903][  0]LogD3D11RHI: Adapter has 8023MB of dedicated video memory, 0MB of dedicated system memory, and 8168MB of shared system memory, 1 output[s]
[2015.07.03-19.58.39:905][  0]LogD3D11RHI: Found D3D11 adapter 1: Microsoft Basic Render Driver (Feature Level 11_0)
[2015.07.03-19.58.39:905][  0]LogD3D11RHI: Adapter has 0MB of dedicated video memory, 0MB of dedicated system memory, and 256MB of shared system memory, 0 output[s]
[2015.07.03-19.58.39:905][  0]LogD3D11RHI: Chosen D3D11 Adapter Id = 0
[2015.07.03-19.58.39:909][  0]LogRHI: Texture pool is 1361 MB (70% of 1945 MB)
[2015.07.03-19.58.39:924][  0]LogD3D11RHI: Async texture creation enabled
[2015.07.03-19.58.40:456][  0]LogShaderCompilers:Display: Using Local Shader Compiler.
[2015.07.03-19.58.41:691][  0]LogTemp:Display: Loaded TP DesktopTargetPlatform
[2015.07.03-19.58.41:712][  0]LogTemp:Display: Loaded TP WindowsClientTargetPlatform
[2015.07.03-19.58.41:733][  0]LogTemp:Display: Loaded TP WindowsNoEditorTargetPlatform
[2015.07.03-19.58.41:754][  0]LogTemp:Display: Loaded TP WindowsServerTargetPlatform
[2015.07.03-19.58.41:777][  0]LogTemp:Display: Loaded TP WindowsTargetPlatform
[2015.07.03-19.58.41:796][  0]LogTemp:Display: Loaded TP AndroidTargetPlatform
[2015.07.03-19.58.41:816][  0]LogTemp:Display: Loaded TP Android_ASTCTargetPlatform
[2015.07.03-19.58.41:836][  0]LogTemp:Display: Loaded TP Android_ATCTargetPlatform
[2015.07.03-19.58.41:856][  0]LogTemp:Display: Loaded TP Android_DXTTargetPlatform
[2015.07.03-19.58.41:876][  0]LogTemp:Display: Loaded TP Android_ETC1TargetPlatform
[2015.07.03-19.58.41:896][  0]LogTemp:Display: Loaded TP Android_ETC2TargetPlatform
[2015.07.03-19.58.41:916][  0]LogTemp:Display: Loaded TP Android_PVRTCTargetPlatform
[2015.07.03-19.58.41:992][  0]LogTemp:Display: Loaded TP IOSTargetPlatform
[2015.07.03-19.58.42:012][  0]LogTemp:Display: Loaded TP LinuxNoEditorTargetPlatform
[2015.07.03-19.58.42:032][  0]LogTemp:Display: Loaded TP LinuxServerTargetPlatform
[2015.07.03-19.58.42:054][  0]LogTemp:Display: Loaded TP LinuxTargetPlatform
[2015.07.03-19.58.42:054][  0]LogTargetPlatformManager:Display: Building Assets For Windows
[2015.07.03-19.58.42:412][  0]LogDerivedDataCache:Display: Max Cache Size: 512 MB
[2015.07.03-19.58.42:573][  0]LogDerivedDataCache: Loaded boot cache 0.16s 53MB C:/Users/Ilija/AppData/Local/UnrealEngine/4.8/DerivedDataCache/Boot.ddc.
[2015.07.03-19.58.42:573][  0]LogDerivedDataCache:Display: Loaded Boot cache: C:/Users/Ilija/AppData/Local/UnrealEngine/4.8/DerivedDataCache/Boot.ddc
[2015.07.03-19.58.42:573][  0]LogDerivedDataCache: FDerivedDataBackendGraph:  Pak pak cache file ../../../../../../Users/Ilija/Documents/ATLASrift/UProject 4.8/DerivedDataCache/DDC.ddp not found, will not use a pak cache.
[2015.07.03-19.58.42:573][  0]LogDerivedDataCache: Unable to find inner node Pak for hierarchical cache Hierarchy.
[2015.07.03-19.58.42:573][  0]LogDerivedDataCache: FDerivedDataBackendGraph:  CompressedPak pak cache file ../../../../../../Users/Ilija/Documents/ATLASrift/UProject 4.8/DerivedDataCache/Compressed.ddp not found, will not use a pak cache.
[2015.07.03-19.58.42:573][  0]LogDerivedDataCache: Unable to find inner node CompressedPak for hierarchical cache Hierarchy.
[2015.07.03-19.58.42:759][  0]LogDerivedDataCache:Display: Pak cache opened for reading ../../../Engine/DerivedDataCache/Compressed.ddp.
[2015.07.03-19.58.42:772][  0]LogDerivedDataCache: Using Local data cache path C:/Users/Ilija/AppData/Local/UnrealEngine/Common/DerivedDataCache: Writable
[2015.07.03-19.58.43:461][  0]LogInit: Selected Device Profile: [Windows]
[2015.07.03-19.58.43:622][  0]ImportText (ComponentSweepMultiTests): Missing closing parenthesis: (RootShapeAsset="/Engine/BasicShapes/Cube.Cube",ShapeType="TriggerCapsule",HitResult=(Time=0.50,Location=(X=-100.000015,Y=0.0,Z=100.000015),ImpactPoint=(X=-50.0,Y=0.0,Z=50.0),Normal=(X=-1.0,Y=-0.0,Z=0.0),ImpactNormal=(X=0.0,Y=0.0,Z=1.0),TraceStart=(X=-200.0,Y=0.0,Z=200.0),TraceEnd=(X=0.0,Y=0.0,Z=0.0))
[2015.07.03-19.58.43:623][  0]ImportText (LineTraceSingleByChannelTests): Missing closing parenthesis: (RootShapeAsset="/Engine/BasicShapes/Cube.Cube",HitResult=(Time=0.50,Location=(X=-100.000015,Y=0.0,Z=100.000015),ImpactPoint=(X=-50.0,Y=0.0,Z=50.0),Normal=(X=-1.0,Y=-0.0,Z=0.0),ImpactNormal=(X=0.0,Y=0.0,Z=1.0),TraceStart=(X=-200.0,Y=0.0,Z=200.0),TraceEnd=(X=0.0,Y=0.0,Z=0.0))
[2015.07.03-19.58.43:675][  0]LogMeshUtilities: No automatic mesh reduction module available
[2015.07.03-19.58.43:675][  0]LogMeshUtilities: No automatic mesh merging module available
[2015.07.03-19.58.44:291][  0]LogInit: WinSock: version 1.1 (2.2), MaxSocks=32767, MaxUdp=65467
[2015.07.03-19.58.46:614][  0]UdpMessaging: Initializing bridge on interface 0.0.0.0:0 to multicast group 230.0.0.1:6666.
[2015.07.03-19.58.47:321][  0]SourceControl: Info Source control is disabled
[2015.07.03-19.58.47:397][  0]SourceControl: Info Source control is disabled
[2015.07.03-19.58.47:429][  0]SourceControl: Info Source control is disabled
[2015.07.03-19.58.47:456][  0]SourceControl: Info Source control is disabled
[2015.07.03-19.58.47:841][  0]LogObj: 26286 objects as part of root set at end of initial load.
[2015.07.03-19.58.47:841][  0]LogUObjectAllocator: 5413376 out of 0 bytes used by permanent object pool.
[2015.07.03-19.58.47:970][  0]LogEngine: Initializing Engine...
[2015.07.03-19.58.47:973][  0]LogHMD: Can't find Oculus library dev build: is proper Runtime installed? Version: 0.6.0.0
[2015.07.03-19.58.49:608][  0]LogHMD: SteamVR initialized.  Driver: oculus  Display: 206D5J030W8G
[2015.07.03-19.58.49:847][  0]LogAIModule: Creating AISystem for world NewWorld
[2015.07.03-19.58.49:864][  0]LogInit: XAudio2 using 'Speakers (Realtek High Definition Audio)' : 2 channels at 48 kHz using 32 bits per sample (channel mask 0x3)
[2015.07.03-19.58.49:896][  0]LogInit: FAudioDevice initialized.
[2015.07.03-19.58.49:924][  0]LogDerivedDataCache: Saved boot cache 0.03s 53MB C:/Users/Ilija/AppData/Local/UnrealEngine/4.8/DerivedDataCache/Boot.ddc.
[2015.07.03-19.58.49:928][  0]LogInit: Texture streaming: Disabled
[2015.07.03-19.58.49:965][  0]LogAnalytics: Creating configured Analytics provider AnalyticsET
[2015.07.03-19.58.49:966][  0]LogAnalytics: [UEEditor.Rocket.Release] APIServer = http://et2.epicgames.com/ET2/. AppVersion = 4.8.1-2591939+++depot+UE4-Releases+4.8
[2015.07.03-19.58.49:966][  0]LogAnalytics: [UEEditor.Rocket.Release] SetUserId b119772443275f0bba10d896a7f21aad|0d0c0c17db8d4debbe0ee04300f3aac1|fd72ce22-a9a9-4363-8f94-5aa8b51f1e00
[2015.07.03-19.58.49:966][  0]LogAnalytics: [UEEditor.Rocket.Release] AnalyticsET::StartSession
[2015.07.03-19.58.50:014][  0]LogInit: Transaction tracking system initialized
[2015.07.03-19.58.50:229][  0]BlueprintLog: New page: Editor Load
[2015.07.03-19.58.50:279][  0]LogAssetRegistry: FAssetRegistry took 0.0124 seconds to start up
[2015.07.03-19.58.50:288][  0]LogDirectoryWatcher:Warning: Failed to begin reading directory changes for ../../../Engine/Plugins/Experimental/CharacterAI/Content/. Error: 0
[2015.07.03-19.58.51:549][  0]LogConsoleManager:Warning: Console variable 'r.VSync' wasn't set ('GameSetting' has a lower priority th