[2015.07.08-09.41.56:959][  0]Log file open, 07/08/15 11:41:56
[2015.07.08-09.41.56:959][  0]LogInit:Display: Running engine for game: ATLASrift
[2015.07.08-09.41.56:959][  0]LogInit:Display: RandInit(695465266) SRandInit(695465267).
[2015.07.08-09.41.56:959][  0]LogTaskGraph: Started task graph with 4 named threads and 7 total threads.
[2015.07.08-09.41.56:959][  0]LogStats: Stats thread started
[2015.07.08-09.41.56:959][  0]LogInit: Version: 4.8.1-2591939+++depot+UE4-Releases+4.8
[2015.07.08-09.41.56:959][  0]LogInit: API Version: 2579680
[2015.07.08-09.41.56:959][  0]LogInit: Compiled (64-bit): Jun 18 2015 11:02:04
[2015.07.08-09.41.56:959][  0]LogInit: Compiled with Visual C++: 18.00.21005.01
[2015.07.08-09.41.56:959][  0]LogInit: Build Configuration: Development
[2015.07.08-09.41.56:959][  0]LogInit: Branch Name: ++depot+UE4-Releases+4.8
[2015.07.08-09.41.56:959][  0]LogInit: Command line:  /Temp/Autosaves/Game/Maps/UEDPCTheMainMap -game -PIEVIACONSOLE -ResX=1280 -ResY=720  -Multiprocess 
[2015.07.08-09.41.56:959][  0]LogInit: Base directory: C:/Program Files/Epic Games/4.8/Engine/Binaries/Win64/
[2015.07.08-09.41.56:959][  0]LogInit: Rocket: 1
[2015.07.08-09.41.56:984][  0]LogInit: Using libcurl 7.41.0
[2015.07.08-09.41.56:984][  0]LogInit:  - built for x86_64-pc-win32
[2015.07.08-09.41.56:984][  0]LogInit:  - supports SSL with WinSSL
[2015.07.08-09.41.56:984][  0]LogInit:  - other features:
[2015.07.08-09.41.56:984][  0]LogInit:      CURL_VERSION_SSL
[2015.07.08-09.41.56:984][  0]LogInit:      CURL_VERSION_IPV6
[2015.07.08-09.41.56:984][  0]LogInit:      CURL_VERSION_ASYNCHDNS
[2015.07.08-09.41.56:984][  0]LogInit:      CURL_VERSION_LARGEFILE
[2015.07.08-09.41.56:984][  0]LogInit:      CURL_VERSION_IDN
[2015.07.08-09.41.56:984][  0]LogInit:  CurlRequestOptions (configurable via config and command line):
[2015.07.08-09.41.56:984][  0]LogInit:  - bVerifyPeer = true  - Libcurl will verify peer certificate
[2015.07.08-09.41.56:984][  0]LogInit:  - bUseHttpProxy = false  - Libcurl will NOT use HTTP proxy
[2015.07.08-09.41.56:984][  0]LogInit:  - bDontReuseConnections = false  - Libcurl will reuse connections
[2015.07.08-09.41.56:984][  0]LogInit:  - CertBundlePath = nullptr  - Libcurl will use whatever was configured at build time.
[2015.07.08-09.41.57:001][  0]LogOnline:Warning: No default platform service specified for OnlineSubsystem
[2015.07.08-09.41.57:038][  0]LogInit: Presizing for 0 objects not considered by GC, pre-allocating 0 bytes.
[2015.07.08-09.41.57:048][  0]LogInit: Object subsystem initialized
[2015.07.08-09.41.57:049][  0]LogConsoleResponse:Warning: Skipping Unknown console variable: 'UIScaleCurve = (EditorCurveData=(Keys=((Time=480.000000,Value=0.444000),(Time=720.000000,Value=0.666000),(Time=1080.000000,Value=1.000000),(Time=8640.000000,Value=8.000000))),ExternalCurve=None)'
[2015.07.08-09.41.57:049][  0]LogConsoleResponse:Warning:   Found in ini file 'C:/Users/Ilija/Documents/ATLASrift/UProject 4.8/Saved/Config/Windows/Engine.ini', in section '[/Script/Engine.RendererSettings]'
[2015.07.08-09.41.57:049][  0]LogConsoleManager:Warning: Console variable 'r.MSAA.CompositingSampleCount' wasn't set ('Scalability' has a lower priority than 'ProjectSetting')
[2015.07.08-09.41.57:049][  0]LogInit: Selected Device Profile: [Windows]
[2015.07.08-09.41.57:049][  0]LogInit: Applying CVar settings loaded from the selected device profile: [Windows]
[2015.07.08-09.41.57:055][  0]LogInit: Computer: ILIJAMSI
[2015.07.08-09.41.57:055][  0]LogInit: User: Ilija
[2015.07.08-09.41.57:055][  0]LogInit: CPU Page size=4096, Cores=4
[2015.07.08-09.41.57:055][  0]LogInit: High frequency timer resolution =2.435775 MHz
[2015.07.08-09.41.57:055][  0]LogMemory: Memory total: Physical=16.0GB (16GB approx)
[2015.07.08-09.41.57:055][  0]LogMemory: Platform Memory Stats for Windows
[2015.07.08-09.41.57:055][  0]LogMemory: Process Physical Memory: 49.10 MB used, 49.10 MB peak
[2015.07.08-09.41.57:055][  0]LogMemory: Process Virtual Memory: 22.39 MB used, 22.39 MB peak
[2015.07.08-09.41.57:055][  0]LogMemory: Physical Memory: 4086.61 MB used, 16336.84 MB total
[2015.07.08-09.41.57:055][  0]LogMemory: Virtual Memory: 295.75 MB used, 134217728.00 MB total
[2015.07.08-09.41.57:150][  0]LogTextLocalizationManager: The requested culture ('en_US') has no localization data; parent culture's ('en') localization data will be used.
[2015.07.08-09.41.57:441][  0]LogTextLocalizationManager:Warning: Loaded localization resources contain conflicting entries for (Namespace:ContentBrowser, Key:ImportAssetToolTip):
Localization Resource: (C:/Program Files/Epic Games/4.8/Engine/Content/Localization/Editor/en/Editor.locres) Source String Hash: (-630476809) Localized String: (Import to {0}...)
Localization Resource: (C:/Program Files/Epic Games/4.8/Engine/Content/Localization/Editor/en/Editor.locres) Source String Hash: (1271782899) Localized String: (Imports an asset from file to this folder.)
[2015.07.08-09.41.57:927][  0]LogD3D11RHI: Found D3D11 adapter 0: NVIDIA GeForce GTX 980M (Feature Level 11_0)
[2015.07.08-09.41.57:927][  0]LogD3D11RHI: Adapter has 8023MB of dedicated video memory, 0MB of dedicated system memory, and 8168MB of shared system memory, 1 output[s]
[2015.07.08-09.41.57:928][  0]LogD3D11RHI: Found D3D11 adapter 1: Microsoft Basic Render Driver (Feature Level 11_0)
[2015.07.08-09.41.57:928][  0]LogD3D11RHI: Adapter has 0MB of dedicated video memory, 0MB of dedicated system memory, and 256MB of shared system memory, 0 output[s]
[2015.07.08-09.41.57:928][  0]LogD3D11RHI: Chosen D3D11 Adapter Id = 0
[2015.07.08-09.41.57:933][  0]LogRHI: Texture pool is 1361 MB (70% of 1945 MB)
[2015.07.08-09.41.57:948][  0]LogD3D11RHI: Async texture creation enabled
[2015.07.08-09.41.58:479][  0]LogShaderCompilers:Display: Using Local Shader Compiler.
[2015.07.08-09.41.59:588][  0]LogTemp:Display: Loaded TP DesktopTargetPlatform
[2015.07.08-09.41.59:620][  0]LogTemp:Display: Loaded TP WindowsClientTargetPlatform
[2015.07.08-09.41.59:645][  0]LogTemp:Display: Loaded TP WindowsNoEditorTargetPlatform
[2015.07.08-09.41.59:672][  0]LogTemp:Display: Loaded TP WindowsServerTargetPlatform
[2015.07.08-09.41.59:702][  0]LogTemp:Display: Loaded TP WindowsTargetPlatform
[2015.07.08-09.41.59:723][  0]LogTemp:Display: Loaded TP AndroidTargetPlatform
[2015.07.08-09.41.59:745][  0]LogTemp:Display: Loaded TP Android_ASTCTargetPlatform
[2015.07.08-09.41.59:768][  0]LogTemp:Display: Loaded TP Android_ATCTargetPlatform
[2015.07.08-09.41.59:789][  0]LogTemp:Display: Loaded TP Android_DXTTargetPlatform
[2015.07.08-09.41.59:810][  0]LogTemp:Display: Loaded TP Android_ETC1TargetPlatform
[2015.07.08-09.41.59:832][  0]LogTemp:Display: Loaded TP Android_ETC2TargetPlatform
[2015.07.08-09.41.59:855][  0]LogTemp:Display: Loaded TP Android_PVRTCTargetPlatform
[2015.07.08-09.41.59:936][  0]LogTemp:Display: Loaded TP IOSTargetPlatform
[2015.07.08-09.41.59:956][  0]LogTemp:Display: Loaded TP LinuxNoEditorTargetPlatform
[2015.07.08-09.41.59:977][  0]LogTemp:Display: Loaded TP LinuxServerTargetPlatform
[2015.07.08-09.42.00:000][  0]LogTemp:Display: Loaded TP LinuxTargetPlatform
[2015.07.08-09.42.00:000][  0]LogTargetPlatformManager:Display: Building Assets For Windows
[2015.07.08-09.42.00:361][  0]LogDerivedDataCache:Display: Max Cache Size: 512 MB
[2015.07.08-09.42.00:418][  0]LogDerivedDataCache: Loaded boot cache 0.06s 53MB C:/Users/Ilija/AppData/Local/UnrealEngine/4.8/DerivedDataCache/Boot.ddc.
[2015.07.08-09.42.00:418][  0]LogDerivedDataCache:Display: Loaded Boot cache: C:/Users/Ilija/AppData/Local/UnrealEngine/4.8/DerivedDataCache/Boot.ddc
[2015.07.08-09.42.00:418][  0]LogDerivedDataCache: FDerivedDataBackendGraph:  Pak pak cache file ../../../../../../Users/Ilija/Documents/ATLASrift/UProject 4.8/DerivedDataCache/DDC.ddp not found, will not use a pak cache.
[2015.07.08-09.42.00:418][  0]LogDerivedDataCache: Unable to find inner node Pak for hierarchical cache Hierarchy.
[2015.07.08-09.42.00:418][  0]LogDerivedDataCache: FDerivedDataBackendGraph:  CompressedPak pak cache file ../../../../../../Users/Ilija/Documents/ATLASrift/UProject 4.8/DerivedDataCache/Compressed.ddp not found, will not use a pak cache.
[2015.07.08-09.42.00:418][  0]LogDerivedDataCache: Unable to find inner node CompressedPak for hierarchical cache Hierarchy.
[2015.07.08-09.42.00:608][  0]LogDerivedDataCache:Display: Pak cache opened for reading ../../../Engine/DerivedDataCache/Compressed.ddp.
[2015.07.08-09.42.00:620][  0]LogDerivedDataCache: Using Local data cache path C:/Users/Ilija/AppData/Local/UnrealEngine/Common/DerivedDataCache: Writable
[2015.07.08-09.42.00:878][  0]LogInit: Selected Device Profile: [Windows]
[2015.07.08-09.42.00:978][  0]ImportText (ComponentSweepMultiTests): Missing closing parenthesis: (RootShapeAsset="/Engine/BasicShapes/Cube.Cube",ShapeType="TriggerCapsule",HitResult=(Time=0.50,Location=(X=-100.000015,Y=0.0,Z=100.000015),ImpactPoint=(X=-50.0,Y=0.0,Z=50.0),Normal=(X=-1.0,Y=-0.0,Z=0.0),ImpactNormal=(X=0.0,Y=0.0,Z=1.0),TraceStart=(X=-200.0,Y=0.0,Z=200.0),TraceEnd=(X=0.0,Y=0.0,Z=0.0))
[2015.07.08-09.42.00:978][  0]ImportText (LineTraceSingleByChannelTests): Missing closing parenthesis: (RootShapeAsset="/Engine/BasicShapes/Cube.Cube",HitResult=(Time=0.50,Location=(X=-100.000015,Y=0.0,Z=100.000015),ImpactPoint=(X=-50.0,Y=0.0,Z=50.0),Normal=(X=-1.0,Y=-0.0,Z=0.0),ImpactNormal=(X=0.0,Y=0.0,Z=1.0),TraceStart=(X=-200.0,Y=0.0,Z=200.0),TraceEnd=(X=0.0,Y=0.0,Z=0.0))
[2015.07.08-09.42.01:022][  0]LogMeshUtilities: No automatic mesh reduction module available
[2015.07.08-09.42.01:022][  0]LogMeshUtilities: No automatic mesh merging module available
[2015.07.08-09.42.01:441][  0]LogInit: WinSock: version 1.1 (2.2), MaxSocks=32767, MaxUdp=65467
[2015.07.08-09.42.02:211][  0]LogWindowsMoviePlayer: Unable to load movie: ../../../../../../Users/Ilija/Documents/ATLASrift/UProject 4.8/Content/Movies/Default_Startup.mp4
[2015.07.08-09.42.02:438][  0]SourceControl: Info Source control is disabled
[2015.07.08-09.42.02:438][  0]SourceControl: Info Source control is disabled
[2015.07.08-09.42.02:463][  0]SourceControl: Info Source control is disabled
[2015.07.08-09.42.02:785][  0]LogObj: 25794 objects as part of root set at end of initial load.
[2015.07.08-09.42.02:785][  0]LogUObjectAllocator: 5200096 out of 0 bytes used by permanent object pool.
[2015.07.08-09.42.02:890][  0]LogAutomationTest:Warning: ERR: Transient text cannot be serialized "Testing Transient serialization detection".
[2015.07.08-09.42.02:891][  0]LogEngine: Initializing Engine...
[2015.07.08-09.42.02:893][  0]LogHMD: Can't find Oculus library dev build: is proper Runtime installed? Version: 0.6.0.0
[2015.07.08-09.42.02:949][  0]LogHMD: SteamVR initialized.  Driver: oculus  Display: 206D5J030W8G
[2015.07.08-09.42.03:050][  0]LogInit: XAudio2 using 'Speakers (Realtek High Definition Audio)' : 2 channels at 48 kHz using 32 bits per sample (channel mask 0x3)
[2015.07.08-09.42.03:062][  0]LogInit: FAudioDevice initialized.
[2015.07.08-09.42.03:066][  0]LogInit: Texture streaming: Disabled
[2015.07.08-09.42.03:164][  0]LogConsoleManager:Warning: Console variable 'r.VSync' wasn't set ('GameSetting' has a lower priority than 'Code')
[2015.07.08-09.42.03:166][  0]LogNet: Browse: /Temp/Autosaves/Game/Maps/UEDPCTheMainMap?Name=Player
[2015.07.08-09.42.03:166][  0]LogLoad: LoadMap: /Temp/Autosaves/Game/Maps/UEDPCTheMainMap?Name=Player
[2015.07.08-09.42.03:181][  0]LogParticles: Destroying 0 GPU particle simulations for FXSystem 0x00000025B71745E0
[2015.07.08-09.42.03:191][  0]LogMemory: Platform Memory Stats for Windows
[2015.07.08-09.42.03:191][  0]LogMemory: Process Physical Memory: 354.49 MB used, 354.49 MB peak
[2015.07.08-09.42.03:191][  0]LogMemory: Process Virtual Memory: 285.60 MB used, 288.14 MB peak
[2015.07.08-09.42.03:191][  0]LogMemory: Physical Memory: 4347.11 MB used, 16336.84 MB total
[2015.07.08-09.42.03:191][  0]LogMemory: Virtual Memory: 822.07 MB used, 134217728.00 MB total
[2015.07.08-09.42.03:191][  0]LogMemory: 
[2015.07.08-09.42.03:191][  0]Allocator Stats for TBB: (not implemented)
[2015.07.08-09.42.08:103][  0]LogAIModule: Creating AISystem for world TheMainMap
[2015.07.08-09.42.08:133][  0]LogWorld: Game class is 'ilijaGame_C'
[2015.07.08-09.42.08:153][  0]LogWorld: Bringing World /Temp/Autosaves/Game/Maps/UEDPCTheMainMap.TheMainMap up for play (max tick rate 0) at 2015.07.08-11.42.08
[2015.07.08-09.42.08:154][  0]LogWorld: Bringing up level for play took: 0.011513
[2015.07.08-09.42.08:157][  0]LogBlueprintUserMessages: BLmuontoroidsbarel-ii-i_Blueprint_C_0
[2015.07.08-09.42.08:157][  0]LogBlueprintUserMessages: 13
[2015.07.08-09.42.08:157][  0]LogBlueprintUserMessages: BLrmuonmiscfeet_C_0
[2015.07.08-09.42.08:157][  0]LogBlueprintUserMessages: 12
[2015.07.08-09.42.08:157][  0]LogBlueprintUserMessages: BLrmuonmiscshield_Blueprint_C_0
[2015.07.08-09.42.08:157][  0]LogBlueprintUserMessages: 7
[2015.07.08-09.42.08:157][  0]LogBlueprintUserMessages: BLrmuontoroidsendcap_Blueprint_C_1
[2015.07.08-09.42.08:157][  0]LogBlueprintUserMessages: 9
[2015.07.08-09.42.08:157][  0]LogBlueprintUserMessages: rbeampipe_Blueprint_C_0
[2015.07.08-09.42.08:157][  0]LogBlueprintUserMessages: 2
[2015.07.08-09.42.08:158][  0]LogBlueprintUserMessages: ridservices_Blueprint_C_0
[2015.07.08-09.42.08:158][  0]LogBlueprintUserMessages: 4
[2015.07.08-09.42.08:158][  0]LogBlueprintUserMessages: rlar_Blueprint_C_1
[2015.07.08-09.42.08:158][  0]LogBlueprintUserMessages: 5
[2015.07.08-09.42.08:158][  0]LogBlueprintUserMessages: rmuonbarrelinn_Blueprint_C_1
[2015.07.08-09.42.08:158][  0]LogBlueprintUserMessages: 14
[2015.07.08-09.42.08:158][  0]LogBlueprintUserMessages: rmuonbarrelmid_Blueprint_C_0
[2015.07.08-09.42.08:158][  0]LogBlueprintUserMessages: 15
[2015.07.08-09.42.08:158][  0]LogBlueprintUserMessages: rmuonbarrelout_Blueprint_C_0
[2015.07.08-09.42.08:158][  0]LogBlueprintUserMessages: 16
[2015.07.08-09.42.08:158][  0]LogBlueprintUserMessages: rmuonendcapcsc_Blueprint_C_2
[2015.07.08-09.42.08:158][  0]LogBlueprintUserMessages: 8
[2015.07.08-09.42.08:158][  0]LogBlueprintUserMessages: rmuonendcapmdt_Blueprint_C_1
[2015.07.08-09.42.08:158][  0]LogBlueprintUserMessages: 10
[2015.07.08-09.42.08:158][  0]LogBlueprintUserMessages: rmuonendcaptgc_Blueprint_C_1
[2015.07.08-09.42.08:158][  0]LogBlueprintUserMessages: 11
[2015.07.08-09.42.08:158][  0]LogBlueprintUserMessages: rpixel_Blueprint_C_1
[2015.07.08-09.42.08:158][  0]LogBlueprintUserMessages: 1
[2015.07.08-09.42.08:158][  0]LogBlueprintUserMessages: rsct_Blueprint_C_1
[2015.07.08-09.42.08:158][  0]LogBlueprintUserMessages: 3
[2015.07.08-09.42.08:158][  0]LogBlueprintUserMessages: rtile_Blueprint_C_1
[2015.07.08-09.42.08:158][  0]LogBlueprintUserMessages: 6
[2015.07.08-09.42.08:159][  0]LogInit:Display: Game Engine Initialized.
[2015.07.08-09.42.08:434][  0]LogAssetRegistry: FAssetRegistry took 0.0002 seconds to start up
[2015.07.08-09.42.08:434][  0]LogLoad: Full Startup: 13.68 seconds (BP compile: 0.98 seconds)
[2015.07.08-09.42.08:444][  0]LogContentStreaming: Texture pool size is 1000.000000MB
[2015.07.08-09.42.08:653][  2]LogRenderer: Reallocating scene render targets to support 1736x976 (Frame:2).
[2015.07.08-09.42.13:975][614]LogBlueprintUserMessages: Activated Main Menu
[2015.07.08-09.42.23:956][ 27]LogBlueprintUserMessages: Full menu reset
[2015.07.08-09.42.24:477][102]LogBlueprintUserMessages: Activated Main Menu
[2015.07.08-09.42.33:574][416]LogBlueprintUserMessages: Full menu reset
[2015.07.08-09.42.34:784][554]LogWindowsTextInputMethodSystem:Display: IME system now deactivated.
[2015.07.08-09.42.34:787][554]LogEngine: All Windows Closed
[2015.07.08-09.42.34:787][554]LogWindows: FPlatformMisc::RequestExit(0)
[2015.07.08-09.42.34:993][555]LogExit: Preparing to exit.
[2015.07.08-09.42.35:125][555]LogExit: Game engine shut down
[2015.07.08-09.42.35:125][555]LogParticles: Destroying 0 GPU particle simulations for FXSystem 0x00000025D3632980
[2015.07.08-09.42.35:372][555]LogExit: Object subsystem successfully closed.
