[2015.07.07-22.06.19:217][  0]Log file open, 07/08/15 00:06:19
[2015.07.07-22.06.19:217][  0]LogInit:Display: Running engine for game: ATLASrift
[2015.07.07-22.06.19:217][  0]LogInit:Display: RandInit(2107910468) SRandInit(2107910468).
[2015.07.07-22.06.19:217][  0]LogTaskGraph: Started task graph with 4 named threads and 7 total threads.
[2015.07.07-22.06.19:217][  0]LogStats: Stats thread started
[2015.07.07-22.06.19:217][  0]LogInit: Version: 4.8.1-2591939+++depot+UE4-Releases+4.8
[2015.07.07-22.06.19:217][  0]LogInit: API Version: 2579680
[2015.07.07-22.06.19:217][  0]LogInit: Compiled (64-bit): Jun 18 2015 11:02:04
[2015.07.07-22.06.19:217][  0]LogInit: Compiled with Visual C++: 18.00.21005.01
[2015.07.07-22.06.19:217][  0]LogInit: Build Configuration: Development
[2015.07.07-22.06.19:217][  0]LogInit: Branch Name: ++depot+UE4-Releases+4.8
[2015.07.07-22.06.19:217][  0]LogInit: Command line:  
[2015.07.07-22.06.19:217][  0]LogInit: Base directory: C:/Program Files/Epic Games/4.8/Engine/Binaries/Win64/
[2015.07.07-22.06.19:217][  0]LogInit: Rocket: 1
[2015.07.07-22.06.19:237][  0]LogInit: Using libcurl 7.41.0
[2015.07.07-22.06.19:237][  0]LogInit:  - built for x86_64-pc-win32
[2015.07.07-22.06.19:237][  0]LogInit:  - supports SSL with WinSSL
[2015.07.07-22.06.19:237][  0]LogInit:  - other features:
[2015.07.07-22.06.19:237][  0]LogInit:      CURL_VERSION_SSL
[2015.07.07-22.06.19:237][  0]LogInit:      CURL_VERSION_IPV6
[2015.07.07-22.06.19:237][  0]LogInit:      CURL_VERSION_ASYNCHDNS
[2015.07.07-22.06.19:237][  0]LogInit:      CURL_VERSION_LARGEFILE
[2015.07.07-22.06.19:237][  0]LogInit:      CURL_VERSION_IDN
[2015.07.07-22.06.19:237][  0]LogInit:  CurlRequestOptions (configurable via config and command line):
[2015.07.07-22.06.19:237][  0]LogInit:  - bVerifyPeer = true  - Libcurl will verify peer certificate
[2015.07.07-22.06.19:237][  0]LogInit:  - bUseHttpProxy = false  - Libcurl will NOT use HTTP proxy
[2015.07.07-22.06.19:237][  0]LogInit:  - bDontReuseConnections = false  - Libcurl will reuse connections
[2015.07.07-22.06.19:237][  0]LogInit:  - CertBundlePath = nullptr  - Libcurl will use whatever was configured at build time.
[2015.07.07-22.06.19:252][  0]LogOnline:Warning: No default platform service specified for OnlineSubsystem
[2015.07.07-22.06.19:268][  0]LogInit: Presizing for 0 objects not considered by GC, pre-allocating 0 bytes.
[2015.07.07-22.06.19:276][  0]LogInit: Object subsystem initialized
[2015.07.07-22.06.19:277][  0]LogConsoleResponse:Warning: Skipping Unknown console variable: 'UIScaleCurve = (EditorCurveData=(Keys=((Time=480.000000,Value=0.444000),(Time=720.000000,Value=0.666000),(Time=1080.000000,Value=1.000000),(Time=8640.000000,Value=8.000000))),ExternalCurve=None)'
[2015.07.07-22.06.19:277][  0]LogConsoleResponse:Warning:   Found in ini file 'C:/Users/Ilija/Documents/ATLASrift/UProject 4.8/Saved/Config/Windows/Engine.ini', in section '[/Script/Engine.RendererSettings]'
[2015.07.07-22.06.19:278][  0]LogConsoleManager:Warning: Console variable 'r.MSAA.CompositingSampleCount' wasn't set ('Scalability' has a lower priority than 'ProjectSetting')
[2015.07.07-22.06.19:278][  0]LogInit: Selected Device Profile: [Windows]
[2015.07.07-22.06.19:278][  0]LogInit: Applying CVar settings loaded from the selected device profile: [Windows]
[2015.07.07-22.06.19:286][  0]LogInit: Computer: ILIJAMSI
[2015.07.07-22.06.19:286][  0]LogInit: User: Ilija
[2015.07.07-22.06.19:286][  0]LogInit: CPU Page size=4096, Cores=4
[2015.07.07-22.06.19:286][  0]LogInit: High frequency timer resolution =2.435775 MHz
[2015.07.07-22.06.19:287][  0]LogMemory: Memory total: Physical=16.0GB (16GB approx)
[2015.07.07-22.06.19:287][  0]LogMemory: Platform Memory Stats for Windows
[2015.07.07-22.06.19:287][  0]LogMemory: Process Physical Memory: 49.50 MB used, 49.50 MB peak
[2015.07.07-22.06.19:287][  0]LogMemory: Process Virtual Memory: 22.36 MB used, 22.36 MB peak
[2015.07.07-22.06.19:287][  0]LogMemory: Physical Memory: 2475.78 MB used, 16336.84 MB total
[2015.07.07-22.06.19:287][  0]LogMemory: Virtual Memory: 295.75 MB used, 134217728.00 MB total
[2015.07.07-22.06.19:323][  0]LogTextLocalizationManager: The requested culture ('en_US') has no localization data; parent culture's ('en') localization data will be used.
[2015.07.07-22.06.19:556][  0]LogTextLocalizationManager:Warning: Loaded localization resources contain conflicting entries for (Namespace:ContentBrowser, Key:ImportAssetToolTip):
Localization Resource: (C:/Program Files/Epic Games/4.8/Engine/Content/Localization/Editor/en/Editor.locres) Source String Hash: (-630476809) Localized String: (Import to {0}...)
Localization Resource: (C:/Program Files/Epic Games/4.8/Engine/Content/Localization/Editor/en/Editor.locres) Source String Hash: (1271782899) Localized String: (Imports an asset from file to this folder.)
[2015.07.07-22.06.20:076][  0]LogD3D11RHI: Found D3D11 adapter 0: NVIDIA GeForce GTX 980M (Feature Level 11_0)
[2015.07.07-22.06.20:076][  0]LogD3D11RHI: Adapter has 8023MB of dedicated video memory, 0MB of dedicated system memory, and 8168MB of shared system memory, 1 output[s]
[2015.07.07-22.06.20:078][  0]LogD3D11RHI: Found D3D11 adapter 1: Microsoft Basic Render Driver (Feature Level 11_0)
[2015.07.07-22.06.20:078][  0]LogD3D11RHI: Adapter has 0MB of dedicated video memory, 0MB of dedicated system memory, and 256MB of shared system memory, 0 output[s]
[2015.07.07-22.06.20:078][  0]LogD3D11RHI: Chosen D3D11 Adapter Id = 0
[2015.07.07-22.06.20:082][  0]LogRHI: Texture pool is 1361 MB (70% of 1945 MB)
[2015.07.07-22.06.20:096][  0]LogD3D11RHI: Async texture creation enabled
[2015.07.07-22.06.20:620][  0]LogShaderCompilers:Display: Using Local Shader Compiler.
[2015.07.07-22.06.21:582][  0]LogTemp:Display: Loaded TP DesktopTargetPlatform
[2015.07.07-22.06.21:599][  0]LogTemp:Display: Loaded TP WindowsClientTargetPlatform
[2015.07.07-22.06.21:617][  0]LogTemp:Display: Loaded TP WindowsNoEditorTargetPlatform
[2015.07.07-22.06.21:635][  0]LogTemp:Display: Loaded TP WindowsServerTargetPlatform
[2015.07.07-22.06.21:654][  0]LogTemp:Display: Loaded TP WindowsTargetPlatform
[2015.07.07-22.06.21:670][  0]LogTemp:Display: Loaded TP AndroidTargetPlatform
[2015.07.07-22.06.21:686][  0]LogTemp:Display: Loaded TP Android_ASTCTargetPlatform
[2015.07.07-22.06.21:701][  0]LogTemp:Display: Loaded TP Android_ATCTargetPlatform
[2015.07.07-22.06.21:716][  0]LogTemp:Display: Loaded TP Android_DXTTargetPlatform
[2015.07.07-22.06.21:732][  0]LogTemp:Display: Loaded TP Android_ETC1TargetPlatform
[2015.07.07-22.06.21:747][  0]LogTemp:Display: Loaded TP Android_ETC2TargetPlatform
[2015.07.07-22.06.21:763][  0]LogTemp:Display: Loaded TP Android_PVRTCTargetPlatform
[2015.07.07-22.06.21:821][  0]LogTemp:Display: Loaded TP IOSTargetPlatform
[2015.07.07-22.06.21:836][  0]LogTemp:Display: Loaded TP LinuxNoEditorTargetPlatform
[2015.07.07-22.06.21:851][  0]LogTemp:Display: Loaded TP LinuxServerTargetPlatform
[2015.07.07-22.06.21:868][  0]LogTemp:Display: Loaded TP LinuxTargetPlatform
[2015.07.07-22.06.21:868][  0]LogTargetPlatformManager:Display: Building Assets For Windows
[2015.07.07-22.06.22:126][  0]LogDerivedDataCache:Display: Max Cache Size: 512 MB
[2015.07.07-22.06.22:180][  0]LogDerivedDataCache: Loaded boot cache 0.05s 53MB C:/Users/Ilija/AppData/Local/UnrealEngine/4.8/DerivedDataCache/Boot.ddc.
[2015.07.07-22.06.22:180][  0]LogDerivedDataCache:Display: Loaded Boot cache: C:/Users/Ilija/AppData/Local/UnrealEngine/4.8/DerivedDataCache/Boot.ddc
[2015.07.07-22.06.22:180][  0]LogDerivedDataCache: FDerivedDataBackendGraph:  Pak pak cache file ../../../../../../Users/Ilija/Documents/ATLASrift/UProject 4.8/DerivedDataCache/DDC.ddp not found, will not use a pak cache.
[2015.07.07-22.06.22:180][  0]LogDerivedDataCache: Unable to find inner node Pak for hierarchical cache Hierarchy.
[2015.07.07-22.06.22:180][  0]LogDerivedDataCache: FDerivedDataBackendGraph:  CompressedPak pak cache file ../../../../../../Users/Ilija/Documents/ATLASrift/UProject 4.8/DerivedDataCache/Compressed.ddp not found, will not use a pak cache.
[2015.07.07-22.06.22:180][  0]LogDerivedDataCache: Unable to find inner node CompressedPak for hierarchical cache Hierarchy.
[2015.07.07-22.06.22:361][  0]LogDerivedDataCache:Display: Pak cache opened for reading ../../../Engine/DerivedDataCache/Compressed.ddp.
[2015.07.07-22.06.22:374][  0]LogDerivedDataCache: Using Local data cache path C:/Users/Ilija/AppData/Local/UnrealEngine/Common/DerivedDataCache: Writable
[2015.07.07-22.06.22:627][  0]LogInit: Selected Device Profile: [Windows]
[2015.07.07-22.06.22:732][  0]ImportText (ComponentSweepMultiTests): Missing closing parenthesis: (RootShapeAsset="/Engine/BasicShapes/Cube.Cube",ShapeType="TriggerCapsule",HitResult=(Time=0.50,Location=(X=-100.000015,Y=0.0,Z=100.000015),ImpactPoint=(X=-50.0,Y=0.0,Z=50.0),Normal=(X=-1.0,Y=-0.0,Z=0.0),ImpactNormal=(X=0.0,Y=0.0,Z=1.0),TraceStart=(X=-200.0,Y=0.0,Z=200.0),TraceEnd=(X=0.0,Y=0.0,Z=0.0))
[2015.07.07-22.06.22:733][  0]ImportText (LineTraceSingleByChannelTests): Missing closing parenthesis: (RootShapeAsset="/Engine/BasicShapes/Cube.Cube",HitResult=(Time=0.50,Location=(X=-100.000015,Y=0.0,Z=100.000015),ImpactPoint=(X=-50.0,Y=0.0,Z=50.0),Normal=(X=-1.0,Y=-0.0,Z=0.0),ImpactNormal=(X=0.0,Y=0.0,Z=1.0),TraceStart=(X=-200.0,Y=0.0,Z=200.0),TraceEnd=(X=0.0,Y=0.0,Z=0.0))
[2015.07.07-22.06.22:769][  0]LogMeshUtilities: No automatic mesh reduction module available
[2015.07.07-22.06.22:769][  0]LogMeshUtilities: No automatic mesh merging module available
[2015.07.07-22.06.23:246][  0]LogInit: WinSock: version 1.1 (2.2), MaxSocks=32767, MaxUdp=65467
[2015.07.07-22.06.24:804][  0]UdpMessaging: Initializing bridge on interface 0.0.0.0:0 to multicast group 230.0.0.1:6666.
[2015.07.07-22.06.25:281][  0]SourceControl: Info Source control is disabled
[2015.07.07-22.06.25:292][  0]SourceControl: Info Source control is disabled
[2015.07.07-22.06.25:307][  0]SourceControl: Info Source control is disabled
[2015.07.07-22.06.25:325][  0]SourceControl: Info Source control is disabled
[2015.07.07-22.06.25:668][  0]LogObj: 26286 objects as part of root set at end of initial load.
[2015.07.07-22.06.25:668][  0]LogUObjectAllocator: 5413376 out of 0 bytes used by permanent object pool.
[2015.07.07-22.06.25:771][  0]LogEngine: Initializing Engine...
[2015.07.07-22.06.25:773][  0]LogHMD: Can't find Oculus library dev build: is proper Runtime installed? Version: 0.6.0.0
[2015.07.07-22.06.26:879][  0]LogHMD: SteamVR initialized.  Driver: oculus  Display: 206D5J030W8G
[2015.07.07-22.06.27:077][  0]LogAIModule: Creating AISystem for world NewWorld
[2015.07.07-22.06.27:081][  0]LogInit: XAudio2 using 'Speakers (Realtek High Definition Audio)' : 2 channels at 48 kHz using 32 bits per sample (channel mask 0x3)
[2015.07.07-22.06.27:114][  0]LogInit: FAudioDevice initialized.
[2015.07.07-22.06.27:143][  0]LogDerivedDataCache: Saved boot cache 0.03s 53MB C:/Users/Ilija/AppData/Local/UnrealEngine/4.8/DerivedDataCache/Boot.ddc.
[2015.07.07-22.06.27:148][  0]LogInit: Texture streaming: Disabled
[2015.07.07-22.06.27:184][  0]LogAnalytics: Creating configured Analytics provider AnalyticsET
[2015.07.07-22.06.27:184][  0]LogAnalytics: [UEEditor.Rocket.Release] APIServer = http://et2.epicgames.com/ET2/. AppVersion = 4.8.1-2591939+++depot+UE4-Releases+4.8
[2015.07.07-22.06.27:184][  0]LogAnalytics: [UEEditor.Rocket.Release] SetUserId b119772443275f0bba10d896a7f21aad|0d0c0c17db8d4debbe0ee04300f3aac1|fd72ce22-a9a9-4363-8f94-5aa8b51f1e00
[2015.07.07-22.06.27:184][  0]LogAnalytics: [UEEditor.Rocket.Release] AnalyticsET::StartSession
[2015.07.07-22.06.27:225][  0]LogInit: Transaction tracking system initialized
[2015.07.07-22.06.27:416][  0]BlueprintLog: New page: Editor Load
[2015.07.07-22.06.27:465][  0]LogAssetRegistry: FAssetRegistry took 0.0107 seconds to start up
[2015.07.07-22.06.27:465][  0]LogDirectoryWatcher:Warning: Failed to begin reading directory changes for ../../../Engine/Plugins/Experimental/CharacterAI/Content/. Error: 0
[2015.07.07-22.06.28:525][  0]LogConsoleManager:Warning: Console variable 'r.VSync' wasn't set ('GameSetting' has a lower priority than 'Code')
[2015.07.07-22.06.28:525][  0]LogConsoleResponse:Display: 
[2015.07.07-22.06.28:681][  0]LogCook:Display: Done creating registry. It took  0.00s.
[2015.07.07-22.06.28:962][  0]SourceControl: Info Source control is disabled
[2015.07.07-22.06.28:962][  0]Cmd: MAP LOAD FILE="../../../../../../Users/Ilija/Documents/ATLASrift/UProject 4.8/Content/Maps/TheMainMap.umap" TEMPLATE=0 SHOWPROGRESS=1 FEATURELEVEL=3
[2015.07.07-22.06.28:963][  0]LightingResults: New page: Lighting Build
[2015.07.07-22.06.28:982][  0]MapCheck: New page: Map Check
[2015.07.07-22.06.28:982][  0]LightingResults: New page: Lighting Build
[2015.07.07-22.06.28:997][  0]LogParticles: Destroying 0 GPU particle simulations for FXSystem 0x0000001BA3A56F20
[2015.07.07-22.06.34:768][  0]LogAIModule: Creating AISystem for world TheMainMap
[2015.07.07-22.06.34:807][  0]LogEditorServer: Finished looking for orphan Actors (0.000 secs)
[2015.07.07-22.06.34:816][  0]Cmd: MAP CHECKDEP NOCLEARLOG
[2015.07.07-22.06.34:929][  0]MapCheck: Info Map check complete: 0 Error(s), 0 Warning(s), took 112.67ms to complete.
[2015.07.07-22.06.34:929][  0]LogFileHelpers: Loading map 'TheMainMap' took 5.966
[2015.07.07-22.06.35:020][  0]LogCollectionManager: Loaded 0 collections in 0.002650 seconds
[2015.07.07-22.06.35:031][  0]LogContentBrowser: Native class hierarchy populated in 0.0100 seconds. Added 1794 classes and 303 folders.
[2015.07.07-22.06.35:091][  0]LogContentBrowser: Native class hierarchy updated for 'WidgetCarousel' in 0.0021 seconds. Added 0 classes and 0 folders.
[2015.07.07-22.06.35:137][  0]LogContentBrowser: Native class hierarchy updated for 'AddContentDialog' in 0.0020 seconds. Added 0 classes and 0 folders.
[2015.07.07-22.06.35:199][  0]LogContentBrowser: Native class hierarchy updated for 'SceneOutliner' in 0.0021 seconds. Added 1 classes and 2 folders.
[2015.07.07-22.06.35:278][  0]LogCrashTracker: Crashtracker disabled due to settings.
[2015.07.07-22.06.35:282][  0]LogUObjectGlobals:Warning: Failed to find object 'Class None.'
[2015.07.07-22.06.35:305][  0]LogLoad: Full Startup: 17.96 seconds (BP compile: 1.48 seconds)
[2015.07.07-22.06.35:419][  0]LogContentStreaming: Texture pool size is 0.000000MB
[2015.07.07-22.06.35:573][  0]LogContentStreaming: Texture pool size now 1000 MB
[2015.07.07-22.06.35:751][  0]LogRenderer: Reallocating scene render targets to support 1064x928 (Frame:2).
[2015.07.07-22.06.36:225][ 10]LogAssetRegistry: Asset discovery search completed in 8.7710 seconds
[2015.07.07-22.08.17:947][ 73]LogSavePackage: Save=197.704636ms
[2015.07.07-22.08.17:947][ 73]LogSavePackage: Moving '../../../../../../Users/Ilija/Documents/ATLASrift/UProject 4.8/Saved/UEDPCTheMainMapBFCCE95144F91F3E574ACE80026568E8.tmp' to '../../../../../../Users/Ilija/Documents/ATLASrift/UProject 4.8/Saved/Autosaves/Game/Maps/UEDPCTheMainMap.umap'
[2015.07.07-22.12.20:272][843]LogSlate:Warning: Prevented a slow task dialog from being summoned while a context menu was open
[2015.07.07-22.12.20:310][843]LogLinker:Warning: Asset '../../../Engine/Content/ArtTools/RenderToTexture/Macros/RenderToTextureMacros.uasset' has been saved with empty engine version. The asset will be loaded but may be incompatible.
[2015.07.07-22.12.20:400][843]LogLinker:Warning: Asset '../../../Engine/Content/ArtTools/RenderToTexture/Enums/RenderToTexture_Enum.uasset' has been saved with empty engine version. The asset will be loaded but may be incompatible.
[2015.07.07-22.36.55:000][368]Cmd: MODE GRID=0
[2015.07.07-22.36.57:577][521]Cmd: MODE GRID=1
[2015.07.07-22.37.07:639][119]Cmd: MODE GRID=0
[2015.07.07-22.37.08:299][157]Cmd: MODE GRID=1
[2015.07.07-22.45.42:943][873]LogEditorViewport: Clicking Background
[2015.07.07-22.56.19:125][794]Cmd: OBJ SAVEPACKAGE PACKAGE="/Game/Maps/IlijaFlyingCharacter_BP" FILE="../../../../../../Users/Ilija/Documents/ATLASrift/UProject 4.8/Content/Maps/IlijaFlyingCharacter_BP.uasset" SILENT=true
[2015.07.07-22.56.19:615][794]LogSavePackage: Save=455.012054ms
[2015.07.07-22.56.19:615][794]LogSavePackage: Moving '../../../../../../Users/Ilija/Documents/ATLASrift/UProject 4.8/Saved/IlijaFlyingCharacter_BPB53FDFB8475D501FA954E488D5416C27.tmp' to '../../../../../../Users/Ilija/Documents/ATLASrift/UProject 4.8/Content/Maps/IlijaFlyingCharacter_BP.uasset'
[2015.07.07-22.56.20:909][871]BlueprintLog: New page: Compile IlijaFlyingCharacter_BP
[2015.07.07-22.56.21:278][871]BlueprintEditorCompileResults: Info [3003.93] Compile of IlijaFlyingCharacter_BP successful! [in 368 ms]
[2015.07.07-22.56.35:333][707]LogEditorActor: Deleted Actor: PointLight
[2015.07.07-22.56.35:375][707]LogEditorActor: Deleted 1 Actors (0.043 secs)
[2015.07.07-22.56.39:849][942]LogSavePackage: Save=235.438416ms
[2015.07.07-22.56.39:850][942]LogSavePackage: Moving '../../../../../../Users/Ilija/Documents/ATLASrift/UProject 4.8/Saved/UEDPCTheMainMap9D7249E94A9DD916FA4559B087AD28B4.tmp' to '../../../../../../Users/Ilija/Documents/ATLASrift/UProject 4.8/Saved/Autosaves/Game/Maps/UEDPCTheMainMap.umap'
[2015.07.07-22.57.07:880][203]LogSavePackage: Save=275.795593ms
[2015.07.07-22.57.07:880][203]LogSavePackage: Moving '../../../../../../Users/Ilija/Documents/ATLASrift/UProject 4.8/Saved/TheMainMap_Auto1FDD8D55144CC4034C4CB6DB28EE48834.tmp' to '../../../../../../Users/Ilija/Documents/ATLASrift/UProject 4.8/Saved/Autosaves/Game/Maps/TheMainMap_Auto1.umap'
[2015.07.07-22.57.07:886][203]LogFileHelpers: Editor autosave (incl. sublevels) for '/Game/Maps/TheMainMap' took 0.373
[2015.07.07-22.57.07:887][203]LogFileHelpers: Editor autosave (incl. sublevels) for all levels took 0.373
[2015.07.07-22.57.31:044][432]BlueprintLog: New page: Compile IlijaFlyingCharacter_BP
[2015.07.07-22.57.31:387][432]BlueprintEditorCompileResults: Info [3074.04] Compile of IlijaFlyingCharacter_BP successful! [in 342 ms]
[2015.07.07-22.57.31:763][448]Cmd: OBJ SAVEPACKAGE PACKAGE="/Game/Maps/IlijaFlyingCharacter_BP" FILE="../../../../../../Users/Ilija/Documents/ATLASrift/UProject 4.8/Content/Maps/IlijaFlyingCharacter_BP.uasset" SILENT=true
[2015.07.07-22.57.32:203][448]LogSavePackage: Save=417.769714ms
[2015.07.07-22.57.32:203][448]LogSavePackage: Moving '../../../../../../Users/Ilija/Documents/ATLASrift/UProject 4.8/Saved/IlijaFlyingCharacter_BP865D272C44810378DCA7CDBB7E4B1482.tmp' to '../../../../../../Users/Ilija/Documents/ATLASrift/UProject 4.8/Content/Maps/IlijaFlyingCharacter_BP.uasset'
[2015.07.07-22.57.35:593][646]Cmd: OBJ SAVEPACKAGE PACKAGE="/Game/Maps/TheMainMap" FILE="../../../../../../Users/Ilija/Documents/ATLASrift/UProject 4.8/Content/Maps/TheMainMap.umap" SILENT=true AUTOSAVING=false KEEPDIRTY=false
[2015.07.07-22.57.35:621][646]LogParticles: Destroying 0 GPU particle simulations for FXSystem 0x0000001B9B47B7E0
[2015.07.07-22.57.35:883][646]LogSavePackage: Save=228.602798ms
[2015.07.07-22.57.35:883][646]LogSavePackage: Moving '../../../../../../Users/Ilija/Documents/ATLASrift/UProject 4.8/Saved/TheMainMap5C7BF1684F3555171183DEA9E4502FC3.tmp' to '../../../../../../Users/Ilija/Documents/ATLASrift/UProject 4.8/Content/Maps/TheMainMap.umap'
[2015.07.07-22.57.37:267][727]LogVSAccessor:Warning: Couldn't access Visual Studio
[2015.07.07-22.57.37:271][727]Recompiling ATLASrift...
[2015.07.07-22.57.37:272][727]Launching UnrealBuildTool... [C:/Program Files/Epic Games/4.8/Engine/Binaries/DotNET/UnrealBuildTool.exe ATLASrift -ModuleWithSuffix ATLASrift 7676 Win64 Development -editorrecompile -canskiplink "C:/Users/Ilija/Documents/ATLASrift/UProject 4.8/ATLASrift.uproject" -rocket  -rocket]
[2015.07.07-22.57.37:274][727]Warning: Starting HotReload took  0.0s.
[2015.07.07-22.57.46:606][ 20]CompilerResultsLog: New page: Compilation - Jul 8, 2015, 2:57:46 AM
[2015.07.07-22.57.46:606][ 20]CompilerResultsLog: Info Compiling game modules for hot reload
[2015.07.07-22.57.46:606][ 20]CompilerResultsLog: Info Target is up to date.
[2015.07.07-22.57.46:606][ 20]LogMainFrame: MainFrame: Module compiling took 9.339 seconds
[2015.07.07-22.57.57:916][463]LogSavePackage: Save=215.508820ms
[2015.07.07-22.57.57:916][463]LogSavePackage: Moving '../../../../../../Users/Ilija/Documents/ATLASrift/UProject 4.8/Saved/UEDPCTheMainMap9B6EB54440F710C8FBDB8FB0E9A97997.tmp' to '../../../../../../Users/Ilija/Documents/ATLASrift/UProject 4.8/Saved/Autosaves/Game/Maps/UEDPCTheMainMap.umap'
[2015.07.07-22.59.04:546][107]LogSavePackage: Save=226.793121ms
[2015.07.07-22.59.04:546][107]LogSavePackage: Moving '../../../../../../Users/Ilija/Documents/ATLASrift/UProject 4.8/Saved/UEDPCTheMainMapBC1C73C14DC58BAE9832389274F09D02.tmp' to '../../../../../../Users/Ilija/Documents/ATLASrift/UProject 4.8/Saved/Autosaves/Game/Maps/UEDPCTheMainMap.umap'
[2015.07.07-23.05.32:345][392]LogSlate:Warning: Prevented a slow task dialog from being summoned while a context menu was open
[2015.07.07-23.07.16:335][606]Cmd: OBJ SAVEPACKAGE PACKAGE="/Game/Maps/IlijaFlyingCharacter_BP" FILE="../../../../../../Users/Ilija/Documents/ATLASrift/UProject 4.8/Content/Maps/IlijaFlyingCharacter_BP.uasset" SILENT=true
[2015.07.07-23.07.16:785][606]LogSavePackage: Save=418.416321ms
[2015.07.07-23.07.16:785][606]LogSavePackage: Moving '../../../../../../Users/Ilija/Documents/ATLASrift/UProject 4.8/Saved/IlijaFlyingCharacter_BP31534C6D46F40DE32FAE58AB7E2BE77E.tmp' to '../../../../../../Users/Ilija/Documents/ATLASrift/UProject 4.8/Content/Maps/IlijaFlyingCharacter_BP.uasset'
[2015.07.07-23.07.22:328][938]BlueprintLog: New page: Compile IlijaFlyingCharacter_BP
[2015.07.07-23.07.22:675][938]BlueprintEditorCompileResults: Info [3665.33] Compile of IlijaFlyingCharacter_BP successful! [in 347 ms]
[2015.07.07-23.07.26:959][188]LogParticles: Destroying 0 GPU particle simulations for FXSystem 0x0000001B9B5162A0
[2015.07.07-23.07.27:332][189]Cmd: QUIT_EDITOR
[2015.07.07-23.07.27:499][189]LogWindowsTextInputMethodSystem:Display: IME system now deactivated.
[2015.07.07-23.07.27:632][189]LogExit: Preparing to exit.
[2015.07.07-23.07.28:443][189]LogExit: Editor shut down
[2015.07.07-23.07.28:444][189]LogExit: Transaction tracking system shut down
[2015.07.07-23.07.28:453][189]LogParticles: Destroying 0 GPU particle simulations for FXSystem 0x0000001BDE496020
[2015.07.07-23.07.28:453][189]LogParticles: Destroying 0 GPU particle simulations for FXSystem 0x0000001BE9F8B9C0
[2015.07.07-23.07.28:455][189]LogParticles: Destroying 0 GPU particle simulations for FXSystem 0x0000001B991C7D80
[2015.07.07-23.07.28:455][189]LogParticles: Destroying 0 GPU particle simulations for FXSystem 0x0000001BE25660C0
[2015.07.07-23.07.28:743][189]LogExit: Object subsystem successfully closed.
[2015.07.07-23.07.28:864][189]LogCrashTracker: 


