[2015.07.02-19.29.44:046][  0]Log file open, 07/02/15 21:29:44
[2015.07.02-19.29.44:046][  0]LogInit:Display: Running engine for game: ATLASrift
[2015.07.02-19.29.44:046][  0]LogInit:Display: RandInit(-292310146) SRandInit(-292310146).
[2015.07.02-19.29.44:046][  0]LogTaskGraph: Started task graph with 4 named threads and 7 total threads.
[2015.07.02-19.29.44:046][  0]LogStats: Stats thread started
[2015.07.02-19.29.44:046][  0]LogInit: Version: 4.8.1-2591939+++depot+UE4-Releases+4.8
[2015.07.02-19.29.44:046][  0]LogInit: API Version: 2579680
[2015.07.02-19.29.44:046][  0]LogInit: Compiled (64-bit): Jun 18 2015 11:02:04
[2015.07.02-19.29.44:046][  0]LogInit: Compiled with Visual C++: 18.00.21005.01
[2015.07.02-19.29.44:046][  0]LogInit: Build Configuration: Development
[2015.07.02-19.29.44:046][  0]LogInit: Branch Name: ++depot+UE4-Releases+4.8
[2015.07.02-19.29.44:046][  0]LogInit: Command line:  
[2015.07.02-19.29.44:046][  0]LogInit: Base directory: C:/Program Files/Epic Games/4.8/Engine/Binaries/Win64/
[2015.07.02-19.29.44:046][  0]LogInit: Rocket: 1
[2015.07.02-19.29.44:066][  0]LogInit: Using libcurl 7.41.0
[2015.07.02-19.29.44:066][  0]LogInit:  - built for x86_64-pc-win32
[2015.07.02-19.29.44:066][  0]LogInit:  - supports SSL with WinSSL
[2015.07.02-19.29.44:066][  0]LogInit:  - other features:
[2015.07.02-19.29.44:066][  0]LogInit:      CURL_VERSION_SSL
[2015.07.02-19.29.44:066][  0]LogInit:      CURL_VERSION_IPV6
[2015.07.02-19.29.44:066][  0]LogInit:      CURL_VERSION_ASYNCHDNS
[2015.07.02-19.29.44:066][  0]LogInit:      CURL_VERSION_LARGEFILE
[2015.07.02-19.29.44:066][  0]LogInit:      CURL_VERSION_IDN
[2015.07.02-19.29.44:066][  0]LogInit:  CurlRequestOptions (configurable via config and command line):
[2015.07.02-19.29.44:066][  0]LogInit:  - bVerifyPeer = true  - Libcurl will verify peer certificate
[2015.07.02-19.29.44:066][  0]LogInit:  - bUseHttpProxy = false  - Libcurl will NOT use HTTP proxy
[2015.07.02-19.29.44:066][  0]LogInit:  - bDontReuseConnections = false  - Libcurl will reuse connections
[2015.07.02-19.29.44:066][  0]LogInit:  - CertBundlePath = nullptr  - Libcurl will use whatever was configured at build time.
[2015.07.02-19.29.44:081][  0]LogOnline:Warning: No default platform service specified for OnlineSubsystem
[2015.07.02-19.29.44:105][  0]LogInit: Presizing for 0 objects not considered by GC, pre-allocating 0 bytes.
[2015.07.02-19.29.44:113][  0]LogInit: Object subsystem initialized
[2015.07.02-19.29.44:114][  0]LogConsoleResponse:Warning: Skipping Unknown console variable: 'UIScaleCurve = (EditorCurveData=(Keys=((Time=480.000000,Value=0.444000),(Time=720.000000,Value=0.666000),(Time=1080.000000,Value=1.000000),(Time=8640.000000,Value=8.000000))),ExternalCurve=None)'
[2015.07.02-19.29.44:114][  0]LogConsoleResponse:Warning:   Found in ini file 'C:/Users/Ilija/Documents/ATLASrift/UProject 4.8/Saved/Config/Windows/Engine.ini', in section '[/Script/Engine.RendererSettings]'
[2015.07.02-19.29.44:114][  0]LogConsoleManager:Warning: Console variable 'r.MSAA.CompositingSampleCount' wasn't set ('Scalability' has a lower priority than 'ProjectSetting')
[2015.07.02-19.29.44:115][  0]LogInit: Selected Device Profile: [Windows]
[2015.07.02-19.29.44:115][  0]LogInit: Applying CVar settings loaded from the selected device profile: [Windows]
[2015.07.02-19.29.44:124][  0]LogInit: Computer: ILIJAMSI
[2015.07.02-19.29.44:124][  0]LogInit: User: Ilija
[2015.07.02-19.29.44:124][  0]LogInit: CPU Page size=4096, Cores=4
[2015.07.02-19.29.44:124][  0]LogInit: High frequency timer resolution =2.435762 MHz
[2015.07.02-19.29.44:124][  0]LogMemory: Memory total: Physical=16.0GB (16GB approx)
[2015.07.02-19.29.44:124][  0]LogMemory: Platform Memory Stats for Windows
[2015.07.02-19.29.44:124][  0]LogMemory: Process Physical Memory: 48.75 MB used, 48.75 MB peak
[2015.07.02-19.29.44:124][  0]LogMemory: Process Virtual Memory: 22.38 MB used, 22.38 MB peak
[2015.07.02-19.29.44:124][  0]LogMemory: Physical Memory: 2673.05 MB used, 16336.84 MB total
[2015.07.02-19.29.44:124][  0]LogMemory: Virtual Memory: 295.75 MB used, 134217728.00 MB total
[2015.07.02-19.29.44:178][  0]LogTextLocalizationManager: The requested culture ('en_US') has no localization data; parent culture's ('en') localization data will be used.
[2015.07.02-19.29.44:412][  0]LogTextLocalizationManager:Warning: Loaded localization resources contain conflicting entries for (Namespace:ContentBrowser, Key:ImportAssetToolTip):
Localization Resource: (C:/Program Files/Epic Games/4.8/Engine/Content/Localization/Editor/en/Editor.locres) Source String Hash: (-630476809) Localized String: (Import to {0}...)
Localization Resource: (C:/Program Files/Epic Games/4.8/Engine/Content/Localization/Editor/en/Editor.locres) Source String Hash: (1271782899) Localized String: (Imports an asset from file to this folder.)
[2015.07.02-19.29.44:928][  0]LogD3D11RHI: Found D3D11 adapter 0: NVIDIA GeForce GTX 980M (Feature Level 11_0)
[2015.07.02-19.29.44:928][  0]LogD3D11RHI: Adapter has 8023MB of dedicated video memory, 0MB of dedicated system memory, and 8168MB of shared system memory, 1 output[s]
[2015.07.02-19.29.44:930][  0]LogD3D11RHI: Found D3D11 adapter 1: Microsoft Basic Render Driver (Feature Level 11_0)
[2015.07.02-19.29.44:930][  0]LogD3D11RHI: Adapter has 0MB of dedicated video memory, 0MB of dedicated system memory, and 256MB of shared system memory, 0 output[s]
[2015.07.02-19.29.44:930][  0]LogD3D11RHI: Chosen D3D11 Adapter Id = 0
[2015.07.02-19.29.44:934][  0]LogRHI: Texture pool is 1361 MB (70% of 1945 MB)
[2015.07.02-19.29.44:948][  0]LogD3D11RHI: Async texture creation enabled
[2015.07.02-19.29.45:455][  0]LogShaderCompilers:Display: Using Local Shader Compiler.
[2015.07.02-19.29.46:465][  0]LogTemp:Display: Loaded TP DesktopTargetPlatform
[2015.07.02-19.29.46:486][  0]LogTemp:Display: Loaded TP WindowsClientTargetPlatform
[2015.07.02-19.29.46:508][  0]LogTemp:Display: Loaded TP WindowsNoEditorTargetPlatform
[2015.07.02-19.29.46:529][  0]LogTemp:Display: Loaded TP WindowsServerTargetPlatform
[2015.07.02-19.29.46:551][  0]LogTemp:Display: Loaded TP WindowsTargetPlatform
[2015.07.02-19.29.46:570][  0]LogTemp:Display: Loaded TP AndroidTargetPlatform
[2015.07.02-19.29.46:590][  0]LogTemp:Display: Loaded TP Android_ASTCTargetPlatform
[2015.07.02-19.29.46:609][  0]LogTemp:Display: Loaded TP Android_ATCTargetPlatform
[2015.07.02-19.29.46:628][  0]LogTemp:Display: Loaded TP Android_DXTTargetPlatform
[2015.07.02-19.29.46:648][  0]LogTemp:Display: Loaded TP Android_ETC1TargetPlatform
[2015.07.02-19.29.46:668][  0]LogTemp:Display: Loaded TP Android_ETC2TargetPlatform
[2015.07.02-19.29.46:688][  0]LogTemp:Display: Loaded TP Android_PVRTCTargetPlatform
[2015.07.02-19.29.46:760][  0]LogTemp:Display: Loaded TP IOSTargetPlatform
[2015.07.02-19.29.46:779][  0]LogTemp:Display: Loaded TP LinuxNoEditorTargetPlatform
[2015.07.02-19.29.46:798][  0]LogTemp:Display: Loaded TP LinuxServerTargetPlatform
[2015.07.02-19.29.46:818][  0]LogTemp:Display: Loaded TP LinuxTargetPlatform
[2015.07.02-19.29.46:818][  0]LogTargetPlatformManager:Display: Building Assets For Windows
[2015.07.02-19.29.47:139][  0]LogDerivedDataCache:Display: Max Cache Size: 512 MB
[2015.07.02-19.29.47:195][  0]LogDerivedDataCache: Loaded boot cache 0.06s 53MB C:/Users/Ilija/AppData/Local/UnrealEngine/4.8/DerivedDataCache/Boot.ddc.
[2015.07.02-19.29.47:195][  0]LogDerivedDataCache:Display: Loaded Boot cache: C:/Users/Ilija/AppData/Local/UnrealEngine/4.8/DerivedDataCache/Boot.ddc
[2015.07.02-19.29.47:195][  0]LogDerivedDataCache: FDerivedDataBackendGraph:  Pak pak cache file ../../../../../../Users/Ilija/Documents/ATLASrift/UProject 4.8/DerivedDataCache/DDC.ddp not found, will not use a pak cache.
[2015.07.02-19.29.47:195][  0]LogDerivedDataCache: Unable to find inner node Pak for hierarchical cache Hierarchy.
[2015.07.02-19.29.47:195][  0]LogDerivedDataCache: FDerivedDataBackendGraph:  CompressedPak pak cache file ../../../../../../Users/Ilija/Documents/ATLASrift/UProject 4.8/DerivedDataCache/Compressed.ddp not found, will not use a pak cache.
[2015.07.02-19.29.47:195][  0]LogDerivedDataCache: Unable to find inner node CompressedPak for hierarchical cache Hierarchy.
[2015.07.02-19.29.47:374][  0]LogDerivedDataCache:Display: Pak cache opened for reading ../../../Engine/DerivedDataCache/Compressed.ddp.
[2015.07.02-19.29.47:386][  0]LogDerivedDataCache: Using Local data cache path C:/Users/Ilija/AppData/Local/UnrealEngine/Common/DerivedDataCache: Writable
[2015.07.02-19.29.47:639][  0]LogInit: Selected Device Profile: [Windows]
[2015.07.02-19.29.47:743][  0]ImportText (ComponentSweepMultiTests): Missing closing parenthesis: (RootShapeAsset="/Engine/BasicShapes/Cube.Cube",ShapeType="TriggerCapsule",HitResult=(Time=0.50,Location=(X=-100.000015,Y=0.0,Z=100.000015),ImpactPoint=(X=-50.0,Y=0.0,Z=50.0),Normal=(X=-1.0,Y=-0.0,Z=0.0),ImpactNormal=(X=0.0,Y=0.0,Z=1.0),TraceStart=(X=-200.0,Y=0.0,Z=200.0),TraceEnd=(X=0.0,Y=0.0,Z=0.0))
[2015.07.02-19.29.47:744][  0]ImportText (LineTraceSingleByChannelTests): Missing closing parenthesis: (RootShapeAsset="/Engine/BasicShapes/Cube.Cube",HitResult=(Time=0.50,Location=(X=-100.000015,Y=0.0,Z=100.000015),ImpactPoint=(X=-50.0,Y=0.0,Z=50.0),Normal=(X=-1.0,Y=-0.0,Z=0.0),ImpactNormal=(X=0.0,Y=0.0,Z=1.0),TraceStart=(X=-200.0,Y=0.0,Z=200.0),TraceEnd=(X=0.0,Y=0.0,Z=0.0))
[2015.07.02-19.29.47:783][  0]LogMeshUtilities: No automatic mesh reduction module available
[2015.07.02-19.29.47:783][  0]LogMeshUtilities: No automatic mesh merging module available
[2015.07.02-19.29.48:286][  0]LogInit: WinSock: version 1.1 (2.2), MaxSocks=32767, MaxUdp=65467
[2015.07.02-19.29.49:902][  0]UdpMessaging: Initializing bridge on interface 0.0.0.0:0 to multicast group 230.0.0.1:6666.
[2015.07.02-19.29.50:400][  0]SourceControl: Info Source control is disabled
[2015.07.02-19.29.50:413][  0]SourceControl: Info Source control is disabled
[2015.07.02-19.29.50:429][  0]SourceControl: Info Source control is disabled
[2015.07.02-19.29.50:448][  0]SourceControl: Info Source control is disabled
[2015.07.02-19.29.50:788][  0]LogObj: 26286 objects as part of root set at end of initial load.
[2015.07.02-19.29.50:788][  0]LogUObjectAllocator: 5413376 out of 0 bytes used by permanent object pool.
[2015.07.02-19.29.50:883][  0]LogEngine: Initializing Engine...
[2015.07.02-19.29.50:885][  0]LogHMD: Can't find Oculus library dev build: is proper Runtime installed? Version: 0.6.0.0
[2015.07.02-19.29.51:989][  0]LogHMD: SteamVR initialized.  Driver: oculus  Display: 206D5J030W8G
[2015.07.02-19.29.52:185][  0]LogAIModule: Creating AISystem for world NewWorld
[2015.07.02-19.29.52:190][  0]LogInit: XAudio2 using 'Speakers (Realtek High Definition Audio)' : 2 channels at 48 kHz using 32 bits per sample (channel mask 0x3)
[2015.07.02-19.29.52:224][  0]LogInit: FAudioDevice initialized.
[2015.07.02-19.29.52:253][  0]LogDerivedDataCache: Saved boot cache 0.03s 53MB C:/Users/Ilija/AppData/Local/UnrealEngine/4.8/DerivedDataCache/Boot.ddc.
[2015.07.02-19.29.52:257][  0]LogInit: Texture streaming: Disabled
[2015.07.02-19.29.52:295][  0]LogAnalytics: Creating configured Analytics provider AnalyticsET
[2015.07.02-19.29.52:295][  0]LogAnalytics: [UEEditor.Rocket.Release] APIServer = http://et2.epicgames.com/ET2/. AppVersion = 4.8.1-2591939+++depot+UE4-Releases+4.8
[2015.07.02-19.29.52:295][  0]LogAnalytics: [UEEditor.Rocket.Release] SetUserId b119772443275f0bba10d896a7f21aad|0d0c0c17db8d4debbe0ee04300f3aac1|fd72ce22-a9a9-4363-8f94-5aa8b51f1e00
[2015.07.02-19.29.52:295][  0]LogAnalytics: [UEEditor.Rocket.Release] AnalyticsET::StartSession
[2015.07.02-19.29.52:336][  0]LogInit: Transaction tracking system initialized
[2015.07.02-19.29.52:554][  0]BlueprintLog: New page: Editor Load
[2015.07.02-19.29.52:601][  0]LogAssetRegistry: FAssetRegistry took 0.0107 seconds to start up
[2015.07.02-19.29.52:601][  0]LogDirectoryWatcher:Warning: Failed to begin reading directory changes for ../../../Engine/Plugins/Experimental/CharacterAI/Content/. Error: 0
[2015.07.02-19.29.53:720][  0]LogConsoleManager:Warning: Console variable 'r.VSync' wasn't set ('GameSetting' has a lower priority than 'Code')
[2015.07.02-19.29.53:720][  0]LogConsoleResponse:Display: 
[2015.07.02-19.29.53:888][  0]LogCook:Display: Done creating registry. It took  0.00s.
[2015.07.02-19.29.54:182][  0]SourceControl: Info Source control is disabled
[2015.07.02-19.29.54:182][  0]Cmd: MAP LOAD FILE="../../../../../../Users/Ilija/Documents/ATLASrift/UProject 4.8/Content/Maps/TheMainMap.umap" TEMPLATE=0 SHOWPROGRESS=1 FEATURELEVEL=3
[2015.07.02-19.29.54:183][  0]LightingResults: New page: Lighting Build
[2015.07.02-19.29.54:203][  0]MapCheck: New page: Map Check
[2015.07.02-19.29.54:203][  0]LightingResults: New page: Lighting Build
[2015.07.02-19.29.54:218][  0]LogParticles: Destroying 0 GPU particle simulations for FXSystem 0x0000008DEB2CAF20
[2015.07.02-19.29.59:987][  0]LogAIModule: Creating AISystem for world TheMainMap
[2015.07.02-19.30.00:042][  0]LogEditorServer: Finished looking for orphan Actors (0.000 secs)
[2015.07.02-19.30.00:044][  0]Cmd: MAP CHECKDEP NOCLEARLOG
[2015.07.02-19.30.00:158][  0]MapCheck: Info Map check complete: 0 Error(s), 0 Warning(s), took 114.101ms to complete.
[2015.07.02-19.30.00:158][  0]LogFileHelpers: Loading map 'TheMainMap' took 5.976
[2015.07.02-19.30.00:249][  0]LogCollectionManager: Loaded 0 collections in 0.002748 seconds
[2015.07.02-19.30.00:260][  0]LogContentBrowser: Native class hierarchy populated in 0.0111 seconds. Added 1794 classes and 303 folders.
[2015.07.02-19.30.00:327][  0]LogContentBrowser: Native class hierarchy updated for 'WidgetCarousel' in 0.0034 seconds. Added 0 classes and 0 folders.
[2015.07.02-19.30.00:376][  0]LogContentBrowser: Native class hierarchy updated for 'AddContentDialog' in 0.0031 seconds. Added 0 classes and 0 folders.
[2015.07.02-19.30.00:442][  0]LogContentBrowser: Native class hierarchy updated for 'SceneOutliner' in 0.0031 seconds. Added 1 classes and 2 folders.
[2015.07.02-19.30.00:521][  0]LogCrashTracker: Crashtracker disabled due to settings.
[2015.07.02-19.30.00:526][  0]LogUObjectGlobals:Warning: Failed to find object 'Class None.'
[2015.07.02-19.30.00:549][  0]LogLoad: Full Startup: 18.39 seconds (BP compile: 1.50 seconds)
[2015.07.02-19.30.00:642][  0]LogContentStreaming: Texture pool size is 0.000000MB
[2015.07.02-19.30.00:738][  0]LogContentStreaming: Texture pool size now 1000 MB
[2015.07.02-19.30.00:907][  0]LogRenderer: Reallocating scene render targets to support 1064x928 (Frame:2).
[2015.07.02-19.30.01:426][  9]LogAssetRegistry: Asset discovery search completed in 8.8355 seconds
[2015.07.02-19.30.18:039][999]LogSlate:Warning: Prevented a slow task dialog from being summoned while a context menu was open
[2015.07.02-19.30.18:072][999]LogLinker:Warning: Asset '../../../Engine/Content/ArtTools/RenderToTexture/Macros/RenderToTextureMacros.uasset' has been saved with empty engine version. The asset will be loaded but may be incompatible.
[2015.07.02-19.30.18:163][999]LogLinker:Warning: Asset '../../../Engine/Content/ArtTools/RenderToTexture/Enums/RenderToTexture_Enum.uasset' has been saved with empty engine version. The asset will be loaded but may be incompatible.
[2015.07.02-19.32.24:919][713]Cmd: OBJ SAVEPACKAGE PACKAGE="/Game/Maps/IlijaFlyingCharacter_BP" FILE="../../../../../../Users/Ilija/Documents/ATLASrift/UProject 4.8/Content/Maps/IlijaFlyingCharacter_BP.uasset" SILENT=true
[2015.07.02-19.32.25:367][713]LogSavePackage: Save=427.661255ms
[2015.07.02-19.32.25:367][713]LogSavePackage: Moving '../../../../../../Users/Ilija/Documents/ATLASrift/UProject 4.8/Saved/IlijaFlyingCharacter_BP4FBFA2134D981FCCDF086BA53AE7C0C0.tmp' to '../../../../../../Users/Ilija/Documents/ATLASrift/UProject 4.8/Content/Maps/IlijaFlyingCharacter_BP.uasset'
[2015.07.02-19.32.25:973][749]BlueprintLog: New page: Compile IlijaFlyingCharacter_BP
[2015.07.02-19.32.26:126][749]LogUObjectGlobals:Warning: Guid is in use by SphereComponent /Game/Maps/TheMainMap.TheMainMap:PersistentLevel.IlijaFlyingCharacter_BP_C_0.CollisionComponent0 and SphereComponent /Game/Maps/TheMainMap.TheMainMap:PersistentLevel.IlijaFlyingCharacter_BP_C_1.CollisionComponent0, which should never happen in the editor but could happen at runtime with duplicate level loading or PIE
[2015.07.02-19.32.26:127][749]LogUObjectGlobals:Warning: Guid is in use by FloatingPawnMovement /Game/Maps/TheMainMap.TheMainMap:PersistentLevel.IlijaFlyingCharacter_BP_C_0.MovementComponent0 and FloatingPawnMovement /Game/Maps/TheMainMap.TheMainMap:PersistentLevel.IlijaFlyingCharacter_BP_C_1.MovementComponent0, which should never happen in the editor but could happen at runtime with duplicate level loading or PIE
[2015.07.02-19.32.26:127][749]LogUObjectGlobals:Warning: Guid is in use by StaticMeshComponent /Game/Maps/TheMainMap.TheMainMap:PersistentLevel.IlijaFlyingCharacter_BP_C_0.MeshComponent0 and StaticMeshComponent /Game/Maps/TheMainMap.TheMainMap:PersistentLevel.IlijaFlyingCharacter_BP_C_1.MeshComponent0, which should never happen in the editor but could happen at runtime with duplicate level loading or PIE
[2015.07.02-19.32.26:540][749]BlueprintEditorCompileResults: Info [0164.38] Compile of IlijaFlyingCharacter_BP successful! [in 567 ms]
[2015.07.02-19.33.39:247][968]BlueprintLog: New page: Compile TheMainMap
[2015.07.02-19.33.39:354][968]BlueprintEditorCompileResults: Info [0237.19] Compile of TheMainMap successful! [in 107 ms]
[2015.07.02-19.33.44:926][292]Cmd: OBJ SAVEPACKAGE PACKAGE="/Game/Maps/TheMainMap" FILE="../../../../../../Users/Ilija/Documents/ATLASrift/UProject 4.8/Content/Maps/TheMainMap.umap" SILENT=true AUTOSAVING=false KEEPDIRTY=false
[2015.07.02-19.33.45:116][292]LogSavePackage: Save=143.964798ms
[2015.07.02-19.33.45:116][292]LogSavePackage: Moving '../../../../../../Users/Ilija/Documents/ATLASrift/UProject 4.8/Saved/TheMainMapD2B2E1414842EA265064E49F5F6ED6F3.tmp' to '../../../../../../Users/Ilija/Documents/ATLASrift/UProject 4.8/Content/Maps/TheMainMap.umap'
[2015.07.02-19.33.45:152][292]LogFileHelpers: Saving map 'TheMainMap' took 0.333
[2015.07.02-19.34.33:207][166]BlueprintLog: New page: Compile TheMainMap
[2015.07.02-19.34.33:309][166]BlueprintEditorCompileResults: Info [0291.15] Compile of TheMainMap successful! [in 101 ms]
[2015.07.02-19.34.35:877][297]LogSavePackage: Save=146.948257ms
[2015.07.02-19.34.35:877][297]LogSavePackage: Moving '../../../../../../Users/Ilija/Documents/ATLASrift/UProject 4.8/Saved/UEDPCTheMainMap22B3D15546F8D850FBAA4E9C8E5345F5.tmp' to '../../../../../../Users/Ilija/Documents/ATLASrift/UProject 4.8/Saved/Autosaves/Game/Maps/UEDPCTheMainMap.umap'
[2015.07.02-19.42.30:421][280]Cmd: OBJ SAVEPACKAGE PACKAGE="/Game/BPs/Events/EventBP" FILE="../../../../../../Users/Ilija/Documents/ATLASrift/UProject 4.8/Content/BPs/Events/EventBP.uasset" SILENT=true
[2015.07.02-19.42.30:452][280]LogSavePackage: Save=12.906023ms
[2015.07.02-19.42.30:452][280]LogSavePackage: Moving '../../../../../../Users/Ilija/Documents/ATLASrift/UProject 4.8/Saved/EventBP96F37E204A1D65A95294B6AE6850B1C5.tmp' to '../../../../../../Users/Ilija/Documents/ATLASrift/UProject 4.8/Content/BPs/Events/EventBP.uasset'
[2015.07.02-19.42.30:791][300]BlueprintLog: New page: Compile EventBP
[2015.07.02-19.42.30:920][300]LogParticles: Destroying 0 GPU particle simulations for FXSystem 0x0000008DAABDE340
[2015.07.02-19.42.30:920][300]BlueprintEditorCompileResults: Info [0768.76] Compile of EventBP successful! [in 128 ms]
[2015.07.02-19.43.11:529][693]Cmd: OBJ SAVEPACKAGE PACKAGE="/Game/Maps/TheMainMap" FILE="../../../../../../Users/Ilija/Documents/ATLASrift/UProject 4.8/Content/Maps/TheMainMap.umap" SILENT=true AUTOSAVING=false KEEPDIRTY=false
[2015.07.02-19.43.11:735][693]LogSavePackage: Save=155.508209ms
[2015.07.02-19.43.11:735][693]LogSavePackage: Moving '../../../../../../Users/Ilija/Documents/ATLASrift/UProject 4.8/Saved/TheMainMap74FA1065436E1862301D41A40A0FE974.tmp' to '../../../../../../Users/Ilija/Documents/ATLASrift/UProject 4.8/Content/Maps/TheMainMap.umap'
[2015.07.02-19.43.11:773][693]LogFileHelpers: Saving map 'TheMainMap' took 0.428
[2015.07.02-19.43.15:215][877]LogSavePackage: Save=151.979950ms
[2015.07.02-19.43.15:215][877]LogSavePackage: Moving '../../../../../../Users/Ilija/Documents/ATLASrift/UProject 4.8/Saved/UEDPCTheMainMapD8BABC5D4DAA03DCFDC6D88BA6BCCBB8.tmp' to '../../../../../../Users/Ilija/Documents/ATLASrift/UProject 4.8/Saved/Autosaves/Game/Maps/UEDPCTheMainMap.umap'
[2015.07.02-19.48.56:640][ 62]Cmd: OBJ SAVEPACKAGE PACKAGE="/Game/Maps/IlijaFlyingCharacter_BP" FILE="../../../../../../Users/Ilija/Documents/ATLASrift/UProject 4.8/Content/Maps/IlijaFlyingCharacter_BP.uasset" SILENT=true
[2015.07.02-19.48.57:088][ 62]LogSavePackage: Save=427.179657ms
[2015.07.02-19.48.57:088][ 62]LogSavePackage: Moving '../../../../../../Users/Ilija/Documents/ATLASrift/UProject 4.8/Saved/IlijaFlyingCharacter_BPC3DB3E2A4E6A02E1CF2BB0A68C3BFF8A.tmp' to '../../../../../../Users/Ilija/Documents/ATLASrift/UProject 4.8/Content/Maps/IlijaFlyingCharacter_BP.uasset'
[2015.07.02-19.48.57:715][ 99]BlueprintLog: New page: Compile IlijaFlyingCharacter_BP
[2015.07.02-19.48.57:871][ 99]LogUObjectGlobals:Warning: Guid is in use by SphereComponent /Game/Maps/TheMainMap.TheMainMap:PersistentLevel.IlijaFlyingCharacter_BP_C_1.CollisionComponent0 and SphereComponent /Game/Maps/TheMainMap.TheMainMap:PersistentLevel.IlijaFlyingCharacter_BP_C_0.CollisionComponent0, which should never happen in the editor but could happen at runtime with duplicate level loading or PIE
[2015.07.02-19.48.57:871][ 99]LogUObjectGlobals:Warning: Guid is in use by FloatingPawnMovement /Game/Maps/TheMainMap.TheMainMap:PersistentLevel.IlijaFlyingCharacter_BP_C_1.MovementComponent0 and FloatingPawnMovement /Game/Maps/TheMainMap.TheMainMap:PersistentLevel.IlijaFlyingCharacter_BP_C_0.MovementComponent0, which should never happen in the editor but could happen at runtime with duplicate level loading or PIE
[2015.07.02-19.48.57:871][ 99]LogUObjectGlobals:Warning: Guid is in use by StaticMeshComponent /Game/Maps/TheMainMap.TheMainMap:PersistentLevel.IlijaFlyingCharacter_BP_C_1.MeshComponent0 and StaticMeshComponent /Game/Maps/TheMainMap.TheMainMap:PersistentLevel.IlijaFlyingCharacter_BP_C_0.MeshComponent0, which should never happen in the editor but could happen at runtime with duplicate level loading or PIE
[2015.07.02-19.48.58:006][ 99]BlueprintEditorCompileResults: Info [1155.84] Compile of IlijaFlyingCharacter_BP successful! [in 289 ms]
[2015.07.02-19.49.35:991][370]BlueprintLog: New page: Compile TheMainMap
[2015.07.02-19.49.36:094][370]BlueprintEditorCompileResults: Info [1193.93] Compile of TheMainMap successful! [in 102 ms]
[2015.07.02-19.49.40:876][642]Cmd: OBJ SAVEPACKAGE PACKAGE="/Game/Maps/TheMainMap" FILE="../../../../../../Users/Ilija/Documents/ATLASrift/UProject 4.8/Content/Maps/TheMainMap.umap" SILENT=true AUTOSAVING=false KEEPDIRTY=false
[2015.07.02-19.49.41:080][642]LogSavePackage: Save=148.748932ms
[2015.07.02-19.49.41:080][642]LogSavePackage: Moving '../../../../../../Users/Ilija/Documents/ATLASrift/UProject 4.8/Saved/TheMainMap387CBBF6435106BB6CE3DA86A899885C.tmp' to '../../../../../../Users/Ilija/Documents/ATLASrift/UProject 4.8/Content/Maps/TheMainMap.umap'
[2015.07.02-19.49.41:133][642]LogFileHelpers: Saving map 'TheMainMap' took 0.438
[2015.07.02-19.49.41:140][642]Cmd: OBJ SAVEPACKAGE PACKAGE="/Game/Maps/IlijaFlyingCharacter_BP" FILE="../../../../../../Users/Ilija/Documents/ATLASrift/UProject 4.8/Content/Maps/IlijaFlyingCharacter_BP.uasset" SILENT=true
[2015.07.02-19.49.41:591][642]LogSavePackage: Save=433.373627ms
[2015.07.02-19.49.41:591][642]LogSavePackage: Moving '../../../../../../Users/Ilija/Documents/ATLASrift/UProject 4.8/Saved/IlijaFlyingCharacter_BP243E9F4F4A0477D378353C92DCB0067F.tmp' to '../../../../../../Users/Ilija/Documents/ATLASrift/UProject 4.8/Content/Maps/IlijaFlyingCharacter_BP.uasset'
[2015.07.02-19.49.43:950][761]LogSavePackage: Save=152.470154ms
[2015.07.02-19.49.43:950][761]LogSavePackage: Moving '../../../../../../Users/Ilija/Documents/ATLASrift/UProject 4.8/Saved/UEDPCTheMainMap6D7955F6484D26B0BF59DA822BCEB3F3.tmp' to '../../../../../../Users/Ilija/Documents/ATLASrift/UProject 4.8/Saved/Autosaves/Game/Maps/UEDPCTheMainMap.umap'
[2015.07.02-19.52.26:527][264]BlueprintLog: New page: Compile TheMainMap
[2015.07.02-19.52.26:640][264]BlueprintEditorCompileResults: Info [1364.48] Compile of TheMainMap successful! [in 112 ms]
[2015.07.02-19.52.29:010][396]Cmd: OBJ SAVEPACKAGE PACKAGE="/Game/Maps/TheMainMap" FILE="../../../../../../Users/Ilija/Documents/ATLASrift/UProject 4.8/Content/Maps/TheMainMap.umap" SILENT=true AUTOSAVING=false KEEPDIRTY=false
[2015.07.02-19.52.29:221][396]LogSavePackage: Save=149.536362ms
[2015.07.02-19.52.29:221][396]LogSavePackage: Moving '../../../../../../Users/Ilija/Documents/ATLASrift/UProject 4.8/Saved/TheMainMap866874AF48CAD60E7D0B38A31E014686.tmp' to '../../../../../../Users/Ilija/Documents/ATLASrift/UProject 4.8/Content/Maps/TheMainMap.umap'
[2015.07.02-19.52.29:263][396]LogFileHelpers: Saving map 'TheMainMap' took 0.355
[2015.07.02-19.52.32:907][592]LogSavePackage: Save=148.113403ms
[2015.07.02-19.52.32:907][592]LogSavePackage: Moving '../../../../../../Users/Ilija/Documents/ATLASrift/UProject 4.8/Saved/UEDPCTheMainMapD93E49A14C397B7D2606F69BCF0F7C6A.tmp' to '../../../../../../Users/Ilija/Documents/ATLASrift/UProject 4.8/Saved/Autosaves/Game/Maps/UEDPCTheMainMap.umap'
[2015.07.02-19.56.25:911][298]Cmd: OBJ SAVEPACKAGE PACKAGE="/Game/Maps/TheMainMap" FILE="../../../../../../Users/Ilija/Documents/ATLASrift/UProject 4.8/Content/Maps/TheMainMap.umap" SILENT=true AUTOSAVING=false KEEPDIRTY=false
[2015.07.02-19.56.25:987][298]LogBlueprint:Error: Unable to bind event for node: K2Node_ActorBoundEvent_46 (Owner: IlijaFlyingCharacter_BP_C_0)! Can't get FMulticastScriptDelegate Target Delegate
[2015.07.02-19.56.26:127][298]LogSavePackage: Save=161.018600ms
[2015.07.02-19.56.26:127][298]LogSavePackage: Moving '../../../../../../Users/Ilija/Documents/ATLASrift/UProject 4.8/Saved/TheMainMapCBA513D44F884760DF2DD9B6CFB23E38.tmp' to '../../../../../../Users/Ilija/Documents/ATLASrift/UProject 4.8/Content/Maps/TheMainMap.umap'
[2015.07.02-19.56.26:168][298]LogFileHelpers: Saving map 'TheMainMap' took 0.441
[2015.07.02-19.56.26:175][298]Cmd: OBJ SAVEPACKAGE PACKAGE="/Game/Maps/IlijaFlyingCharacter_BP" FILE="../../../../../../Users/Ilija/Documents/ATLASrift/UProject 4.8/Content/Maps/IlijaFlyingCharacter_BP.uasset" SILENT=true
[2015.07.02-19.56.26:623][298]LogSavePackage: Save=424.881836ms
[2015.07.02-19.56.26:623][298]LogSavePackage: Moving '../../../../../../Users/Ilija/Documents/ATLASrift/UProject 4.8/Saved/IlijaFlyingCharacter_BPDDE3A98F4D20AEA05E0B5FA8605DD273.tmp' to '../../../../../../Users/Ilija/Documents/ATLASrift/UProject 4.8/Content/Maps/IlijaFlyingCharacter_BP.uasset'
[2015.07.02-19.56.28:996][424]LogBlueprint:Error: Unable to bind event for node: K2Node_ActorBoundEvent_46 (Owner: IlijaFlyingCharacter_BP_C_0)! Can't get FMulticastScriptDelegate Target Delegate
[2015.07.02-19.56.29:127][424]LogSavePackage: Save=147.961914ms
[2015.07.02-19.56.29:127][424]LogSavePackage: Moving '../../../../../../Users/Ilija/Documents/ATLASrift/UProject 4.8/Saved/UEDPCTheMainMapB9E883034DAD975FC279E5A90FF37572.tmp' to '../../../../../../Users/Ilija/Documents/ATLASrift/UProject 4.8/Saved/Autosaves/Game/Maps/UEDPCTheMainMap.umap'
[2015.07.02-19.57.36:436][669]BlueprintLog: New page: Compile IlijaFlyingCharacter_BP
[2015.07.02-19.57.36:579][669]LogBlueprint:Error: [compiler IlijaFlyingCharacter_BP] Error Could not find an event-dispatcher named "myTimeLineEventDispatcher" in 'IlijaFlyingCharacter_BP_C'.
Make sure 'IlijaFlyingCharacter_BP_C' has been compiled for  Call myTimeLineEventDispatcher 
[2015.07.02-19.57.36:587][669]LogUObjectGlobals:Warning: Guid is in use by SphereComponent /Game/Maps/TheMainMap.TheMainMap:PersistentLevel.IlijaFlyingCharacter_BP_C_0.CollisionComponent0 and SphereComponent /Game/Maps/TheMainMap.TheMainMap:PersistentLevel.IlijaFlyingCharacter_BP_C_1.CollisionComponent0, which should never happen in the editor but could happen at runtime with duplicate level loading or PIE
[2015.07.02-19.57.36:587][669]LogUObjectGlobals:Warning: Guid is in use by FloatingPawnMovement /Game/Maps/TheMainMap.TheMainMap:PersistentLevel.IlijaFlyingCharacter_BP_C_0.MovementComponent0 and FloatingPawnMovement /Game/Maps/TheMainMap.TheMainMap:PersistentLevel.IlijaFlyingCharacter_BP_C_1.MovementComponent0, which should never happen in the editor but could happen at runtime with duplicate level loading or PIE
[2015.07.02-19.57.36:587][669]LogUObjectGlobals:Warning: Guid is in use by StaticMeshComponent /Game/Maps/TheMainMap.TheMainMap:PersistentLevel.IlijaFlyingCharacter_BP_C_0.MeshComponent0 and StaticMeshComponent /Game/Maps/TheMainMap.TheMainMap:PersistentLevel.IlijaFlyingCharacter_BP_C_1.MeshComponent0, which should never happen in the editor but could happen at runtime with duplicate level loading or PIE
[2015.07.02-19.57.36:737][669]LogUObjectGlobals:Warning: Guid is in use by SphereComponent /Game/Maps/TheMainMap.TheMainMap:PersistentLevel.IlijaFlyingCharacter_BP_C_1.CollisionComponent0 and SphereComponent /Game/Maps/TheMainMap.TheMainMap:PersistentLevel.IlijaFlyingCharacter_BP_C_2.CollisionComponent0, which should never happen in the editor but could happen at runtime with duplicate level loading or PIE
[2015.07.02-19.57.36:737][669]LogUObjectGlobals:Warning: Guid is in use by FloatingPawnMovement /Game/Maps/TheMainMap.TheMainMap:PersistentLevel.IlijaFlyingCharacter_BP_C_1.MovementComponent0 and FloatingPawnMovement /Game/Maps/TheMainMap.TheMainMap:PersistentLevel.IlijaFlyingCharacter_BP_C_2.MovementComponent0, which should never happen in the editor but could happen at runtime with duplicate level loading or PIE
[2015.07.02-19.57.36:737][669]LogUObjectGlobals:Warning: Guid is in use by StaticMeshComponent /Game/Maps/TheMainMap.TheMainMap:PersistentLevel.IlijaFlyingCharacter_BP_C_1.MeshComponent0 and StaticMeshComponent /Game/Maps/TheMainMap.TheMainMap:PersistentLevel.IlijaFlyingCharacter_BP_C_2.MeshComponent0, which should never happen in the editor but could happen at runtime with duplicate level loading or PIE
[2015.07.02-19.57.36:922][669]LogBlueprint:Warning: [compiler IlijaFlyingCharacter_BP] Warning [1674.76] Compile of IlijaFlyingCharacter_BP failed. 1 Fatal Issue(s) 0 Warning(s) [in 485 ms]
[2015.07.02-19.57.36:922][669]BlueprintEditorCompileResults:Error: Error Could not find an event-dispatcher named "myTimeLineEventDispatcher" in 'IlijaFlyingCharacter_BP_C'.
Make sure 'IlijaFlyingCharacter_BP_C' has been compiled for  Call myTimeLineEventDispatcher 
[2015.07.02-19.57.36:922][669]BlueprintEditorCompileResults:Warning: Warning [1674.76] Compile of IlijaFlyingCharacter_BP failed. 1 Fatal Issue(s) 0 Warning(s) [in 485 ms]
[2015.07.02-19.57.47:852][319]BlueprintLog: New page: Compile IlijaFlyingCharacter_BP
[2015.07.02-19.57.48:007][319]LogUObjectGlobals:Warning: Guid is in use by SphereComponent /Game/Maps/TheMainMap.TheMainMap:PersistentLevel.IlijaFlyingCharacter_BP_C_2.CollisionComponent0 and SphereComponent /Game/Maps/TheMainMap.TheMainMap:PersistentLevel.IlijaFlyingCharacter_BP_C_0.CollisionComponent0, which should never happen in the editor but could happen at runtime with duplicate level loading or PIE
[2015.07.02-19.57.48:007][319]LogUObjectGlobals:Warning: Guid is in use by FloatingPawnMovement /Game/Maps/TheMainMap.TheMainMap:PersistentLevel.IlijaFlyingCharacter_BP_C_2.MovementComponent0 and FloatingPawnMovement /Game/Maps/TheMainMap.TheMainMap:PersistentLevel.IlijaFlyingCharacter_BP_C_0.MovementComponent0, which should never happen in the editor but could happen at runtime with duplicate level loading or PIE
[2015.07.02-19.57.48:007][319]LogUObjectGlobals:Warning: Guid is in use by StaticMeshComponent /Game/Maps/TheMainMap.TheMainMap:PersistentLevel.IlijaFlyingCharacter_BP_C_2.MeshComponent0 and StaticMeshComponent /Game/Maps/TheMainMap.TheMainMap:PersistentLevel.IlijaFlyingCharacter_BP_C_0.MeshComponent0, which should never happen in the editor but could happen at runtime with duplicate level loading or PIE
[2015.07.02-19.57.48:190][319]BlueprintEditorCompileResults: Info [1686.03] Compile of IlijaFlyingCharacter_BP successful! [in 337 ms]
[2015.07.02-19.57.51:953][538]Cmd: OBJ SAVEPACKAGE PACKAGE="/Game/Maps/IlijaFlyingCharacter_BP" FILE="../../../../../../Users/Ilija/Documents/ATLASrift/UProject 4.8/Content/Maps/IlijaFlyingCharacter_BP.uasset" SILENT=true
[2015.07.02-19.57.52:386][538]LogSavePackage: Save=413.756775ms
[2015.07.02-19.57.52:386][538]LogSavePackage: Moving '../../../../../../Users/Ilija/Documents/ATLASrift/UProject 4.8/Saved/IlijaFlyingCharacter_BPCD2FA0DB426CC230744CEDA656763C21.tmp' to '../../../../../../Users/Ilija/Documents/ATLASrift/UProject 4.8/Content/Maps/IlijaFlyingCharacter_BP.uasset'
[2015.07.02-19.57.53:852][603]LogSavePackage: Save=149.958008ms
[2015.07.02-19.57.53:852][603]LogSavePackage: Moving '../../../../../../Users/Ilija/Documents/ATLASrift/UProject 4.8/Saved/UEDPCTheMainMap4EF405334CE4137B7363B8ADF3D4798A.tmp' to '../../../../../../Users/Ilija/Documents/ATLASrift/UProject 4.8/Saved/Autosaves/Game/Maps/UEDPCTheMainMap.umap'
[2015.07.02-19.58.41:483][234]LogActorComponent: UnregisterComponent: (/Engine/Transient.EditorFloorComp) Not registered. Aborting.
[2015.07.02-20.06.26:045][ 82]LogParticles: Destroying 0 GPU particle simulations for FXSystem 0x0000008DEAEC9440
[2015.07.02-20.06.26:047][ 82]LogParticles: Destroying 0 GPU particle simulations for FXSystem 0x0000008DB1F2A7A0
[2015.07.02-20.06.26:047][ 82]LogParticles: Destroying 0 GPU particle simulations for FXSystem 0x0000008DE0C285E0
[2015.07.02-20.06.26:245][ 82]LogSavePackage: Save=153.496933ms
[2015.07.02-20.06.26:245][ 82]LogSavePackage: Moving '../../../../../../Users/Ilija/Documents/ATLASrift/UProject 4.8/Saved/TheMainMap_Auto1794E77914109E5F1F46F0DB797ECF390.tmp' to '../../../../../../Users/Ilija/Documents/ATLASrift/UProject 4.8/Saved/Autosaves/Game/Maps/TheMainMap_Auto1.umap'
[2015.07.02-20.06.26:250][ 82]LogFileHelpers: Editor autosave (incl. sublevels) for '/Game/Maps/TheMainMap' took 0.230
[2015.07.02-20.06.26:250][ 82]LogFileHelpers: Editor autosave (incl. sublevels) for all levels took 0.230
[2015.07.02-20.07.07:390][532]LogEditorViewport: Clicking on Actor (LMB): StaticMeshActor (9)
[2015.07.02-20.07.34:223][122]Cmd: OBJ SAVEPACKAGE PACKAGE="/Game/Maps/TheMainMap" FILE="../../../../../../Users/Ilija/Documents/ATLASrift/UProject 4.8/Content/Maps/TheMainMap.umap" SILENT=true AUTOSAVING=false KEEPDIRTY=false
[2015.07.02-20.07.34:418][122]LogSavePackage: Save=144.926315ms
[2015.07.02-20.07.34:418][122]LogSavePackage: Moving '../../../../../../Users/Ilija/Documents/ATLASrift/UProject 4.8/Saved/TheMainMapAF04E4C74C9CF057AAD068AE1397DE53.tmp' to '../../../../../../Users/Ilija/Documents/ATLASrift/UProject 4.8/Content/Maps/TheMainMap.umap'
[2015.07.02-20.07.34:461][122]LogFileHelpers: Saving map 'TheMainMap' took 0.420
[2015.07.02-20.08.39:823][ 18]LogSlate:Warning: Prevented a slow task dialog from being summoned while a context menu was open
[2015.07.02-20.09.42:662][766]LogActor:Warning: GameNetworkManager /Engine/Transient.World_9:PersistentLevel.GameNetworkManager_0 has natively added scene component(s), but none of them were set as the actor's RootComponent - picking one arbitrarily
[2015.07.02-20.11.03:057][585]LogEditorActor: Deleted Actor: PointLight
[2015.07.02-20.11.03:090][585]LogParticles: Destroying 0 GPU particle simulations for FXSystem 0x0000008DE0CB0D60
[2015.07.02-20.11.03:090][585]LogParticles: Destroying 0 GPU particle simulations for FXSystem 0x0000008DB753CCC0
[2015.07.02-20.11.03:104][585]LogEditorActor: Deleted 1 Actors (0.048 secs)
[2015.07.02-20.11.53:147][538]LogRenderer: Reallocating scene render targets to support 1104x928 (Frame:104108).
[2015.07.02-20.13.42:241][238]BlueprintLog: New page: Compile IlijaFlyingCharacter_BP
[2015.07.02-20.13.42:386][238]LogBlueprint:Error: [compiler IlijaFlyingCharacter_BP] Error Event Dispatcher pin is not connected  Bind Event to TimeLineDispatch 
[2015.07.02-20.13.42:395][238]LogUObjectGlobals:Warning: Guid is in use by SphereComponent /Game/Maps/TheMainMap.TheMainMap:PersistentLevel.IlijaFlyingCharacter_BP_C_0.CollisionComponent0 and SphereComponent /Game/Maps/TheMainMap.TheMainMap:PersistentLevel.IlijaFlyingCharacter_BP_C_1.CollisionComponent0, which should never happen in the editor but could happen at runtime with duplicate level loading or PIE
[2015.07.02-20.13.42:395][238]LogUObjectGlobals:Warning: Guid is in use by FloatingPawnMovement /Game/Maps/TheMainMap.TheMainMap:PersistentLevel.IlijaFlyingCharacter_BP_C_0.MovementComponent0 and FloatingPawnMovement /Game/Maps/TheMainMap.TheMainMap:PersistentLevel.IlijaFlyingCharacter_BP_C_1.MovementComponent0, which should never happen in the editor but could happen at runtime with duplicate level loading or PIE
[2015.07.02-20.13.42:395][238]LogUObjectGlobals:Warning: Guid is in use by StaticMeshComponent /Game/Maps/TheMainMap.TheMainMap:PersistentLevel.IlijaFlyingCharacter_BP_C_0.MeshComponent0 and StaticMeshComponent /Game/Maps/TheMainMap.TheMainMap:PersistentLevel.IlijaFlyingCharacter_BP_C_1.MeshComponent0, which should never happen in the editor but could happen at runtime with duplicate level loading or PIE
[2015.07.02-20.13.42:494][238]LogUObjectGlobals:Warning: Guid is in use by SphereComponent /Game/Maps/TheMainMap.TheMainMap:PersistentLevel.IlijaFlyingCharacter_BP_C_1.CollisionComponent0 and SphereComponent /Game/Maps/TheMainMap.TheMainMap:PersistentLevel.IlijaFlyingCharacter_BP_C_2.CollisionComponent0, which should never happen in the editor but could happen at runtime with duplicate level loading or PIE
[2015.07.02-20.13.42:494][238]LogUObjectGlobals:Warning: Guid is in use by FloatingPawnMovement /Game/Maps/TheMainMap.TheMainMap:PersistentLevel.IlijaFlyingCharacter_BP_C_1.MovementComponent0 and FloatingPawnMovement /Game/Maps/TheMainMap.TheMainMap:PersistentLevel.IlijaFlyingCharacter_BP_C_2.MovementComponent0, which should never happen in the editor but could happen at runtime with duplicate level loading or PIE
[2015.07.02-20.13.42:494][238]LogUObjectGlobals:Warning: Guid is in use by StaticMeshComponent /Game/Maps/TheMainMap.TheMainMap:PersistentLevel.IlijaFlyingCharacter_BP_C_1.MeshComponent0 and StaticMeshComponent /Game/Maps/TheMainMap.TheMainMap:PersistentLevel.IlijaFlyingCharacter_BP_C_2.MeshComponent0, which should never happen in the editor but could happen at runtime with duplicate level loading or PIE
[2015.07.02-20.13.42:620][238]LogBlueprint:Warning: [compiler IlijaFlyingCharacter_BP] Warning [2640.46] Compile of IlijaFlyingCharacter_BP failed. 1 Fatal Issue(s) 0 Warning(s) [in 378 ms]
[2015.07.02-20.13.42:620][238]BlueprintEditorCompileResults:Error: Error Event Dispatcher pin is not connected  Bind Event to TimeLineDispatch 
[2015.07.02-20.13.42:620][238]BlueprintEditorCompileResults:Warning: Warning [2640.46] Compile of IlijaFlyingCharacter_BP failed. 1 Fatal Issue(s) 0 Warning(s) [in 378 ms]
[2015.07.02-20.14.18:753][374]BlueprintLog: New page: Compile IlijaFlyingCharacter_BP
[2015.07.02-20.14.18:909][374]LogUObjectGlobals:Warning: Guid is in use by SphereComponent /Game/Maps/TheMainMap.TheMainMap:PersistentLevel.IlijaFlyingCharacter_BP_C_2.CollisionComponent0 and SphereComponent /Game/Maps/TheMainMap.TheMainMap:PersistentLevel.IlijaFlyingCharacter_BP_C_1.CollisionComponent0, which should never happen in the editor but could happen at runtime with duplicate level loading or PIE
[2015.07.02-20.14.18:909][374]LogUObjectGlobals:Warning: Guid is in use by FloatingPawnMovement /Game/Maps/TheMainMap.TheMainMap:PersistentLevel.IlijaFlyingCharacter_BP_C_2.MovementComponent0 and FloatingPawnMovement /Game/Maps/TheMainMap.TheMainMap:PersistentLevel.IlijaFlyingCharacter_BP_C_1.MovementComponent0, which should never happen in the editor but could happen at runtime with duplicate level loading or PIE
[2015.07.02-20.14.18:909][374]LogUObjectGlobals:Warning: Guid is in use by StaticMeshComponent /Game/Maps/TheMainMap.TheMainMap:PersistentLevel.IlijaFlyingCharacter_BP_C_2.MeshComponent0 and StaticMeshComponent /Game/Maps/TheMainMap.TheMainMap:PersistentLevel.IlijaFlyingCharacter_BP_C_1.MeshComponent0, which should never happen in the editor but could happen at runtime with duplicate level loading or PIE
[2015.07.02-20.14.19:047][374]BlueprintEditorCompileResults: Info [2676.89] Compile of IlijaFlyingCharacter_BP successful! [in 294 ms]
[2015.07.02-20.14.49:656][205]Cmd: OBJ SAVEPACKAGE PACKAGE="/Game/Maps/IlijaFlyingCharacter_BP" FILE="../../../../../../Users/Ilija/Documents/ATLASrift/UProject 4.8/Content/Maps/IlijaFlyingCharacter_BP.uasset" SILENT=true
[2015.07.02-20.14.50:106][205]LogSavePackage: Save=429.346558ms
[2015.07.02-20.14.50:106][205]LogSavePackage: Moving '../../../../../../Users/Ilija/Documents/ATLASrift/UProject 4.8/Saved/IlijaFlyingCharacter_BPB850128E403F10798B712C93139A8359.tmp' to '../../../../../../Users/Ilija/Documents/ATLASrift/UProject 4.8/Content/Maps/IlijaFlyingCharacter_BP.uasset'
[2015.07.02-20.14.52:220][304]LogSavePackage: Save=146.274963ms
[2015.07.02-20.14.52:220][304]LogSavePackage: Moving '../../../../../../Users/Ilija/Documents/ATLASrift/UProject 4.8/Saved/UEDPCTheMainMap05DA99B54A2110BD9C21569602181FE5.tmp' to '../../../../../../Users/Ilija/Documents/ATLASrift/UProject 4.8/Saved/Autosaves/Game/Maps/UEDPCTheMainMap.umap'
[2015.07.02-20.17.58:543][798]BlueprintLog: New page: Compile IlijaFlyingCharacter_BP
[2015.07.02-20.17.58:702][798]LogUObjectGlobals:Warning: Guid is in use by SphereComponent /Game/Maps/TheMainMap.TheMainMap:PersistentLevel.IlijaFlyingCharacter_BP_C_1.CollisionComponent0 and SphereComponent /Game/Maps/TheMainMap.TheMainMap:PersistentLevel.IlijaFlyingCharacter_BP_C_3.CollisionComponent0, which should never happen in the editor but could happen at runtime with duplicate level loading or PIE
[2015.07.02-20.17.58:702][798]LogUObjectGlobals:Warning: Guid is in use by FloatingPawnMovement /Game/Maps/TheMainMap.TheMainMap:PersistentLevel.IlijaFlyingCharacter_BP_C_1.MovementComponent0 and FloatingPawnMovement /Game/Maps/TheMainMap.TheMainMap:PersistentLevel.IlijaFlyingCharacter_BP_C_3.MovementComponent0, which should never happen in the editor but could happen at runtime with duplicate level loading or PIE
[2015.07.02-20.17.58:702][798]LogUObjectGlobals:Warning: Guid is in use by StaticMeshComponent /Game/Maps/TheMainMap.TheMainMap:PersistentLevel.IlijaFlyingCharacter_BP_C_1.MeshComponent0 and StaticMeshComponent /Game/Maps/TheMainMap.TheMainMap:PersistentLevel.IlijaFlyingCharacter_BP_C_3.MeshComponent0, which should never happen in the editor but could happen at runtime with duplicate level loading or PIE
[2015.07.02-20.17.58:858][798]BlueprintEditorCompileResults: Info [2896.70] Compile of IlijaFlyingCharacter_BP successful! [in 314 ms]
[2015.07.02-20.20.52:559][  3]BlueprintLog: New page: Compile TheMainMap
[2015.07.02-20.20.52:577][  3]LogBlueprint:Error: [compiler TheMainMap] Error This blueprint (self) is not a IlijaFlyingCharacter_BP_C, therefore ' Target ' must have a connection.
[2015.07.02-20.20.52:577][  3]LogBlueprint:Error: [compiler TheMainMap] Error Event signature error:  Function cannot be used in delegate.  TimeLineDispatch (IlijaFlyingCharacter_BP) 
[2015.07.02-20.20.52:744][  3]LogBlueprint:Warning: [compiler TheMainMap] Warning [3070.58] Compile of TheMainMap failed. 2 Fatal Issue(s) 0 Warning(s) [in 185 ms]
[2015.07.02-20.20.52:744][  3]BlueprintEditorCompileResults:Error: Error This blueprint (self) is not a IlijaFlyingCharacter_BP_C, therefore ' Target ' must have a connection.
[2015.07.02-20.20.52:744][  3]BlueprintEditorCompileResults:Error: Error Event signature error:  Function cannot be used in delegate.  TimeLineDispatch (IlijaFlyingCharacter_BP) 
[2015.07.02-20.20.52:744][  3]BlueprintEditorCompileResults:Warning: Warning [3070.58] Compile of TheMainMap failed. 2 Fatal Issue(s) 0 Warning(s) [in 185 ms]
[2015.07.02-20.21.45:809][173]LogBlueprint:Error: [compiler TheMainMap] Error This blueprint (self) is not a IlijaFlyingCharacter_BP_C, therefore ' Target ' must have a connection.
[2015.07.02-20.21.45:810][173]LogBlueprint:Error: [compiler TheMainMap] Error Event signature error:  Function cannot be used in delegate.  TimeLineDispatch (IlijaFlyingCharacter_BP) 
[2015.07.02-20.21.45:909][173]LogBlueprint:Warning: [compiler TheMainMap] Warning [3123.75] Compile of TheMainMap failed. 2 Fatal Issue(s) 0 Warning(s) [in 113 ms]
[2015.07.02-20.21.45:910][173]LogBlueprint:Warning: [compiler TheMainMap] Warning [3123.75] Compile of TheMainMap failed. 2 Fatal Issue(s) 1 Warning(s) [in 0 ms]
[2015.07.02-20.21.45:910][173]LogBlueprint:Warning: [compiler TheMainMap] Warning [3123.75] Compile of TheMainMap failed. 2 Fatal Issue(s) 2 Warning(s) [in 0 ms]
[2015.07.02-20.21.45:910][173]LogBlueprint:Warning: [compiler TheMainMap] Warning [3123.75] Compile of TheMainMap failed. 2 Fatal Issue(s) 3 Warning(s) [in 0 ms]
[2015.07.02-20.21.45:921][173]LogBlueprint:Warning: [compiler TheMainMap] Warning [3123.76] Compile of TheMainMap failed. 2 Fatal Issue(s) 4 Warning(s) [in 10 ms]
[2015.07.02-20.21.45:921][173]LogBlueprint:Warning: [compiler TheMainMap] Warning [3123.76] Compile of TheMainMap failed. 2 Fatal Issue(s) 5 Warning(s) [in 0 ms]
[2015.07.02-20.21.46:007][173]LogSavePackage: Save=215.988266ms
[2015.07.02-20.21.46:007][173]LogSavePackage: Moving '../../../../../../Users/Ilija/Documents/ATLASrift/UProject 4.8/Saved/TheMainMap_Auto2EFFCB8A94BB3841FA23B65BE2D5B7587.tmp' to '../../../../../../Users/Ilija/Documents/ATLASrift/UProject 4.8/Saved/Autosaves/Game/Maps/TheMainMap_Auto2.umap'
[2015.07.02-20.21.46:012][173]LogFileHelpers: Editor autosave (incl. sublevels) for '/Game/Maps/TheMainMap' took 0.293
[2015.07.02-20.21.46:012][173]LogFileHelpers: Editor autosave (incl. sublevels) for all levels took 0.293
[2015.07.02-20.21.46:019][173]OBJ SavePackage: Generating thumbnails for [0] asset(s) in package [/Game/Maps/IlijaFlyingCharacter_BP] ([1] browsable assets)...
[2015.07.02-20.21.46:019][173]OBJ SavePackage: Finished generating thumbnails for package [/Game/Maps/IlijaFlyingCharacter_BP]
[2015.07.02-20.21.46:474][173]LogSavePackage: Save=436.011810ms
[2015.07.02-20.21.46:474][173]LogSavePackage: Moving '../../../../../../Users/Ilija/Documents/ATLASrift/UProject 4.8/Saved/IlijaFlyingCharacter_BP_Auto2F3AE4EAD464333AB68706F8795AEBA6F.tmp' to '../../../../../../Users/Ilija/Documents/ATLASrift/UProject 4.8/Saved/Autosaves/Game/Maps/IlijaFlyingCharacter_BP_Auto2.uasset'
[2015.07.02-20.21.46:477][173]LogFileHelpers: Auto-saving content packages took 0.464
[2015.07.02-20.22.19:322][897]BlueprintLog: New page: Compile TheMainMap
[2015.07.02-20.22.19:343][897]LogBlueprint:Error: [compiler TheMainMap] Error Event signature error:  Function cannot be used in delegate.  TimeLineDispatch (IlijaFlyingCharacter_BP) 
[2015.07.02-20.22.19:527][897]LogBlueprint:Warning: [compiler TheMainMap] Warning [3157.36] Compile of TheMainMap failed. 1 Fatal Issue(s) 0 Warning(s) [in 204 ms]
[2015.07.02-20.22.19:527][897]BlueprintEditorCompileResults:Error: Error Event signature error:  Function cannot be used in delegate.  TimeLineDispatch (IlijaFlyingCharacter_BP) 
[2015.07.02-20.22.19:527][897]BlueprintEditorCompileResults:Warning: Warning [3157.36] Compile of TheMainMap failed. 1 Fatal Issue(s) 0 Warning(s) [in 204 ms]
[2015.07.02-20.22.39:082][ 24]BlueprintLog: New page: Compile TheMainMap
[2015.07.02-20.22.39:101][ 24]LogBlueprint:Error: [compiler TheMainMap] Error Event Dispatcher pin is not connected  Bind Event to TimeLineDispatch 
[2015.07.02-20.22.39:281][ 24]LogBlueprint:Warning: [compiler TheMainMap] Warning [3177.12] Compile of TheMainMap failed. 1 Fatal Issue(s) 0 Warning(s) [in 198 ms]
[2015.07.02-20.22.39:281][ 24]BlueprintEditorCompileResults:Error: Error Event Dispatcher pin is not connected  Bind Event to TimeLineDispatch 
[2015.07.02-20.22.39:281][ 24]BlueprintEditorCompileResults:Warning: Warning [3177.12] Compile of TheMainMap failed. 1 Fatal Issue(s) 0 Warning(s) [in 198 ms]
[2015.07.02-20.27.34:767][426]LogActor:Warning: GameNetworkManager /Engine/Transient.World_12:PersistentLevel.GameNetworkManager_1 has natively added scene component(s), but none of them were set as the actor's RootComponent - picking one arbitrarily
[2015.07.02-20.33.33:767][364]LogParticles: Destroying 0 GPU particle simulations for FXSystem 0x0000008DC599BBA0
[2015.07.02-20.33.33:991][364]LogSavePackage: Save=180.481918ms
[2015.07.02-20.33.33:991][364]LogSavePackage: Moving '../../../../../../Users/Ilija/Documents/ATLASrift/UProject 4.8/Saved/TheMainMap_Auto39C226E2842393C7B97EC4EBF2AB8F622.tmp' to '../../../../../../Users/Ilija/Documents/ATLASrift/UProject 4.8/Saved/Autosaves/Game/Maps/TheMainMap_Auto3.umap'
[2015.07.02-20.33.33:997][364]LogFileHelpers: Editor autosave (incl. sublevels) for '/Game/Maps/TheMainMap' took 0.262
[2015.07.02-20.33.33:997][364]LogFileHelpers: Editor autosave (incl. sublevels) for all levels took 0.262
[2015.07.02-20.33.34:007][364]OBJ SavePackage: Generating thumbnails for [1] asset(s) in package [/Game/BPs/rmuonbarrelout_Blueprint] ([1] browsable assets)...
[2015.07.02-20.33.34:029][364]OBJ SavePackage:     Rendered thumbnail for [Blueprint /Game/BPs/rmuonbarrelout_Blueprint.rmuonbarrelout_Blueprint]
[2015.07.02-20.33.34:029][364]OBJ SavePackage: Finished generating thumbnails for package [/Game/BPs/rmuonbarrelout_Blueprint]
[2015.07.02-20.33.34:070][364]LogSavePackage: Save=22.328947ms
[2015.07.02-20.33.34:070][364]LogSavePackage: Moving '../../../../../../Users/Ilija/Documents/ATLASrift/UProject 4.8/Saved/rmuonbarrelout_Blueprint_Auto30182710144F5104E7DED01A5E11C92CF.tmp' to '../../../../../../Users/Ilija/Documents/ATLASrift/UProject 4.8/Saved/Autosaves/Game/BPs/rmuonbarrelout_Blueprint_Auto3.uasset'
[2015.07.02-20.33.34:072][364]LogFileHelpers: Auto-saving content packages took 0.072
[2015.07.02-20.40.19:735][ 82]BlueprintLog: New page: Compile TheMainMap
[2015.07.02-20.40.19:824][ 82]LogParticles: Destroying 0 GPU particle simulations for FXSystem 0x0000008DAA68A840
[2015.07.02-20.40.19:857][ 82]BlueprintEditorCompileResults: Info [4237.69] Compile of TheMainMap successful! [in 121 ms]
[2015.07.02-20.40.57:156][275]BlueprintLog: New page: Compile TheMainMap
[2015.07.02-20.40.57:175][275]LogBlueprint:Error: [compiler TheMainMap] Error Event Dispatcher pin is not connected  Bind Event to TimeLineDispatch 
[2015.07.02-20.40.57:362][275]LogBlueprint:Warning: [compiler TheMainMap] Warning [4275.20] Compile of TheMainMap failed. 1 Fatal Issue(s) 0 Warning(s) [in 206 ms]
[2015.07.02-20.40.57:362][275]BlueprintEditorCompileResults:Error: Error Event Dispatcher pin is not connected  Bind Event to TimeLineDispatch 
[2015.07.02-20.40.57:362][275]BlueprintEditorCompileResults:Warning: Warning [4275.20] Compile of TheMainMap failed. 1 Fatal Issue(s) 0 Warning(s) [in 206 ms]
[2015.07.02-20.42.19:307][104]BlueprintLog: New page: Compile TheMainMap
[2015.07.02-20.42.19:328][104]LogBlueprint:Error: [compiler TheMainMap] Error Event signature error:  Function cannot be used in delegate.  Event BeginPlay 
[2015.07.02-20.42.19:505][104]LogBlueprint:Warning: [compiler TheMainMap] Warning [4357.34] Compile of TheMainMap failed. 1 Fatal Issue(s) 0 Warning(s) [in 198 ms]
[2015.07.02-20.42.19:505][104]BlueprintEditorCompileResults:Error: Error Event signature error:  Function cannot be used in delegate.  Event BeginPlay 
[2015.07.02-20.42.19:505][104]BlueprintEditorCompileResults:Warning: Warning [4357.34] Compile of TheMainMap failed. 1 Fatal Issue(s) 0 Warning(s) [in 198 ms]
[2015.07.02-20.42.52:498][ 82]BlueprintLog: New page: Compile TheMainMap
[2015.07.02-20.42.52:518][ 82]LogBlueprint:Error: [compiler TheMainMap] Error Event signature error:  Function cannot be used in delegate.  TimeLineDispatch (IlijaFlyingCharacter_BP) 
[2015.07.02-20.42.52:695][ 82]LogBlueprint:Warning: [compiler TheMainMap] Warning [4390.53] Compile of TheMainMap failed. 1 Fatal Issue(s) 0 Warning(s) [in 197 ms]
[2015.07.02-20.42.52:696][ 82]BlueprintEditorCompileResults:Error: Error Event signature error:  Function cannot be used in delegate.  TimeLineDispatch (IlijaFlyingCharacter_BP) 
[2015.07.02-20.42.52:696][ 82]BlueprintEditorCompileResults:Warning: Warning [4390.53] Compile of TheMainMap failed. 1 Fatal Issue(s) 0 Warning(s) [in 197 ms]
[2015.07.02-20.43.54:610][782]LogBlueprint:Error: [compiler TheMainMap] Error Event signature error:  Function cannot be used in delegate.  TimeLineDispatch (IlijaFlyingCharacter_BP) 
[2015.07.02-20.43.54:742][782]LogBlueprint:Warning: [compiler TheMainMap] Warning [4452.58] Compile of TheMainMap failed. 1 Fatal Issue(s) 0 Warning(s) [in 147 ms]
[2015.07.02-20.43.54:742][782]LogBlueprint:Warning: [compiler TheMainMap] Warning [4452.58] Compile of TheMainMap failed. 1 Fatal Issue(s) 1 Warning(s) [in 0 ms]
[2015.07.02-20.43.54:742][782]LogBlueprint:Warning: [compiler TheMainMap] Warning [4452.58] Compile of TheMainMap failed. 1 Fatal Issue(s) 2 Warning(s) [in 0 ms]
[2015.07.02-20.43.54:742][782]LogBlueprint:Warning: [compiler TheMainMap] Warning [4452.58] Compile of TheMainMap failed. 1 Fatal Issue(s) 3 Warning(s) [in 0 ms]
[2015.07.02-20.43.54:753][782]LogBlueprint:Warning: [compiler TheMainMap] Warning [4452.59] Compile of TheMainMap failed. 1 Fatal Issue(s) 4 Warning(s) [in 10 ms]
[2015.07.02-20.43.54:753][782]LogBlueprint:Warning: [compiler TheMainMap] Warning [4452.59] Compile of TheMainMap failed. 1 Fatal Issue(s) 5 Warning(s) [in 0 ms]
[2015.07.02-20.43.54:836][782]LogSavePackage: Save=246.064682ms
[2015.07.02-20.43.54:836][782]LogSavePackage: Moving '../../../../../../Users/Ilija/Documents/ATLASrift/UProject 4.8/Saved/TheMainMap_Auto4F29946914D2F9D620C29979D2FFE7249.tmp' to '../../../../../../Users/Ilija/Documents/ATLASrift/UProject 4.8/Saved/Autosaves/Game/Maps/TheMainMap_Auto4.umap'
[2015.07.02-20.43.54:840][782]LogFileHelpers: Editor autosave (incl. sublevels) for '/Game/Maps/TheMainMap' took 0.320
[2015.07.02-20.43.54:840][782]LogFileHelpers: Editor autosave (incl. sublevels) for all levels took 0.320
[2015.07.02-20.46.36:506][438]BlueprintLog: New page: Compile TheMainMap
[2015.07.02-20.46.36:627][438]BlueprintEditorCompileResults: Info [4614.46] Compile of TheMainMap successful! [in 119 ms]
[2015.07.02-20.46.55:274][533]Cmd: OBJ SAVEPACKAGE PACKAGE="/Game/Maps/TheMainMap" FILE="../../../../../../Users/Ilija/Documents/ATLASrift/UProject 4.8/Content/Maps/TheMainMap.umap" SILENT=true AUTOSAVING=false KEEPDIRTY=false
[2015.07.02-20.46.55:477][533]LogSavePackage: Save=150.929764ms
[2015.07.02-20.46.55:477][533]LogSavePackage: Moving '../../../../../../Users/Ilija/Documents/ATLASrift/UProject 4.8/Saved/TheMainMapF5F8512447AF21A0B39D609E44451C9E.tmp' to '../../../../../../Users/Ilija/Documents/ATLASrift/UProject 4.8/Content/Maps/TheMainMap.umap'
[2015.07.02-20.46.55:515][533]LogFileHelpers: Saving map 'TheMainMap' took 0.428
[2015.07.02-20.46.55:522][533]Cmd: OBJ SAVEPACKAGE PACKAGE="/Game/Maps/IlijaFlyingCharacter_BP" FILE="../../../../../../Users/Ilija/Documents/ATLASrift/UProject 4.8/Content/Maps/IlijaFlyingCharacter_BP.uasset" SILENT=true
[2015.07.02-20.46.55:991][533]LogSavePackage: Save=448.318848ms
[2015.07.02-20.46.55:991][533]LogSavePackage: Moving '../../../../../../Users/Ilija/Documents/ATLASrift/UProject 4.8/Saved/IlijaFlyingCharacter_BP58742EEC486990D5C06263BE1F291862.tmp' to '../../../../../../Users/Ilija/Documents/ATLASrift/UProject 4.8/Content/Maps/IlijaFlyingCharacter_BP.uasset'
[2015.07.02-20.46.56:003][533]Cmd: OBJ SAVEPACKAGE PACKAGE="/Game/BPs/rmuonbarrelout_Blueprint" FILE="../../../../../../Users/Ilija/Documents/ATLASrift/UProject 4.8/Content/BPs/rmuonbarrelout_Blueprint.uasset" SILENT=true
[2015.07.02-20.46.56:033][533]LogSavePackage: Save=11.019960ms
[2015.07.02-20.46.56:033][533]LogSavePackage: Moving '../../../../../../Users/Ilija/Documents/ATLASrift/UProject 4.8/Saved/rmuonbarrelout_Blueprint2F5E38434D873B56BEDE5591DBE7A917.tmp' to '../../../../../../Users/Ilija/Documents/ATLASrift/UProject 4.8/Content/BPs/rmuonbarrelout_Blueprint.uasset'
[2015.07.02-20.56.36:901][466]Cmd: OBJ SAVEPACKAGE PACKAGE="/Game/BPs/Events/EventBP" FILE="../../../../../../Users/Ilija/Documents/ATLASrift/UProject 4.8/Content/BPs/Events/EventBP.uasset" SILENT=true
[2015.07.02-20.56.36:932][466]LogSavePackage: Save=11.119723ms
[2015.07.02-20.56.36:932][466]LogSavePackage: Moving '../../../../../../Users/Ilija/Documents/ATLASrift/UProject 4.8/Saved/EventBPA8CED09344D59F370C000A8BCABC36BB.tmp' to '../../../../../../Users/Ilija/Documents/ATLASrift/UProject 4.8/Content/BPs/Events/EventBP.uasset'
[2015.07.02-20.56.58:065][725]Cmd: OBJ SAVEPACKA