[2015.07.07-11.39.22:374][  0]Log file open, 07/07/15 13:39:22
[2015.07.07-11.39.22:374][  0]LogInit:Display: Running engine for game: ATLASrift
[2015.07.07-11.39.22:374][  0]LogInit:Display: RandInit(476084818) SRandInit(476084819).
[2015.07.07-11.39.22:374][  0]LogTaskGraph: Started task graph with 4 named threads and 7 total threads.
[2015.07.07-11.39.22:374][  0]LogStats: Stats thread started
[2015.07.07-11.39.22:374][  0]LogInit: Version: 4.8.1-2591939+++depot+UE4-Releases+4.8
[2015.07.07-11.39.22:374][  0]LogInit: API Version: 2579680
[2015.07.07-11.39.22:374][  0]LogInit: Compiled (64-bit): Jun 18 2015 11:02:04
[2015.07.07-11.39.22:374][  0]LogInit: Compiled with Visual C++: 18.00.21005.01
[2015.07.07-11.39.22:374][  0]LogInit: Build Configuration: Development
[2015.07.07-11.39.22:374][  0]LogInit: Branch Name: ++depot+UE4-Releases+4.8
[2015.07.07-11.39.22:374][  0]LogInit: Command line:  /Temp/Autosaves/Game/Maps/UEDPCTheMainMap -game -PIEVIACONSOLE -ResX=1280 -ResY=720  -Multiprocess 
[2015.07.07-11.39.22:374][  0]LogInit: Base directory: C:/Program Files/Epic Games/4.8/Engine/Binaries/Win64/
[2015.07.07-11.39.22:374][  0]LogInit: Rocket: 1
[2015.07.07-11.39.22:395][  0]LogInit: Using libcurl 7.41.0
[2015.07.07-11.39.22:395][  0]LogInit:  - built for x86_64-pc-win32
[2015.07.07-11.39.22:395][  0]LogInit:  - supports SSL with WinSSL
[2015.07.07-11.39.22:395][  0]LogInit:  - other features:
[2015.07.07-11.39.22:395][  0]LogInit:      CURL_VERSION_SSL
[2015.07.07-11.39.22:395][  0]LogInit:      CURL_VERSION_IPV6
[2015.07.07-11.39.22:395][  0]LogInit:      CURL_VERSION_ASYNCHDNS
[2015.07.07-11.39.22:395][  0]LogInit:      CURL_VERSION_LARGEFILE
[2015.07.07-11.39.22:395][  0]LogInit:      CURL_VERSION_IDN
[2015.07.07-11.39.22:395][  0]LogInit:  CurlRequestOptions (configurable via config and command line):
[2015.07.07-11.39.22:395][  0]LogInit:  - bVerifyPeer = true  - Libcurl will verify peer certificate
[2015.07.07-11.39.22:395][  0]LogInit:  - bUseHttpProxy = false  - Libcurl will NOT use HTTP proxy
[2015.07.07-11.39.22:395][  0]LogInit:  - bDontReuseConnections = false  - Libcurl will reuse connections
[2015.07.07-11.39.22:395][  0]LogInit:  - CertBundlePath = nullptr  - Libcurl will use whatever was configured at build time.
[2015.07.07-11.39.22:409][  0]LogOnline:Warning: No default platform service specified for OnlineSubsystem
[2015.07.07-11.39.22:431][  0]LogInit: Presizing for 0 objects not considered by GC, pre-allocating 0 bytes.
[2015.07.07-11.39.22:439][  0]LogInit: Object subsystem initialized
[2015.07.07-11.39.22:440][  0]LogConsoleResponse:Warning: Skipping Unknown console variable: 'UIScaleCurve = (EditorCurveData=(Keys=((Time=480.000000,Value=0.444000),(Time=720.000000,Value=0.666000),(Time=1080.000000,Value=1.000000),(Time=8640.000000,Value=8.000000))),ExternalCurve=None)'
[2015.07.07-11.39.22:440][  0]LogConsoleResponse:Warning:   Found in ini file 'C:/Users/Ilija/Documents/ATLASrift/UProject 4.8/Saved/Config/Windows/Engine.ini', in section '[/Script/Engine.RendererSettings]'
[2015.07.07-11.39.22:441][  0]LogConsoleManager:Warning: Console variable 'r.MSAA.CompositingSampleCount' wasn't set ('Scalability' has a lower priority than 'ProjectSetting')
[2015.07.07-11.39.22:441][  0]LogInit: Selected Device Profile: [Windows]
[2015.07.07-11.39.22:441][  0]LogInit: Applying CVar settings loaded from the selected device profile: [Windows]
[2015.07.07-11.39.22:445][  0]LogInit: Computer: ILIJAMSI
[2015.07.07-11.39.22:445][  0]LogInit: User: Ilija
[2015.07.07-11.39.22:445][  0]LogInit: CPU Page size=4096, Cores=4
[2015.07.07-11.39.22:445][  0]LogInit: High frequency timer resolution =2.435775 MHz
[2015.07.07-11.39.22:445][  0]LogMemory: Memory total: Physical=16.0GB (16GB approx)
[2015.07.07-11.39.22:445][  0]LogMemory: Platform Memory Stats for Windows
[2015.07.07-11.39.22:445][  0]LogMemory: Process Physical Memory: 48.68 MB used, 48.68 MB peak
[2015.07.07-11.39.22:445][  0]LogMemory: Process Virtual Memory: 22.35 MB used, 22.35 MB peak
[2015.07.07-11.39.22:445][  0]LogMemory: Physical Memory: 4147.71 MB used, 16336.84 MB total
[2015.07.07-11.39.22:445][  0]LogMemory: Virtual Memory: 295.75 MB used, 134217728.00 MB total
[2015.07.07-11.39.22:504][  0]LogTextLocalizationManager: The requested culture ('en_US') has no localization data; parent culture's ('en') localization data will be used.
[2015.07.07-11.39.22:746][  0]LogTextLocalizationManager:Warning: Loaded localization resources contain conflicting entries for (Namespace:ContentBrowser, Key:ImportAssetToolTip):
Localization Resource: (C:/Program Files/Epic Games/4.8/Engine/Content/Localization/Editor/en/Editor.locres) Source String Hash: (-630476809) Localized String: (Import to {0}...)
Localization Resource: (C:/Program Files/Epic Games/4.8/Engine/Content/Localization/Editor/en/Editor.locres) Source String Hash: (1271782899) Localized String: (Imports an asset from file to this folder.)
[2015.07.07-11.39.23:155][  0]LogD3D11RHI: Found D3D11 adapter 0: NVIDIA GeForce GTX 980M (Feature Level 11_0)
[2015.07.07-11.39.23:155][  0]LogD3D11RHI: Adapter has 8023MB of dedicated video memory, 0MB of dedicated system memory, and 8168MB of shared system memory, 1 output[s]
[2015.07.07-11.39.23:157][  0]LogD3D11RHI: Found D3D11 adapter 1: Microsoft Basic Render Driver (Feature Level 11_0)
[2015.07.07-11.39.23:157][  0]LogD3D11RHI: Adapter has 0MB of dedicated video memory, 0MB of dedicated system memory, and 256MB of shared system memory, 0 output[s]
[2015.07.07-11.39.23:157][  0]LogD3D11RHI: Chosen D3D11 Adapter Id = 0
[2015.07.07-11.39.23:161][  0]LogRHI: Texture pool is 1361 MB (70% of 1945 MB)
[2015.07.07-11.39.23:177][  0]LogD3D11RHI: Async texture creation enabled
[2015.07.07-11.39.23:673][  0]LogShaderCompilers:Display: Using Local Shader Compiler.
[2015.07.07-11.39.24:854][  0]LogTemp:Display: Loaded TP DesktopTargetPlatform
[2015.07.07-11.39.24:873][  0]LogTemp:Display: Loaded TP WindowsClientTargetPlatform
[2015.07.07-11.39.24:892][  0]LogTemp:Display: Loaded TP WindowsNoEditorTargetPlatform
[2015.07.07-11.39.24:911][  0]LogTemp:Display: Loaded TP WindowsServerTargetPlatform
[2015.07.07-11.39.24:931][  0]LogTemp:Display: Loaded TP WindowsTargetPlatform
[2015.07.07-11.39.24:948][  0]LogTemp:Display: Loaded TP AndroidTargetPlatform
[2015.07.07-11.39.24:965][  0]LogTemp:Display: Loaded TP Android_ASTCTargetPlatform
[2015.07.07-11.39.24:982][  0]LogTemp:Display: Loaded TP Android_ATCTargetPlatform
[2015.07.07-11.39.24:999][  0]LogTemp:Display: Loaded TP Android_DXTTargetPlatform
[2015.07.07-11.39.25:016][  0]LogTemp:Display: Loaded TP Android_ETC1TargetPlatform
[2015.07.07-11.39.25:039][  0]LogTemp:Display: Loaded TP Android_ETC2TargetPlatform
[2015.07.07-11.39.25:078][  0]LogTemp:Display: Loaded TP Android_PVRTCTargetPlatform
[2015.07.07-11.39.25:193][  0]LogTemp:Display: Loaded TP IOSTargetPlatform
[2015.07.07-11.39.25:241][  0]LogTemp:Display: Loaded TP LinuxNoEditorTargetPlatform
[2015.07.07-11.39.25:282][  0]LogTemp:Display: Loaded TP LinuxServerTargetPlatform
[2015.07.07-11.39.25:325][  0]LogTemp:Display: Loaded TP LinuxTargetPlatform
[2015.07.07-11.39.25:325][  0]LogTargetPlatformManager:Display: Building Assets For Windows
[2015.07.07-11.39.25:791][  0]LogDerivedDataCache:Display: Max Cache Size: 512 MB
[2015.07.07-11.39.25:850][  0]LogDerivedDataCache: Loaded boot cache 0.06s 53MB C:/Users/Ilija/AppData/Local/UnrealEngine/4.8/DerivedDataCache/Boot.ddc.
[2015.07.07-11.39.25:850][  0]LogDerivedDataCache:Display: Loaded Boot cache: C:/Users/Ilija/AppData/Local/UnrealEngine/4.8/DerivedDataCache/Boot.ddc
[2015.07.07-11.39.25:851][  0]LogDerivedDataCache: FDerivedDataBackendGraph:  Pak pak cache file ../../../../../../Users/Ilija/Documents/ATLASrift/UProject 4.8/DerivedDataCache/DDC.ddp not found, will not use a pak cache.
[2015.07.07-11.39.25:851][  0]LogDerivedDataCache: Unable to find inner node Pak for hierarchical cache Hierarchy.
[2015.07.07-11.39.25:851][  0]LogDerivedDataCache: FDerivedDataBackendGraph:  CompressedPak pak cache file ../../../../../../Users/Ilija/Documents/ATLASrift/UProject 4.8/DerivedDataCache/Compressed.ddp not found, will not use a pak cache.
[2015.07.07-11.39.25:851][  0]LogDerivedDataCache: Unable to find inner node CompressedPak for hierarchical cache Hierarchy.
[2015.07.07-11.39.26:029][  0]LogDerivedDataCache:Display: Pak cache opened for reading ../../../Engine/DerivedDataCache/Compressed.ddp.
[2015.07.07-11.39.26:042][  0]LogDerivedDataCache: Using Local data cache path C:/Users/Ilija/AppData/Local/UnrealEngine/Common/DerivedDataCache: Writable
[2015.07.07-11.39.26:319][  0]LogInit: Selected Device Profile: [Windows]
[2015.07.07-11.39.26:415][  0]ImportText (ComponentSweepMultiTests): Missing closing parenthesis: (RootShapeAsset="/Engine/BasicShapes/Cube.Cube",ShapeType="TriggerCapsule",HitResult=(Time=0.50,Location=(X=-100.000015,Y=0.0,Z=100.000015),ImpactPoint=(X=-50.0,Y=0.0,Z=50.0),Normal=(X=-1.0,Y=-0.0,Z=0.0),ImpactNormal=(X=0.0,Y=0.0,Z=1.0),TraceStart=(X=-200.0,Y=0.0,Z=200.0),TraceEnd=(X=0.0,Y=0.0,Z=0.0))
[2015.07.07-11.39.26:415][  0]ImportText (LineTraceSingleByChannelTests): Missing closing parenthesis: (RootShapeAsset="/Engine/BasicShapes/Cube.Cube",HitResult=(Time=0.50,Location=(X=-100.000015,Y=0.0,Z=100.000015),ImpactPoint=(X=-50.0,Y=0.0,Z=50.0),Normal=(X=-1.0,Y=-0.0,Z=0.0),ImpactNormal=(X=0.0,Y=0.0,Z=1.0),TraceStart=(X=-200.0,Y=0.0,Z=200.0),TraceEnd=(X=0.0,Y=0.0,Z=0.0))
[2015.07.07-11.39.26:451][  0]LogMeshUtilities: No automatic mesh reduction module available
[2015.07.07-11.39.26:451][  0]LogMeshUtilities: No automatic mesh merging module available
[2015.07.07-11.39.26:852][  0]LogInit: WinSock: version 1.1 (2.2), MaxSocks=32767, MaxUdp=65467
[2015.07.07-11.39.27:803][  0]LogWindowsMoviePlayer: Unable to load movie: ../../../../../../Users/Ilija/Documents/ATLASrift/UProject 4.8/Content/Movies/Default_Startup.mp4
[2015.07.07-11.39.28:028][  0]SourceControl: Info Source control is disabled
[2015.07.07-11.39.28:028][  0]SourceControl: Info Source control is disabled
[2015.07.07-11.39.28:046][  0]SourceControl: Info Source control is disabled
[2015.07.07-11.39.28:312][  0]LogObj: 25794 objects as part of root set at end of initial load.
[2015.07.07-11.39.28:312][  0]LogUObjectAllocator: 5200096 out of 0 bytes used by permanent object pool.
[2015.07.07-11.39.28:412][  0]LogAutomationTest:Warning: ERR: Transient text cannot be serialized "Testing Transient serialization detection".
[2015.07.07-11.39.28:412][  0]LogEngine: Initializing Engine...
[2015.07.07-11.39.28:415][  0]LogHMD: Can't find Oculus library dev build: is proper Runtime installed? Version: 0.6.0.0
[2015.07.07-11.39.28:433][  0]LogHMD:Warning: SteamVR failed to initialize.  Error: 108
[2015.07.07-11.39.28:532][  0]LogInit: XAudio2 using 'Speakers (Realtek High Definition Audio)' : 2 channels at 48 kHz using 32 bits per sample (channel mask 0x3)
[2015.07.07-11.39.28:544][  0]LogInit: FAudioDevice initialized.
[2015.07.07-11.39.28:547][  0]LogInit: Texture streaming: Disabled
[2015.07.07-11.39.28:623][  0]LogNet: Browse: /Temp/Autosaves/Game/Maps/UEDPCTheMainMap?Name=Player
[2015.07.07-11.39.28:623][  0]LogLoad: LoadMap: /Temp/Autosaves/Game/Maps/UEDPCTheMainMap?Name=Player
[2015.07.07-11.39.28:634][  0]LogParticles: Destroying 0 GPU particle simulations for FXSystem 0x000000A8098845E0
[2015.07.07-11.39.28:643][  0]LogMemory: Platform Memory Stats for Windows
[2015.07.07-11.39.28:643][  0]LogMemory: Process Physical Memory: 357.07 MB used, 357.08 MB peak
[2015.07.07-11.39.28:643][  0]LogMemory: Process Virtual Memory: 289.16 MB used, 291.95 MB peak
[2015.07.07-11.39.28:643][  0]LogMemory: Physical Memory: 4400.35 MB used, 16336.84 MB total
[2015.07.07-11.39.28:643][  0]LogMemory: Virtual Memory: 809.29 MB used, 134217728.00 MB total
[2015.07.07-11.39.28:643][  0]LogMemory: 
[2015.07.07-11.39.28:643][  0]Allocator Stats for TBB: (not implemented)
[2015.07.07-11.39.33:633][  0]LogAIModule: Creating AISystem for world TheMainMap
[2015.07.07-11.39.33:663][  0]LogWorld: Game class is 'ilijaGame_C'
[2015.07.07-11.39.33:683][  0]LogWorld: Bringing World /Temp/Autosaves/Game/Maps/UEDPCTheMainMap.TheMainMap up for play (max tick rate 0) at 2015.07.07-13.39.33
[2015.07.07-11.39.33:684][  0]LogWorld: Bringing up level for play took: 0.011912
[2015.07.07-11.39.33:687][  0]LogInit:Display: Game Engine Initialized.
[2015.07.07-11.39.33:986][  0]LogAssetRegistry: FAssetRegistry took 0.0004 seconds to start up
[2015.07.07-11.39.33:986][  0]LogLoad: Full Startup: 13.27 seconds (BP compile: 0.88 seconds)
[2015.07.07-11.39.34:028][  0]LogContentStreaming: Texture pool size is 1000.000000MB
[2015.07.07-11.39.34:378][  2]LogRenderer: Reallocating scene render targets to support 1280x720 (Frame:2).
[2015.07.07-11.40.01:298][666]LogBlueprintUserMessages: Full menu reset
[2015.07.07-11.40.02:055][713]LogBlueprintUserMessages: Activated Main Menu
[2015.07.07-11.40.03:910][828]LogBlueprintUserMessages: Full menu reset
[2015.07.07-11.40.08:733][127]LogBlueprintUserMessages: Caught Timeline event!
[2015.07.07-11.40.08:733][127]LogBlueprintUserMessages: PRESSED
[2015.07.07-11.40.10:234][220]LogBlueprintUserMessages: Caught Timeline event!
[2015.07.07-11.40.10:234][220]LogBlueprintUserMessages: PRESSED
[2015.07.07-11.40.10:620][244]LogBlueprintUserMessages: Caught Timeline event!
[2015.07.07-11.40.10:621][244]LogBlueprintUserMessages: PRESSED
[2015.07.07-11.40.14:572][489]LogBlueprintUserMessages: Full menu reset
[2015.07.07-11.40.16:457][604]LogWindowsTextInputMethodSystem:Display: IME system now deactivated.
[2015.07.07-11.40.16:466][604]LogEngine: All Windows Closed
[2015.07.07-11.40.16:466][604]LogWindows: FPlatformMisc::RequestExit(0)
[2015.07.07-11.40.17:462][605]LogExit: Preparing to exit.
[2015.07.07-11.40.17:501][605]LogExit: Game engine shut down
[2015.07.07-11.40.17:502][605]LogParticles: Destroying 0 GPU particle simulations for FXSystem 0x000000A822E227A0
[2015.07.07-11.40.17:717][605]LogExit: Object subsystem successfully closed.
[2015.07.07-11.40.17:857][605]LogModuleManager: Shutting down and abandoning module AndroidDeviceDetection (109)
[2015.07.07-11.40.18:031][605]LogModuleManager: Shutting down and abandoning module AssetRegistry (108)
[2015.07.07-11.40.18:031][605]LogModuleManager: Shutting down and abandoning module AutomationWorker (107)
[2015.07.07-11.40.18:031][605]LogModuleManager: Shutting down and abandoning module CharacterAI (106)
[2015.07.07-11.40.18:031][605]LogModuleManager: Shutting down and abandoning module AITestSuite (105)
[2015.07.07-11.40.18:031][605]LogModuleManager: Shutting down and abandoning module GameplayDebugger (104)
[2015.07.07-11.40.18:031][605]LogModuleManager: Shutting down and abandoning module AIModule (103)
[2015.07.07-11.40.18:031][605]LogModuleManager: Shutting down and abandoning module GameLiveStreaming (102)
[2015.07.07-11.40.18:031][605]LogModuleManager: Shutting down and abandoning module StreamingPauseRendering (101)
[2015.07.07-11.40.18:031][605]LogModuleManager: Shutting down and abandoning module ProfilerService (100)
[2015.07.07-11.40.18:198][605]LogModuleManager: Shutting down and abandoning module TaskGraph (99)
[2015.07.07-11.40.18:198][605]LogModuleManager: Shutting down and abandoning module SlateRemote (98)
[2015.07.07-11.40.18:198][605]LogModuleManager: Shutting down and abandoning module SteamVRController (97)
[2015.07.07-11.40.18:198][605]LogModuleManager: Shutting down and abandoning module SteamVR (96)
[2015.07.07-11.40.18:198][605]LogModuleManager: Shutting down and abandoning module ProceduralMeshComponent (95)
[2015.07.07-11.40.18:198][605]LogModuleManager: Shutting down and abandoning module OculusRift (94)
[2015.07.07-11.40.18:198][605]LogModuleManager: Shutting down and abandoning module LeapMotionController (93)
[2015.07.07-11.40.18:209][605]LogModuleManager: Shutting down and abandoning module CustomMeshComponent (92)
[2015.07.07-11.40.18:209][605]LogModuleManager: Shutting down and abandoning module CableComponent (91)
[2015.07.07-11.40.18:209][605]LogModuleManager: Shutting down and abandoning module DesktopPlatform (90)
[2015.07.07-11.40.18:209][605]LogModuleManager: Shutting down and abandoning module DirectoryWatcher (89)
[2015.07.07-11.40.18:209][605]LogModuleManager: Shutting down and abandoning module HotReload (88)
[2015.07.07-11.40.18:209][605]LogModuleManager: Shutting down and abandoning module VisualStudioSourceCodeAccess (87)
[2015.07.07-11.40.18:209][605]LogModuleManager: Shutting down and abandoning module UObjectPlugin (86)
[2015.07.07-11.40.18:209][605]LogModuleManager: Shutting down and abandoning module SubversionSourceControl (85)
[2015.07.07-11.40.18:209][605]LogModuleManager: Shutting down and abandoning module SourceControl (84)
[2015.07.07-11.40.18:209][605]LogModuleManager: Shutting down and abandoning module PerforceSourceControl (83)
[2015.07.07-11.40.18:209][605]LogModuleManager: Shutting down and abandoning module BlankPlugin (82)
[2015.07.07-11.40.18:209][605]LogModuleManager: Shutting down and abandoning module ATLASrift (81)
[2015.07.07-11.40.18:209][605]LogModuleManager: Shutting down and abandoning module UdpMessaging (80)
[2015.07.07-11.40.18:209][605]LogModuleManager: Shutting down and abandoning module Paper2D (79)
[2015.07.07-11.40.18:209][605]LogModuleManager: Shutting down and abandoning module WindowsMoviePlayer (78)
[2015.07.07-11.40.18:213][605]LogModuleManager: Shutting down and abandoning module Media (77)
[2015.07.07-11.40.18:213][605]LogModuleManager: Shutting down and abandoning module WmfMedia (76)
[2015.07.07-11.40.18:213][605]LogModuleManager: Shutting down and abandoning module OnlineBlueprintSupport (75)
[2015.07.07-11.40.18:213][605]LogModuleManager: Shutting down and abandoning module PropertyEditor (74)
[2015.07.07-11.40.18:214][605]LogModuleManager: Shutting down and abandoning module BehaviorTreeEditor (73)
[2015.07.07-11.40.18:214][605]LogModuleManager: Shutting down and abandoning module FunctionalTesting (72)
[2015.07.07-11.40.18:214][605]LogModuleManager: Shutting down and abandoning module CollisionAnalyzer (71)
[2015.07.07-11.40.18:214][605]LogModuleManager: Shutting down and abandoning module WorkspaceMenuStructure (70)
[2015.07.07-11.40.18:214][605]LogModuleManager: Shutting down and abandoning module MessageLog (69)
[2015.07.07-11.40.18:214][605]LogModuleManager: Shutting down and abandoning module Sequencer (68)
[2015.07.07-11.40.18:214][605]LogModuleManager: Shutting down and abandoning module AssetTools (67)
[2015.07.07-11.40.18:214][605]LogModuleManager: Shutting down and abandoning module UMGEditor (66)
[2015.07.07-11.40.18:214][605]LogModuleManager: Shutting down and abandoning module UMG (65)
[2015.07.07-11.40.18:214][605]LogModuleManager: Shutting down and abandoning module Slate (64)
[2015.07.07-11.40.18:214][605]LogModuleManager: Shutting down and abandoning module EditorStyle (63)
[2015.07.07-11.40.18:217][605]LogModuleManager: Shutting down and abandoning module SessionServices (62)
[2015.07.07-11.40.18:217][605]LogModuleManager: Shutting down and abandoning module SourceCodeAccess (61)
[2015.07.07-11.40.18:217][605]LogModuleManager: Shutting down and abandoning module HeadMountedDisplay (60)
[2015.07.07-11.40.18:217][605]LogModuleManager: Shutting down and abandoning module XAudio2 (59)
[2015.07.07-11.40.18:217][605]LogModuleManager: Shutting down and abandoning module Networking (57)
[2015.07.07-11.40.18:217][605]LogModuleManager: Shutting down and abandoning module Core (56)
[2015.07.07-11.40.18:217][605]LogModuleManager: Shutting down and abandoning module KismetCompiler (55)
[2015.07.07-11.40.18:217][605]LogModuleManager: Shutting down and abandoning module PhysXFormats (54)
[2015.07.07-11.40.18:217][605]LogModuleManager: Shutting down and abandoning module MeshUtilities (53)
[2015.07.07-11.40.18:217][605]LogModuleManager: Shutting down and abandoning module DerivedDataCache (52)
[2015.07.07-11.40.18:590][605]LogDerivedDataCache: Shutdown
[2015.07.07-11.40.18:590][605]LogModuleManager: Shutting down and abandoning module ShaderFormatOpenGL (51)
[2015.07.07-11.40.18:590][605]LogModuleManager: Shutting down and abandoning module ShaderFormatD3D (50)
[2015.07.07-11.40.18:590][605]LogModuleManager: Shutting down and abandoning module MetalShaderFormat (49)
[2015.07.07-11.40.18:590][605]LogModuleManager: Shutting down and abandoning module TextureFormatUncompressed (48)
[2015.07.07-11.40.18:590][605]LogModuleManager: Shutting down and abandoning module TextureFormatPVR (47)
[2015.07.07-11.40.18:590][605]LogModuleManager: Shutting down and abandoning module TextureFormatIntelISPCTexComp (46)
[2015.07.07-11.40.18:590][605]LogModuleManager: Shutting down and abandoning module TextureFormatDXT (45)
[2015.07.07-11.40.18:590][605]LogModuleManager: Shutting down and abandoning module ImageWrapper (44)
[2015.07.07-11.40.18:590][605]LogModuleManager: Shutting down and abandoning module TextureFormatASTC (43)
[2015.07.07-11.40.18:590][605]LogModuleManager: Shutting down and abandoning module TextureFormatAndroid (42)
[2015.07.07-11.40.18:590][605]LogModuleManager: Shutting down and abandoning module AudioFormatOpus (41)
[2015.07.07-11.40.18:590][605]LogModuleManager: Shutting down and abandoning module AudioFormatOgg (40)
[2015.07.07-11.40.18:590][605]LogModuleManager: Shutting down and abandoning module AudioFormatADPCM (39)
[2015.07.07-11.40.18:590][605]LogModuleManager: Shutting down and abandoning module LinuxTargetPlatform (38)
[2015.07.07-11.40.18:590][605]LogModuleManager: Shutting down and abandoning module LinuxServerTargetPlatform (37)
[2015.07.07-11.40.18:590][605]LogModuleManager: Shutting down and abandoning module LinuxNoEditorTargetPlatform (36)
[2015.07.07-11.40.18:590][605]LogModuleManager: Shutting down and abandoning module Messaging (35)
[2015.07.07-11.40.18:590][605]LogModuleManager: Shutting down and abandoning module IOSTargetPlatform (34)
[2015.07.07-11.40.18:590][605]LogModuleManager: Shutting down and abandoning module HTML5TargetPlatform (33)
[2015.07.07-11.40.18:590][605]LogModuleManager: Shutting down and abandoning module Android_PVRTCTargetPlatform (32)
[2015.07.07-11.40.18:590][605]LogModuleManager: Shutting down and abandoning module Android_ETC2TargetPlatform (31)
[2015.07.07-11.40.18:590][605]LogModuleManager: Shutting down and abandoning module Android_ETC1TargetPlatform (30)
[2015.07.07-11.40.18:590][605]LogModuleManager: Shutting down and abandoning module Android_DXTTargetPlatform (29)
[2015.07.07-11.40.18:590][605]LogModuleManager: Shutting down and abandoning module Android_ATCTargetPlatform (28)
[2015.07.07-11.40.18:590][605]LogModuleManager: Shutting down and abandoning module Android_ASTCTargetPlatform (27)
[2015.07.07-11.40.18:590][605]LogModuleManager: Shutting down and abandoning module AndroidTargetPlatform (26)
[2015.07.07-11.40.18:590][605]LogModuleManager: Shutting down and abandoning module WindowsTargetPlatform (25)
[2015.07.07-11.40.18:590][605]LogModuleManager: Shutting down and abandoning module WindowsServerTargetPlatform (24)
[2015.07.07-11.40.18:590][605]LogModuleManager: Shutting down and abandoning module WindowsNoEditorTargetPlatform (23)
[2015.07.07-11.40.18:590][605]LogModuleManager: Shutting down and abandoning module WindowsClientTargetPlatform (22)
[2015.07.07-11.40.18:590][605]LogModuleManager: Shutting down and abandoning module DesktopTargetPlatform (21)
[2015.07.07-11.40.18:590][605]LogModuleManager: Shutting down and abandoning module TargetPlatform (20)
[2015.07.07-11.40.18:590][605]LogModuleManager: Shutting down and abandoning module InputCore (19)
[2015.07.07-11.40.18:590][605]LogModuleManager: Shutting down and abandoning module Settings (18)
[2015.07.07-11.40.18:590][605]LogModuleManager: Shutting down and abandoning module OnlineSubsystem (16)
[2015.07.07-11.40.18:590][605]LogModuleManager: Shutting down and abandoning module HTTP (15)
[2015.07.07-11.40.18:590][605]LogModuleManager: Shutting down and abandoning module ExampleDeviceProfileSelector (14)
[2015.07.07-11.40.18:590][605]LogModuleManager: Shutting down and abandoning module TextureCompressor (13)
[2015.07.07-11.40.18:591][605]LogModuleManager: Shutting down and abandoning module ShaderCore (12)
[2015.07.07-11.40.18:591][605]LogModuleManager: Shutting down and abandoning module Landscape (11)
[2015.07.07-11.40.18:591][605]LogModuleManager: Shutting down and abandoning module SlateRHIRenderer (10)
[2015.07.07-11.40.18:591][605]LogModuleManager: Shutting down and abandoning module OpenGLDrv (9)
[2015.07.07-11.40.18:591][605]LogModuleManager: Shutting down and abandoning module D3D11RHI (8)
[2015.07.07-11.40.18:591][605]LogModuleManager: Shutting down and abandoning module Renderer (7)
[2015.07.07-11.40.18:591][605]LogModuleManager: Shutting down and abandoning module Engine (6)
[2015.07.07-11.40.18:591][605]LogModuleManager: Shutting down and abandoning module CoreUObject (5)
[2015.07.07-11.40.18:591][605]LogModuleManager: Shutting down and abandoning module NetworkFile (4)
[2015.07.07-11.40.18:591][605]LogModuleManager: Shutting down and abandoning module StreamingFile (3)
[2015.07.07-11.40.18:591][605]LogModuleManager: Shutting down and abandoning module SandboxFile (2)
[2015.07.07-11.40.18:591][605]LogModuleManager: Shutting down and abandoning module PakFile (1)
[2015.07.07-11.40.18:591][605]LogExit: Exiting.
[2015.07.07-11.40.18:593][605]Log file closed, 07/07/15 13:40:18
