[2015.07.07-16.21.57:289][  0]Log file open, 07/07/15 18:21:57
[2015.07.07-16.21.57:289][  0]LogInit:Display: Running engine for game: ATLASrift
[2015.07.07-16.21.57:289][  0]LogInit:Display: RandInit(-975243072) SRandInit(-975243071).
[2015.07.07-16.21.57:289][  0]LogTaskGraph: Started task graph with 4 named threads and 7 total threads.
[2015.07.07-16.21.57:289][  0]LogStats: Stats thread started
[2015.07.07-16.21.57:289][  0]LogInit: Version: 4.8.1-2591939+++depot+UE4-Releases+4.8
[2015.07.07-16.21.57:289][  0]LogInit: API Version: 2579680
[2015.07.07-16.21.57:289][  0]LogInit: Compiled (64-bit): Jun 18 2015 11:02:04
[2015.07.07-16.21.57:289][  0]LogInit: Compiled with Visual C++: 18.00.21005.01
[2015.07.07-16.21.57:289][  0]LogInit: Build Configuration: Development
[2015.07.07-16.21.57:289][  0]LogInit: Branch Name: ++depot+UE4-Releases+4.8
[2015.07.07-16.21.57:289][  0]LogInit: Command line:  
[2015.07.07-16.21.57:289][  0]LogInit: Base directory: C:/Program Files/Epic Games/4.8/Engine/Binaries/Win64/
[2015.07.07-16.21.57:289][  0]LogInit: Rocket: 1
[2015.07.07-16.21.57:310][  0]LogInit: Using libcurl 7.41.0
[2015.07.07-16.21.57:310][  0]LogInit:  - built for x86_64-pc-win32
[2015.07.07-16.21.57:310][  0]LogInit:  - supports SSL with WinSSL
[2015.07.07-16.21.57:310][  0]LogInit:  - other features:
[2015.07.07-16.21.57:310][  0]LogInit:      CURL_VERSION_SSL
[2015.07.07-16.21.57:310][  0]LogInit:      CURL_VERSION_IPV6
[2015.07.07-16.21.57:310][  0]LogInit:      CURL_VERSION_ASYNCHDNS
[2015.07.07-16.21.57:310][  0]LogInit:      CURL_VERSION_LARGEFILE
[2015.07.07-16.21.57:310][  0]LogInit:      CURL_VERSION_IDN
[2015.07.07-16.21.57:310][  0]LogInit:  CurlRequestOptions (configurable via config and command line):
[2015.07.07-16.21.57:310][  0]LogInit:  - bVerifyPeer = true  - Libcurl will verify peer certificate
[2015.07.07-16.21.57:310][  0]LogInit:  - bUseHttpProxy = false  - Libcurl will NOT use HTTP proxy
[2015.07.07-16.21.57:310][  0]LogInit:  - bDontReuseConnections = false  - Libcurl will reuse connections
[2015.07.07-16.21.57:310][  0]LogInit:  - CertBundlePath = nullptr  - Libcurl will use whatever was configured at build time.
[2015.07.07-16.21.57:324][  0]LogOnline:Warning: No default platform service specified for OnlineSubsystem
[2015.07.07-16.21.57:343][  0]LogInit: Presizing for 0 objects not considered by GC, pre-allocating 0 bytes.
[2015.07.07-16.21.57:350][  0]LogInit: Object subsystem initialized
[2015.07.07-16.21.57:352][  0]LogConsoleResponse:Warning: Skipping Unknown console variable: 'UIScaleCurve = (EditorCurveData=(Keys=((Time=480.000000,Value=0.444000),(Time=720.000000,Value=0.666000),(Time=1080.000000,Value=1.000000),(Time=8640.000000,Value=8.000000))),ExternalCurve=None)'
[2015.07.07-16.21.57:352][  0]LogConsoleResponse:Warning:   Found in ini file 'C:/Users/Ilija/Documents/ATLASrift/UProject 4.8/Saved/Config/Windows/Engine.ini', in section '[/Script/Engine.RendererSettings]'
[2015.07.07-16.21.57:352][  0]LogConsoleManager:Warning: Console variable 'r.MSAA.CompositingSampleCount' wasn't set ('Scalability' has a lower priority than 'ProjectSetting')
[2015.07.07-16.21.57:352][  0]LogInit: Selected Device Profile: [Windows]
[2015.07.07-16.21.57:352][  0]LogInit: Applying CVar settings loaded from the selected device profile: [Windows]
[2015.07.07-16.21.57:362][  0]LogInit: Computer: ILIJAMSI
[2015.07.07-16.21.57:362][  0]LogInit: User: Ilija
[2015.07.07-16.21.57:362][  0]LogInit: CPU Page size=4096, Cores=4
[2015.07.07-16.21.57:362][  0]LogInit: High frequency timer resolution =2.435775 MHz
[2015.07.07-16.21.57:362][  0]LogMemory: Memory total: Physical=16.0GB (16GB approx)
[2015.07.07-16.21.57:362][  0]LogMemory: Platform Memory Stats for Windows
[2015.07.07-16.21.57:362][  0]LogMemory: Process Physical Memory: 48.77 MB used, 48.77 MB peak
[2015.07.07-16.21.57:362][  0]LogMemory: Process Virtual Memory: 22.36 MB used, 22.36 MB peak
[2015.07.07-16.21.57:362][  0]LogMemory: Physical Memory: 2750.69 MB used, 16336.84 MB total
[2015.07.07-16.21.57:362][  0]LogMemory: Virtual Memory: 295.75 MB used, 134217728.00 MB total
[2015.07.07-16.21.57:404][  0]LogTextLocalizationManager: The requested culture ('en_US') has no localization data; parent culture's ('en') localization data will be used.
[2015.07.07-16.21.57:638][  0]LogTextLocalizationManager:Warning: Loaded localization resources contain conflicting entries for (Namespace:ContentBrowser, Key:ImportAssetToolTip):
Localization Resource: (C:/Program Files/Epic Games/4.8/Engine/Content/Localization/Editor/en/Editor.locres) Source String Hash: (-630476809) Localized String: (Import to {0}...)
Localization Resource: (C:/Program Files/Epic Games/4.8/Engine/Content/Localization/Editor/en/Editor.locres) Source String Hash: (1271782899) Localized String: (Imports an asset from file to this folder.)
[2015.07.07-16.21.58:162][  0]LogD3D11RHI: Found D3D11 adapter 0: NVIDIA GeForce GTX 980M (Feature Level 11_0)
[2015.07.07-16.21.58:162][  0]LogD3D11RHI: Adapter has 8023MB of dedicated video memory, 0MB of dedicated system memory, and 8168MB of shared system memory, 1 output[s]
[2015.07.07-16.21.58:164][  0]LogD3D11RHI: Found D3D11 adapter 1: Microsoft Basic Render Driver (Feature Level 11_0)
[2015.07.07-16.21.58:164][  0]LogD3D11RHI: Adapter has 0MB of dedicated video memory, 0MB of dedicated system memory, and 256MB of shared system memory, 0 output[s]
[2015.07.07-16.21.58:164][  0]LogD3D11RHI: Chosen D3D11 Adapter Id = 0
[2015.07.07-16.21.58:168][  0]LogRHI: Texture pool is 1361 MB (70% of 1945 MB)
[2015.07.07-16.21.58:182][  0]LogD3D11RHI: Async texture creation enabled
[2015.07.07-16.21.58:706][  0]LogShaderCompilers:Display: Using Local Shader Compiler.
[2015.07.07-16.21.59:661][  0]LogTemp:Display: Loaded TP DesktopTargetPlatform
[2015.07.07-16.21.59:678][  0]LogTemp:Display: Loaded TP WindowsClientTargetPlatform
[2015.07.07-16.21.59:696][  0]LogTemp:Display: Loaded TP WindowsNoEditorTargetPlatform
[2015.07.07-16.21.59:714][  0]LogTemp:Display: Loaded TP WindowsServerTargetPlatform
[2015.07.07-16.21.59:733][  0]LogTemp:Display: Loaded TP WindowsTargetPlatform
[2015.07.07-16.21.59:749][  0]LogTemp:Display: Loaded TP AndroidTargetPlatform
[2015.07.07-16.21.59:764][  0]LogTemp:Display: Loaded TP Android_ASTCTargetPlatform
[2015.07.07-16.21.59:779][  0]LogTemp:Display: Loaded TP Android_ATCTargetPlatform
[2015.07.07-16.21.59:795][  0]LogTemp:Display: Loaded TP Android_DXTTargetPlatform
[2015.07.07-16.21.59:810][  0]LogTemp:Display: Loaded TP Android_ETC1TargetPlatform
[2015.07.07-16.21.59:826][  0]LogTemp:Display: Loaded TP Android_ETC2TargetPlatform
[2015.07.07-16.21.59:841][  0]LogTemp:Display: Loaded TP Android_PVRTCTargetPlatform
[2015.07.07-16.21.59:898][  0]LogTemp:Display: Loaded TP IOSTargetPlatform
[2015.07.07-16.21.59:913][  0]LogTemp:Display: Loaded TP LinuxNoEditorTargetPlatform
[2015.07.07-16.21.59:928][  0]LogTemp:Display: Loaded TP LinuxServerTargetPlatform
[2015.07.07-16.21.59:945][  0]LogTemp:Display: Loaded TP LinuxTargetPlatform
[2015.07.07-16.21.59:945][  0]LogTargetPlatformManager:Display: Building Assets For Windows
[2015.07.07-16.22.00:202][  0]LogDerivedDataCache:Display: Max Cache Size: 512 MB
[2015.07.07-16.22.00:258][  0]LogDerivedDataCache: Loaded boot cache 0.06s 53MB C:/Users/Ilija/AppData/Local/UnrealEngine/4.8/DerivedDataCache/Boot.ddc.
[2015.07.07-16.22.00:258][  0]LogDerivedDataCache:Display: Loaded Boot cache: C:/Users/Ilija/AppData/Local/UnrealEngine/4.8/DerivedDataCache/Boot.ddc
[2015.07.07-16.22.00:258][  0]LogDerivedDataCache: FDerivedDataBackendGraph:  Pak pak cache file ../../../../../../Users/Ilija/Documents/ATLASrift/UProject 4.8/DerivedDataCache/DDC.ddp not found, will not use a pak cache.
[2015.07.07-16.22.00:258][  0]LogDerivedDataCache: Unable to find inner node Pak for hierarchical cache Hierarchy.
[2015.07.07-16.22.00:258][  0]LogDerivedDataCache: FDerivedDataBackendGraph:  CompressedPak pak cache file ../../../../../../Users/Ilija/Documents/ATLASrift/UProject 4.8/DerivedDataCache/Compressed.ddp not found, will not use a pak cache.
[2015.07.07-16.22.00:258][  0]LogDerivedDataCache: Unable to find inner node CompressedPak for hierarchical cache Hierarchy.
[2015.07.07-16.22.00:437][  0]LogDerivedDataCache:Display: Pak cache opened for reading ../../../Engine/DerivedDataCache/Compressed.ddp.
[2015.07.07-16.22.00:450][  0]LogDerivedDataCache: Using Local data cache path C:/Users/Ilija/AppData/Local/UnrealEngine/Common/DerivedDataCache: Writable
[2015.07.07-16.22.00:700][  0]LogInit: Selected Device Profile: [Windows]
[2015.07.07-16.22.00:805][  0]ImportText (ComponentSweepMultiTests): Missing closing parenthesis: (RootShapeAsset="/Engine/BasicShapes/Cube.Cube",ShapeType="TriggerCapsule",HitResult=(Time=0.50,Location=(X=-100.000015,Y=0.0,Z=100.000015),ImpactPoint=(X=-50.0,Y=0.0,Z=50.0),Normal=(X=-1.0,Y=-0.0,Z=0.0),ImpactNormal=(X=0.0,Y=0.0,Z=1.0),TraceStart=(X=-200.0,Y=0.0,Z=200.0),TraceEnd=(X=0.0,Y=0.0,Z=0.0))
[2015.07.07-16.22.00:806][  0]ImportText (LineTraceSingleByChannelTests): Missing closing parenthesis: (RootShapeAsset="/Engine/BasicShapes/Cube.Cube",HitResult=(Time=0.50,Location=(X=-100.000015,Y=0.0,Z=100.000015),ImpactPoint=(X=-50.0,Y=0.0,Z=50.0),Normal=(X=-1.0,Y=-0.0,Z=0.0),ImpactNormal=(X=0.0,Y=0.0,Z=1.0),TraceStart=(X=-200.0,Y=0.0,Z=200.0),TraceEnd=(X=0.0,Y=0.0,Z=0.0))
[2015.07.07-16.22.00:841][  0]LogMeshUtilities: No automatic mesh reduction module available
[2015.07.07-16.22.00:841][  0]LogMeshUtilities: No automatic mesh merging module available
[2015.07.07-16.22.01:318][  0]LogInit: WinSock: version 1.1 (2.2), MaxSocks=32767, MaxUdp=65467
[2015.07.07-16.22.03:389][  0]UdpMessaging: Initializing bridge on interface 0.0.0.0:0 to multicast group 230.0.0.1:6666.
[2015.07.07-16.22.04:025][  0]SourceControl: Info Source control is disabled
[2015.07.07-16.22.04:046][  0]SourceControl: Info Source control is disabled
[2015.07.07-16.22.04:064][  0]SourceControl: Info Source control is disabled
[2015.07.07-16.22.04:081][  0]SourceControl: Info Source control is disabled
[2015.07.07-16.22.04:443][  0]LogObj: 26286 objects as part of root set at end of initial load.
[2015.07.07-16.22.04:443][  0]LogUObjectAllocator: 5413376 out of 0 bytes used by permanent object pool.
[2015.07.07-16.22.04:535][  0]LogEngine: Initializing Engine...
[2015.07.07-16.22.04:537][  0]LogHMD: Can't find Oculus library dev build: is proper Runtime installed? Version: 0.6.0.0
[2015.07.07-16.22.05:622][  0]LogHMD: SteamVR initialized.  Driver: oculus  Display: 206D5J030W8G
[2015.07.07-16.22.05:812][  0]LogAIModule: Creating AISystem for world NewWorld
[2015.07.07-16.22.05:816][  0]LogInit: XAudio2 using 'Speakers (Realtek High Definition Audio)' : 2 channels at 48 kHz using 32 bits per sample (channel mask 0x3)
[2015.07.07-16.22.05:848][  0]LogInit: FAudioDevice initialized.
[2015.07.07-16.22.05:878][  0]LogDerivedDataCache: Saved boot cache 0.03s 53MB C:/Users/Ilija/AppData/Local/UnrealEngine/4.8/DerivedDataCache/Boot.ddc.
[2015.07.07-16.22.05:882][  0]LogInit: Texture streaming: Disabled
[2015.07.07-16.22.05:924][  0]LogAnalytics: Creating configured Analytics provider AnalyticsET
[2015.07.07-16.22.05:924][  0]LogAnalytics: [UEEditor.Rocket.Release] APIServer = http://et2.epicgames.com/ET2/. AppVersion = 4.8.1-2591939+++depot+UE4-Releases+4.8
[2015.07.07-16.22.05:924][  0]LogAnalytics: [UEEditor.Rocket.Release] SetUserId b119772443275f0bba10d896a7f21aad|0d0c0c17db8d4debbe0ee04300f3aac1|fd72ce22-a9a9-4363-8f94-5aa8b51f1e00
[2015.07.07-16.22.05:924][  0]LogAnalytics: [UEEditor.Rocket.Release] AnalyticsET::StartSession
[2015.07.07-16.22.06:172][  0]LogInit: Transaction tracking system initialized
[2015.07.07-16.22.06:426][  0]BlueprintLog: New page: Editor Load
[2015.07.07-16.22.06:472][  0]LogAssetRegistry: FAssetRegistry took 0.0106 seconds to start up
[2015.07.07-16.22.06:472][  0]LogDirectoryWatcher:Warning: Failed to begin reading directory changes for ../../../Engine/Plugins/Experimental/CharacterAI/Content/. Error: 0
[2015.07.07-16.22.07:780][  0]LogConsoleManager:Warning: Console variable 'r.VSync' wasn't set ('GameSetting' has a lower priority than 'Code')
[2015.07.07-16.22.07:780][  0]LogConsoleResponse:Display: 
[2015.07.07-16.22.07:944][  0]LogCook:Display: Done creating registry. It took  0.00s.
[2015.07.07-16.22.08:291][  0]SourceControl: Info Source control is disabled
[2015.07.07-16.22.08:291][  0]Cmd: MAP LOAD FILE="../../../../../../Users/Ilija/Documents/ATLASrift/UProject 4.8/Content/Maps/TheMainMap.umap" TEMPLATE=0 SHOWPROGRESS=1 FEATURELEVEL=3
[2015.07.07-16.22.08:292][  0]LightingResults: New page: Lighting Build
[2015.07.07-16.22.08:311][  0]MapCheck: New page: Map Check
[2015.07.07-16.22.08:311][  0]LightingResults: New page: Lighting Build
[2015.07.07-16.22.08:324][  0]LogParticles: Destroying 0 GPU particle simulations for FXSystem 0x0000006184312F20
[2015.07.07-16.22.14:091][  0]LogAIModule: Creating AISystem for world TheMainMap
[2015.07.07-16.22.14:167][  0]LogEditorServer: Finished looking for orphan Actors (0.000 secs)
[2015.07.07-16.22.14:169][  0]Cmd: MAP CHECKDEP NOCLEARLOG
[2015.07.07-16.22.14:283][  0]MapCheck: Info Map check complete: 0 Error(s), 0 Warning(s), took 114.194ms to complete.
[2015.07.07-16.22.14:283][  0]LogFileHelpers: Loading map 'TheMainMap' took 5.992
[2015.07.07-16.22.14:383][  0]LogCollectionManager: Loaded 0 collections in 0.002657 seconds
[2015.07.07-16.22.14:396][  0]LogContentBrowser: Native class hierarchy populated in 0.0131 seconds. Added 1794 classes and 303 folders.
[2015.07.07-16.22.14:476][  0]LogContentBrowser: Native class hierarchy updated for 'WidgetCarousel' in 0.0020 seconds. Added 0 classes and 0 folders.
[2015.07.07-16.22.14:556][  0]LogContentBrowser: Native class hierarchy updated for 'AddContentDialog' in 0.0020 seconds. Added 0 classes and 0 folders.
[2015.07.07-16.22.14:634][  0]LogContentBrowser: Native class hierarchy updated for 'SceneOutliner' in 0.0021 seconds. Added 1 classes and 2 folders.
[2015.07.07-16.22.14:762][  0]LogCrashTracker: Crashtracker disabled due to settings.
[2015.07.07-16.22.14:771][  0]LogUObjectGlobals:Warning: Failed to find object 'Class None.'
[2015.07.07-16.22.14:794][  0]LogLoad: Full Startup: 19.37 seconds (BP compile: 1.52 seconds)
[2015.07.07-16.22.14:931][  0]LogContentStreaming: Texture pool size is 0.000000MB
[2015.07.07-16.22.15:050][  0]LogContentStreaming: Texture pool size now 1000 MB
[2015.07.07-16.22.15:235][  0]LogRenderer: Reallocating scene render targets to support 1064x928 (Frame:2).
[2015.07.07-16.22.15:781][ 10]LogAssetRegistry: Asset discovery search completed in 9.3199 seconds
[2015.07.07-16.22.21:539][345]LogLinker:Warning: Asset '../../../Engine/Content/ArtTools/RenderToTexture/Macros/RenderToTextureMacros.uasset' has been saved with empty engine version. The asset will be loaded but may be incompatible.
[2015.07.07-16.22.21:642][345]LogLinker:Warning: Asset '../../../Engine/Content/ArtTools/RenderToTexture/Enums/RenderToTexture_Enum.uasset' has been saved with empty engine version. The asset will be loaded but may be incompatible.
[2015.07.07-16.23.58:720][ 60]BlueprintLog: New page: Compile TheMainMap
[2015.07.07-16.23.59:103][ 60]BlueprintEditorCompileResults: Info [0123.68] Compile of TheMainMap successful! [in 381 ms]
[2015.07.07-16.24.01:629][183]LogSavePackage: Save=223.829376ms
[2015.07.07-16.24.01:630][183]LogSavePackage: Moving '../../../../../../Users/Ilija/Documents/ATLASrift/UProject 4.8/Saved/UEDPCTheMainMap7B54243147FADAB943208085E9FC3408.tmp' to '../../../../../../Users/Ilija/Documents/ATLASrift/UProject 4.8/Saved/Autosaves/Game/Maps/UEDPCTheMainMap.umap'
[2015.07.07-16.26.55:011][220]BlueprintLog: New page: Compile TheMainMap
[2015.07.07-16.26.55:139][220]BlueprintEditorCompileResults: Info [0299.72] Compile of TheMainMap successful! [in 127 ms]
[2015.07.07-16.26.58:635][402]LogSavePackage: Save=221.645676ms
[2015.07.07-16.26.58:635][402]LogSavePackage: Moving '../../../../../../Users/Ilija/Documents/ATLASrift/UProject 4.8/Saved/UEDPCTheMainMap604C5100483CD35A7B2B0EAA5B9E7F81.tmp' to '../../../../../../Users/Ilija/Documents/ATLASrift/UProject 4.8/Saved/Autosaves/Game/Maps/UEDPCTheMainMap.umap'
[2015.07.07-16.32.41:857][ 57]LogSavePackage: Save=210.705826ms
[2015.07.07-16.32.41:857][ 57]LogSavePackage: Moving '../../../../../../Users/Ilija/Documents/ATLASrift/UProject 4.8/Saved/TheMainMap_Auto172E19AF7479FE7A767D7E5AC7155B694.tmp' to '../../../../../../Users/Ilija/Documents/ATLASrift/UProject 4.8/Saved/Autosaves/Game/Maps/TheMainMap_Auto1.umap'
[2015.07.07-16.32.41:862][ 57]LogFileHelpers: Editor autosave (incl. sublevels) for '/Game/Maps/TheMainMap' took 0.302
[2015.07.07-16.32.41:862][ 57]LogFileHelpers: Editor autosave (incl. sublevels) for all levels took 0.302
[2015.07.07-16.38.19:075][200]BlueprintLog: New page: Compile TheMainMap
[2015.07.07-16.38.19:206][200]BlueprintEditorCompileResults: Info [0983.78] Compile of TheMainMap successful! [in 131 ms]
[2015.07.07-16.38.21:370][296]LogSavePackage: Save=230.419067ms
[2015.07.07-16.38.21:370][296]LogSavePackage: Moving '../../../../../../Users/Ilija/Documents/ATLASrift/UProject 4.8/Saved/UEDPCTheMainMap866C1AB64E59386996132BA849D87BCA.tmp' to '../../../../../../Users/Ilija/Documents/ATLASrift/UProject 4.8/Saved/Autosaves/Game/Maps/UEDPCTheMainMap.umap'
[2015.07.07-16.41.31:293][447]LogSavePackage: Save=25.094683ms
[2015.07.07-16.41.31:293][447]LogSavePackage: Moving '../../../../../../Users/Ilija/Documents/ATLASrift/UProject 4.8/Saved/BLmuontoroidsbarel-ii-i_Blueprint8D61CFF94FEA769C614CA7BFE0598E73.tmp' to '../../../../../../Users/Ilija/Documents/ATLASrift/UProject 4.8/Content/BPs/BLmuontoroidsbarel-ii-i_Blueprint.uasset'
[2015.07.07-16.41.33:951][606]BlueprintLog: New page: Compile BLmuontoroidsbarel-ii-i_Blueprint
[2015.07.07-16.41.34:050][606]LogParticles: Destroying 0 GPU particle simulations for FXSystem 0x00000061FCF8B060
[2015.07.07-16.41.34:086][606]BlueprintEditorCompileResults: Info [1178.66] Compile of BLmuontoroidsbarel-ii-i_Blueprint successful! [in 134 ms]
[2015.07.07-16.41.51:009][612]LogEditorActor: Deleted Actor: IlijaFlyingCharacter_BP_C
[2015.07.07-16.41.51:041][612]LogParticles: Destroying 0 GPU particle simulations for FXSystem 0x00000061FE6EDA80
[2015.07.07-16.41.51:052][612]LogEditorActor: Deleted 1 Actors (0.044 secs)
[2015.07.07-16.41.54:734][832]Cmd: OBJ SAVEPACKAGE PACKAGE="/Game/Maps/TheMainMap" FILE="../../../../../../Users/Ilija/Documents/ATLASrift/UProject 4.8/Content/Maps/TheMainMap.umap" SILENT=true AUTOSAVING=false KEEPDIRTY=false
[2015.07.07-16.41.54:997][832]LogSavePackage: Save=212.482269ms
[2015.07.07-16.41.54:997][832]LogSavePackage: Moving '../../../../../../Users/Ilija/Documents/ATLASrift/UProject 4.8/Saved/TheMainMap8F7D807B47D224144AB1E08B9B44E9E8.tmp' to '../../../../../../Users/Ilija/Documents/ATLASrift/UProject 4.8/Content/Maps/TheMainMap.umap'
[2015.07.07-16.42.48:177][699]LogParticles: Destroying 0 GPU particle simulations for FXSystem 0x00000061FC3039C0
[2015.07.07-16.42.48:179][699]LogParticles: Destroying 0 GPU particle simulations for FXSystem 0x00000061D2F72F20
[2015.07.07-16.42.48:480][699]LogSavePackage: Save=214.245972ms
[2015.07.07-16.42.48:480][699]LogSavePackage: Moving '../../../../../../Users/Ilija/Documents/ATLASrift/UProject 4.8/Saved/UEDPCTheMainMap5C92E39441F7B2682297FE85DD7204BC.tmp' to '../../../../../../Users/Ilija/Documents/ATLASrift/UProject 4.8/Saved/Autosaves/Game/Maps/UEDPCTheMainMap.umap'
[2015.07.07-16.45.10:796][435]LogRenderer: Reallocating scene render targets to support 1128x928 (Frame:50053).
[2015.07.07-16.48.23:179][964]LogEditorViewport: Clicking on Actor (LMB): rmuonendcapmdt_Blueprint_C (rmuonendcapmdt_Blueprint)
[2015.07.07-16.53.43:179][966]LogParticles: Destroying 0 GPU particle simulations for FXSystem 0x00000061D3F399E0
[2015.07.07-16.53.43:462][966]LogSavePackage: Save=233.104858ms
[2015.07.07-16.53.43:462][966]LogSavePackage: Moving '../../../../../../Users/Ilija/Documents/ATLASrift/UProject 4.8/Saved/TheMainMap_Auto201CCEBF4492C6BF725B3DFB034FEC57D.tmp' to '../../../../../../Users/Ilija/Documents/ATLASrift/UProject 4.8/Saved/Autosaves/Game/Maps/TheMainMap_Auto2.umap'
[2015.07.07-16.53.43:468][966]LogFileHelpers: Editor autosave (incl. sublevels) for '/Game/Maps/TheMainMap' took 0.321
[2015.07.07-16.53.43:468][966]LogFileHelpers: Editor autosave (incl. sublevels) for all levels took 0.321
[2015.07.07-17.03.44:534][109]LogSavePackage: Save=227.769806ms
[2015.07.07-17.03.44:534][109]LogSavePackage: Moving '../../../../../../Users/Ilija/Documents/ATLASrift/UProject 4.8/Saved/TheMainMap_Auto38B5B93BF455CA3FB73FD36A60885BB74.tmp' to '../../../../../../Users/Ilija/Documents/ATLASrift/UProject 4.8/Saved/Autosaves/Game/Maps/TheMainMap_Auto3.umap'
[2015.07.07-17.03.44:539][109]LogFileHelpers: Editor autosave (incl. sublevels) for '/Game/Maps/TheMainMap' took 0.310
[2015.07.07-17.03.44:539][109]LogFileHelpers: Editor autosave (incl. sublevels) for all levels took 0.310
[2015.07.07-17.11.08:917][317]BlueprintLog: New page: Compile TheMainMap
[2015.07.07-17.11.09:054][317]BlueprintEditorCompileResults: Info [2953.63] Compile of TheMainMap successful! [in 137 ms]
[2015.07.07-17.13.45:143][656]LogSavePackage: Save=215.419739ms
[2015.07.07-17.13.45:143][656]LogSavePackage: Moving '../../../../../../Users/Ilija/Documents/ATLASrift/UProject 4.8/Saved/TheMainMap_Auto4B6C885434602425CCFB5D8BBC4E6A3C2.tmp' to '../../../../../../Users/Ilija/Documents/ATLASrift/UProject 4.8/Saved/Autosaves/Game/Maps/TheMainMap_Auto4.umap'
[2015.07.07-17.13.45:148][656]LogFileHelpers: Editor autosave (incl. sublevels) for '/Game/Maps/TheMainMap' took 0.287
[2015.07.07-17.13.45:148][656]LogFileHelpers: Editor autosave (incl. sublevels) for all levels took 0.287
[2015.07.07-20.23.51:534][539]LogSavePackage: Save=220.929276ms
[2015.07.07-20.23.51:534][539]LogSavePackage: Moving '../../../../../../Users/Ilija/Documents/ATLASrift/UProject 4.8/Saved/UEDPCTheMainMapB1D7D3994AE112E69F08F6B781865B6D.tmp' to '../../../../../../Users/Ilija/Documents/ATLASrift/UProject 4.8/Saved/Autosaves/Game/Maps/UEDPCTheMainMap.umap'
[2015.07.07-20.24.36:939][973]LogSavePackage: Save=222.497147ms
[2015.07.07-20.24.36:939][973]LogSavePackage: Moving '../../../../../../Users/Ilija/Documents/ATLASrift/UProject 4.8/Saved/TheMainMap_Auto515D9AFB442413F4616E1E3B742D327BF.tmp' to '../../../../../../Users/Ilija/Documents/ATLASrift/UProject 4.8/Saved/Autosaves/Game/Maps/TheMainMap_Auto5.umap'
[2015.07.07-20.24.36:944][973]LogFileHelpers: Editor autosave (incl. sublevels) for '/Game/Maps/TheMainMap' took 0.299
[2015.07.07-20.24.36:944][973]LogFileHelpers: Editor autosave (incl. sublevels) for all levels took 0.299
[2015.07.07-20.27.14:728][665]BlueprintLog: New page: Compile TheMainMap
[2015.07.07-20.27.14:862][665]BlueprintEditorCompileResults: Info [4719.44] Compile of TheMainMap successful! [in 133 ms]
[2015.07.07-20.27.17:343][787]LogSavePackage: Save=212.911285ms
[2015.07.07-20.27.17:343][787]LogSavePackage: Moving '../../../../../../Users/Ilija/Documents/ATLASrift/UProject 4.8/Saved/UEDPCTheMainMap99E52C0E44615BCB2534CBBA0EA7E8CC.tmp' to '../../../../../../Users/Ilija/Documents/ATLASrift/UProject 4.8/Saved/Autosaves/Game/Maps/UEDPCTheMainMap.umap'
[2015.07.07-20.37.40:283][631]BlueprintLog: New page: Compile TheMainMap
[2015.07.07-20.37.40:419][631]BlueprintEditorCompileResults: Info [5345.00] Compile of TheMainMap successful! [in 135 ms]
[2015.07.07-20.37.43:281][788]Cmd: OBJ SAVEPACKAGE PACKAGE="/Game/Maps/TheMainMap" FILE="../../../../../../Users/Ilija/Documents/ATLASrift/UProject 4.8/Content/Maps/TheMainMap.umap" SILENT=true AUTOSAVING=false KEEPDIRTY=false
[2015.07.07-20.37.43:555][788]LogSavePackage: Save=210.892639ms
[2015.07.07-20.37.43:555][788]LogSavePackage: Moving '../../../../../../Users/Ilija/Documents/ATLASrift/UProject 4.8/Saved/TheMainMap8FBA3B9F4E21592D430BB0B95487AB68.tmp' to '../../../../../../Users/Ilija/Documents/ATLASrift/UProject 4.8/Content/Maps/TheMainMap.umap'
[2015.07.07-20.37.43:594][788]LogFileHelpers: Saving map 'TheMainMap' took 0.490
[2015.07.07-20.37.47:450][992]LogSavePackage: Save=204.206879ms
[2015.07.07-20.37.47:450][992]LogSavePackage: Moving '../../../../../../Users/Ilija/Documents/ATLASrift/UProject 4.8/Saved/UEDPCTheMainMapED552CC7423EE8D58F77F88A97B1929B.tmp' to '../../../../../../Users/Ilija/Documents/ATLASrift/UProject 4.8/Saved/Autosaves/Game/Maps/UEDPCTheMainMap.umap'
[2015.07.07-20.44.46:732][715]LogSlate:Warning: Prevented a slow task dialog from being summoned while a context menu was open
[2015.07.07-20.48.38:996][483]LogFileHelpers: Editor autosave (incl. sublevels) for '/Game/Maps/TheMainMap' took 0.046
[2015.07.07-20.48.39:003][483]OBJ SavePackage: Generating thumbnails for [0] asset(s) in package [/Game/Maps/IlijaFlyingCharacter_BP] ([1] browsable assets)...
[2015.07.07-20.48.39:003][483]OBJ SavePackage: Finished generating thumbnails for package [/Game/Maps/IlijaFlyingCharacter_BP]
[2015.07.07-20.48.39:469][483]LogSavePackage: Save=431.863373ms
[2015.07.07-20.48.39:469][483]LogSavePackage: Moving '../../../../../../Users/Ilija/Documents/ATLASrift/UProject 4.8/Saved/IlijaFlyingCharacter_BP_Auto672A4F95F4B12AC39CEE5DF84153E7BE5.tmp' to '../../../../../../Users/Ilija/Documents/ATLASrift/UProject 4.8/Saved/Autosaves/Game/Maps/IlijaFlyingCharacter_BP_Auto6.uasset'
[2015.07.07-20.48.39:472][483]LogFileHelpers: Auto-saving content packages took 0.474
[2015.07.07-20.54.23:447][ 14]Cmd: OBJ SAVEPACKAGE PACKAGE="/Game/Maps/IlijaFlyingCharacter_BP" FILE="../../../../../../Users/Ilija/Documents/ATLASrift/UProject 4.8/Content/Maps/IlijaFlyingCharacter_BP.uasset" SILENT=true
[2015.07.07-20.54.23:920][ 14]LogSavePackage: Save=441.720184ms
[2015.07.07-20.54.23:920][ 14]LogSavePackage: Moving '../../../../../../Users/Ilija/Documents/ATLASrift/UProject 4.8/Saved/IlijaFlyingCharacter_BP6DEC8F184AB128923BB24F9ECE4A29F7.tmp' to '../../../../../../Users/Ilija/Documents/ATLASrift/UProject 4.8/Content/Maps/IlijaFlyingCharacter_BP.uasset'
[2015.07.07-20.54.24:861][ 70]BlueprintLog: New page: Compile IlijaFlyingCharacter_BP
[2015.07.07-20.54.25:192][ 70]BlueprintEditorCompileResults: Info [6349.77] Compile of IlijaFlyingCharacter_BP successful! [in 330 ms]
[2015.07.07-20.54.59:588][124]Cmd: OBJ SAVEPACKAGE PACKAGE="/Game/Maps/IlijaFlyingCharacter_BP" FILE="../../../../../../Users/Ilija/Documents/ATLASrift/UProject 4.8/Content/Maps/IlijaFlyingCharacter_BP.uasset" SILENT=true
[2015.07.07-20.55.00:040][124]LogSavePackage: Save=427.870789ms
[2015.07.07-20.55.00:040][124]LogSavePackage: Moving '../../../../../../Users/Ilija/Documents/ATLASrift/UProject 4.8/Saved/IlijaFlyingCharacter_BPE55E279B4887C520586FD38BBEF589E9.tmp' to '../../../../../../Users/Ilija/Documents/ATLASrift/UProject 4.8/Content/Maps/IlijaFlyingCharacter_BP.uasset'
[2015.07.07-20.59.54:571][777]LogEditorTransaction: Undo Move Node
[2015.07.07-20.59.55:181][810]LogEditorTransaction: Undo Move Node
[2015.07.07-20.59.55:677][837]LogEditorTransaction: Undo Create Pin Link
[2015.07.07-20.59.56:217][866]LogEditorTransaction: Undo Delete current selection
[2015.07.07-21.01.37:089][854]BlueprintLog: New page: Compile TheMainMap
[2015.07.07-21.01.37:237][854]BlueprintEditorCompileResults: Info [6781.81] Compile of TheMainMap successful! [in 147 ms]
[2015.07.07-21.01.39:627][965]LogSavePackage: Save=218.702057ms
[2015.07.07-21.01.39:627][965]LogSavePackage: Moving '../../../../../../Users/Ilija/Documents/ATLASrift/UProject 4.8/Saved/UEDPCTheMainMap035827BB4752EB6C172DE38BB445046E.tmp' to '../../../../../../Users/Ilija/Documents/ATLASrift/UProject 4.8/Saved/Autosaves/Game/Maps/UEDPCTheMainMap.umap'
[2015.07.07-21.01.56:271][190]LogSavePackage: Save=276.266479ms
[2015.07.07-21.01.56:271][190]LogSavePackage: Moving '../../../../../../Users/Ilija/Documents/ATLASrift/UProject 4.8/Saved/TheMainMap_Auto70C1D5BB94AD22C253819D08CE61CAC51.tmp' to '../../../../../../Users/Ilija/Documents/ATLASrift/UProject 4.8/Saved/Autosaves/Game/Maps/TheMainMap_Auto7.umap'
[2015.07.07-21.01.56:277][190]LogFileHelpers: Editor autosave (incl. sublevels) for '/Game/Maps/TheMainMap' took 0.371
[2015.07.07-21.01.56:277][190]LogFileHelpers: Editor autosave (incl. sublevels) for all levels took 0.371
[2015.07.07-21.11.56:659][923]LogFileHelpers: Editor autosave (incl. sublevels) for '/Game/Maps/TheMainMap' took 0.059
[2015.07.07-21.11.56:667][923]OBJ SavePackage: Generating thumbnails for [0] asset(s) in package [/Game/Maps/IlijaFlyingCharacter_BP] ([1] browsable assets)...
[2015.07.07-21.11.56:667][923]OBJ SavePackage: Finished generating thumbnails for package [/Game/Maps/IlijaFlyingCharacter_BP]
[2015.07.07-21.11.57:139][923]LogSavePackage: Save=446.576141ms
[2015.07.07-21.11.57:139][923]LogSavePackage: Moving '../../../../../../Users/Ilija/Documents/ATLASrift/UProject 4.8/Saved/IlijaFlyingCharacter_BP_Auto83605E706460F7655035ACC9B5D1F2792.tmp' to '../../../../../../Users/Ilija/Documents/ATLASrift/UProject 4.8/Saved/Autosaves/Game/Maps/IlijaFlyingCharacter_BP_Auto8.uasset'
[2015.07.07-21.11.57:142][923]LogFileHelpers: Auto-saving content packages took 0.483
[2015.07.07-21.31.48:033][298]Cmd: OBJ SAVEPACKAGE PACKAGE="/Game/Maps/IlijaFlyingCharacter_BP" FILE="../../../../../../Users/Ilija/Documents/ATLASrift/UProject 4.8/Content/Maps/IlijaFlyingCharacter_BP.uasset" SILENT=true
[2015.07.07-21.31.48:499][298]LogSavePackage: Save=438.625092ms
[2015.07.07-21.31.48:499][298]LogSavePackage: Moving '../../../../../../Users/Ilija/Documents/ATLASrift/UProject 4.8/Saved/IlijaFlyingCharacter_BP3E69C44544B274D7183C2EB2A079B52F.tmp' to '../../../../../../Users/Ilija/Documents/ATLASrift/UProject 4.8/Content/Maps/IlijaFlyingCharacter_BP.uasset'
[2015.07.07-21.32.02:066][106]Cmd: OBJ SAVEPACKAGE PACKAGE="/Game/Maps/IlijaFlyingCharacter_BP" FILE="../../../../../../Users/Ilija/Documents/ATLASrift/UProject 4.8/Content/Maps/IlijaFlyingCharacter_BP.uasset" SILENT=true
[2015.07.07-21.32.02:512][106]LogSavePackage: Save=424.420563ms
[2015.07.07-21.32.02:512][106]LogSavePackage: Moving '../../../../../../Users/Ilija/Documents/ATLASrift/UProject 4.8/Saved/IlijaFlyingCharacter_BPE7BCEE9F4B0FA44715043FB62B3E54B5.tmp' to '../../../../../../Users/Ilija/Documents/ATLASrift/UProject 4.8/Content/Maps/IlijaFlyingCharacter_BP.uasset'
[2015.07.07-21.32.05:637][261]LogSavePackage: Save=217.757797ms
[2015.07.07-21.32.05:637][261]LogSavePackage: Moving '../../../../../../Users/Ilija/Documents/ATLASrift/UProject 4.8/Saved/UEDPCTheMainMap85879E2F410245D726E51A95D50679CB.tmp' to '../../../../../../Users/Ilija/Documents/ATLASrift/UProject 4.8/Saved/Autosaves/Game/Maps/UEDPCTheMainMap.umap'
[2015.07.07-21.32.37:871][530]LogSavePackage: Save=248.217514ms
[2015.07.07-21.32.37:871][530]LogSavePackage: Moving '../../../../../../Users/Ilija/Documents/ATLASrift/UProject 4.8/Saved/TheMainMap_Auto95DC2046349A97BF0A061499FEBFEB212.tmp' to '../../../../../../Users/Ilija/Documents/ATLASrift/UProject 4.8/Saved/Autosaves/Game/Maps/TheMainMap_Auto9.umap'
[2015.07.07-21.32.37:878][530]LogFileHelpers: Editor autosave (incl. sublevels) for '/Game/Maps/TheMainMap' took 0.339
[2015.07.07-21.32.37:878][530]LogFileHelpers: Editor autosave (incl. sublevels) for all levels took 0.339
[2015.07.07-21.33.44:598][971]LogSavePackage: Save=222.010239ms
[2015.07.07-21.33.44:598][971]LogSavePackage: Moving '../../../../../../Users/Ilija/Documents/ATLASrift/UProject 4.8/Saved/UEDPCTheMainMap7F5263DC4FE36C322F0AFEB1550019F0.tmp' to '../../../../../../Users/Ilija/Documents/ATLASrift/UProject 4.8/Saved/Autosaves/Game/Maps/UEDPCTheMainMap.umap'
[2015.07.07-21.43.39:689][786]Cmd: OBJ SAVEPACKAGE PACKAGE="/Game/Maps/IlijaFlyingCharacter_BP" FILE="../../../../../../Users/Ilija/Documents/ATLASrift/UProject 4.8/Content/Maps/IlijaFlyingCharacter_BP.uasset" SILENT=true
[2015.07.07-21.43.40:156][786]LogSavePackage: Save=432.376556ms
[2015.07.07-21.43.40:156][786]LogSavePackage: Moving '../../../../../../Users/Ilija/Documents/ATLASrift/UProject 4.8/Saved/IlijaFlyingCharacter_BP4A6A40504377B489D288CAA051F21FF7.tmp' to '../../../../../../Users/Ilija/Documents/ATLASrift/UProject 4.8/Content/Maps/IlijaFlyingCharacter_BP.uasset'
[2015.07.07-21.44.09:131][506]Cmd: OBJ SAVEPACKAGE PACKAGE="/Game/Maps/TheMainMap" FILE="../../../../../../Users/Ilija/Documents/ATLASrift/UProject 4.8/Content/Maps/TheMainMap.umap" SILENT=true AUTOSAVING=false KEEPDIRTY=false
[2015.07.07-21.44.09:405][506]LogSavePackage: Save=216.981857ms
[2015.07.07-21.44.09:405][506]LogSavePackage: Moving '../../../../../../Users/Ilija/Documents/ATLASrift/UProject 4.8/Saved/TheMainMap1B7885944B544710F6DC1987F540793E.tmp' to '../../../../../../Users/Ilija/Documents/ATLASrift/UProject 4.8/Content/Maps/TheMainMap.umap'
[2015.07.07-21.44.09:446][506]LogFileHelpers: Saving map 'TheMainMap' took 0.500
[2015.07.07-21.44.12:651][698]BlueprintLog: New page: Compile IlijaFlyingCharacter_BP
[2015.07.07-21.44.13:000][698]BlueprintEditorCompileResults: Info [9337.58] Compile of IlijaFlyingCharacter_BP successful! [in 348 ms]
[2015.07.07-21.44.13:849][743]Cmd: OBJ SAVEPACKAGE PACKAGE="/Game/Maps/IlijaFlyingCharacter_BP" FILE="../../../../../../Users/Ilija/Documents/ATLASrift/UProject 4.8/Content/Maps/IlijaFlyingCharacter_BP.uasset" SILENT=true
[2015.07.07-21.44.14:296][743]LogSavePackage: Save=425.708038ms
[2015.07.07-21.44.14:296][743]LogSavePackage: Moving '../../../../../../Users/Ilija/Documents/ATLASrift/UProject 4.8/Saved/IlijaFlyingCharacter_BP58729BB7481E76182E2670AC649D427D.tmp' to '../../../../../../Users/Ilija/Documents/ATLASrift/UProject 4.8/Content/Maps/IlijaFlyingCharacter_BP.uasset'
[2015.07.07-21.55.14:967][362]Cmd: TRANSACTION UNDO
[2015.07.07-21.55.14:967][362]LogEditorTransaction: Undo Move Actors
[2015.07.07-21.55.15:392][385]Cmd: TRANSACTION UNDO
[2015.07.07-21.55.15:392][385]LogEditorTransaction: Undo Move Actors
[2015.07.07-22.04.51:367][915]Cmd: OBJ SAVEPACKAGE PACKAGE="/Game/Maps/TheMainMap" FILE="../../../../../../Users/Ilija/Documents/ATLASrift/UProject 4.8/Content/Maps/TheMainMap.umap" SILENT=true AUTOSAVING=false KEEPDIRTY=false
[2015.07.07-22.04.51:672][915]LogSavePackage: Save=238.419388ms
[2015.07.07-22.04.51:672][915]LogSavePackage: Moving '../../../../../../Users/Ilija/Documents/ATLASrift/UProject 4.8/Saved/TheMainMap385432F644FE244468516FA3EB11EB42.tmp' to '../../../../../../Users/Ilija/Documents/ATLASrift/UProject 4.8/Content/Maps/TheMainMap.umap'
[2015.07.07-22.04.55:094][ 86]LogSavePackage: Save=222.988983ms
[2015.07.07-22.04.55:094][ 86]LogSavePackage: Moving '../../../../../../Users/Ilija/Documents/ATLASrift/UProject 4.8/Saved/UEDPCTheMainMap872FFAE54C71B5BCDE9A8884327E0E32.tmp' to '../../../../../../Users/Ilija/Documents/ATLASrift/UProject 4.8/Saved/Autosaves/Game/Maps/UEDPCTheMainMap.umap'
[2015.07.07-22.05.30:001][552]LogWindowsTextInputMethodSystem:Display: IME system now deactivated.
[2015.07.07-22.05.30:277][553]Cmd: QUIT_EDITOR
[2015.07.07-22.05.30:575][553]LogExit: Preparing to exit.
[2015.07.07-22.05.30:965][553]LogExit: Editor shut down
[2015.07.07-22.05.30:965][553]LogExit: Transaction tracking system shut down
[2015.07.07-22.05.30:971][553]LogParticles: Destroying 0 GPU particle simulations for FXSystem 0x00000061C0498720
[2015.07.07-22.05.30:971][553]LogParticles: Destroying 0 GPU particle simulations for FXSystem 0x00000061CEACB9C0
[2015.07.07-22.05.30:971][553]LogParticles: Destroying 0 GPU particle simulations for FXSystem 0x00000061CAB579C0
[2015.07.07-22.05.30:972][553]LogParticles: Destroying 0 GPU particle simulations for FXSystem 0x00000061CAAF2840
[2015.07.07-22.05.30:972][553]LogParticles: Destroying 0 GPU particle simulations for FXSystem 0x00000061CC90E700
[2015.07.07-22.05.30:973][553]LogParticles: Destroying 0 GPU particle simulations for FXSystem 0x00000061CD9D85E0
[2015.07.07-22.05.30:973][553]LogParticles: Destroying 0 GPU particle simulations for FXSystem 0x000000618E1BC4A0
[2015.07.07-22.05.31:270][553]LogExit: Object subsystem successfully closed.
[2015.07.07-22.05.31:396][553]LogCrashTracker: 


