[2015.07.07-20.23.53:822][  0]Log file open, 07/07/15 22:23:53
[2015.07.07-20.23.53:822][  0]LogInit:Display: Running engine for game: ATLASrift
[2015.07.07-20.23.53:822][  0]LogInit:Display: RandInit(23615620) SRandInit(23615620).
[2015.07.07-20.23.53:822][  0]LogTaskGraph: Started task graph with 4 named threads and 7 total threads.
[2015.07.07-20.23.53:822][  0]LogStats: Stats thread started
[2015.07.07-20.23.53:822][  0]LogInit: Version: 4.8.1-2591939+++depot+UE4-Releases+4.8
[2015.07.07-20.23.53:822][  0]LogInit: API Version: 2579680
[2015.07.07-20.23.53:822][  0]LogInit: Compiled (64-bit): Jun 18 2015 11:02:04
[2015.07.07-20.23.53:822][  0]LogInit: Compiled with Visual C++: 18.00.21005.01
[2015.07.07-20.23.53:822][  0]LogInit: Build Configuration: Development
[2015.07.07-20.23.53:822][  0]LogInit: Branch Name: ++depot+UE4-Releases+4.8
[2015.07.07-20.23.53:822][  0]LogInit: Command line:  /Temp/Autosaves/Game/Maps/UEDPCTheMainMap -game -PIEVIACONSOLE -ResX=1280 -ResY=720  -Multiprocess 
[2015.07.07-20.23.53:822][  0]LogInit: Base directory: C:/Program Files/Epic Games/4.8/Engine/Binaries/Win64/
[2015.07.07-20.23.53:822][  0]LogInit: Rocket: 1
[2015.07.07-20.23.53:859][  0]LogInit: Using libcurl 7.41.0
[2015.07.07-20.23.53:859][  0]LogInit:  - built for x86_64-pc-win32
[2015.07.07-20.23.53:859][  0]LogInit:  - supports SSL with WinSSL
[2015.07.07-20.23.53:859][  0]LogInit:  - other features:
[2015.07.07-20.23.53:859][  0]LogInit:      CURL_VERSION_SSL
[2015.07.07-20.23.53:859][  0]LogInit:      CURL_VERSION_IPV6
[2015.07.07-20.23.53:859][  0]LogInit:      CURL_VERSION_ASYNCHDNS
[2015.07.07-20.23.53:859][  0]LogInit:      CURL_VERSION_LARGEFILE
[2015.07.07-20.23.53:859][  0]LogInit:      CURL_VERSION_IDN
[2015.07.07-20.23.53:859][  0]LogInit:  CurlRequestOptions (configurable via config and command line):
[2015.07.07-20.23.53:859][  0]LogInit:  - bVerifyPeer = true  - Libcurl will verify peer certificate
[2015.07.07-20.23.53:859][  0]LogInit:  - bUseHttpProxy = false  - Libcurl will NOT use HTTP proxy
[2015.07.07-20.23.53:859][  0]LogInit:  - bDontReuseConnections = false  - Libcurl will reuse connections
[2015.07.07-20.23.53:859][  0]LogInit:  - CertBundlePath = nullptr  - Libcurl will use whatever was configured at build time.
[2015.07.07-20.23.53:875][  0]LogOnline:Warning: No default platform service specified for OnlineSubsystem
[2015.07.07-20.23.53:905][  0]LogInit: Presizing for 0 objects not considered by GC, pre-allocating 0 bytes.
[2015.07.07-20.23.53:918][  0]LogInit: Object subsystem initialized
[2015.07.07-20.23.53:920][  0]LogConsoleResponse:Warning: Skipping Unknown console variable: 'UIScaleCurve = (EditorCurveData=(Keys=((Time=480.000000,Value=0.444000),(Time=720.000000,Value=0.666000),(Time=1080.000000,Value=1.000000),(Time=8640.000000,Value=8.000000))),ExternalCurve=None)'
[2015.07.07-20.23.53:920][  0]LogConsoleResponse:Warning:   Found in ini file 'C:/Users/Ilija/Documents/ATLASrift/UProject 4.8/Saved/Config/Windows/Engine.ini', in section '[/Script/Engine.RendererSettings]'
[2015.07.07-20.23.53:920][  0]LogConsoleManager:Warning: Console variable 'r.MSAA.CompositingSampleCount' wasn't set ('Scalability' has a lower priority than 'ProjectSetting')
[2015.07.07-20.23.53:920][  0]LogInit: Selected Device Profile: [Windows]
[2015.07.07-20.23.53:920][  0]LogInit: Applying CVar settings loaded from the selected device profile: [Windows]
[2015.07.07-20.23.53:925][  0]LogInit: Computer: ILIJAMSI
[2015.07.07-20.23.53:926][  0]LogInit: User: Ilija
[2015.07.07-20.23.53:926][  0]LogInit: CPU Page size=4096, Cores=4
[2015.07.07-20.23.53:926][  0]LogInit: High frequency timer resolution =2.435775 MHz
[2015.07.07-20.23.53:926][  0]LogMemory: Memory total: Physical=16.0GB (16GB approx)
[2015.07.07-20.23.53:926][  0]LogMemory: Platform Memory Stats for Windows
[2015.07.07-20.23.53:926][  0]LogMemory: Process Physical Memory: 48.77 MB used, 48.77 MB peak
[2015.07.07-20.23.53:926][  0]LogMemory: Process Virtual Memory: 22.38 MB used, 22.38 MB peak
[2015.07.07-20.23.53:926][  0]LogMemory: Physical Memory: 3980.04 MB used, 16336.84 MB total
[2015.07.07-20.23.53:926][  0]LogMemory: Virtual Memory: 295.75 MB used, 134217728.00 MB total
[2015.07.07-20.23.53:991][  0]LogTextLocalizationManager: The requested culture ('en_US') has no localization data; parent culture's ('en') localization data will be used.
[2015.07.07-20.23.54:286][  0]LogTextLocalizationManager:Warning: Loaded localization resources contain conflicting entries for (Namespace:ContentBrowser, Key:ImportAssetToolTip):
Localization Resource: (C:/Program Files/Epic Games/4.8/Engine/Content/Localization/Editor/en/Editor.locres) Source String Hash: (-630476809) Localized String: (Import to {0}...)
Localization Resource: (C:/Program Files/Epic Games/4.8/Engine/Content/Localization/Editor/en/Editor.locres) Source String Hash: (1271782899) Localized String: (Imports an asset from file to this folder.)
[2015.07.07-20.23.54:751][  0]LogD3D11RHI: Found D3D11 adapter 0: NVIDIA GeForce GTX 980M (Feature Level 11_0)
[2015.07.07-20.23.54:751][  0]LogD3D11RHI: Adapter has 8023MB of dedicated video memory, 0MB of dedicated system memory, and 8168MB of shared system memory, 1 output[s]
[2015.07.07-20.23.54:753][  0]LogD3D11RHI: Found D3D11 adapter 1: Microsoft Basic Render Driver (Feature Level 11_0)
[2015.07.07-20.23.54:753][  0]LogD3D11RHI: Adapter has 0MB of dedicated video memory, 0MB of dedicated system memory, and 256MB of shared system memory, 0 output[s]
[2015.07.07-20.23.54:753][  0]LogD3D11RHI: Chosen D3D11 Adapter Id = 0
[2015.07.07-20.23.54:758][  0]LogRHI: Texture pool is 1361 MB (70% of 1945 MB)
[2015.07.07-20.23.54:773][  0]LogD3D11RHI: Async texture creation enabled
[2015.07.07-20.23.55:301][  0]LogShaderCompilers:Display: Using Local Shader Compiler.
[2015.07.07-20.23.56:422][  0]LogTemp:Display: Loaded TP DesktopTargetPlatform
[2015.07.07-20.23.56:443][  0]LogTemp:Display: Loaded TP WindowsClientTargetPlatform
[2015.07.07-20.23.56:464][  0]LogTemp:Display: Loaded TP WindowsNoEditorTargetPlatform
[2015.07.07-20.23.56:485][  0]LogTemp:Display: Loaded TP WindowsServerTargetPlatform
[2015.07.07-20.23.56:506][  0]LogTemp:Display: Loaded TP WindowsTargetPlatform
[2015.07.07-20.23.56:525][  0]LogTemp:Display: Loaded TP AndroidTargetPlatform
[2015.07.07-20.23.56:544][  0]LogTemp:Display: Loaded TP Android_ASTCTargetPlatform
[2015.07.07-20.23.56:563][  0]LogTemp:Display: Loaded TP Android_ATCTargetPlatform
[2015.07.07-20.23.56:582][  0]LogTemp:Display: Loaded TP Android_DXTTargetPlatform
[2015.07.07-20.23.56:601][  0]LogTemp:Display: Loaded TP Android_ETC1TargetPlatform
[2015.07.07-20.23.56:622][  0]LogTemp:Display: Loaded TP Android_ETC2TargetPlatform
[2015.07.07-20.23.56:642][  0]LogTemp:Display: Loaded TP Android_PVRTCTargetPlatform
[2015.07.07-20.23.56:720][  0]LogTemp:Display: Loaded TP IOSTargetPlatform
[2015.07.07-20.23.56:742][  0]LogTemp:Display: Loaded TP LinuxNoEditorTargetPlatform
[2015.07.07-20.23.56:761][  0]LogTemp:Display: Loaded TP LinuxServerTargetPlatform
[2015.07.07-20.23.56:783][  0]LogTemp:Display: Loaded TP LinuxTargetPlatform
[2015.07.07-20.23.56:783][  0]LogTargetPlatformManager:Display: Building Assets For Windows
[2015.07.07-20.23.57:119][  0]LogDerivedDataCache:Display: Max Cache Size: 512 MB
[2015.07.07-20.23.57:178][  0]LogDerivedDataCache: Loaded boot cache 0.06s 53MB C:/Users/Ilija/AppData/Local/UnrealEngine/4.8/DerivedDataCache/Boot.ddc.
[2015.07.07-20.23.57:178][  0]LogDerivedDataCache:Display: Loaded Boot cache: C:/Users/Ilija/AppData/Local/UnrealEngine/4.8/DerivedDataCache/Boot.ddc
[2015.07.07-20.23.57:178][  0]LogDerivedDataCache: FDerivedDataBackendGraph:  Pak pak cache file ../../../../../../Users/Ilija/Documents/ATLASrift/UProject 4.8/DerivedDataCache/DDC.ddp not found, will not use a pak cache.
[2015.07.07-20.23.57:178][  0]LogDerivedDataCache: Unable to find inner node Pak for hierarchical cache Hierarchy.
[2015.07.07-20.23.57:178][  0]LogDerivedDataCache: FDerivedDataBackendGraph:  CompressedPak pak cache file ../../../../../../Users/Ilija/Documents/ATLASrift/UProject 4.8/DerivedDataCache/Compressed.ddp not found, will not use a pak cache.
[2015.07.07-20.23.57:178][  0]LogDerivedDataCache: Unable to find inner node CompressedPak for hierarchical cache Hierarchy.
[2015.07.07-20.23.57:367][  0]LogDerivedDataCache:Display: Pak cache opened for reading ../../../Engine/DerivedDataCache/Compressed.ddp.
[2015.07.07-20.23.57:380][  0]LogDerivedDataCache: Using Local data cache path C:/Users/Ilija/AppData/Local/UnrealEngine/Common/DerivedDataCache: Writable
[2015.07.07-20.23.57:635][  0]LogInit: Selected Device Profile: [Windows]
[2015.07.07-20.23.57:740][  0]ImportText (ComponentSweepMultiTests): Missing closing parenthesis: (RootShapeAsset="/Engine/BasicShapes/Cube.Cube",ShapeType="TriggerCapsule",HitResult=(Time=0.50,Location=(X=-100.000015,Y=0.0,Z=100.000015),ImpactPoint=(X=-50.0,Y=0.0,Z=50.0),Normal=(X=-1.0,Y=-0.0,Z=0.0),ImpactNormal=(X=0.0,Y=0.0,Z=1.0),TraceStart=(X=-200.0,Y=0.0,Z=200.0),TraceEnd=(X=0.0,Y=0.0,Z=0.0))
[2015.07.07-20.23.57:740][  0]ImportText (LineTraceSingleByChannelTests): Missing closing parenthesis: (RootShapeAsset="/Engine/BasicShapes/Cube.Cube",HitResult=(Time=0.50,Location=(X=-100.000015,Y=0.0,Z=100.000015),ImpactPoint=(X=-50.0,Y=0.0,Z=50.0),Normal=(X=-1.0,Y=-0.0,Z=0.0),ImpactNormal=(X=0.0,Y=0.0,Z=1.0),TraceStart=(X=-200.0,Y=0.0,Z=200.0),TraceEnd=(X=0.0,Y=0.0,Z=0.0))
[2015.07.07-20.23.57:777][  0]LogMeshUtilities: No automatic mesh reduction module available
[2015.07.07-20.23.57:777][  0]LogMeshUtilities: No automatic mesh merging module available
[2015.07.07-20.23.58:185][  0]LogInit: WinSock: version 1.1 (2.2), MaxSocks=32767, MaxUdp=65467
[2015.07.07-20.23.58:822][  0]LogWindowsMoviePlayer: Unable to load movie: ../../../../../../Users/Ilija/Documents/ATLASrift/UProject 4.8/Content/Movies/Default_Startup.mp4
[2015.07.07-20.23.59:023][  0]SourceControl: Info Source control is disabled
[2015.07.07-20.23.59:024][  0]SourceControl: Info Source control is disabled
[2015.07.07-20.23.59:043][  0]SourceControl: Info Source control is disabled
[2015.07.07-20.23.59:313][  0]LogObj: 25794 objects as part of root set at end of initial load.
[2015.07.07-20.23.59:313][  0]LogUObjectAllocator: 5200096 out of 0 bytes used by permanent object pool.
[2015.07.07-20.23.59:414][  0]LogAutomationTest:Warning: ERR: Transient text cannot be serialized "Testing Transient serialization detection".
[2015.07.07-20.23.59:414][  0]LogEngine: Initializing Engine...
[2015.07.07-20.23.59:417][  0]LogHMD: Can't find Oculus library dev build: is proper Runtime installed? Version: 0.6.0.0
[2015.07.07-20.23.59:458][  0]LogHMD: SteamVR initialized.  Driver: oculus  Display: 206D5J030W8G
[2015.07.07-20.23.59:560][  0]LogInit: XAudio2 using 'Speakers (Realtek High Definition Audio)' : 2 channels at 48 kHz using 32 bits per sample (channel mask 0x3)
[2015.07.07-20.23.59:574][  0]LogInit: FAudioDevice initialized.
[2015.07.07-20.23.59:578][  0]LogInit: Texture streaming: Disabled
[2015.07.07-20.23.59:661][  0]LogConsoleManager:Warning: Console variable 'r.VSync' wasn't set ('GameSetting' has a lower priority than 'Code')
[2015.07.07-20.23.59:663][  0]LogNet: Browse: /Temp/Autosaves/Game/Maps/UEDPCTheMainMap?Name=Player
[2015.07.07-20.23.59:663][  0]LogLoad: LoadMap: /Temp/Autosaves/Game/Maps/UEDPCTheMainMap?Name=Player
[2015.07.07-20.23.59:678][  0]LogParticles: Destroying 0 GPU particle simulations for FXSystem 0x00000033141AC5E0
[2015.07.07-20.23.59:688][  0]LogMemory: Platform Memory Stats for Windows
[2015.07.07-20.23.59:688][  0]LogMemory: Process Physical Memory: 354.38 MB used, 354.38 MB peak
[2015.07.07-20.23.59:688][  0]LogMemory: Process Virtual Memory: 285.50 MB used, 288.04 MB peak
[2015.07.07-20.23.59:688][  0]LogMemory: Physical Memory: 4235.48 MB used, 16336.84 MB total
[2015.07.07-20.23.59:688][  0]LogMemory: Virtual Memory: 822.02 MB used, 134217728.00 MB total
[2015.07.07-20.23.59:688][  0]LogMemory: 
[2015.07.07-20.23.59:688][  0]Allocator Stats for TBB: (not implemented)
[2015.07.07-20.24.04:560][  0]LogAIModule: Creating AISystem for world TheMainMap
[2015.07.07-20.24.04:590][  0]LogWorld: Game class is 'ilijaGame_C'
[2015.07.07-20.24.04:611][  0]LogWorld: Bringing World /Temp/Autosaves/Game/Maps/UEDPCTheMainMap.TheMainMap up for play (max tick rate 0) at 2015.07.07-22.24.04
[2015.07.07-20.24.04:612][  0]LogWorld: Bringing up level for play took: 0.012857
[2015.07.07-20.24.04:616][  0]LogBlueprintUserMessages: OBJECT
[2015.07.07-20.24.04:616][  0]LogBlueprintUserMessages: PlayerController_0
[2015.07.07-20.24.04:616][  0]LogArray:Warning: Attempted to get an item from array Tags out of bounds [0/0]!
[2015.07.07-20.24.04:616][  0]LogBlueprintUserMessages: None
[2015.07.07-20.24.04:616][  0]LogBlueprintUserMessages: OBJECT
[2015.07.07-20.24.04:616][  0]LogBlueprintUserMessages: IlijaFlyingCharacter_BP_C_0
[2015.07.07-20.24.04:616][  0]LogArray:Warning: Attempted to get an item from array Tags out of bounds [0/0]!
[2015.07.07-20.24.04:616][  0]LogBlueprintUserMessages: None
[2015.07.07-20.24.04:616][  0]LogBlueprintUserMessages: OBJECT
[2015.07.07-20.24.04:616][  0]LogBlueprintUserMessages: InstancedFoliageActor_0
[2015.07.07-20.24.04:616][  0]LogArray:Warning: Attempted to get an item from array Tags out of bounds [0/0]!
[2015.07.07-20.24.04:616][  0]LogBlueprintUserMessages: None
[2015.07.07-20.24.04:616][  0]LogBlueprintUserMessages: OBJECT
[2015.07.07-20.24.04:616][  0]LogBlueprintUserMessages: 12_10
[2015.07.07-20.24.04:616][  0]LogArray:Warning: Attempted to get an item from array Tags out of bounds [0/0]!
[2015.07.07-20.24.04:616][  0]LogBlueprintUserMessages: None
[2015.07.07-20.24.04:616][  0]LogBlueprintUserMessages: OBJECT
[2015.07.07-20.24.04:616][  0]LogBlueprintUserMessages: 3_13
[2015.07.07-20.24.04:616][  0]LogArray:Warning: Attempted to get an item from array Tags out of bounds [0/0]!
[2015.07.07-20.24.04:616][  0]LogBlueprintUserMessages: None
[2015.07.07-20.24.04:616][  0]LogBlueprintUserMessages: OBJECT
[2015.07.07-20.24.04:616][  0]LogBlueprintUserMessages: 4last_4
[2015.07.07-20.24.04:616][  0]LogArray:Warning: Attempted to get an item from array Tags out of bounds [0/0]!
[2015.07.07-20.24.04:616][  0]LogBlueprintUserMessages: None
[2015.07.07-20.24.04:616][  0]LogBlueprintUserMessages: OBJECT
[2015.07.07-20.24.04:616][  0]LogBlueprintUserMessages: 4lastmirrorflipfix_13
[2015.07.07-20.24.04:616][  0]LogArray:Warning: Attempted to get an item from array Tags out of bounds [0/0]!
[2015.07.07-20.24.04:616][  0]LogBlueprintUserMessages: None
[2015.07.07-20.24.04:616][  0]LogBlueprintUserMessages: OBJECT
[2015.07.07-20.24.04:616][  0]LogBlueprintUserMessages: 5smoothed_19
[2015.07.07-20.24.04:616][  0]LogArray:Warning: Attempted to get an item from array Tags out of bounds [0/0]!
[2015.07.07-20.24.04:616][  0]LogBlueprintUserMessages: None
[2015.07.07-20.24.04:616][  0]LogBlueprintUserMessages: OBJECT
[2015.07.07-20.24.04:616][  0]LogBlueprintUserMessages: 67_16
[2015.07.07-20.24.04:616][  0]LogArray:Warning: Attempted to get an item from array Tags out of bounds [0/0]!
[2015.07.07-20.24.04:616][  0]LogBlueprintUserMessages: None
[2015.07.07-20.24.04:616][  0]LogBlueprintUserMessages: OBJECT
[2015.07.07-20.24.04:616][  0]LogBlueprintUserMessages: 8_22
[2015.07.07-20.24.04:616][  0]LogArray:Warning: Attempted to get an item from array Tags out of bounds [0/0]!
[2015.07.07-20.24.04:616][  0]LogBlueprintUserMessages: None
[2015.07.07-20.24.04:616][  0]LogBlueprintUserMessages: OBJECT
[2015.07.07-20.24.04:616][  0]LogBlueprintUserMessages: 9_7
[2015.07.07-20.24.04:616][  0]LogArray:Warning: Attempted to get an item from array Tags out of bounds [0/0]!
[2015.07.07-20.24.04:616][  0]LogBlueprintUserMessages: None
[2015.07.07-20.24.04:616][  0]LogBlueprintUserMessages: OBJECT
[2015.07.07-20.24.04:617][  0]LogBlueprintUserMessages: cranes_4
[2015.07.07-20.24.04:617][  0]LogArray:Warning: Attempted to get an item from array Tags out of bounds [0/0]!
[2015.07.07-20.24.04:617][  0]LogBlueprintUserMessages: None
[2015.07.07-20.24.04:617][  0]LogBlueprintUserMessages: OBJECT
[2015.07.07-20.24.04:617][  0]LogBlueprintUserMessages: NeonLight
[2015.07.07-20.24.04:617][  0]LogArray:Warning: Attempted to get an item from array Tags out of bounds [0/0]!
[2015.07.07-20.24.04:617][  0]LogBlueprintUserMessages: None
[2015.07.07-20.24.04:617][  0]LogBlueprintUserMessages: OBJECT
[2015.07.07-20.24.04:617][  0]LogBlueprintUserMessages: NeonLight2_5
[2015.07.07-20.24.04:617][  0]LogArray:Warning: Attempted to get an item from array Tags out of bounds [0/0]!
[2015.07.07-20.24.04:617][  0]LogBlueprintUserMessages: None
[2015.07.07-20.24.04:617][  0]LogBlueprintUserMessages: OBJECT
[2015.07.07-20.24.04:617][  0]LogBlueprintUserMessages: NeonLight3
[2015.07.07-20.24.04:617][  0]LogArray:Warning: Attempted to get an item from array Tags out of bounds [0/0]!
[2015.07.07-20.24.04:617][  0]LogBlueprintUserMessages: None
[2015.07.07-20.24.04:617][  0]LogBlueprintUserMessages: OBJECT
[2015.07.07-20.24.04:617][  0]LogBlueprintUserMessages: NeonLight4
[2015.07.07-20.24.04:617][  0]LogArray:Warning: Attempted to get an item from array Tags out of bounds [0/0]!
[2015.07.07-20.24.04:617][  0]LogBlueprintUserMessages: None
[2015.07.07-20.24.04:617][  0]LogBlueprintUserMessages: OBJECT
[2015.07.07-20.24.04:617][  0]LogBlueprintUserMessages: NeonLight5
[2015.07.07-20.24.04:617][  0]LogArray:Warning: Attempted to get an item from array Tags out of bounds [0/0]!
[2015.07.07-20.24.04:617][  0]LogBlueprintUserMessages: None
[2015.07.07-20.24.04:617][  0]LogBlueprintUserMessages: OBJECT
[2015.07.07-20.24.04:617][  0]LogBlueprintUserMessages: NeonLight6
[2015.07.07-20.24.04:617][  0]LogArray:Warning: Attempted to get an item from array Tags out of bounds [0/0]!
[2015.07.07-20.24.04:617][  0]LogBlueprintUserMessages: None
[2015.07.07-20.24.04:617][  0]LogBlueprintUserMessages: OBJECT
[2015.07.07-20.24.04:617][  0]LogBlueprintUserMessages: rmuonendcapnsw_46
[2015.07.07-20.24.04:617][  0]LogArray:Warning: Attempted to get an item from array Tags out of bounds [0/0]!
[2015.07.07-20.24.04:617][  0]LogBlueprintUserMessages: None
[2015.07.07-20.24.04:617][  0]LogBlueprintUserMessages: OBJECT
[2015.07.07-20.24.04:617][  0]LogBlueprintUserMessages: SM_Chair_10
[2015.07.07-20.24.04:617][  0]LogArray:Warning: Attempted to get an item from array Tags out of bounds [0/0]!
[2015.07.07-20.24.04:617][  0]LogBlueprintUserMessages: None
[2015.07.07-20.24.04:617][  0]LogBlueprintUserMessages: OBJECT
[2015.07.07-20.24.04:617][  0]LogBlueprintUserMessages: LightmassImportanceVolume_1
[2015.07.07-20.24.04:617][  0]LogArray:Warning: Attempted to get an item from array Tags out of bounds [0/0]!
[2015.07.07-20.24.04:617][  0]LogBlueprintUserMessages: None
[2015.07.07-20.24.04:617][  0]LogBlueprintUserMessages: OBJECT
[2015.07.07-20.24.04:617][  0]LogBlueprintUserMessages: DefaultPhysicsVolume_1
[2015.07.07-20.24.04:617][  0]LogArray:Warning: Attempted to get an item from array Tags out of bounds [0/0]!
[2015.07.07-20.24.04:617][  0]LogBlueprintUserMessages: None
[2015.07.07-20.24.04:617][  0]LogBlueprintUserMessages: OBJECT
[2015.07.07-20.24.04:618][  0]LogBlueprintUserMessages: Starter_Background_Cue_4
[2015.07.07-20.24.04:618][  0]LogArray:Warning: Attempted to get an item from array Tags out of bounds [0/0]!
[2015.07.07-20.24.04:618][  0]LogBlueprintUserMessages: None
[2015.07.07-20.24.04:618][  0]LogBlueprintUserMessages: OBJECT
[2015.07.07-20.24.04:618][  0]LogBlueprintUserMessages: CameraActor_0
[2015.07.07-20.24.04:618][  0]LogArray:Warning: Attempted to get an item from array Tags out of bounds [0/0]!
[2015.07.07-20.24.04:618][  0]LogBlueprintUserMessages: None
[2015.07.07-20.24.04:618][  0]LogBlueprintUserMessages: OBJECT
[2015.07.07-20.24.04:618][  0]LogBlueprintUserMessages: PlayerCameraManager_0
[2015.07.07-20.24.04:618][  0]LogArray:Warning: Attempted to get an item from array Tags out of bounds [0/0]!
[2015.07.07-20.24.04:618][  0]LogBlueprintUserMessages: None
[2015.07.07-20.24.04:618][  0]LogBlueprintUserMessages: OBJECT
[2015.07.07-20.24.04:618][  0]LogBlueprintUserMessages: Decal-authors
[2015.07.07-20.24.04:618][  0]LogArray:Warning: Attempted to get an item from array Tags out of bounds [0/0]!
[2015.07.07-20.24.04:618][  0]LogBlueprintUserMessages: None
[2015.07.07-20.24.04:618][  0]LogBlueprintUserMessages: OBJECT
[2015.07.07-20.24.04:618][  0]LogBlueprintUserMessages: Decal-logo-ATLAS
[2015.07.07-20.24.04:618][  0]LogArray:Warning: Attempted to get an item from array Tags out of bounds [0/0]!
[2015.07.07-20.24.04:618][  0]LogBlueprintUserMessages: None
[2015.07.07-20.24.04:618][  0]LogBlueprintUserMessages: OBJECT
[2015.07.07-20.24.04:618][  0]LogBlueprintUserMessages: Decal-logo-UC
[2015.07.07-20.24.04:618][  0]LogArray:Warning: Attempted to get an item from array Tags out of bounds [0/0]!
[2015.07.07-20.24.04:618][  0]LogBlueprintUserMessages: None
[2015.07.07-20.24.04:618][  0]LogBlueprintUserMessages: OBJECT
[2015.07.07-20.24.04:618][  0]LogBlueprintUserMessages: DecalA
[2015.07.07-20.24.04:618][  0]LogArray:Warning: Attempted to get an item from array Tags out of bounds [0/0]!
[2015.07.07-20.24.04:618][  0]LogBlueprintUserMessages: None
[2015.07.07-20.24.04:618][  0]LogBlueprintUserMessages: OBJECT
[2015.07.07-20.24.04:618][  0]LogBlueprintUserMessages: DecalC
[2015.07.07-20.24.04:619][  0]LogArray:Warning: Attempted to get an item from array Tags out of bounds [0/0]!
[2015.07.07-20.24.04:619][  0]LogBlueprintUserMessages: None
[2015.07.07-20.24.04:619][  0]LogBlueprintUserMessages: OBJECT
[2015.07.07-20.24.04:619][  0]LogBlueprintUserMessages: HUD_0
[2015.07.07-20.24.04:619][  0]LogArray:Warning: Attempted to get an item from array Tags out of bounds [0/0]!
[2015.07.07-20.24.04:619][  0]LogBlueprintUserMessages: None
[2015.07.07-20.24.04:619][  0]LogBlueprintUserMessages: OBJECT
[2015.07.07-20.24.04:619][  0]LogBlueprintUserMessages: ilijaGame_C_0
[2015.07.07-20.24.04:619][  0]LogArray:Warning: Attempted to get an item from array Tags out of bounds [0/0]!
[2015.07.07-20.24.04:619][  0]LogBlueprintUserMessages: None
[2015.07.07-20.24.04:619][  0]LogBlueprintUserMessages: OBJECT
[2015.07.07-20.24.04:619][  0]LogBlueprintUserMessages: GameNetworkManager_0
[2015.07.07-20.24.04:619][  0]LogArray:Warning: Attempted to get an item from array Tags out of bounds [0/0]!
[2015.07.07-20.24.04:619][  0]LogBlueprintUserMessages: None
[2015.07.07-20.24.04:619][  0]LogBlueprintUserMessages: OBJECT
[2015.07.07-20.24.04:619][  0]LogBlueprintUserMessages: GameSession_0
[2015.07.07-20.24.04:619][  0]LogArray:Warning: Attempted to get an item from array Tags out of bounds [0/0]!
[2015.07.07-20.24.04:619][  0]LogBlueprintUserMessages: None
[2015.07.07-20.24.04:619][  0]LogBlueprintUserMessages: OBJECT
[2015.07.07-20.24.04:619][  0]LogBlueprintUserMessages: GameState_0
[2015.07.07-20.24.04:619][  0]LogArray:Warning: Attempted to get an item from array Tags out of bounds [0/0]!
[2015.07.07-20.24.04:619][  0]LogBlueprintUserMessages: None
[2015.07.07-20.24.04:619][  0]LogBlueprintUserMessages: OBJECT
[2015.07.07-20.24.04:619][  0]LogBlueprintUserMessages: PlayerState_0
[2015.07.07-20.24.04:619][  0]LogArray:Warning: Attempted to get an item from array Tags out of bounds [0/0]!
[2015.07.07-20.24.04:619][  0]LogBlueprintUserMessages: None
[2015.07.07-20.24.04:619][  0]LogBlueprintUserMessages: OBJECT
[2015.07.07-20.24.04:619][  0]LogBlueprintUserMessages: WorldSettings_1
[2015.07.07-20.24.04:619][  0]LogArray:Warning: Attempted to get an item from array Tags out of bounds [0/0]!
[2015.07.07-20.24.04:619][  0]LogBlueprintUserMessages: None
[2015.07.07-20.24.04:619][  0]LogBlueprintUserMessages: OBJECT
[2015.07.07-20.24.04:619][  0]LogBlueprintUserMessages: PlayerStart_5
[2015.07.07-20.24.04:620][  0]LogArray:Warning: Attempted to get an item from array Tags out of bounds [0/0]!
[2015.07.07-20.24.04:620][  0]LogBlueprintUserMessages: None
[2015.07.07-20.24.04:620][  0]LogBlueprintUserMessages: OBJECT
[2015.07.07-20.24.04:620][  0]LogBlueprintUserMessages: TheMainMap_C_1
[2015.07.07-20.24.04:620][  0]LogArray:Warning: Attempted to get an item from array Tags out of bounds [0/0]!
[2015.07.07-20.24.04:620][  0]LogBlueprintUserMessages: None
[2015.07.07-20.24.04:620][  0]LogBlueprintUserMessages: OBJECT
[2015.07.07-20.24.04:620][  0]LogBlueprintUserMessages: PointLight10
[2015.07.07-20.24.04:620][  0]LogArray:Warning: Attempted to get an item from array Tags out of bounds [0/0]!
[2015.07.07-20.24.04:620][  0]LogBlueprintUserMessages: None
[2015.07.07-20.24.04:620][  0]LogBlueprintUserMessages: OBJECT
[2015.07.07-20.24.04:620][  0]LogBlueprintUserMessages: PointLight11
[2015.07.07-20.24.04:620][  0]LogArray:Warning: Attempted to get an item from array Tags out of bounds [0/0]!
[2015.07.07-20.24.04:620][  0]LogBlueprintUserMessages: None
[2015.07.07-20.24.04:620][  0]LogBlueprintUserMessages: OBJECT
[2015.07.07-20.24.04:620][  0]LogBlueprintUserMessages: PointLight12
[2015.07.07-20.24.04:620][  0]LogArray:Warning: Attempted to get an item from array Tags out of bounds [0/0]!
[2015.07.07-20.24.04:620][  0]LogBlueprintUserMessages: None
[2015.07.07-20.24.04:620][  0]LogBlueprintUserMessages: OBJECT
[2015.07.07-20.24.04:620][  0]LogBlueprintUserMessages: PointLight13_17
[2015.07.07-20.24.04:620][  0]LogArray:Warning: Attempted to get an item from array Tags out of bounds [0/0]!
[2015.07.07-20.24.04:620][  0]LogBlueprintUserMessages: None
[2015.07.07-20.24.04:620][  0]LogBlueprintUserMessages: OBJECT
[2015.07.07-20.24.04:620][  0]LogBlueprintUserMessages: PointLight14
[2015.07.07-20.24.04:620][  0]LogArray:Warning: Attempted to get an item from array Tags out of bounds [0/0]!
[2015.07.07-20.24.04:620][  0]LogBlueprintUserMessages: None
[2015.07.07-20.24.04:620][  0]LogBlueprintUserMessages: OBJECT
[2015.07.07-20.24.04:620][  0]LogBlueprintUserMessages: PointLight15
[2015.07.07-20.24.04:620][  0]LogArray:Warning: Attempted to get an item from array Tags out of bounds [0/0]!
[2015.07.07-20.24.04:620][  0]LogBlueprintUserMessages: None
[2015.07.07-20.24.04:620][  0]LogBlueprintUserMessages: OBJECT
[2015.07.07-20.24.04:621][  0]LogBlueprintUserMessages: PointLight16
[2015.07.07-20.24.04:621][  0]LogArray:Warning: Attempted to get an item from array Tags out of bounds [0/0]!
[2015.07.07-20.24.04:621][  0]LogBlueprintUserMessages: None
[2015.07.07-20.24.04:621][  0]LogBlueprintUserMessages: OBJECT
[2015.07.07-20.24.04:621][  0]LogBlueprintUserMessages: PointLight17_23
[2015.07.07-20.24.04:621][  0]LogArray:Warning: Attempted to get an item from array Tags out of bounds [0/0]!
[2015.07.07-20.24.04:621][  0]LogBlueprintUserMessages: None
[2015.07.07-20.24.04:621][  0]LogBlueprintUserMessages: OBJECT
[2015.07.07-20.24.04:621][  0]LogBlueprintUserMessages: PointLight18_26
[2015.07.07-20.24.04:621][  0]LogArray:Warning: Attempted to get an item from array Tags out of bounds [0/0]!
[2015.07.07-20.24.04:621][  0]LogBlueprintUserMessages: None
[2015.07.07-20.24.04:621][  0]LogBlueprintUserMessages: OBJECT
[2015.07.07-20.24.04:621][  0]LogBlueprintUserMessages: PointLight2
[2015.07.07-20.24.04:621][  0]LogArray:Warning: Attempted to get an item from array Tags out of bounds [0/0]!
[2015.07.07-20.24.04:621][  0]LogBlueprintUserMessages: None
[2015.07.07-20.24.04:621][  0]LogBlueprintUserMessages: OBJECT
[2015.07.07-20.24.04:621][  0]LogBlueprintUserMessages: PointLight22_38
[2015.07.07-20.24.04:621][  0]LogArray:Warning: Attempted to get an item from array Tags out of bounds [0/0]!
[2015.07.07-20.24.04:621][  0]LogBlueprintUserMessages: None
[2015.07.07-20.24.04:621][  0]LogBlueprintUserMessages: OBJECT
[2015.07.07-20.24.04:621][  0]LogBlueprintUserMessages: PointLight23_41
[2015.07.07-20.24.04:621][  0]LogArray:Warning: Attempted to get an item from array Tags out of bounds [0/0]!
[2015.07.07-20.24.04:621][  0]LogBlueprintUserMessages: None
[2015.07.07-20.24.04:621][  0]LogBlueprintUserMessages: OBJECT
[2015.07.07-20.24.04:621][  0]LogBlueprintUserMessages: PointLight24_44
[2015.07.07-20.24.04:621][  0]LogArray:Warning: Attempted to get an item from array Tags out of bounds [0/0]!
[2015.07.07-20.24.04:621][  0]LogBlueprintUserMessages: None
[2015.07.07-20.24.04:621][  0]LogBlueprintUserMessages: OBJECT
[2015.07.07-20.24.04:621][  0]LogBlueprintUserMessages: PointLight25_47
[2015.07.07-20.24.04:621][  0]LogArray:Warning: Attempted to get an item from array Tags out of bounds [0/0]!
[2015.07.07-20.24.04:621][  0]LogBlueprintUserMessages: None
[2015.07.07-20.24.04:621][  0]LogBlueprintUserMessages: OBJECT
[2015.07.07-20.24.04:622][  0]LogBlueprintUserMessages: PointLight26_3
[2015.07.07-20.24.04:622][  0]LogArray:Warning: Attempted to get an item from array Tags out of bounds [0/0]!
[2015.07.07-20.24.04:622][  0]LogBlueprintUserMessages: None
[2015.07.07-20.24.04:622][  0]LogBlueprintUserMessages: OBJECT
[2015.07.07-20.24.04:622][  0]LogBlueprintUserMessages: PointLight27_6
[2015.07.07-20.24.04:622][  0]LogArray:Warning: Attempted to get an item from array Tags out of bounds [0/0]!
[2015.07.07-20.24.04:622][  0]LogBlueprintUserMessages: None
[2015.07.07-20.24.04:622][  0]LogBlueprintUserMessages: OBJECT
[2015.07.07-20.24.04:622][  0]LogBlueprintUserMessages: PointLight28_9
[2015.07.07-20.24.04:622][  0]LogArray:Warning: Attempted to get an item from array Tags out of bounds [0/0]!
[2015.07.07-20.24.04:622][  0]LogBlueprintUserMessages: None
[2015.07.07-20.24.04:622][  0]LogBlueprintUserMessages: OBJECT
[2015.07.07-20.24.04:622][  0]LogBlueprintUserMessages: PointLight29_12
[2015.07.07-20.24.04:622][  0]LogArray:Warning: Attempted to get an item from array Tags out of bounds [0/0]!
[2015.07.07-20.24.04:622][  0]LogBlueprintUserMessages: None
[2015.07.07-20.24.04:622][  0]LogBlueprintUserMessages: OBJECT
[2015.07.07-20.24.04:622][  0]LogBlueprintUserMessages: PointLight3
[2015.07.07-20.24.04:622][  0]LogArray:Warning: Attempted to get an item from array Tags out of bounds [0/0]!
[2015.07.07-20.24.04:622][  0]LogBlueprintUserMessages: None
[2015.07.07-20.24.04:622][  0]LogBlueprintUserMessages: OBJECT
[2015.07.07-20.24.04:622][  0]LogBlueprintUserMessages: PointLight30_15
[2015.07.07-20.24.04:622][  0]LogArray:Warning: Attempted to get an item from array Tags out of bounds [0/0]!
[2015.07.07-20.24.04:622][  0]LogBlueprintUserMessages: None
[2015.07.07-20.24.04:622][  0]LogBlueprintUserMessages: OBJECT
[2015.07.07-20.24.04:622][  0]LogBlueprintUserMessages: PointLight31_18
[2015.07.07-20.24.04:622][  0]LogArray:Warning: Attempted to get an item from array Tags out of bounds [0/0]!
[2015.07.07-20.24.04:622][  0]LogBlueprintUserMessages: None
[2015.07.07-20.24.04:622][  0]LogBlueprintUserMessages: OBJECT
[2015.07.07-20.24.04:622][  0]LogBlueprintUserMessages: PointLight32_21
[2015.07.07-20.24.04:622][  0]LogArray:Warning: Attempted to get an item from array Tags out of bounds [0/0]!
[2015.07.07-20.24.04:622][  0]LogBlueprintUserMessages: None
[2015.07.07-20.24.04:622][  0]LogBlueprintUserMessages: OBJECT
[2015.07.07-20.24.04:623][  0]LogBlueprintUserMessages: PointLight33_3
[2015.07.07-20.24.04:623][  0]LogArray:Warning: Attempted to get an item from array Tags out of bounds [0/0]!
[2015.07.07-20.24.04:623][  0]LogBlueprintUserMessages: None
[2015.07.07-20.24.04:623][  0]LogBlueprintUserMessages: OBJECT
[2015.07.07-20.24.04:623][  0]LogBlueprintUserMessages: PointLight34_9
[2015.07.07-20.24.04:623][  0]LogArray:Warning: Attempted to get an item from array Tags out of bounds [0/0]!
[2015.07.07-20.24.04:623][  0]LogBlueprintUserMessages: None
[2015.07.07-20.24.04:623][  0]LogBlueprintUserMessages: OBJECT
[2015.07.07-20.24.04:623][  0]LogBlueprintUserMessages: PointLight35_12
[2015.07.07-20.24.04:623][  0]LogArray:Warning: Attempted to get an item from array Tags out of bounds [0/0]!
[2015.07.07-20.24.04:623][  0]LogBlueprintUserMessages: None
[2015.07.07-20.24.04:623][  0]LogBlueprintUserMessages: OBJECT
[2015.07.07-20.24.04:623][  0]LogBlueprintUserMessages: PointLight36_15
[2015.07.07-20.24.04:623][  0]LogArray:Warning: Attempted to get an item from array Tags out of bounds [0/0]!
[2015.07.07-20.24.04:623][  0]LogBlueprintUserMessages: None
[2015.07.07-20.24.04:623][  0]LogBlueprintUserMessages: OBJECT
[2015.07.07-20.24.04:623][  0]LogBlueprintUserMessages: PointLight37_18
[2015.07.07-20.24.04:623][  0]LogArray:Warning: Attempted to get an item from array Tags out of bounds [0/0]!
[2015.07.07-20.24.04:623][  0]LogBlueprintUserMessages: None
[2015.07.07-20.24.04:623][  0]LogBlueprintUserMessages: OBJECT
[2015.07.07-20.24.04:623][  0]LogBlueprintUserMessages: PointLight38_21
[2015.07.07-20.24.04:623][  0]LogArray:Warning: Attempted to get an item from array Tags out of bounds [0/0]!
[2015.07.07-20.24.04:623][  0]LogBlueprintUserMessages: None
[2015.07.07-20.24.04:623][  0]LogBlueprintUserMessages: OBJECT
[2015.07.07-20.24.04:623][  0]LogBlueprintUserMessages: PointLight39_24
[2015.07.07-20.24.04:623][  0]LogArray:Warning: Attempted to get an item from array Tags out of bounds [0/0]!
[2015.07.07-20.24.04:623][  0]LogBlueprintUserMessages: None
[2015.07.07-20.24.04:623][  0]LogBlueprintUserMessages: OBJECT
[2015.07.07-20.24.04:623][  0]LogBlueprintUserMessages: PointLight4
[2015.07.07-20.24.04:623][  0]LogArray:Warning: Attempted to get an item from array Tags out of bounds [0/0]!
[2015.07.07-20.24.04:623][  0]LogBlueprintUserMessages: None
[2015.07.07-20.24.04:624][  0]LogBlueprintUserMessages: OBJECT
[2015.07.07-20.24.04:624][  0]LogBlueprintUserMessages: PointLight40_27
[2015.07.07-20.24.04:624][  0]LogArray:Warning: Attempted to get an item from array Tags out of bounds [0/0]!
[2015.07.07-20.24.04:624][  0]LogBlueprintUserMessages: None
[2015.07.07-20.24.04:624][  0]LogBlueprintUserMessages: OBJECT
[2015.07.07-20.24.04:624][  0]LogBlueprintUserMessages: PointLight41
[2015.07.07-20.24.04:624][  0]LogArray:Warning: Attempted to get an item from array Tags out of bounds [0/0]!
[2015.07.07-20.24.04:624][  0]LogBlueprintUserMessages: None
[2015.07.07-20.24.04:624][  0]LogBlueprintUserMessages: OBJECT
[2015.07.07-20.24.04:624][  0]LogBlueprintUserMessages: PointLight42
[2015.07.07-20.24.04:624][  0]LogArray:Warning: Attempted to get an item from array Tags out of bounds [0/0]!
[2015.07.07-20.24.04:624][  0]LogBlueprintUserMessages: None
[2015.07.07-20.24.04:624][  0]LogBlueprintUserMessages: OBJECT
[2015.07.07-20.24.04:624][  0]LogBlueprintUserMessages: PointLight43
[2015.07.07-20.24.04:624][  0]LogArray:Warning: Attempted to get an item from array Tags out of bounds [0/0]!
[2015.07.07-20.24.04:624][  0]LogBlueprintUserMessages: None
[2015.07.07-20.24.04:624][  0]LogBlueprintUserMessages: OBJECT
[2015.07.07-20.24.04:624][  0]LogBlueprintUserMessages: PointLight44
[2015.07.07-20.24.04:624][  0]LogArray:Warning: Attempted to get an item from array Tags out of bounds [0/0]!
[2015.07.07-20.24.04:624][  0]LogBlueprintUserMessages: None
[2015.07.07-20.24.04:624][  0]LogBlueprintUserMessages: OBJECT
[2015.07.07-20.24.04:624][  0]LogBlueprintUserMessages: PointLight45
[2015.07.07-20.24.04:624][  0]LogArray:Warning: Attempted to get an item from array Tags out of bounds [0/0]!
[2015.07.07-20.24.04:624][  0]LogBlueprintUserMessages: None
[2015.07.07-20.24.04:624][  0]LogBlueprintUserMessages: OBJECT
[2015.07.07-20.24.04:624][  0]LogBlueprintUserMessages: PointLight5
[2015.07.07-20.24.04:624][  0]LogArray:Warning: Attempted to get an item from array Tags out of bounds [0/0]!
[2015.07.07-20.24.04:624][  0]LogBlueprintUserMessages: None
[2015.07.07-20.24.04:624][  0]LogBlueprintUserMessages: OBJECT
[2015.07.07-20.24.04:624][  0]LogBlueprintUserMessages: PointLight6
[2015.07.07-20.24.04:624][  0]LogArray:Warning: Attempted to get an item from array Tags out of bounds [0/0]!
[2015.07.07-20.24.04:624][  0]LogBlueprintUserMessages: None
[2015.07.07-20.24.04:625][  0]LogBlueprintUserMessages: OBJECT
[2015.07.07-20.24.04:625][  0]LogBlueprintUserMessages: PointLight7
[2015.07.07-20.24.04:625][  0]LogArray:Warning: Attempted to get an item from array Tags out of bounds [0/0]!
[2015.07.07-20.24.04:625][  0]LogBlueprintUserMessages: None
[2015.07.07-20.24.04:625][  0]LogBlueprintUserMessages: OBJECT
[2015.07.07-20.24.04:625][  0]LogBlueprintUserMessages: PointLight8
[2015.07.07-20.24.04:625][  0]LogArray:Warning: Attempted to get an item from array Tags out of bounds [0/0]!
[2015.07.07-20.24.04:625][  0]LogBlueprintUserMessages: None
[2015.07.07-20.24.04:625][  0]LogBlueprintUserMessages: OBJECT
[2015.07.07-20.24.04:625][  0]LogBlueprintUserMessages: PointLight9_11
[2015.07.07-20.24.04:625][  0]LogArray:Warning: Attempted to get an item from array Tags out of bounds [0/0]!
[2015.07.07-20.24.04:625][  0]LogBlueprintUserMessages: None
[2015.07.07-20.24.04:625][  0]LogBlueprintUserMessages: OBJECT
[2015.07.07-20.24.04:625][  0]LogBlueprintUserMessages: PointLight_1
[2015.07.07-20.24.04:625][  0]LogArray:Warning: Attempted to get an item from array Tags out of bounds [0/0]!
[2015.07.07-20.24.04:625][  0]LogBlueprintUserMessages: None
[2015.07.07-20.24.04:625][  0]LogBlueprintUserMessages: OBJECT
[2015.07.07-20.24.04:625][  0]LogBlueprintUserMessages: MainLight
[2015.07.07-20.24.04:625][  0]LogArray:Warning: Attempted to get an item from array Tags out of bounds [0/0]!
[2015.07.07-20.24.04:625][  0]LogBlueprintUserMessages: None
[2015.07.07-20.24.04:625][  0]LogBlueprintUserMessages: OBJECT
[2015.07.07-20.24.04:625][  0]LogBlueprintUserMessages: MainLight2
[2015.07.07-20.24.04:625][  0]LogArray:Warning: Attempted to get an item from array Tags out of bounds [0/0]!
[2015.07.07-20.24.04:625][  0]LogBlueprintUserMessages: None
[2015.07.07-20.24.04:625][  0]LogBlueprintUserMessages: OBJECT
[2015.07.07-20.24.04:625][  0]LogBlueprintUserMessages: MainLight3
[2015.07.07-20.24.04:625][  0]LogArray:Warning: Attempted to get an item from array Tags out of bounds [0/0]!
[2015.07.07-20.24.04:625][  0]LogBlueprintUserMessages: None
[2015.07.07-20.24.04:625][  0]LogBlueprintUserMessages: OBJECT
[2015.07.07-20.24.04:625][  0]LogBlueprintUserMessages: Service1Top
[2015.07.07-20.24.04:625][  0]LogArray:Warning: Attempted to get an item from array Tags out of bounds [0/0]!
[2015.07.07-20.24.04:625][  0]LogBlueprintUserMessages: None
[2015.07.07-20.24.04:625][  0]LogBlueprintUserMessages: OBJECT
[2015.07.07-20.24.04:625][  0]LogBlueprintUserMessages: Service2Bottom
[2015.07.07-20.24.04:625][  0]LogArray:Warning: Attempted to get an item from array Tags out of bounds [0/0]!
[2015.07.07-20.24.04:625][  0]LogBlueprintUserMessages: None
[2015.07.07-20.24.04:625][  0]LogBlueprintUserMessages: OBJECT
[2015.07.07-20.24.04:625][  0]LogBlueprintUserMessages: SmallerLight4
[2015.07.07-20.24.04:625][  0]LogArray:Warning: Attempted to get an item from array Tags out of bounds [0/0]!
[2015.07.07-20.24.04:625][  0]LogBlueprintUserMessages: None
[2015.07.07-20.24.04:625][  0]LogBlueprintUserMessages: OBJECT
[2015.07.07-20.24.04:625][  0]LogBlueprintUserMessages: SmallerLight5
[2015.07.07-20.24.04:625][  0]LogArray:Warning: Attempted to get an item from array Tags out of bounds [0/0]!
[2015.07.07-20.24.04:625][  0]LogBlueprintUserMessages: None
[2015.07.07-20.24.04:625][  0]LogBlueprintUserMessages: OBJECT
[2015.07.07-20.24.04:625][  0]LogBlueprintUserMessages: SmallerLight6
[2015.07.07-20.24.04:625][  0]LogArray:Warning: Attempted to get an item from array Tags out of bounds [0/0]!
[2015.07.07-20.24.04:625][  0]LogBlueprintUserMessages: None
[2015.07.07-20.24.04:626][  0]LogBlueprintUserMessages: OBJECT
[2015.07.07-20.24.04:626][  0]LogBlueprintUserMessages: SpotLight_16
[2015.07.07-20.24.04:626][  0]LogArray:Warning: Attempted to get an item from array Tags out of bounds [0/0]!
[2015.07.07-20.24.04:626][  0]LogBlueprintUserMessages: None
[2015.07.07-20.24.04:626][  0]LogBlueprintUserMessages: OBJECT
[2015.07.07-20.24.04:626][  0]LogBlueprintUserMessages: SpotLight_17
[2015.07.07-20.24.04:626][  0]LogArray:Warning: Attempted to get an item from array Tags out of bounds [0/0]!
[2015.07.07-20.24.04:626][  0]LogBlueprintUserMessages: None
[2015.07.07-20.24.04:626][  0]LogBlueprintUserMessages: OBJECT
[2015.07.07-20.24.04:626][  0]LogBlueprintUserMessages: SpotLight_18
[2015.07.07-20.24.04:626][  0]LogArray:Warning: Attempted to get an item from array Tags out of bounds [0/0]!
[2015.07.07-20.24.04:626][  0]LogBlueprintUserMessages: None
[2015.07.07-20.24.04:626][  0]LogBlueprintUserMessages: OBJECT
[2015.07.07-20.24.04:626][  0]LogBlueprintUserMessages: SpotLight_19
[2015.07.07-20.24.04:626][  0]LogArray:Warning: Attempted to get an item from array Tags out of bounds [0/0]!
[2015.07.07-20.24.04:626][  0]LogBlueprintUserMessages: None
[2015.07.07-20.24.04:626][  0]LogBlueprintUserMessages: OBJECT
[2015.07.07-20.24.04:626][  0]LogBlueprintUserMessages: SpotLight_20
[2015.07.07-20.24.04:626][  0]LogArray:Warning: Attempted to get an item from array Tags out of bounds [0/0]!
[2015.07.07-20.24.04:626][  0]LogBlueprintUserMessages: None
[2015.07.07-20.24.04:626][  0]LogBlueprintUserMessages: OBJECT
[2015.07.07-20.24.04:626][  0]LogBlueprintUserMessages: SpotLight_21
[2015.07.07-20.24.04:626][  0]LogArray:Warning: Attempted to get an item from array Tags out of bounds [0/0]!
[2015.07.07-20.24.04:626][  0]LogBlueprintUserMessages: None
[2015.07.07-20.24.04:626][  0]LogBlueprintUserMessages: OBJECT
[2015.07.07-20.24.04:626][  0]LogBlueprintUserMessages: SpotLight_22
[2015.07.07-20.24.04:626][  0]LogArray:Warning: Attempted to get an item from array Tags out of bounds [0/0]!
[2015.07.07-20.24.04:626][  0]LogBlueprintUserMessages: None
[2015.07.07-20.24.04:626][  0]LogBlueprintUserMessages: OBJECT
[2015.07.07-20.24.04:626][  0]LogBlueprintUserMessages: SpotLight_23
[2015.07.07-20.24.04:626][  0]LogArray:Warning: Attempted to get an item from array Tags out of bounds [0/0]!
[2015.07.07-20.24.04:626][  0]LogBlueprintUserMessages: None
[2015.07.07-20.24.04:626][  0]LogBlueprintUserMessages: OBJECT
[2015.07.07-20.24.04:626][  0]LogBlueprintUserMessages: ParticleEventManager_0
[2015.07.07-20.24.04:626][  0]LogArray:Warning: Attempted to get an item from array Tags out of bounds [0/0]!
[2015.07.07-20.24.04:626][  0]LogBlueprintUserMessages: None
[2015.07.07-20.24.04:626][  0]LogBlueprintUserMessages: OBJECT
[2015.07.07-20.24.04:627][  0]LogBlueprintUserMessages: HeroTPP_2
[2015.07.07-20.24.04:627][  0]LogArray:Warning: Attempted to get an item from array Tags out of bounds [0/0]!
[2015.07.07-20.24.04:627][  0]LogBlueprintUserMessages: None
[2015.07.07-20.24.04:627][  0]LogBlueprintUserMessages: OBJECT
[2015.07.07-20.24.04:627][  0]LogBlueprintUserMessages: HeroTPP_3
[2015.07.07-20.24.04:627][  0]LogArray:Warning: Attempted to get an item from array Tags out of bounds [0/0]!
[2015.07.07-20.24.04:627][  0]LogBlueprintUserMessages: None
[2015.07.07-20.24.04:627][  0]LogBlueprintUserMessages: OBJECT
[2015.07.07-20.24.04:627][  0]LogBlueprintUserMessages: HeroTPP_6
[2015.07.07-20.24.04:627][  0]LogArray:Warning: Attempted to get an item from array Tags out of bounds [0/0]!
[2015.07.07-20.24.04:627][  0]LogBlueprintUserMessages: None
[2015.07.07-20.24.04:627][  0]LogBlueprintUserMessages: OBJECT
[2015.07.07-20.24.04:627][  0]LogBlueprintUserMessages: EventBP_C_0
[2015.07.07-20.24.04:627][  0]LogArray:Warning: Attempted to get an item from array Tags out of bounds [0/0]!
[2015.07.07-20.24.04:627][  0]LogBlueprintUserMessages: None
[2015.07.07-20.24.04:627][  0]LogBlueprintUserMessages: OBJECT
[2015.07.07-20.24.04:627][  0]LogBlueprintUserMessages: subdetmanipBP_C_0
[2015.07.07-20.24.04:627][  0]LogArray:Warning: Attempted to get an item from array Tags out of bounds [0/0]!
[2015.07.07-20.24.04:627][  0]LogBlueprintUserMessages: None
[2015.07.07-20.24.04:627][  0]LogBlueprintUserMessages: OBJECT
[2015.07.07-20.24.04:627][  0]LogBlueprintUserMessages: SubMenu-DetectorBP_C_0
[2015.07.07-20.24.04:627][  0]LogArray:Warning: Attempted to get an item from array Tags out of bounds [0/0]!
[2015.07.07-20.24.04:627][  0]LogBlueprintUserMessages: None
[2015.07.07-20.24.04:627][  0]LogBlueprintUserMessages: OBJECT
[2015.07.07-20.24.04:627][  0]LogBlueprintUserMessages: submenu-eventBP_C_0
[2015.07.07-20.24.04:627][  0]LogArray:Warning: Attempted to get an item from array Tags out of bounds [0/0]!
[2015.07.07-20.24.04:627][  0]LogBlueprintUserMessages: None
[2015.07.07-20.24.04:627][  0]LogBlueprintUserMessages: OBJECT
[2015.07.07-20.24.04:627][  0]LogBlueprintUserMessages: BLmuontoroidsbarel-ii-i_Blueprint_C_0
[2015.07.07-20.24.04:627][  0]LogBlueprintUserMessages: 16
[2015.07.07-20.24.04:628][  0]LogBlueprintUserMessages: OBJECT
[2015.07.07-20.24.04:628][  0]LogBlueprintUserMessages: BLrmuonmiscfeet_C_0
[2015.07.07-20.24.04:628][  0]LogBlueprintUserMessages: 8
[2015.07.07-20.24.04:628][  0]LogBlueprintUserMessages: OBJECT
[2015.07.07-20.24.04:628][  0]LogBlueprintUserMessages: BLrmuonmiscshield_Blueprint_C_0
[2015.07.07-20.24.04:628][  0]LogBlueprintUserMessages: 8
[2015.07.07-20.24.04:628][  0]LogBlueprintUserMessages: OBJECT
[2015.07.07-20.24.04:628][  0]LogBlueprintUserMessages: BLrmuontoroidsendcap_Blueprint_C_1
[2015.07.07-20.24.04:628][  0]LogBlueprintUserMessages: 17
[2015.07.07-20.24.04:628][  0]LogBlueprintUserMessages: OBJECT
[2015.07.07-20.24.04:628][  0]LogBlueprintUserMessages: rbeampipe_Blueprint_C_0
[2015.07.07-20.24.04:628][  0]LogBlueprintUserMessages: 9
[2015.07.07-20.24.04:628][  0]LogBlueprintUserMessages: OBJECT
[2015.07.07-20.24.04:628][  0]LogBlueprintUserMessages: ridservices_Blueprint_C_0
[2015.07.07-20.24.04:628][  0]LogBlueprintUserMessages: 12
[2015.07.07-20.24.04:628][  0]LogBlueprintUserMessages: OBJECT
[2015.07.07-20.24.04:628][  0]LogBlueprintUserMessages: rlar_Blueprint_C_1
[2015.07.07-20.24.04:628][  0]LogBlueprintUserMessages: 15
[2015.07.07-20.24.04:628][  0]LogBlueprintUserMessages: OBJECT
[2015.07.07-20.24.04:628][  0]LogBlueprintUserMessages: rmuonbarrelinn_Blueprint_C_1
[2015.07.07-20.24.04:628][  0]LogBlueprintUserMessages: 1
[2015.07.07-20.24.04:628][  0]LogBlueprintUserMessages: OBJECT
[2015.07.07-20.24.04:628][  0]LogBlueprintUserMessages: rmuonbarrelmid_Blueprint_C_0
[2015.07.07-20.24.04:628][  0]LogBlueprintUserMessages: 2
[2015.07.07-20.24.04:628][  0]LogBlueprintUserMessages: OBJECT
[2015.07.07-20.24.04:628][  0]LogBlueprintUserMessages: rmuonbarrelout_Blueprint_C_0
[2015.07.07-20.24.04:628][  0]LogBlueprintUserMessages: 3
[2015.07.07-20.24.04:629][  0]LogBlueprintUserMessages: OBJECT
[2015.07.07-20.24.04:629][  0]LogBlueprintUserMessages: rmuonendcapcsc_Blueprint_C_2
[2015.07.07-20.24.04:629][  0]LogBlueprintUserMessages: 7
[2015.07.07-20.24.04:629][  0]LogBlueprintUserMessages: OBJECT
[2015.07.07-20.24.04:629][  0]LogBlueprintUserMessages: rmuonendcapmdt_Blueprint_C_1
[2015.07.07-20.24.04:629][  0]LogBlueprintUserMessages: 5
[2015.07.07-20.24.04:629][  0]LogBlueprintUserMessages: OBJECT
[2015.07.07-20.24.04:629][  0]LogBlueprintUserMessages: rmuonendcaptgc_Blueprint_C_1
[2015.07.07-20.24.04:629][  0]LogBlueprintUserMessages: 6
[2015.07.07-20.24.04:629][  0]LogBlueprintUserMessages: OBJECT
[2015.07.07-20.24.04:629][  0]LogBlueprintUserMessages: rpixel_Blueprint_C_1
[2015.07.07-20.24.04:629][  0]LogBlueprintUserMessages: 10
[2015.07.07-20.24.04:629][  0]LogBlueprintUserMessages: OBJECT
[2015.07.07-20.24.04:629][  0]LogBlueprintUserMessages: rsct_Blueprint_C_1
[2015.07.07-20.24.04:629][  0]LogBlueprintUserMessages: 11
[2015.07.07-20.24.04:629][  0]LogBlueprintUserMessages: OBJECT
[2015.07.07-20.24.04:629][  0]LogBlueprintUserMessages: rtile_Blueprint_C_1
[2015.07.07-20.24.04:629][  0]LogBlueprintUserMessages: 14
[2015.07.07-20.24.04:629][  0]LogBlueprintUserMessages: OBJECT
[2015.07.07-20.24.04:629][  0]LogBlueprintUserMessages: UX15Elements_BP_92
[2015.07.07-20.24.04:629][  0]LogArray:Warning: Attempted to get an item from array Tags out of bounds [0/0]!
[2015.07.07-20.24.04:629][  0]LogBlueprintUserMessages: None
[2015.07.07-20.24.04:630][  0]LogInit:Display: Game Engine Initialized.
[2015.07.07-20.24.04:896][  0]LogAssetRegistry: FAssetRegistry took 0.0003 seconds to start up
[2015.07.07-20.24.04:896][  0]LogLoad: Full Startup: 13.14 seconds (BP compile: 0.97 seconds)
[2015.07.07-20.24.04:907][  0]LogContentStreaming: Texture pool size is 1000.000000MB
[2015.07.07-20.24.05:126][  2]LogRenderer: Reallocating scene render targets to support 1736x976 (Frame:2).
[2015.07.07-20.24.09:373][481]LogBlueprintUserMessages: Full menu reset
[2015.07.07-20.24.11:230][690]LogWindowsTextInputMethodSystem:Display: IME system now deactivated.
[2015.07.07-20.24.11:232][690]LogEngine: All Windows Closed
[2015.07.07-20.24.11:232][690]LogWindows: FPlatformMisc::RequestExit(0)
[2015.07.07-20.24.11:481][691]LogExit: Preparing to exit.
[2015.07.07-20.24.11:576][691]LogExit: Game engine shut down
[2015.07.07-20.24.11:577][691]LogParticles: Destroying 0 GPU particle simulations for FXSystem 0x0000003345E5BCE0
[2015.07.07-20.24.11:815][691]LogExit: Object subsystem successfully closed.
